-------------------------------------------------------------------------------
There are messages associated with the following module(s):
-------------------------------------------------------------------------------

python/3.5.2:
   This module is deprecated and will be removed in the future. Please
   upgrade to python/3.5. If you had created virtual environments we
   recommend to recreate them. Ce module est marqué pour être retiré et
   sera supprimé dans le futur. Veuillez utiliser python/3.5. Si vous aviez
   créé un environnement virtuel, nous vous recommandons de le recréer.

-------------------------------------------------------------------------------

sh: openposeEnv_Python3/bin/activate: No such file or directory
OpenPose Library Python Wrapper
Raw frames per second: 19.425358030676602
Frame width:960, Frame height:756.
Total frame number: 11715.0
Processing frame: 0
Elapsed time: 1.0251998901367188e-05s
Processing frame: 200
Elapsed time: 47.82789659500122s
Processing frame: 400
Elapsed time: 91.03226375579834s
Processing frame: 600
Elapsed time: 133.71892762184143s
Processing frame: 800
Elapsed time: 177.02713632583618s
Processing frame: 1000
Elapsed time: 220.2608561515808s
Processing frame: 1200
Elapsed time: 262.90130257606506s
Processing frame: 1400
Elapsed time: 306.08962988853455s
Processing frame: 1600
Elapsed time: 349.2236042022705s
Processing frame: 1800
Elapsed time: 391.61642599105835s
Processing frame: 2000
Elapsed time: 434.47968316078186s
Processing frame: 2200
Elapsed time: 477.47920322418213s
Processing frame: 2400
Elapsed time: 519.8442695140839s
Processing frame: 2600
Elapsed time: 562.8206324577332s
Processing frame: 2800
Elapsed time: 605.794915676117s
Processing frame: 3000
Elapsed time: 648.1448245048523s
Processing frame: 3200
Elapsed time: 691.1613118648529s
Processing frame: 3400
Elapsed time: 734.1259591579437s
Processing frame: 3600
Elapsed time: 776.9597988128662s
Processing frame: 3800
Elapsed time: 819.928023815155s
Processing frame: 4000
Elapsed time: 862.9060995578766s
Processing frame: 4200
Elapsed time: 905.2395262718201s
Processing frame: 4400
Elapsed time: 948.4004464149475s
Processing frame: 4600
Elapsed time: 991.3544769287109s
Processing frame: 4800
Elapsed time: 1033.8346548080444s
Processing frame: 5000
Elapsed time: 1076.843107700348s
Processing frame: 5200
Elapsed time: 1119.9375281333923s
Processing frame: 5400
Elapsed time: 1162.2891912460327s
Processing frame: 5600
Elapsed time: 1205.2731461524963s
Processing frame: 5800
Elapsed time: 1248.2050285339355s
Processing frame: 6000
Elapsed time: 1290.6647148132324s
Processing frame: 6200
Elapsed time: 1333.7538676261902s
Processing frame: 6400
Elapsed time: 1376.7321355342865s
Processing frame: 6600
Elapsed time: 1419.0366146564484s
Processing frame: 6800
Elapsed time: 1462.1803414821625s
Processing frame: 7000
Elapsed time: 1505.1365070343018s
Processing frame: 7200
Elapsed time: 1547.342668056488s
Processing frame: 7400
Elapsed time: 1590.145741701126s
Processing frame: 7600
Elapsed time: 1633.0167725086212s
Processing frame: 7800
Elapsed time: 1676.9998531341553s
Processing frame: 8000
Elapsed time: 1719.9262545108795s
Processing frame: 8200
Elapsed time: 1762.8507823944092s
Processing frame: 8400
Elapsed time: 1805.2620403766632s
Processing frame: 8600
Elapsed time: 1848.357269525528s
Processing frame: 8800
Elapsed time: 1891.4557266235352s
Processing frame: 9000
Elapsed time: 1933.828881263733s
Processing frame: 9200
Elapsed time: 1976.8803882598877s
Processing frame: 9400
Elapsed time: 2019.8960120677948s
Processing frame: 9600
Elapsed time: 2062.231520175934s
Processing frame: 9800
Elapsed time: 2105.1915159225464s
Processing frame: 10000
Elapsed time: 2148.0988008975983s
Processing frame: 10200
Elapsed time: 2190.3608078956604s
Processing frame: 10400
Elapsed time: 2233.2696118354797s
Processing frame: 10600
Elapsed time: 2276.145726919174s
Processing frame: 10800
Elapsed time: 2318.461893796921s
Processing frame: 11000
Elapsed time: 2361.4013452529907s
Processing frame: 11200
Elapsed time: 2404.385981798172s
Processing frame: 11400
Elapsed time: 2446.797667503357s
Processing frame: 11600
Elapsed time: 2489.8205280303955s
Processing frame: 0
Processing frame: 200
Processing frame: 400
Processing frame: 600
Processing frame: 800
Processing frame: 1000
Processing frame: 1200
Processing frame: 1400
Processing frame: 1600
Processing frame: 1800
Processing frame: 2000
Processing frame: 2200
Processing frame: 2400
Processing frame: 2600
Processing frame: 2800
Processing frame: 3000
Processing frame: 3200
Processing frame: 3400
Processing frame: 3600
Processing frame: 3800
