-------------------------------------------------------------------------------
There are messages associated with the following module(s):
-------------------------------------------------------------------------------

python/3.5.2:
   This module is deprecated and will be removed in the future. Please
   upgrade to python/3.5. If you had created virtual environments we
   recommend to recreate them. Ce module est marqué pour être retiré et
   sera supprimé dans le futur. Veuillez utiliser python/3.5. Si vous aviez
   créé un environnement virtuel, nous vous recommandons de le recréer.

-------------------------------------------------------------------------------

sh: openposeEnv_Python3/bin/activate: No such file or directory
OpenPose Library Python Wrapper
Raw frames per second: 21.202266380751304
Crop: Video not from Camera1 or Camera2!
Frame width:1152, Frame height:972.
Polygon: Video not from Camera1 or Camera2!
Total frame number: 12824.0
Processing frame: 0
Elapsed time: 9.298324584960938e-06s
Processing frame: 200
Elapsed time: 48.539037466049194s
Processing frame: 400
Elapsed time: 92.64293026924133s
Processing frame: 600
Elapsed time: 136.0578055381775s
Processing frame: 800
Elapsed time: 180.12890720367432s
Processing frame: 1000
Elapsed time: 224.13554120063782s
Processing frame: 1200
Elapsed time: 267.61400413513184s
Processing frame: 1400
Elapsed time: 311.69257378578186s
Processing frame: 1600
Elapsed time: 355.67221999168396s
Processing frame: 1800
Elapsed time: 399.0750370025635s
Processing frame: 2000
Elapsed time: 443.1027584075928s
Processing frame: 2200
Elapsed time: 487.1818642616272s
Processing frame: 2400
Elapsed time: 530.6676671504974s
Processing frame: 2600
Elapsed time: 574.6910271644592s
Processing frame: 2800
Elapsed time: 618.8468990325928s
Processing frame: 3000
Elapsed time: 662.4147410392761s
Processing frame: 3200
Elapsed time: 706.5088582038879s
Processing frame: 3400
Elapsed time: 750.5346801280975s
Processing frame: 3600
Elapsed time: 794.0281927585602s
Processing frame: 3800
Elapsed time: 838.1056931018829s
Processing frame: 4000
Elapsed time: 882.4510428905487s
Processing frame: 4200
Elapsed time: 925.9433023929596s
Processing frame: 4400
Elapsed time: 970.0299668312073s
Processing frame: 4600
Elapsed time: 1014.0998950004578s
Processing frame: 4800
Elapsed time: 1057.5375728607178s
Processing frame: 5000
Elapsed time: 1101.6916439533234s
Processing frame: 5200
Elapsed time: 1145.7371175289154s
Processing frame: 5400
Elapsed time: 1189.2954049110413s
Processing frame: 5600
Elapsed time: 1233.5569171905518s
Processing frame: 5800
Elapsed time: 1277.79456949234s
Processing frame: 6000
Elapsed time: 1321.2856884002686s
Processing frame: 6200
Elapsed time: 1365.473629951477s
Processing frame: 6400
Elapsed time: 1409.706238269806s
Processing frame: 6600
Elapsed time: 1453.3370423316956s
Processing frame: 6800
Elapsed time: 1497.5917177200317s
Processing frame: 7000
Elapsed time: 1541.7262744903564s
Processing frame: 7200
Elapsed time: 1585.1507778167725s
Processing frame: 7400
Elapsed time: 1629.6333425045013s
Processing frame: 7600
Elapsed time: 1674.1817607879639s
Processing frame: 7800
Elapsed time: 1717.6480655670166s
Processing frame: 8000
Elapsed time: 1761.7030725479126s
Processing frame: 8200
Elapsed time: 1805.8596115112305s
Processing frame: 8400
Elapsed time: 1849.2497668266296s
Processing frame: 8600
Elapsed time: 1893.7367687225342s
Processing frame: 8800
Elapsed time: 1937.8402366638184s
Processing frame: 9000
Elapsed time: 1981.2816207408905s
Processing frame: 9200
Elapsed time: 2026.2154955863953s
Processing frame: 9400
Elapsed time: 2070.2203373908997s
Processing frame: 9600
Elapsed time: 2113.5898044109344s
Processing frame: 9800
Elapsed time: 2157.6158661842346s
Processing frame: 10000
Elapsed time: 2201.6509902477264s
Processing frame: 10200
Elapsed time: 2245.0183279514313s
Processing frame: 10400
Elapsed time: 2289.348772764206s
Processing frame: 10600
Elapsed time: 2333.3533792495728s
Processing frame: 10800
Elapsed time: 2376.748790025711s
Processing frame: 11000
Elapsed time: 2420.797427415848s
Processing frame: 11200
Elapsed time: 2464.976315021515s
Processing frame: 11400
Elapsed time: 2508.410854101181s
Processing frame: 11600
Elapsed time: 2552.4929893016815s
Processing frame: 11800
Elapsed time: 2596.467605113983s
Processing frame: 12000
Elapsed time: 2639.759269952774s
Processing frame: 12200
Elapsed time: 2683.7931146621704s
Processing frame: 12400
Elapsed time: 2727.838996887207s
Processing frame: 12600
Elapsed time: 2771.2583220005035s
Processing frame: 12800
Elapsed time: 2815.2796881198883s
Processing frame: 0
Processing frame: 200
Processing frame: 400
Processing frame: 600
Processing frame: 800
Processing frame: 1000
Processing frame: 1200
Processing frame: 1400
Processing frame: 1600
Processing frame: 1800
Processing frame: 2000
Processing frame: 2200
Processing frame: 2400
Processing frame: 2600
Processing frame: 2800
Processing frame: 3000
Processing frame: 3200
Processing frame: 3400
Processing frame: 3600
Processing frame: 3800
Processing frame: 4000
Processing frame: 4200
