-------------------------------------------------------------------------------
There are messages associated with the following module(s):
-------------------------------------------------------------------------------

python/3.5.2:
   This module is deprecated and will be removed in the future. Please
   upgrade to python/3.5. If you had created virtual environments we
   recommend to recreate them. Ce module est marqué pour être retiré et
   sera supprimé dans le futur. Veuillez utiliser python/3.5. Si vous aviez
   créé un environnement virtuel, nous vous recommandons de le recréer.

-------------------------------------------------------------------------------

sh: openposeEnv_Python3/bin/activate: No such file or directory
OpenPose Library Python Wrapper
Raw frames per second: 22.104529928590402
Frame width:1152, Frame height:972.
Total frame number: 13336.0
Processing frame: 0
Elapsed time: 1.7404556274414062e-05s
Processing frame: 200
Elapsed time: 48.73983144760132s
Processing frame: 400
Elapsed time: 92.78396010398865s
Processing frame: 600
Elapsed time: 136.14499616622925s
Processing frame: 800
Elapsed time: 180.27425718307495s
Processing frame: 1000
Elapsed time: 224.3049910068512s
Processing frame: 1200
Elapsed time: 267.63887000083923s
Processing frame: 1400
Elapsed time: 311.641836643219s
Processing frame: 1600
Elapsed time: 355.6465036869049s
Processing frame: 1800
Elapsed time: 399.1656172275543s
Processing frame: 2000
Elapsed time: 443.16077303886414s
Processing frame: 2200
Elapsed time: 487.25815868377686s
Processing frame: 2400
Elapsed time: 530.7483036518097s
Processing frame: 2600
Elapsed time: 574.9115693569183s
Processing frame: 2800
Elapsed time: 619.1389267444611s
Processing frame: 3000
Elapsed time: 662.8074817657471s
Processing frame: 3200
Elapsed time: 707.0556056499481s
Processing frame: 3400
Elapsed time: 751.3473174571991s
Processing frame: 3600
Elapsed time: 794.9653079509735s
Processing frame: 3800
Elapsed time: 839.2149186134338s
Processing frame: 4000
Elapsed time: 883.4557859897614s
Processing frame: 4200
Elapsed time: 926.9661095142365s
Processing frame: 4400
Elapsed time: 971.3080065250397s
Processing frame: 4600
Elapsed time: 1015.6617975234985s
Processing frame: 4800
Elapsed time: 1059.3107585906982s
Processing frame: 5000
Elapsed time: 1103.3553638458252s
Processing frame: 5200
Elapsed time: 1147.2675774097443s
Processing frame: 5400
Elapsed time: 1190.6161155700684s
Processing frame: 5600
Elapsed time: 1234.6223602294922s
Processing frame: 5800
Elapsed time: 1278.6203706264496s
Processing frame: 6000
Elapsed time: 1321.9997127056122s
Processing frame: 6200
Elapsed time: 1366.0090961456299s
Processing frame: 6400
Elapsed time: 1410.0219511985779s
Processing frame: 6600
Elapsed time: 1453.4550142288208s
Processing frame: 6800
Elapsed time: 1497.6607882976532s
Processing frame: 7000
Elapsed time: 1541.718340396881s
Processing frame: 7200
Elapsed time: 1585.1509137153625s
Processing frame: 7400
Elapsed time: 1629.1493203639984s
Processing frame: 7600
Elapsed time: 1673.1490907669067s
Processing frame: 7800
Elapsed time: 1716.5261137485504s
Processing frame: 8000
Elapsed time: 1760.5748085975647s
Processing frame: 8200
Elapsed time: 1804.5487887859344s
Processing frame: 8400
Elapsed time: 1847.935012102127s
Processing frame: 8600
Elapsed time: 1891.8958539962769s
Processing frame: 8800
Elapsed time: 1935.8985013961792s
Processing frame: 9000
Elapsed time: 1979.2944695949554s
Processing frame: 9200
Elapsed time: 2023.2517719268799s
Processing frame: 9400
Elapsed time: 2067.1915323734283s
Processing frame: 9600
Elapsed time: 2110.5232989788055s
Processing frame: 9800
Elapsed time: 2154.4607021808624s
Processing frame: 10000
Elapsed time: 2198.4969334602356s
Processing frame: 10200
Elapsed time: 2241.922133207321s
Processing frame: 10400
Elapsed time: 2285.9539675712585s
Processing frame: 10600
Elapsed time: 2329.930404663086s
Processing frame: 10800
Elapsed time: 2373.3785309791565s
Processing frame: 11000
Elapsed time: 2417.3137946128845s
Processing frame: 11200
Elapsed time: 2461.3349125385284s
Processing frame: 11400
Elapsed time: 2504.7052171230316s
Processing frame: 11600
Elapsed time: 2548.724764585495s
Processing frame: 11800
Elapsed time: 2592.8556966781616s
Processing frame: 12000
Elapsed time: 2636.2754299640656s
Processing frame: 12200
Elapsed time: 2680.2664415836334s
Processing frame: 12400
Elapsed time: 2724.138135433197s
Processing frame: 12600
Elapsed time: 2767.541004180908s
Processing frame: 12800
Elapsed time: 2811.4529407024384s
Processing frame: 13000
Elapsed time: 2855.517165184021s
Processing frame: 13200
Elapsed time: 2898.736030101776s
Frame: 13335, grabbed=False and frame=None
Processing frame: 0
Processing frame: 200
Processing frame: 400
Processing frame: 600
Processing frame: 800
Processing frame: 1000
Processing frame: 1200
Processing frame: 1400
Processing frame: 1600
Processing frame: 1800
Processing frame: 2000
Processing frame: 2200
Processing frame: 2400
Processing frame: 2600
Processing frame: 2800
Processing frame: 3000
Processing frame: 3200
Processing frame: 3400
Processing frame: 3600
Processing frame: 3800
Processing frame: 4000
Processing frame: 4200
Processing frame: 4400
