-------------------------------------------------------------------------------
There are messages associated with the following module(s):
-------------------------------------------------------------------------------

python/3.5.2:
   This module is deprecated and will be removed in the future. Please
   upgrade to python/3.5. If you had created virtual environments we
   recommend to recreate them. Ce module est marqué pour être retiré et
   sera supprimé dans le futur. Veuillez utiliser python/3.5. Si vous aviez
   créé un environnement virtuel, nous vous recommandons de le recréer.

-------------------------------------------------------------------------------

sh: openposeEnv_Python3/bin/activate: No such file or directory
OpenPose Library Python Wrapper
Raw frames per second: 22.765617009289578
Frame width:960, Frame height:756.
Total frame number: 13658.0
Processing frame: 0
Elapsed time: 9.5367431640625e-06s
Processing frame: 200
Elapsed time: 47.611496925354004s
Processing frame: 400
Elapsed time: 90.64590239524841s
Processing frame: 600
Elapsed time: 133.0769283771515s
Processing frame: 800
Elapsed time: 176.07248663902283s
Processing frame: 1000
Elapsed time: 219.1387813091278s
Processing frame: 1200
Elapsed time: 261.61007499694824s
Processing frame: 1400
Elapsed time: 304.64909505844116s
Processing frame: 1600
Elapsed time: 347.5975046157837s
Processing frame: 1800
Elapsed time: 390.0163905620575s
Processing frame: 2000
Elapsed time: 433.07811665534973s
Processing frame: 2200
Elapsed time: 476.07382893562317s
Processing frame: 2400
Elapsed time: 518.409542798996s
Processing frame: 2600
Elapsed time: 561.450033903122s
Processing frame: 2800
Elapsed time: 604.4908647537231s
Processing frame: 3000
Elapsed time: 646.9958670139313s
Processing frame: 3200
Elapsed time: 690.2066559791565s
Processing frame: 3400
Elapsed time: 733.179292678833s
Processing frame: 3600
Elapsed time: 775.5599222183228s
Processing frame: 3800
Elapsed time: 818.5794951915741s
Processing frame: 4000
Elapsed time: 861.6283578872681s
Processing frame: 4200
Elapsed time: 903.9977881908417s
Processing frame: 4400
Elapsed time: 946.9824419021606s
Processing frame: 4600
Elapsed time: 989.9982068538666s
Processing frame: 4800
Elapsed time: 1032.455048084259s
Processing frame: 5000
Elapsed time: 1075.4251101016998s
Processing frame: 5200
Elapsed time: 1118.4320306777954s
Processing frame: 5400
Elapsed time: 1160.9021334648132s
Processing frame: 5600
Elapsed time: 1203.941653251648s
Processing frame: 5800
Elapsed time: 1246.9529190063477s
Processing frame: 6000
Elapsed time: 1289.387300491333s
Processing frame: 6200
Elapsed time: 1332.4446082115173s
Processing frame: 6400
Elapsed time: 1375.543315410614s
Processing frame: 6600
Elapsed time: 1417.9312193393707s
Processing frame: 6800
Elapsed time: 1460.949712753296s
Processing frame: 7000
Elapsed time: 1503.8890991210938s
Processing frame: 7200
Elapsed time: 1546.242087841034s
Processing frame: 7400
Elapsed time: 1589.2045121192932s
Processing frame: 7600
Elapsed time: 1632.1314330101013s
Processing frame: 7800
Elapsed time: 1674.4876809120178s
Processing frame: 8000
Elapsed time: 1717.4746966362s
Processing frame: 8200
Elapsed time: 1760.337337255478s
Processing frame: 8400
Elapsed time: 1802.6290147304535s
Processing frame: 8600
Elapsed time: 1845.6148302555084s
Processing frame: 8800
Elapsed time: 1888.4906582832336s
Processing frame: 9000
Elapsed time: 1930.862875699997s
Processing frame: 9200
Elapsed time: 1973.7927067279816s
Processing frame: 9400
Elapsed time: 2016.706133365631s
Processing frame: 9600
Elapsed time: 2059.021142721176s
Processing frame: 9800
Elapsed time: 2101.9786009788513s
Processing frame: 10000
Elapsed time: 2144.9929251670837s
Processing frame: 10200
Elapsed time: 2187.4235968589783s
Processing frame: 10400
Elapsed time: 2230.3330492973328s
Processing frame: 10600
Elapsed time: 2273.312686443329s
Processing frame: 10800
Elapsed time: 2315.6462862491608s
Processing frame: 11000
Elapsed time: 2358.5446770191193s
Processing frame: 11200
Elapsed time: 2401.5346055030823s
Processing frame: 11400
Elapsed time: 2443.7943363189697s
Processing frame: 11600
Elapsed time: 2486.8070390224457s
Processing frame: 11800
Elapsed time: 2529.7969710826874s
Processing frame: 12000
Elapsed time: 2572.109615802765s
Processing frame: 12200
Elapsed time: 2615.0370213985443s
Processing frame: 12400
Elapsed time: 2657.969292640686s
Processing frame: 12600
Elapsed time: 2700.2775568962097s
Processing frame: 12800
Elapsed time: 2743.1922867298126s
Processing frame: 13000
Elapsed time: 2786.1185953617096s
Processing frame: 13200
Elapsed time: 2828.401266813278s
Processing frame: 13400
Elapsed time: 2871.4081602096558s
Processing frame: 13600
Elapsed time: 2914.331058740616s
Frame: 13656, grabbed=False and frame=None
Processing frame: 0
Processing frame: 200
Processing frame: 400
Processing frame: 600
Processing frame: 800
Processing frame: 1000
Processing frame: 1200
Processing frame: 1400
Processing frame: 1600
Processing frame: 1800
Processing frame: 2000
Processing frame: 2200
Processing frame: 2400
Processing frame: 2600
Processing frame: 2800
Processing frame: 3000
Processing frame: 3200
Processing frame: 3400
Processing frame: 3600
Processing frame: 3800
Processing frame: 4000
Processing frame: 4200
Processing frame: 4400
