-------------------------------------------------------------------------------
There are messages associated with the following module(s):
-------------------------------------------------------------------------------

python/3.5.2:
   This module is deprecated and will be removed in the future. Please
   upgrade to python/3.5. If you had created virtual environments we
   recommend to recreate them. Ce module est marqué pour être retiré et
   sera supprimé dans le futur. Veuillez utiliser python/3.5. Si vous aviez
   créé un environnement virtuel, nous vous recommandons de le recréer.

-------------------------------------------------------------------------------

sh: openposeEnv_Python3/bin/activate: No such file or directory
OpenPose Library Python Wrapper
Raw frames per second: 15.90843278609389
Frame width:960, Frame height:756.
Total frame number: 9590.0
Processing frame: 0
Elapsed time: 1.0013580322265625e-05s
Processing frame: 200
Elapsed time: 47.658233642578125s
Processing frame: 400
Elapsed time: 90.58455848693848s
Processing frame: 600
Elapsed time: 132.9342441558838s
Processing frame: 800
Elapsed time: 175.91002535820007s
Processing frame: 1000
Elapsed time: 218.96531462669373s
Processing frame: 1200
Elapsed time: 261.47848320007324s
Processing frame: 1400
Elapsed time: 304.4779350757599s
Processing frame: 1600
Elapsed time: 347.59381651878357s
Processing frame: 1800
Elapsed time: 389.99227929115295s
Processing frame: 2000
Elapsed time: 432.9931356906891s
Processing frame: 2200
Elapsed time: 476.0690612792969s
Processing frame: 2400
Elapsed time: 518.4813771247864s
Processing frame: 2600
Elapsed time: 561.5109841823578s
Processing frame: 2800
Elapsed time: 604.4604139328003s
Processing frame: 3000
Elapsed time: 646.7849545478821s
Processing frame: 3200
Elapsed time: 689.7101404666901s
Processing frame: 3400
Elapsed time: 732.7723896503448s
Processing frame: 3600
Elapsed time: 775.1524677276611s
Processing frame: 3800
Elapsed time: 818.1476082801819s
Processing frame: 4000
Elapsed time: 861.0835585594177s
Processing frame: 4200
Elapsed time: 903.3893828392029s
Processing frame: 4400
Elapsed time: 946.2929923534393s
Processing frame: 4600
Elapsed time: 989.1145536899567s
Processing frame: 4800
Elapsed time: 1031.4245915412903s
Processing frame: 5000
Elapsed time: 1074.3755085468292s
Processing frame: 5200
Elapsed time: 1117.3280119895935s
Processing frame: 5400
Elapsed time: 1159.5504412651062s
Processing frame: 5600
Elapsed time: 1202.4577059745789s
Processing frame: 5800
Elapsed time: 1245.2920680046082s
Processing frame: 6000
Elapsed time: 1287.445606470108s
Processing frame: 6200
Elapsed time: 1330.2772188186646s
Processing frame: 6400
Elapsed time: 1373.149790763855s
Processing frame: 6600
Elapsed time: 1415.4233193397522s
Processing frame: 6800
Elapsed time: 1458.2942054271698s
Processing frame: 7000
Elapsed time: 1501.1373920440674s
Processing frame: 7200
Elapsed time: 1543.406439781189s
Processing frame: 7400
Elapsed time: 1586.2037110328674s
Processing frame: 7600
Elapsed time: 1629.0606360435486s
Processing frame: 7800
Elapsed time: 1671.3108892440796s
Processing frame: 8000
Elapsed time: 1714.0991826057434s
Processing frame: 8200
Elapsed time: 1756.8343336582184s
Processing frame: 8400
Elapsed time: 1799.055946111679s
Processing frame: 8600
Elapsed time: 1841.8453295230865s
Processing frame: 8800
Elapsed time: 1884.7325413227081s
Processing frame: 9000
Elapsed time: 1927.086701631546s
Processing frame: 9200
Elapsed time: 1969.9370152950287s
Processing frame: 9400
Elapsed time: 2012.8282277584076s
Processing frame: 0
Processing frame: 200
Processing frame: 400
Processing frame: 600
Processing frame: 800
Processing frame: 1000
Processing frame: 1200
Processing frame: 1400
Processing frame: 1600
Processing frame: 1800
Processing frame: 2000
Processing frame: 2200
Processing frame: 2400
Processing frame: 2600
Processing frame: 2800
Processing frame: 3000
