-------------------------------------------------------------------------------
There are messages associated with the following module(s):
-------------------------------------------------------------------------------

python/3.5.2:
   This module is deprecated and will be removed in the future. Please
   upgrade to python/3.5. If you had created virtual environments we
   recommend to recreate them. Ce module est marqué pour être retiré et
   sera supprimé dans le futur. Veuillez utiliser python/3.5. Si vous aviez
   créé un environnement virtuel, nous vous recommandons de le recréer.

-------------------------------------------------------------------------------

sh: openposeEnv_Python3/bin/activate: No such file or directory
OpenPose Library Python Wrapper
Raw frames per second: 26.593552793912416
Frame width:960, Frame height:756.
Total frame number: 16021.0
Processing frame: 0
Elapsed time: 9.059906005859375e-06s
Processing frame: 200
Elapsed time: 47.93043375015259s
Processing frame: 400
Elapsed time: 91.02648711204529s
Processing frame: 600
Elapsed time: 133.54496598243713s
Processing frame: 800
Elapsed time: 176.66512322425842s
Processing frame: 1000
Elapsed time: 219.87168288230896s
Processing frame: 1200
Elapsed time: 262.5383698940277s
Processing frame: 1400
Elapsed time: 305.7014260292053s
Processing frame: 1600
Elapsed time: 349.0342710018158s
Processing frame: 1800
Elapsed time: 391.5902018547058s
Processing frame: 2000
Elapsed time: 434.72552013397217s
Processing frame: 2200
Elapsed time: 478.0441620349884s
Processing frame: 2400
Elapsed time: 520.6806955337524s
Processing frame: 2600
Elapsed time: 564.0834677219391s
Processing frame: 2800
Elapsed time: 607.4113545417786s
Processing frame: 3000
Elapsed time: 650.046138048172s
Processing frame: 3200
Elapsed time: 693.247798204422s
Processing frame: 3400
Elapsed time: 736.453800201416s
Processing frame: 3600
Elapsed time: 778.9900267124176s
Processing frame: 3800
Elapsed time: 822.2497956752777s
Processing frame: 4000
Elapsed time: 865.4151272773743s
Processing frame: 4200
Elapsed time: 907.8704197406769s
Processing frame: 4400
Elapsed time: 951.0367064476013s
Processing frame: 4600
Elapsed time: 994.2293465137482s
Processing frame: 4800
Elapsed time: 1036.8888218402863s
Processing frame: 5000
Elapsed time: 1080.0464420318604s
Processing frame: 5200
Elapsed time: 1123.1163303852081s
Processing frame: 5400
Elapsed time: 1165.5461587905884s
Processing frame: 5600
Elapsed time: 1208.773564338684s
Processing frame: 5800
Elapsed time: 1252.0247976779938s
Processing frame: 6000
Elapsed time: 1294.5852584838867s
Processing frame: 6200
Elapsed time: 1337.7132306098938s
Processing frame: 6400
Elapsed time: 1380.8811900615692s
Processing frame: 6600
Elapsed time: 1423.5257031917572s
Processing frame: 6800
Elapsed time: 1466.717209815979s
Processing frame: 7000
Elapsed time: 1509.7672476768494s
Processing frame: 7200
Elapsed time: 1552.2950916290283s
Processing frame: 7400
Elapsed time: 1595.333854675293s
Processing frame: 7600
Elapsed time: 1638.4412558078766s
Processing frame: 7800
Elapsed time: 1680.8419704437256s
Processing frame: 8000
Elapsed time: 1723.8441529273987s
Processing frame: 8200
Elapsed time: 1766.9573945999146s
Processing frame: 8400
Elapsed time: 1809.2881364822388s
Processing frame: 8600
Elapsed time: 1852.3831338882446s
Processing frame: 8800
Elapsed time: 1895.5632951259613s
Processing frame: 9000
Elapsed time: 1937.9756484031677s
Processing frame: 9200
Elapsed time: 1980.9892477989197s
Processing frame: 9400
Elapsed time: 2023.9619936943054s
Processing frame: 9600
Elapsed time: 2066.402912378311s
Processing frame: 9800
Elapsed time: 2109.514302968979s
Processing frame: 10000
Elapsed time: 2152.499883413315s
Processing frame: 10200
Elapsed time: 2194.866133213043s
Processing frame: 10400
Elapsed time: 2237.993904352188s
Processing frame: 10600
Elapsed time: 2281.057764530182s
Processing frame: 10800
Elapsed time: 2323.432017803192s
Processing frame: 11000
Elapsed time: 2366.450306892395s
Processing frame: 11200
Elapsed time: 2409.5148532390594s
Processing frame: 11400
Elapsed time: 2451.9384291172028s
Processing frame: 11600
Elapsed time: 2494.966829061508s
Processing frame: 11800
Elapsed time: 2538.0140845775604s
Processing frame: 12000
Elapsed time: 2580.4885864257812s
Processing frame: 12200
Elapsed time: 2623.513826608658s
Processing frame: 12400
Elapsed time: 2666.5265645980835s
Processing frame: 12600
Elapsed time: 2708.9418530464172s
Processing frame: 12800
Elapsed time: 2752.0650057792664s
Processing frame: 13000
Elapsed time: 2795.1082162857056s
Processing frame: 13200
Elapsed time: 2837.549252271652s
Processing frame: 13400
Elapsed time: 2880.8007254600525s
Processing frame: 13600
Elapsed time: 2924.0470957756042s
Processing frame: 13800
Elapsed time: 2966.498864173889s
Processing frame: 14000
Elapsed time: 3009.5526583194733s
Processing frame: 14200
Elapsed time: 3052.5414247512817s
Processing frame: 14400
Elapsed time: 3095.3870062828064s
Processing frame: 14600
Elapsed time: 3138.3530988693237s
Processing frame: 14800
Elapsed time: 3181.281566143036s
Processing frame: 15000
Elapsed time: 3223.618588447571s
Processing frame: 15200
Elapsed time: 3266.7560515403748s
Processing frame: 15400
Elapsed time: 3309.8916623592377s
Processing frame: 15600
Elapsed time: 3352.287510871887s
Processing frame: 15800
Elapsed time: 3395.2589044570923s
Processing frame: 16000
Elapsed time: 3438.1943340301514s
Frame: 16020, grabbed=False and frame=None
Processing frame: 0
Processing frame: 200
Processing frame: 400
Processing frame: 600
Processing frame: 800
Processing frame: 1000
Processing frame: 1200
Processing frame: 1400
Processing frame: 1600
Processing frame: 1800
Processing frame: 2000
Processing frame: 2200
Processing frame: 2400
Processing frame: 2600
Processing frame: 2800
Processing frame: 3000
Processing frame: 3200
Processing frame: 3400
Processing frame: 3600
Processing frame: 3800
Processing frame: 4000
Processing frame: 4200
Processing frame: 4400
Processing frame: 4600
Processing frame: 4800
Processing frame: 5000
Processing frame: 5200
