-------------------------------------------------------------------------------
There are messages associated with the following module(s):
-------------------------------------------------------------------------------

python/3.5.2:
   This module is deprecated and will be removed in the future. Please
   upgrade to python/3.5. If you had created virtual environments we
   recommend to recreate them. Ce module est marqué pour être retiré et
   sera supprimé dans le futur. Veuillez utiliser python/3.5. Si vous aviez
   créé un environnement virtuel, nous vous recommandons de le recréer.

-------------------------------------------------------------------------------

sh: openposeEnv_Python3/bin/activate: No such file or directory
OpenPose Library Python Wrapper
Raw frames per second: 14.561577504229625
Crop: Video not from Camera1 or Camera2!
Frame width:1152, Frame height:972.
Polygon: Video not from Camera1 or Camera2!
Total frame number: 8736.0
Processing frame: 0
Elapsed time: 1.1920928955078125e-05s
Processing frame: 200
Elapsed time: 49.44605994224548s
Processing frame: 400
Elapsed time: 93.39515018463135s
Processing frame: 600
Elapsed time: 136.6873049736023s
Processing frame: 800
Elapsed time: 180.74227333068848s
Processing frame: 1000
Elapsed time: 224.76842069625854s
Processing frame: 1200
Elapsed time: 268.0279026031494s
Processing frame: 1400
Elapsed time: 311.964430809021s
Processing frame: 1600
Elapsed time: 355.841920375824s
Processing frame: 1800
Elapsed time: 399.1757798194885s
Processing frame: 2000
Elapsed time: 443.00554299354553s
Processing frame: 2200
Elapsed time: 486.9736876487732s
Processing frame: 2400
Elapsed time: 530.3917827606201s
Processing frame: 2600
Elapsed time: 574.3858547210693s
Processing frame: 2800
Elapsed time: 618.2861557006836s
Processing frame: 3000
Elapsed time: 661.6068620681763s
Processing frame: 3200
Elapsed time: 705.6574552059174s
Processing frame: 3400
Elapsed time: 749.7208414077759s
Processing frame: 3600
Elapsed time: 792.9445843696594s
Processing frame: 3800
Elapsed time: 836.867270231247s
Processing frame: 4000
Elapsed time: 880.8414530754089s
Processing frame: 4200
Elapsed time: 924.2140879631042s
Processing frame: 4400
Elapsed time: 968.0418100357056s
Processing frame: 4600
Elapsed time: 1012.0857222080231s
Processing frame: 4800
Elapsed time: 1055.4507682323456s
Processing frame: 5000
Elapsed time: 1099.5018637180328s
Processing frame: 5200
Elapsed time: 1143.4461352825165s
Processing frame: 5400
Elapsed time: 1186.7701914310455s
Processing frame: 5600
Elapsed time: 1230.837984085083s
Processing frame: 5800
Elapsed time: 1274.9023945331573s
Processing frame: 6000
Elapsed time: 1318.3149917125702s
Processing frame: 6200
Elapsed time: 1362.1318831443787s
Processing frame: 6400
Elapsed time: 1406.1498839855194s
Processing frame: 6600
Elapsed time: 1449.9742758274078s
Processing frame: 6800
Elapsed time: 1494.2423629760742s
Processing frame: 7000
Elapsed time: 1538.6764104366302s
Processing frame: 7200
Elapsed time: 1582.5210740566254s
Processing frame: 7400
Elapsed time: 1626.9807949066162s
Processing frame: 7600
Elapsed time: 1671.476764202118s
Processing frame: 7800
Elapsed time: 1715.1691372394562s
Processing frame: 8000
Elapsed time: 1759.5465586185455s
Processing frame: 8200
Elapsed time: 1803.9370884895325s
Processing frame: 8400
Elapsed time: 1847.728971004486s
Processing frame: 8600
Elapsed time: 1892.0961740016937s
Processing frame: 0
Processing frame: 200
Processing frame: 400
Processing frame: 600
Processing frame: 800
Processing frame: 1000
Processing frame: 1200
Processing frame: 1400
Processing frame: 1600
Processing frame: 1800
Processing frame: 2000
Processing frame: 2200
Processing frame: 2400
Processing frame: 2600
Processing frame: 2800
