-------------------------------------------------------------------------------
There are messages associated with the following module(s):
-------------------------------------------------------------------------------

python/3.5.2:
   This module is deprecated and will be removed in the future. Please
   upgrade to python/3.5. If you had created virtual environments we
   recommend to recreate them. Ce module est marqué pour être retiré et
   sera supprimé dans le futur. Veuillez utiliser python/3.5. Si vous aviez
   créé un environnement virtuel, nous vous recommandons de le recréer.

-------------------------------------------------------------------------------

sh: openposeEnv_Python3/bin/activate: No such file or directory
OpenPose Library Python Wrapper
Raw frames per second: 18.958792602898384
Frame width:960, Frame height:756.
Total frame number: 11444.0
Processing frame: 0
Elapsed time: 9.5367431640625e-06s
Processing frame: 200
Elapsed time: 47.631930112838745s
Processing frame: 400
Elapsed time: 90.7130355834961s
Processing frame: 600
Elapsed time: 133.2092890739441s
Processing frame: 800
Elapsed time: 176.3615345954895s
Processing frame: 1000
Elapsed time: 219.4850754737854s
Processing frame: 1200
Elapsed time: 261.93667912483215s
Processing frame: 1400
Elapsed time: 305.0230586528778s
Processing frame: 1600
Elapsed time: 348.0537037849426s
Processing frame: 1800
Elapsed time: 390.44436025619507s
Processing frame: 2000
Elapsed time: 433.4944643974304s
Processing frame: 2200
Elapsed time: 476.61592078208923s
Processing frame: 2400
Elapsed time: 518.9637098312378s
Processing frame: 2600
Elapsed time: 562.1157217025757s
Processing frame: 2800
Elapsed time: 605.2762537002563s
Processing frame: 3000
Elapsed time: 647.7495892047882s
Processing frame: 3200
Elapsed time: 690.7745020389557s
Processing frame: 3400
Elapsed time: 733.8744118213654s
Processing frame: 3600
Elapsed time: 776.3251490592957s
Processing frame: 3800
Elapsed time: 819.5601119995117s
Processing frame: 4000
Elapsed time: 862.76140832901s
Processing frame: 4200
Elapsed time: 905.3268711566925s
Processing frame: 4400
Elapsed time: 948.5702209472656s
Processing frame: 4600
Elapsed time: 991.7228469848633s
Processing frame: 4800
Elapsed time: 1034.2353081703186s
Processing frame: 5000
Elapsed time: 1077.4596014022827s
Processing frame: 5200
Elapsed time: 1120.73610830307s
Processing frame: 5400
Elapsed time: 1163.2357776165009s
Processing frame: 5600
Elapsed time: 1206.321939945221s
Processing frame: 5800
Elapsed time: 1249.509686946869s
Processing frame: 6000
Elapsed time: 1292.0926201343536s
Processing frame: 6200
Elapsed time: 1335.2697377204895s
Processing frame: 6400
Elapsed time: 1378.3464901447296s
Processing frame: 6600
Elapsed time: 1420.7152128219604s
Processing frame: 6800
Elapsed time: 1463.7873003482819s
Processing frame: 7000
Elapsed time: 1506.8219277858734s
Processing frame: 7200
Elapsed time: 1549.2718305587769s
Processing frame: 7400
Elapsed time: 1592.3432838916779s
Processing frame: 7600
Elapsed time: 1635.258570432663s
Processing frame: 7800
Elapsed time: 1677.65110206604s
Processing frame: 8000
Elapsed time: 1720.699555158615s
Processing frame: 8200
Elapsed time: 1763.684101819992s
Processing frame: 8400
Elapsed time: 1806.1363978385925s
Processing frame: 8600
Elapsed time: 1849.2176313400269s
Processing frame: 8800
Elapsed time: 1892.2141406536102s
Processing frame: 9000
Elapsed time: 1934.6999592781067s
Processing frame: 9200
Elapsed time: 1977.7065551280975s
Processing frame: 9400
Elapsed time: 2020.7109375s
Processing frame: 9600
Elapsed time: 2063.025477170944s
Processing frame: 9800
Elapsed time: 2106.027768135071s
Processing frame: 10000
Elapsed time: 2149.1814517974854s
Processing frame: 10200
Elapsed time: 2191.696996688843s
Processing frame: 10400
Elapsed time: 2234.82132935524s
Processing frame: 10600
Elapsed time: 2277.867336988449s
Processing frame: 10800
Elapsed time: 2320.333972454071s
Processing frame: 11000
Elapsed time: 2363.3952374458313s
Processing frame: 11200
Elapsed time: 2406.427031517029s
Processing frame: 11400
Elapsed time: 2448.925849676132s
Processing frame: 0
Processing frame: 200
Processing frame: 400
Processing frame: 600
Processing frame: 800
Processing frame: 1000
Processing frame: 1200
Processing frame: 1400
Processing frame: 1600
Processing frame: 1800
Processing frame: 2000
Processing frame: 2200
Processing frame: 2400
Processing frame: 2600
Processing frame: 2800
Processing frame: 3000
Processing frame: 3200
Processing frame: 3400
Processing frame: 3600
Processing frame: 3800
