-------------------------------------------------------------------------------
There are messages associated with the following module(s):
-------------------------------------------------------------------------------

python/3.5.2:
   This module is deprecated and will be removed in the future. Please
   upgrade to python/3.5. If you had created virtual environments we
   recommend to recreate them. Ce module est marqué pour être retiré et
   sera supprimé dans le futur. Veuillez utiliser python/3.5. Si vous aviez
   créé un environnement virtuel, nous vous recommandons de le recréer.

-------------------------------------------------------------------------------

sh: openposeEnv_Python3/bin/activate: No such file or directory
OpenPose Library Python Wrapper
Raw frames per second: 24.195962001424686
Crop: Video not from Camera1 or Camera2!
Frame width:1152, Frame height:972.
Polygon: Video not from Camera1 or Camera2!
Total frame number: 14542.0
Processing frame: 0
Elapsed time: 1.239776611328125e-05s
Processing frame: 200
Elapsed time: 49.62464380264282s
Processing frame: 400
Elapsed time: 94.46793961524963s
Processing frame: 600
Elapsed time: 138.31931591033936s
Processing frame: 800
Elapsed time: 182.78982710838318s
Processing frame: 1000
Elapsed time: 227.17339181900024s
Processing frame: 1200
Elapsed time: 270.9999420642853s
Processing frame: 1400
Elapsed time: 315.5227282047272s
Processing frame: 1600
Elapsed time: 360.0177745819092s
Processing frame: 1800
Elapsed time: 403.8527421951294s
Processing frame: 2000
Elapsed time: 448.3127987384796s
Processing frame: 2200
Elapsed time: 492.74757194519043s
Processing frame: 2400
Elapsed time: 536.5610961914062s
Processing frame: 2600
Elapsed time: 581.1122238636017s
Processing frame: 2800
Elapsed time: 625.564421415329s
Processing frame: 3000
Elapsed time: 669.3463125228882s
Processing frame: 3200
Elapsed time: 713.7594947814941s
Processing frame: 3400
Elapsed time: 758.2284419536591s
Processing frame: 3600
Elapsed time: 802.0551614761353s
Processing frame: 3800
Elapsed time: 846.42453956604s
Processing frame: 4000
Elapsed time: 890.8740706443787s
Processing frame: 4200
Elapsed time: 934.589998960495s
Processing frame: 4400
Elapsed time: 978.942592382431s
Processing frame: 4600
Elapsed time: 1023.4429740905762s
Processing frame: 4800
Elapsed time: 1067.1650729179382s
Processing frame: 5000
Elapsed time: 1111.4896085262299s
Processing frame: 5200
Elapsed time: 1155.8456146717072s
Processing frame: 5400
Elapsed time: 1199.511751651764s
Processing frame: 5600
Elapsed time: 1243.8522629737854s
Processing frame: 5800
Elapsed time: 1288.1432027816772s
Processing frame: 6000
Elapsed time: 1331.8683261871338s
Processing frame: 6200
Elapsed time: 1376.4899151325226s
Processing frame: 6400
Elapsed time: 1420.8329100608826s
Processing frame: 6600
Elapsed time: 1464.5969598293304s
Processing frame: 6800
Elapsed time: 1508.9074285030365s
Processing frame: 7000
Elapsed time: 1553.3584322929382s
Processing frame: 7200
Elapsed time: 1597.1843712329865s
Processing frame: 7400
Elapsed time: 1641.5562903881073s
Processing frame: 7600
Elapsed time: 1685.862048149109s
Processing frame: 7800
Elapsed time: 1729.5533764362335s
Processing frame: 8000
Elapsed time: 1773.9627549648285s
Processing frame: 8200
Elapsed time: 1818.3531761169434s
Processing frame: 8400
Elapsed time: 1862.0480880737305s
Processing frame: 8600
Elapsed time: 1906.4517214298248s
Processing frame: 8800
Elapsed time: 1950.942907333374s
Processing frame: 9000
Elapsed time: 1994.729299068451s
Processing frame: 9200
Elapsed time: 2039.4728467464447s
Processing frame: 9400
Elapsed time: 2083.887924671173s
Processing frame: 9600
Elapsed time: 2127.6305792331696s
Processing frame: 9800
Elapsed time: 2172.207950115204s
Processing frame: 10000
Elapsed time: 2216.824172258377s
Processing frame: 10200
Elapsed time: 2260.74582529068s
Processing frame: 10400
Elapsed time: 2305.1356489658356s
Processing frame: 10600
Elapsed time: 2349.6413111686707s
Processing frame: 10800
Elapsed time: 2393.3466358184814s
Processing frame: 11000
Elapsed time: 2437.704442024231s
Processing frame: 11200
Elapsed time: 2482.0999801158905s
Processing frame: 11400
Elapsed time: 2525.877583026886s
Processing frame: 11600
Elapsed time: 2570.2113542556763s
Processing frame: 11800
Elapsed time: 2614.5782980918884s
Processing frame: 12000
Elapsed time: 2658.3641381263733s
Processing frame: 12200
Elapsed time: 2702.7827446460724s
Processing frame: 12400
Elapsed time: 2747.248988389969s
Processing frame: 12600
Elapsed time: 2791.0602807998657s
Processing frame: 12800
Elapsed time: 2835.525682449341s
Processing frame: 13000
Elapsed time: 2880.0144476890564s
Processing frame: 13200
Elapsed time: 2923.89044380188s
Processing frame: 13400
Elapsed time: 2968.2526800632477s
Processing frame: 13600
Elapsed time: 3012.641103744507s
Processing frame: 13800
Elapsed time: 3056.2813272476196s
Processing frame: 14000
Elapsed time: 3100.6611955165863s
Processing frame: 14200
Elapsed time: 3145.0437364578247s
Processing frame: 14400
Elapsed time: 3188.8887922763824s
Frame: 14541, grabbed=False and frame=None
Processing frame: 0
Processing frame: 200
Processing frame: 400
Processing frame: 600
Processing frame: 800
Processing frame: 1000
Processing frame: 1200
Processing frame: 1400
Processing frame: 1600
Processing frame: 1800
Processing frame: 2000
Processing frame: 2200
Processing frame: 2400
Processing frame: 2600
Processing frame: 2800
Processing frame: 3000
Processing frame: 3200
Processing frame: 3400
Processing frame: 3600
Processing frame: 3800
Processing frame: 4000
Processing frame: 4200
Processing frame: 4400
Processing frame: 4600
Processing frame: 4800
