-------------------------------------------------------------------------------
There are messages associated with the following module(s):
-------------------------------------------------------------------------------

python/3.5.2:
   This module is deprecated and will be removed in the future. Please
   upgrade to python/3.5. If you had created virtual environments we
   recommend to recreate them. Ce module est marqué pour être retiré et
   sera supprimé dans le futur. Veuillez utiliser python/3.5. Si vous aviez
   créé un environnement virtuel, nous vous recommandons de le recréer.

-------------------------------------------------------------------------------

sh: openposeEnv_Python3/bin/activate: No such file or directory
OpenPose Library Python Wrapper
Raw frames per second: 16.07190941946519
Frame width:960, Frame height:756.
Total frame number: 9643.0
Processing frame: 0
Elapsed time: 1.0967254638671875e-05s
Processing frame: 200
Elapsed time: 47.765960693359375s
Processing frame: 400
Elapsed time: 91.005619764328s
Processing frame: 600
Elapsed time: 133.57830715179443s
Processing frame: 800
Elapsed time: 176.82794761657715s
Processing frame: 1000
Elapsed time: 220.16894698143005s
Processing frame: 1200
Elapsed time: 262.84648036956787s
Processing frame: 1400
Elapsed time: 306.1106028556824s
Processing frame: 1600
Elapsed time: 349.3040325641632s
Processing frame: 1800
Elapsed time: 391.9514479637146s
Processing frame: 2000
Elapsed time: 435.1079611778259s
Processing frame: 2200
Elapsed time: 478.2409973144531s
Processing frame: 2400
Elapsed time: 520.7078158855438s
Processing frame: 2600
Elapsed time: 564.0163011550903s
Processing frame: 2800
Elapsed time: 607.1657106876373s
Processing frame: 3000
Elapsed time: 649.6348083019257s
Processing frame: 3200
Elapsed time: 692.6832349300385s
Processing frame: 3400
Elapsed time: 735.8795540332794s
Processing frame: 3600
Elapsed time: 778.5238018035889s
Processing frame: 3800
Elapsed time: 821.7458040714264s
Processing frame: 4000
Elapsed time: 864.9834613800049s
Processing frame: 4200
Elapsed time: 907.6156644821167s
Processing frame: 4400
Elapsed time: 950.8894083499908s
Processing frame: 4600
Elapsed time: 994.178023815155s
Processing frame: 4800
Elapsed time: 1036.8332796096802s
Processing frame: 5000
Elapsed time: 1079.94664478302s
Processing frame: 5200
Elapsed time: 1123.1292395591736s
Processing frame: 5400
Elapsed time: 1165.688393354416s
Processing frame: 5600
Elapsed time: 1208.7994313240051s
Processing frame: 5800
Elapsed time: 1251.8386542797089s
Processing frame: 6000
Elapsed time: 1294.4373528957367s
Processing frame: 6200
Elapsed time: 1337.600183725357s
Processing frame: 6400
Elapsed time: 1380.7298893928528s
Processing frame: 6600
Elapsed time: 1423.2793021202087s
Processing frame: 6800
Elapsed time: 1466.5383732318878s
Processing frame: 7000
Elapsed time: 1509.795049905777s
Processing frame: 7200
Elapsed time: 1552.360224723816s
Processing frame: 7400
Elapsed time: 1595.5586352348328s
Processing frame: 7600
Elapsed time: 1638.6634366512299s
Processing frame: 7800
Elapsed time: 1681.296298980713s
Processing frame: 8000
Elapsed time: 1724.4901452064514s
Processing frame: 8200
Elapsed time: 1767.679936170578s
Processing frame: 8400
Elapsed time: 1810.2810292243958s
Processing frame: 8600
Elapsed time: 1853.413409948349s
Processing frame: 8800
Elapsed time: 1896.595739364624s
Processing frame: 9000
Elapsed time: 1939.2066071033478s
Processing frame: 9200
Elapsed time: 1982.6226875782013s
Processing frame: 9400
Elapsed time: 2025.6963803768158s
Processing frame: 9600
Elapsed time: 2068.2578461170197s
Frame: 9642, grabbed=False and frame=None
Processing frame: 0
Processing frame: 200
Processing frame: 400
Processing frame: 600
Processing frame: 800
Processing frame: 1000
Processing frame: 1200
Processing frame: 1400
Processing frame: 1600
Processing frame: 1800
Processing frame: 2000
Processing frame: 2200
Processing frame: 2400
Processing frame: 2600
Processing frame: 2800
Processing frame: 3000
Processing frame: 3200
