-------------------------------------------------------------------------------
There are messages associated with the following module(s):
-------------------------------------------------------------------------------

python/3.5.2:
   This module is deprecated and will be removed in the future. Please
   upgrade to python/3.5. If you had created virtual environments we
   recommend to recreate them. Ce module est marqué pour être retiré et
   sera supprimé dans le futur. Veuillez utiliser python/3.5. Si vous aviez
   créé un environnement virtuel, nous vous recommandons de le recréer.

-------------------------------------------------------------------------------

sh: openposeEnv_Python3/bin/activate: No such file or directory
OpenPose Library Python Wrapper
Raw frames per second: 16.4036750668867
Frame width:960, Frame height:756.
Total frame number: 9888.0
Processing frame: 0
Elapsed time: 9.298324584960938e-06s
Processing frame: 200
Elapsed time: 47.639596700668335s
Processing frame: 400
Elapsed time: 90.5991039276123s
Processing frame: 600
Elapsed time: 132.8691430091858s
Processing frame: 800
Elapsed time: 175.78446292877197s
Processing frame: 1000
Elapsed time: 218.74771189689636s
Processing frame: 1200
Elapsed time: 261.0503444671631s
Processing frame: 1400
Elapsed time: 304.0160119533539s
Processing frame: 1600
Elapsed time: 347.15147519111633s
Processing frame: 1800
Elapsed time: 389.55091094970703s
Processing frame: 2000
Elapsed time: 432.59125423431396s
Processing frame: 2200
Elapsed time: 475.62610697746277s
Processing frame: 2400
Elapsed time: 518.0687255859375s
Processing frame: 2600
Elapsed time: 561.0983579158783s
Processing frame: 2800
Elapsed time: 604.1299796104431s
Processing frame: 3000
Elapsed time: 646.6111221313477s
Processing frame: 3200
Elapsed time: 689.6303672790527s
Processing frame: 3400
Elapsed time: 732.6982841491699s
Processing frame: 3600
Elapsed time: 775.0165302753448s
Processing frame: 3800
Elapsed time: 818.0375418663025s
Processing frame: 4000
Elapsed time: 861.0197250843048s
Processing frame: 4200
Elapsed time: 903.3050286769867s
Processing frame: 4400
Elapsed time: 946.2481894493103s
Processing frame: 4600
Elapsed time: 989.1604034900665s
Processing frame: 4800
Elapsed time: 1031.4473509788513s
Processing frame: 5000
Elapsed time: 1074.3517141342163s
Processing frame: 5200
Elapsed time: 1117.3123888969421s
Processing frame: 5400
Elapsed time: 1159.6833956241608s
Processing frame: 5600
Elapsed time: 1202.5103299617767s
Processing frame: 5800
Elapsed time: 1245.4064631462097s
Processing frame: 6000
Elapsed time: 1287.6600880622864s
Processing frame: 6200
Elapsed time: 1330.4848561286926s
Processing frame: 6400
Elapsed time: 1373.4064676761627s
Processing frame: 6600
Elapsed time: 1415.738098859787s
Processing frame: 6800
Elapsed time: 1458.6774966716766s
Processing frame: 7000
Elapsed time: 1501.6314783096313s
Processing frame: 7200
Elapsed time: 1543.8800535202026s
Processing frame: 7400
Elapsed time: 1586.651667356491s
Processing frame: 7600
Elapsed time: 1629.490999698639s
Processing frame: 7800
Elapsed time: 1671.8408415317535s
Processing frame: 8000
Elapsed time: 1714.7731835842133s
Processing frame: 8200
Elapsed time: 1757.680729150772s
Processing frame: 8400
Elapsed time: 1800.0033738613129s
Processing frame: 8600
Elapsed time: 1842.9189794063568s
Processing frame: 8800
Elapsed time: 1885.8403813838959s
Processing frame: 9000
Elapsed time: 1928.1314659118652s
Processing frame: 9200
Elapsed time: 1970.951942205429s
Processing frame: 9400
Elapsed time: 2013.888103723526s
Processing frame: 9600
Elapsed time: 2056.152324438095s
Processing frame: 9800
Elapsed time: 2099.1203904151917s
Processing frame: 0
Processing frame: 200
Processing frame: 400
Processing frame: 600
Processing frame: 800
Processing frame: 1000
Processing frame: 1200
Processing frame: 1400
Processing frame: 1600
Processing frame: 1800
Processing frame: 2000
Processing frame: 2200
Processing frame: 2400
Processing frame: 2600
Processing frame: 2800
Processing frame: 3000
Processing frame: 3200
