-------------------------------------------------------------------------------
There are messages associated with the following module(s):
-------------------------------------------------------------------------------

python/3.5.2:
   This module is deprecated and will be removed in the future. Please
   upgrade to python/3.5. If you had created virtual environments we
   recommend to recreate them. Ce module est marqué pour être retiré et
   sera supprimé dans le futur. Veuillez utiliser python/3.5. Si vous aviez
   créé un environnement virtuel, nous vous recommandons de le recréer.

-------------------------------------------------------------------------------

sh: openposeEnv_Python3/bin/activate: No such file or directory
OpenPose Library Python Wrapper
Raw frames per second: 16.793874553642322
Frame width:960, Frame height:756.
Total frame number: 10093.0
Processing frame: 0
Elapsed time: 1.1205673217773438e-05s
Processing frame: 200
Elapsed time: 47.81926512718201s
Processing frame: 400
Elapsed time: 90.93940019607544s
Processing frame: 600
Elapsed time: 133.36504530906677s
Processing frame: 800
Elapsed time: 176.3985595703125s
Processing frame: 1000
Elapsed time: 219.27113795280457s
Processing frame: 1200
Elapsed time: 261.6501352787018s
Processing frame: 1400
Elapsed time: 304.835782289505s
Processing frame: 1600
Elapsed time: 347.8880331516266s
Processing frame: 1800
Elapsed time: 390.3981456756592s
Processing frame: 2000
Elapsed time: 433.5987403392792s
Processing frame: 2200
Elapsed time: 476.607905626297s
Processing frame: 2400
Elapsed time: 518.9957141876221s
Processing frame: 2600
Elapsed time: 562.169371843338s
Processing frame: 2800
Elapsed time: 605.354122877121s
Processing frame: 3000
Elapsed time: 647.8858182430267s
Processing frame: 3200
Elapsed time: 690.7975330352783s
Processing frame: 3400
Elapsed time: 734.0165214538574s
Processing frame: 3600
Elapsed time: 776.4131360054016s
Processing frame: 3800
Elapsed time: 819.6477997303009s
Processing frame: 4000
Elapsed time: 862.8158333301544s
Processing frame: 4200
Elapsed time: 905.2584626674652s
Processing frame: 4400
Elapsed time: 948.0746865272522s
Processing frame: 4600
Elapsed time: 991.2032845020294s
Processing frame: 4800
Elapsed time: 1033.7049565315247s
Processing frame: 5000
Elapsed time: 1076.910028219223s
Processing frame: 5200
Elapsed time: 1119.925918340683s
Processing frame: 5400
Elapsed time: 1162.3488698005676s
Processing frame: 5600
Elapsed time: 1205.1968204975128s
Processing frame: 5800
Elapsed time: 1248.0520596504211s
Processing frame: 6000
Elapsed time: 1290.2862465381622s
Processing frame: 6200
Elapsed time: 1333.1973185539246s
Processing frame: 6400
Elapsed time: 1376.255586862564s
Processing frame: 6600
Elapsed time: 1418.7026443481445s
Processing frame: 6800
Elapsed time: 1461.6985342502594s
Processing frame: 7000
Elapsed time: 1504.520660161972s
Processing frame: 7200
Elapsed time: 1546.8102917671204s
Processing frame: 7400
Elapsed time: 1589.6683466434479s
Processing frame: 7600
Elapsed time: 1632.574901342392s
Processing frame: 7800
Elapsed time: 1674.8263750076294s
Processing frame: 8000
Elapsed time: 1717.7511506080627s
Processing frame: 8200
Elapsed time: 1760.729721546173s
Processing frame: 8400
Elapsed time: 1803.2175014019012s
Processing frame: 8600
Elapsed time: 1846.3218123912811s
Processing frame: 8800
Elapsed time: 1889.3249289989471s
Processing frame: 9000
Elapsed time: 1931.510509967804s
Processing frame: 9200
Elapsed time: 1974.5079324245453s
Processing frame: 9400
Elapsed time: 2017.5678942203522s
Processing frame: 9600
Elapsed time: 2059.9750711917877s
Processing frame: 9800
Elapsed time: 2102.841477870941s
Processing frame: 10000
Elapsed time: 2145.7519521713257s
Frame: 10092, grabbed=False and frame=None
Processing frame: 0
Processing frame: 200
Processing frame: 400
Processing frame: 600
Processing frame: 800
Processing frame: 1000
Processing frame: 1200
Processing frame: 1400
Processing frame: 1600
Processing frame: 1800
Processing frame: 2000
Processing frame: 2200
Processing frame: 2400
Processing frame: 2600
Processing frame: 2800
Processing frame: 3000
Processing frame: 3200
