-------------------------------------------------------------------------------
There are messages associated with the following module(s):
-------------------------------------------------------------------------------

python/3.5.2:
   This module is deprecated and will be removed in the future. Please
   upgrade to python/3.5. If you had created virtual environments we
   recommend to recreate them. Ce module est marqué pour être retiré et
   sera supprimé dans le futur. Veuillez utiliser python/3.5. Si vous aviez
   créé un environnement virtuel, nous vous recommandons de le recréer.

-------------------------------------------------------------------------------

sh: openposeEnv_Python3/bin/activate: No such file or directory
OpenPose Library Python Wrapper
Raw frames per second: 15.499611512525085
Frame width:960, Frame height:756.
Total frame number: 9326.0
Processing frame: 0
Elapsed time: 1.0967254638671875e-05s
Processing frame: 200
Elapsed time: 47.77367568016052s
Processing frame: 400
Elapsed time: 90.90263056755066s
Processing frame: 600
Elapsed time: 133.46770477294922s
Processing frame: 800
Elapsed time: 176.50717616081238s
Processing frame: 1000
Elapsed time: 219.6428997516632s
Processing frame: 1200
Elapsed time: 262.2197756767273s
Processing frame: 1400
Elapsed time: 305.4785313606262s
Processing frame: 1600
Elapsed time: 348.6312155723572s
Processing frame: 1800
Elapsed time: 391.0602226257324s
Processing frame: 2000
Elapsed time: 434.1058647632599s
Processing frame: 2200
Elapsed time: 477.1653935909271s
Processing frame: 2400
Elapsed time: 519.6167876720428s
Processing frame: 2600
Elapsed time: 562.7457005977631s
Processing frame: 2800
Elapsed time: 605.8451392650604s
Processing frame: 3000
Elapsed time: 648.4090392589569s
Processing frame: 3200
Elapsed time: 691.5558111667633s
Processing frame: 3400
Elapsed time: 734.714072227478s
Processing frame: 3600
Elapsed time: 777.2855753898621s
Processing frame: 3800
Elapsed time: 820.582576751709s
Processing frame: 4000
Elapsed time: 863.7802829742432s
Processing frame: 4200
Elapsed time: 906.2535197734833s
Processing frame: 4400
Elapsed time: 949.3610475063324s
Processing frame: 4600
Elapsed time: 992.5771856307983s
Processing frame: 4800
Elapsed time: 1035.066239118576s
Processing frame: 5000
Elapsed time: 1078.1952447891235s
Processing frame: 5200
Elapsed time: 1121.3129518032074s
Processing frame: 5400
Elapsed time: 1163.927490234375s
Processing frame: 5600
Elapsed time: 1207.1193113327026s
Processing frame: 5800
Elapsed time: 1250.4195976257324s
Processing frame: 6000
Elapsed time: 1293.1063420772552s
Processing frame: 6200
Elapsed time: 1336.3109924793243s
Processing frame: 6400
Elapsed time: 1379.3880417346954s
Processing frame: 6600
Elapsed time: 1421.8161919116974s
Processing frame: 6800
Elapsed time: 1464.933583021164s
Processing frame: 7000
Elapsed time: 1508.09539270401s
Processing frame: 7200
Elapsed time: 1550.5013518333435s
Processing frame: 7400
Elapsed time: 1593.4849863052368s
Processing frame: 7600
Elapsed time: 1636.4363765716553s
Processing frame: 7800
Elapsed time: 1678.806184053421s
Processing frame: 8000
Elapsed time: 1721.8584923744202s
Processing frame: 8200
Elapsed time: 1764.884118795395s
Processing frame: 8400
Elapsed time: 1807.2670242786407s
Processing frame: 8600
Elapsed time: 1850.2803542613983s
Processing frame: 8800
Elapsed time: 1893.2483794689178s
Processing frame: 9000
Elapsed time: 1935.6599280834198s
Processing frame: 9200
Elapsed time: 1978.776911497116s
Processing frame: 0
Processing frame: 200
Processing frame: 400
Processing frame: 600
Processing frame: 800
Processing frame: 1000
Processing frame: 1200
Processing frame: 1400
Processing frame: 1600
Processing frame: 1800
Processing frame: 2000
Processing frame: 2200
Processing frame: 2400
Processing frame: 2600
Processing frame: 2800
Processing frame: 3000
