-------------------------------------------------------------------------------
There are messages associated with the following module(s):
-------------------------------------------------------------------------------

python/3.5.2:
   This module is deprecated and will be removed in the future. Please
   upgrade to python/3.5. If you had created virtual environments we
   recommend to recreate them. Ce module est marqué pour être retiré et
   sera supprimé dans le futur. Veuillez utiliser python/3.5. Si vous aviez
   créé un environnement virtuel, nous vous recommandons de le recréer.

-------------------------------------------------------------------------------

sh: openposeEnv_Python3/bin/activate: No such file or directory
OpenPose Library Python Wrapper
Raw frames per second: 14.621188815121352
Crop: Video not from Camera1 or Camera2!
Frame width:1152, Frame height:972.
Polygon: Video not from Camera1 or Camera2!
Total frame number: 8840.0
Processing frame: 0
Elapsed time: 1.1444091796875e-05s
Processing frame: 200
Elapsed time: 50.596537351608276s
Processing frame: 400
Elapsed time: 94.73162198066711s
Processing frame: 600
Elapsed time: 138.21825981140137s
Processing frame: 800
Elapsed time: 182.3744306564331s
Processing frame: 1000
Elapsed time: 226.5230164527893s
Processing frame: 1200
Elapsed time: 270.0077805519104s
Processing frame: 1400
Elapsed time: 314.4081838130951s
Processing frame: 1600
Elapsed time: 358.3256587982178s
Processing frame: 1800
Elapsed time: 401.8356046676636s
Processing frame: 2000
Elapsed time: 445.9492697715759s
Processing frame: 2200
Elapsed time: 490.0973970890045s
Processing frame: 2400
Elapsed time: 533.557746887207s
Processing frame: 2600
Elapsed time: 577.7396936416626s
Processing frame: 2800
Elapsed time: 621.7594122886658s
Processing frame: 3000
Elapsed time: 665.3058042526245s
Processing frame: 3200
Elapsed time: 709.394261598587s
Processing frame: 3400
Elapsed time: 753.5399243831635s
Processing frame: 3600
Elapsed time: 796.9256353378296s
Processing frame: 3800
Elapsed time: 840.9832351207733s
Processing frame: 4000
Elapsed time: 884.7840065956116s
Processing frame: 4200
Elapsed time: 928.1779069900513s
Processing frame: 4400
Elapsed time: 972.2088279724121s
Processing frame: 4600
Elapsed time: 1016.3192689418793s
Processing frame: 4800
Elapsed time: 1059.7628138065338s
Processing frame: 5000
Elapsed time: 1103.879326581955s
Processing frame: 5200
Elapsed time: 1148.1545627117157s
Processing frame: 5400
Elapsed time: 1191.6665134429932s
Processing frame: 5600
Elapsed time: 1235.8158798217773s
Processing frame: 5800
Elapsed time: 1279.9320154190063s
Processing frame: 6000
Elapsed time: 1323.3916895389557s
Processing frame: 6200
Elapsed time: 1367.5583717823029s
Processing frame: 6400
Elapsed time: 1411.7504341602325s
Processing frame: 6600
Elapsed time: 1455.2048780918121s
Processing frame: 6800
Elapsed time: 1499.3384017944336s
Processing frame: 7000
Elapsed time: 1543.4125111103058s
Processing frame: 7200
Elapsed time: 1586.766368150711s
Processing frame: 7400
Elapsed time: 1631.0208756923676s
Processing frame: 7600
Elapsed time: 1675.056634426117s
Processing frame: 7800
Elapsed time: 1718.6433553695679s
Processing frame: 8000
Elapsed time: 1762.8285427093506s
Processing frame: 8200
Elapsed time: 1806.985118150711s
Processing frame: 8400
Elapsed time: 1850.4513068199158s
Processing frame: 8600
Elapsed time: 1894.5676045417786s
Processing frame: 8800
Elapsed time: 1938.4472408294678s
Processing frame: 0
Processing frame: 200
Processing frame: 400
Processing frame: 600
Processing frame: 800
Processing frame: 1000
Processing frame: 1200
Processing frame: 1400
Processing frame: 1600
Processing frame: 1800
Processing frame: 2000
Processing frame: 2200
Processing frame: 2400
Processing frame: 2600
Processing frame: 2800
