-------------------------------------------------------------------------------
There are messages associated with the following module(s):
-------------------------------------------------------------------------------

python/3.5.2:
   This module is deprecated and will be removed in the future. Please
   upgrade to python/3.5. If you had created virtual environments we
   recommend to recreate them. Ce module est marqué pour être retiré et
   sera supprimé dans le futur. Veuillez utiliser python/3.5. Si vous aviez
   créé un environnement virtuel, nous vous recommandons de le recréer.

-------------------------------------------------------------------------------

sh: openposeEnv_Python3/bin/activate: No such file or directory
OpenPose Library Python Wrapper
Raw frames per second: 24.042313909078867
Frame width:960, Frame height:756.
Total frame number: 14509.0
Processing frame: 0
Elapsed time: 9.298324584960938e-06s
Processing frame: 200
Elapsed time: 47.74612283706665s
Processing frame: 400
Elapsed time: 90.82509875297546s
Processing frame: 600
Elapsed time: 133.3534917831421s
Processing frame: 800
Elapsed time: 176.53896832466125s
Processing frame: 1000
Elapsed time: 219.77591943740845s
Processing frame: 1200
Elapsed time: 262.43137431144714s
Processing frame: 1400
Elapsed time: 305.6271884441376s
Processing frame: 1600
Elapsed time: 348.85436749458313s
Processing frame: 1800
Elapsed time: 391.4112808704376s
Processing frame: 2000
Elapsed time: 434.65601563453674s
Processing frame: 2200
Elapsed time: 477.8983407020569s
Processing frame: 2400
Elapsed time: 520.4730641841888s
Processing frame: 2600
Elapsed time: 563.6705183982849s
Processing frame: 2800
Elapsed time: 606.9823684692383s
Processing frame: 3000
Elapsed time: 649.6428172588348s
Processing frame: 3200
Elapsed time: 692.940352678299s
Processing frame: 3400
Elapsed time: 736.2630972862244s
Processing frame: 3600
Elapsed time: 778.821521282196s
Processing frame: 3800
Elapsed time: 822.0823760032654s
Processing frame: 4000
Elapsed time: 865.3301014900208s
Processing frame: 4200
Elapsed time: 907.9359214305878s
Processing frame: 4400
Elapsed time: 951.118479013443s
Processing frame: 4600
Elapsed time: 994.2230887413025s
Processing frame: 4800
Elapsed time: 1036.7254195213318s
Processing frame: 5000
Elapsed time: 1079.8198902606964s
Processing frame: 5200
Elapsed time: 1123.0094468593597s
Processing frame: 5400
Elapsed time: 1165.526803970337s
Processing frame: 5600
Elapsed time: 1209.2169547080994s
Processing frame: 5800
Elapsed time: 1252.565169095993s
Processing frame: 6000
Elapsed time: 1295.1353585720062s
Processing frame: 6200
Elapsed time: 1338.2248430252075s
Processing frame: 6400
Elapsed time: 1381.4099593162537s
Processing frame: 6600
Elapsed time: 1424.0769448280334s
Processing frame: 6800
Elapsed time: 1467.382184267044s
Processing frame: 7000
Elapsed time: 1510.655995607376s
Processing frame: 7200
Elapsed time: 1553.3209187984467s
Processing frame: 7400
Elapsed time: 1596.4090588092804s
Processing frame: 7600
Elapsed time: 1639.468446969986s
Processing frame: 7800
Elapsed time: 1681.9724917411804s
Processing frame: 8000
Elapsed time: 1725.1035649776459s
Processing frame: 8200
Elapsed time: 1768.291579246521s
Processing frame: 8400
Elapsed time: 1810.8089957237244s
Processing frame: 8600
Elapsed time: 1853.939325094223s
Processing frame: 8800
Elapsed time: 1897.1314520835876s
Processing frame: 9000
Elapsed time: 1939.659699678421s
Processing frame: 9200
Elapsed time: 1982.770399570465s
Processing frame: 9400
Elapsed time: 2025.8211724758148s
Processing frame: 9600
Elapsed time: 2071.308539867401s
Processing frame: 9800
Elapsed time: 2116.987434387207s
Processing frame: 10000
Elapsed time: 2160.0819573402405s
Processing frame: 10200
Elapsed time: 2202.6062908172607s
Processing frame: 10400
Elapsed time: 2245.744815826416s
Processing frame: 10600
Elapsed time: 2288.934668302536s
Processing frame: 10800
Elapsed time: 2331.52791595459s
Processing frame: 11000
Elapsed time: 2374.6122839450836s
Processing frame: 11200
Elapsed time: 2417.8345353603363s
Processing frame: 11400
Elapsed time: 2460.3356046676636s
Processing frame: 11600
Elapsed time: 2503.39501452446s
Processing frame: 11800
Elapsed time: 2546.429083585739s
Processing frame: 12000
Elapsed time: 2588.912291288376s
Processing frame: 12200
Elapsed time: 2631.9869272708893s
Processing frame: 12400
Elapsed time: 2675.088061094284s
Processing frame: 12600
Elapsed time: 2717.543122291565s
Processing frame: 12800
Elapsed time: 2760.6539194583893s
Processing frame: 13000
Elapsed time: 2803.766871213913s
Processing frame: 13200
Elapsed time: 2846.2199671268463s
Processing frame: 13400
Elapsed time: 2889.179396867752s
Processing frame: 13600
Elapsed time: 2932.2677521705627s
Processing frame: 13800
Elapsed time: 2974.66526722908s
Processing frame: 14000
Elapsed time: 3017.6870024204254s
Processing frame: 14200
Elapsed time: 3060.794955253601s
Processing frame: 14400
Elapsed time: 3103.2991631031036s
Frame: 14508, grabbed=False and frame=None
Processing frame: 0
Processing frame: 200
Processing frame: 400
Processing frame: 600
Processing frame: 800
Processing frame: 1000
Processing frame: 1200
Processing frame: 1400
Processing frame: 1600
Processing frame: 1800
Processing frame: 2000
Processing frame: 2200
Processing frame: 2400
Processing frame: 2600
Processing frame: 2800
Processing frame: 3000
Processing frame: 3200
Processing frame: 3400
Processing frame: 3600
Processing frame: 3800
Processing frame: 4000
Processing frame: 4200
Processing frame: 4400
Processing frame: 4600
Processing frame: 4800
