-------------------------------------------------------------------------------
There are messages associated with the following module(s):
-------------------------------------------------------------------------------

python/3.5.2:
   This module is deprecated and will be removed in the future. Please
   upgrade to python/3.5. If you had created virtual environments we
   recommend to recreate them. Ce module est marqué pour être retiré et
   sera supprimé dans le futur. Veuillez utiliser python/3.5. Si vous aviez
   créé un environnement virtuel, nous vous recommandons de le recréer.

-------------------------------------------------------------------------------

sh: openposeEnv_Python3/bin/activate: No such file or directory
OpenPose Library Python Wrapper
Raw frames per second: 16.070779924076497
Frame width:960, Frame height:756.
Total frame number: 9667.0
Processing frame: 0
Elapsed time: 1.0967254638671875e-05s
Processing frame: 200
Elapsed time: 47.65996980667114s
Processing frame: 400
Elapsed time: 90.5587158203125s
Processing frame: 600
Elapsed time: 132.87019205093384s
Processing frame: 800
Elapsed time: 175.73513555526733s
Processing frame: 1000
Elapsed time: 218.62544536590576s
Processing frame: 1200
Elapsed time: 260.8831536769867s
Processing frame: 1400
Elapsed time: 303.7431230545044s
Processing frame: 1600
Elapsed time: 346.70845890045166s
Processing frame: 1800
Elapsed time: 389.0648055076599s
Processing frame: 2000
Elapsed time: 432.0951888561249s
Processing frame: 2200
Elapsed time: 475.11506748199463s
Processing frame: 2400
Elapsed time: 517.5266387462616s
Processing frame: 2600
Elapsed time: 560.5302984714508s
Processing frame: 2800
Elapsed time: 603.5111107826233s
Processing frame: 3000
Elapsed time: 645.9811127185822s
Processing frame: 3200
Elapsed time: 689.0144081115723s
Processing frame: 3400
Elapsed time: 731.963949918747s
Processing frame: 3600
Elapsed time: 774.3461151123047s
Processing frame: 3800
Elapsed time: 817.3267352581024s
Processing frame: 4000
Elapsed time: 860.4017999172211s
Processing frame: 4200
Elapsed time: 902.9062168598175s
Processing frame: 4400
Elapsed time: 946.0191679000854s
Processing frame: 4600
Elapsed time: 989.1020522117615s
Processing frame: 4800
Elapsed time: 1031.594410419464s
Processing frame: 5000
Elapsed time: 1074.669337272644s
Processing frame: 5200
Elapsed time: 1117.7685928344727s
Processing frame: 5400
Elapsed time: 1160.2354664802551s
Processing frame: 5600
Elapsed time: 1203.395958185196s
Processing frame: 5800
Elapsed time: 1246.5583941936493s
Processing frame: 6000
Elapsed time: 1289.0779693126678s
Processing frame: 6200
Elapsed time: 1332.2325148582458s
Processing frame: 6400
Elapsed time: 1375.253038406372s
Processing frame: 6600
Elapsed time: 1417.7454195022583s
Processing frame: 6800
Elapsed time: 1460.8794009685516s
Processing frame: 7000
Elapsed time: 1503.9423837661743s
Processing frame: 7200
Elapsed time: 1546.4347667694092s
Processing frame: 7400
Elapsed time: 1589.3534038066864s
Processing frame: 7600
Elapsed time: 1632.3201549053192s
Processing frame: 7800
Elapsed time: 1674.6515045166016s
Processing frame: 8000
Elapsed time: 1717.5610356330872s
Processing frame: 8200
Elapsed time: 1760.4607462882996s
Processing frame: 8400
Elapsed time: 1802.7291078567505s
Processing frame: 8600
Elapsed time: 1845.6059184074402s
Processing frame: 8800
Elapsed time: 1888.5280766487122s
Processing frame: 9000
Elapsed time: 1930.8406541347504s
Processing frame: 9200
Elapsed time: 1973.8056554794312s
Processing frame: 9400
Elapsed time: 2017.073891401291s
Processing frame: 9600
Elapsed time: 2059.454072713852s
Frame: 9666, grabbed=False and frame=None
Processing frame: 0
Processing frame: 200
Processing frame: 400
Processing frame: 600
Processing frame: 800
Processing frame: 1000
Processing frame: 1200
Processing frame: 1400
Processing frame: 1600
Processing frame: 1800
Processing frame: 2000
Processing frame: 2200
Processing frame: 2400
Processing frame: 2600
Processing frame: 2800
Processing frame: 3000
Processing frame: 3200
