-------------------------------------------------------------------------------
There are messages associated with the following module(s):
-------------------------------------------------------------------------------

python/3.5.2:
   This module is deprecated and will be removed in the future. Please
   upgrade to python/3.5. If you had created virtual environments we
   recommend to recreate them. Ce module est marqué pour être retiré et
   sera supprimé dans le futur. Veuillez utiliser python/3.5. Si vous aviez
   créé un environnement virtuel, nous vous recommandons de le recréer.

-------------------------------------------------------------------------------

sh: openposeEnv_Python3/bin/activate: No such file or directory
OpenPose Library Python Wrapper
Raw frames per second: 19.80900770767925
Frame width:1152, Frame height:972.
Total frame number: 11924.0
Processing frame: 0
Elapsed time: 1.1205673217773438e-05s
Processing frame: 200
Elapsed time: 48.697232246398926s
Processing frame: 400
Elapsed time: 92.8354287147522s
Processing frame: 600
Elapsed time: 136.34297943115234s
Processing frame: 800
Elapsed time: 180.52902364730835s
Processing frame: 1000
Elapsed time: 224.61129999160767s
Processing frame: 1200
Elapsed time: 268.1187617778778s
Processing frame: 1400
Elapsed time: 312.3184790611267s
Processing frame: 1600
Elapsed time: 356.40210914611816s
Processing frame: 1800
Elapsed time: 399.8583037853241s
Processing frame: 2000
Elapsed time: 443.90253829956055s
Processing frame: 2200
Elapsed time: 487.995078086853s
Processing frame: 2400
Elapsed time: 531.3723599910736s
Processing frame: 2600
Elapsed time: 575.4585905075073s
Processing frame: 2800
Elapsed time: 619.5432832241058s
Processing frame: 3000
Elapsed time: 663.0341262817383s
Processing frame: 3200
Elapsed time: 707.2712914943695s
Processing frame: 3400
Elapsed time: 751.3156723976135s
Processing frame: 3600
Elapsed time: 794.7915649414062s
Processing frame: 3800
Elapsed time: 838.9375064373016s
Processing frame: 4000
Elapsed time: 883.0057888031006s
Processing frame: 4200
Elapsed time: 926.4107112884521s
Processing frame: 4400
Elapsed time: 970.5398046970367s
Processing frame: 4600
Elapsed time: 1014.7568519115448s
Processing frame: 4800
Elapsed time: 1058.2313640117645s
Processing frame: 5000
Elapsed time: 1102.297431230545s
Processing frame: 5200
Elapsed time: 1146.2807738780975s
Processing frame: 5400
Elapsed time: 1189.6687955856323s
Processing frame: 5600
Elapsed time: 1233.7081212997437s
Processing frame: 5800
Elapsed time: 1277.7284564971924s
Processing frame: 6000
Elapsed time: 1321.0748763084412s
Processing frame: 6200
Elapsed time: 1365.1269702911377s
Processing frame: 6400
Elapsed time: 1409.1508045196533s
Processing frame: 6600
Elapsed time: 1452.4569342136383s
Processing frame: 6800
Elapsed time: 1496.357979297638s
Processing frame: 7000
Elapsed time: 1540.2998688220978s
Processing frame: 7200
Elapsed time: 1583.632074356079s
Processing frame: 7400
Elapsed time: 1627.5930180549622s
Processing frame: 7600
Elapsed time: 1671.5901272296906s
Processing frame: 7800
Elapsed time: 1714.8673746585846s
Processing frame: 8000
Elapsed time: 1758.8797001838684s
Processing frame: 8200
Elapsed time: 1802.841905117035s
Processing frame: 8400
Elapsed time: 1846.176841020584s
Processing frame: 8600
Elapsed time: 1890.0585684776306s
Processing frame: 8800
Elapsed time: 1933.9824435710907s
Processing frame: 9000
Elapsed time: 1977.1182606220245s
Processing frame: 9200
Elapsed time: 2020.9910688400269s
Processing frame: 9400
Elapsed time: 2064.9402120113373s
Processing frame: 9600
Elapsed time: 2108.2543425559998s
Processing frame: 9800
Elapsed time: 2152.18736577034s
Processing frame: 10000
Elapsed time: 2196.1624331474304s
Processing frame: 10200
Elapsed time: 2239.5485787391663s
Processing frame: 10400
Elapsed time: 2283.511552810669s
Processing frame: 10600
Elapsed time: 2327.3617539405823s
Processing frame: 10800
Elapsed time: 2370.7284224033356s
Processing frame: 11000
Elapsed time: 2414.647315979004s
Processing frame: 11200
Elapsed time: 2458.543183326721s
Processing frame: 11400
Elapsed time: 2501.8542740345s
Processing frame: 11600
Elapsed time: 2545.8773205280304s
Processing frame: 11800
Elapsed time: 2589.7816531658173s
Processing frame: 0
Processing frame: 200
Processing frame: 400
Processing frame: 600
Processing frame: 800
Processing frame: 1000
Processing frame: 1200
Processing frame: 1400
Processing frame: 1600
Processing frame: 1800
Processing frame: 2000
Processing frame: 2200
Processing frame: 2400
Processing frame: 2600
Processing frame: 2800
Processing frame: 3000
Processing frame: 3200
Processing frame: 3400
Processing frame: 3600
Processing frame: 3800
