-------------------------------------------------------------------------------
There are messages associated with the following module(s):
-------------------------------------------------------------------------------

python/3.5.2:
   This module is deprecated and will be removed in the future. Please
   upgrade to python/3.5. If you had created virtual environments we
   recommend to recreate them. Ce module est marqué pour être retiré et
   sera supprimé dans le futur. Veuillez utiliser python/3.5. Si vous aviez
   créé un environnement virtuel, nous vous recommandons de le recréer.

-------------------------------------------------------------------------------

sh: openposeEnv_Python3/bin/activate: No such file or directory
OpenPose Library Python Wrapper
Raw frames per second: 18.385114541597805
Frame width:1152, Frame height:972.
Total frame number: 11086.0
Processing frame: 0
Elapsed time: 9.5367431640625e-06s
Processing frame: 200
Elapsed time: 48.67858958244324s
Processing frame: 400
Elapsed time: 92.7123064994812s
Processing frame: 600
Elapsed time: 136.10345315933228s
Processing frame: 800
Elapsed time: 180.19002890586853s
Processing frame: 1000
Elapsed time: 224.27549743652344s
Processing frame: 1200
Elapsed time: 267.7597939968109s
Processing frame: 1400
Elapsed time: 311.97154784202576s
Processing frame: 1600
Elapsed time: 356.1356415748596s
Processing frame: 1800
Elapsed time: 399.60241413116455s
Processing frame: 2000
Elapsed time: 443.7683746814728s
Processing frame: 2200
Elapsed time: 487.8120641708374s
Processing frame: 2400
Elapsed time: 531.0103404521942s
Processing frame: 2600
Elapsed time: 574.9696838855743s
Processing frame: 2800
Elapsed time: 619.0208036899567s
Processing frame: 3000
Elapsed time: 662.3893525600433s
Processing frame: 3200
Elapsed time: 706.344874382019s
Processing frame: 3400
Elapsed time: 750.3164639472961s
Processing frame: 3600
Elapsed time: 793.7642369270325s
Processing frame: 3800
Elapsed time: 837.8268048763275s
Processing frame: 4000
Elapsed time: 881.9111061096191s
Processing frame: 4200
Elapsed time: 925.3439500331879s
Processing frame: 4400
Elapsed time: 969.3750603199005s
Processing frame: 4600
Elapsed time: 1013.4150955677032s
Processing frame: 4800
Elapsed time: 1056.8178844451904s
Processing frame: 5000
Elapsed time: 1100.7619619369507s
Processing frame: 5200
Elapsed time: 1144.739912033081s
Processing frame: 5400
Elapsed time: 1187.980239391327s
Processing frame: 5600
Elapsed time: 1231.8883488178253s
Processing frame: 5800
Elapsed time: 1275.8620862960815s
Processing frame: 6000
Elapsed time: 1319.0665674209595s
Processing frame: 6200
Elapsed time: 1363.0247299671173s
Processing frame: 6400
Elapsed time: 1407.0836992263794s
Processing frame: 6600
Elapsed time: 1450.6196384429932s
Processing frame: 6800
Elapsed time: 1494.6758801937103s
Processing frame: 7000
Elapsed time: 1538.5157089233398s
Processing frame: 7200
Elapsed time: 1581.772982597351s
Processing frame: 7400
Elapsed time: 1625.6498577594757s
Processing frame: 7600
Elapsed time: 1669.566398382187s
Processing frame: 7800
Elapsed time: 1712.9289598464966s
Processing frame: 8000
Elapsed time: 1756.7934322357178s
Processing frame: 8200
Elapsed time: 1800.5990369319916s
Processing frame: 8400
Elapsed time: 1843.8664383888245s
Processing frame: 8600
Elapsed time: 1887.6880369186401s
Processing frame: 8800
Elapsed time: 1931.698070049286s
Processing frame: 9000
Elapsed time: 1975.0825991630554s
Processing frame: 9200
Elapsed time: 2019.1078605651855s
Processing frame: 9400
Elapsed time: 2063.0749921798706s
Processing frame: 9600
Elapsed time: 2106.4562544822693s
Processing frame: 9800
Elapsed time: 2150.287052154541s
Processing frame: 10000
Elapsed time: 2194.1937408447266s
Processing frame: 10200
Elapsed time: 2237.487706899643s
Processing frame: 10400
Elapsed time: 2281.4634263515472s
Processing frame: 10600
Elapsed time: 2325.5123765468597s
Processing frame: 10800
Elapsed time: 2368.8615922927856s
Processing frame: 11000
Elapsed time: 2412.8374693393707s
Frame: 11085, grabbed=False and frame=None
Processing frame: 0
Processing frame: 200
Processing frame: 400
Processing frame: 600
Processing frame: 800
Processing frame: 1000
Processing frame: 1200
Processing frame: 1400
Processing frame: 1600
Processing frame: 1800
Processing frame: 2000
Processing frame: 2200
Processing frame: 2400
Processing frame: 2600
Processing frame: 2800
Processing frame: 3000
Processing frame: 3200
Processing frame: 3400
Processing frame: 3600
