-------------------------------------------------------------------------------
There are messages associated with the following module(s):
-------------------------------------------------------------------------------

python/3.5.2:
   This module is deprecated and will be removed in the future. Please
   upgrade to python/3.5. If you had created virtual environments we
   recommend to recreate them. Ce module est marqué pour être retiré et
   sera supprimé dans le futur. Veuillez utiliser python/3.5. Si vous aviez
   créé un environnement virtuel, nous vous recommandons de le recréer.

-------------------------------------------------------------------------------

sh: openposeEnv_Python3/bin/activate: No such file or directory
OpenPose Library Python Wrapper
Raw frames per second: 24.239181704692996
Frame width:960, Frame height:756.
Total frame number: 14543.0
Processing frame: 0
Elapsed time: 9.775161743164062e-06s
Processing frame: 200
Elapsed time: 47.59345722198486s
Processing frame: 400
Elapsed time: 90.59960198402405s
Processing frame: 600
Elapsed time: 132.88638544082642s
Processing frame: 800
Elapsed time: 175.89932465553284s
Processing frame: 1000
Elapsed time: 218.92751049995422s
Processing frame: 1200
Elapsed time: 261.3825237751007s
Processing frame: 1400
Elapsed time: 304.44915890693665s
Processing frame: 1600
Elapsed time: 347.5218551158905s
Processing frame: 1800
Elapsed time: 389.9756362438202s
Processing frame: 2000
Elapsed time: 432.984427690506s
Processing frame: 2200
Elapsed time: 476.053218126297s
Processing frame: 2400
Elapsed time: 518.5082468986511s
Processing frame: 2600
Elapsed time: 561.5132703781128s
Processing frame: 2800
Elapsed time: 604.4715893268585s
Processing frame: 3000
Elapsed time: 646.8967254161835s
Processing frame: 3200
Elapsed time: 689.924870967865s
Processing frame: 3400
Elapsed time: 732.8808391094208s
Processing frame: 3600
Elapsed time: 775.2980971336365s
Processing frame: 3800
Elapsed time: 818.3330156803131s
Processing frame: 4000
Elapsed time: 861.296080827713s
Processing frame: 4200
Elapsed time: 903.737681388855s
Processing frame: 4400
Elapsed time: 946.7362320423126s
Processing frame: 4600
Elapsed time: 989.8148429393768s
Processing frame: 4800
Elapsed time: 1032.1832003593445s
Processing frame: 5000
Elapsed time: 1075.169217824936s
Processing frame: 5200
Elapsed time: 1118.279099225998s
Processing frame: 5400
Elapsed time: 1160.7046217918396s
Processing frame: 5600
Elapsed time: 1203.8245346546173s
Processing frame: 5800
Elapsed time: 1246.9675567150116s
Processing frame: 6000
Elapsed time: 1289.4081308841705s
Processing frame: 6200
Elapsed time: 1332.458036184311s
Processing frame: 6400
Elapsed time: 1375.587607383728s
Processing frame: 6600
Elapsed time: 1418.098702430725s
Processing frame: 6800
Elapsed time: 1461.1278424263s
Processing frame: 7000
Elapsed time: 1504.2315411567688s
Processing frame: 7200
Elapsed time: 1546.7471916675568s
Processing frame: 7400
Elapsed time: 1589.8523721694946s
Processing frame: 7600
Elapsed time: 1632.886637687683s
Processing frame: 7800
Elapsed time: 1675.334873199463s
Processing frame: 8000
Elapsed time: 1718.466857433319s
Processing frame: 8200
Elapsed time: 1761.482587814331s
Processing frame: 8400
Elapsed time: 1803.912185907364s
Processing frame: 8600
Elapsed time: 1846.9565501213074s
Processing frame: 8800
Elapsed time: 1889.9921245574951s
Processing frame: 9000
Elapsed time: 1932.3538405895233s
Processing frame: 9200
Elapsed time: 1975.353192806244s
Processing frame: 9400
Elapsed time: 2018.3669965267181s
Processing frame: 9600
Elapsed time: 2060.730235815048s
Processing frame: 9800
Elapsed time: 2103.6973559856415s
Processing frame: 10000
Elapsed time: 2146.68119263649s
Processing frame: 10200
Elapsed time: 2188.970965385437s
Processing frame: 10400
Elapsed time: 2231.9238674640656s
Processing frame: 10600
Elapsed time: 2274.888011455536s
Processing frame: 10800
Elapsed time: 2317.293033361435s
Processing frame: 11000
Elapsed time: 2360.3049807548523s
Processing frame: 11200
Elapsed time: 2403.3148980140686s
Processing frame: 11400
Elapsed time: 2445.6768045425415s
Processing frame: 11600
Elapsed time: 2488.629879951477s
Processing frame: 11800
Elapsed time: 2531.67217874527s
Processing frame: 12000
Elapsed time: 2574.0276176929474s
Processing frame: 12200
Elapsed time: 2617.052408695221s
Processing frame: 12400
Elapsed time: 2660.0004901885986s
Processing frame: 12600
Elapsed time: 2702.3553743362427s
Processing frame: 12800
Elapsed time: 2745.38890004158s
Processing frame: 13000
Elapsed time: 2788.309411764145s
Processing frame: 13200
Elapsed time: 2830.617166042328s
Processing frame: 13400
Elapsed time: 2873.5826756954193s
Processing frame: 13600
Elapsed time: 2916.4683067798615s
Processing frame: 13800
Elapsed time: 2958.7856390476227s
Processing frame: 14000
Elapsed time: 3001.733768939972s
Processing frame: 14200
Elapsed time: 3044.687135219574s
Processing frame: 14400
Elapsed time: 3087.0022945404053s
Frame: 14541, grabbed=False and frame=None
Processing frame: 0
Processing frame: 200
Processing frame: 400
Processing frame: 600
Processing frame: 800
Processing frame: 1000
Processing frame: 1200
Processing frame: 1400
Processing frame: 1600
Processing frame: 1800
Processing frame: 2000
Processing frame: 2200
Processing frame: 2400
Processing frame: 2600
Processing frame: 2800
Processing frame: 3000
Processing frame: 3200
Processing frame: 3400
Processing frame: 3600
Processing frame: 3800
Processing frame: 4000
Processing frame: 4200
Processing frame: 4400
Processing frame: 4600
Processing frame: 4800
