-------------------------------------------------------------------------------
There are messages associated with the following module(s):
-------------------------------------------------------------------------------

python/3.5.2:
   This module is deprecated and will be removed in the future. Please
   upgrade to python/3.5. If you had created virtual environments we
   recommend to recreate them. Ce module est marqué pour être retiré et
   sera supprimé dans le futur. Veuillez utiliser python/3.5. Si vous aviez
   créé un environnement virtuel, nous vous recommandons de le recréer.

-------------------------------------------------------------------------------

sh: openposeEnv_Python3/bin/activate: No such file or directory
OpenPose Library Python Wrapper
Raw frames per second: 23.485886512936244
Frame width:960, Frame height:756.
Total frame number: 14127.0
Processing frame: 0
Elapsed time: 9.775161743164062e-06s
Processing frame: 200
Elapsed time: 47.74999785423279s
Processing frame: 400
Elapsed time: 90.79868578910828s
Processing frame: 600
Elapsed time: 133.2702670097351s
Processing frame: 800
Elapsed time: 176.33911657333374s
Processing frame: 1000
Elapsed time: 219.4975905418396s
Processing frame: 1200
Elapsed time: 262.09368109703064s
Processing frame: 1400
Elapsed time: 305.2328553199768s
Processing frame: 1600
Elapsed time: 348.33987164497375s
Processing frame: 1800
Elapsed time: 390.80569338798523s
Processing frame: 2000
Elapsed time: 433.9167048931122s
Processing frame: 2200
Elapsed time: 476.9648640155792s
Processing frame: 2400
Elapsed time: 519.4443182945251s
Processing frame: 2600
Elapsed time: 562.5553290843964s
Processing frame: 2800
Elapsed time: 605.7872772216797s
Processing frame: 3000
Elapsed time: 648.2281084060669s
Processing frame: 3200
Elapsed time: 691.3149638175964s
Processing frame: 3400
Elapsed time: 734.3629763126373s
Processing frame: 3600
Elapsed time: 776.8040266036987s
Processing frame: 3800
Elapsed time: 819.8730201721191s
Processing frame: 4000
Elapsed time: 862.9279587268829s
Processing frame: 4200
Elapsed time: 905.5409066677094s
Processing frame: 4400
Elapsed time: 948.7362990379333s
Processing frame: 4600
Elapsed time: 991.9315686225891s
Processing frame: 4800
Elapsed time: 1034.487212896347s
Processing frame: 5000
Elapsed time: 1077.5862383842468s
Processing frame: 5200
Elapsed time: 1120.6351058483124s
Processing frame: 5400
Elapsed time: 1163.2161011695862s
Processing frame: 5600
Elapsed time: 1206.2694687843323s
Processing frame: 5800
Elapsed time: 1249.4902846813202s
Processing frame: 6000
Elapsed time: 1291.9732422828674s
Processing frame: 6200
Elapsed time: 1335.0129339694977s
Processing frame: 6400
Elapsed time: 1378.08234000206s
Processing frame: 6600
Elapsed time: 1420.557303905487s
Processing frame: 6800
Elapsed time: 1463.617152929306s
Processing frame: 7000
Elapsed time: 1506.6878414154053s
Processing frame: 7200
Elapsed time: 1549.0640914440155s
Processing frame: 7400
Elapsed time: 1592.0798168182373s
Processing frame: 7600
Elapsed time: 1635.0773568153381s
Processing frame: 7800
Elapsed time: 1677.4862327575684s
Processing frame: 8000
Elapsed time: 1720.5143637657166s
Processing frame: 8200
Elapsed time: 1763.6061878204346s
Processing frame: 8400
Elapsed time: 1806.0680725574493s
Processing frame: 8600
Elapsed time: 1849.089477777481s
Processing frame: 8800
Elapsed time: 1892.2412350177765s
Processing frame: 9000
Elapsed time: 1934.7276027202606s
Processing frame: 9200
Elapsed time: 1977.729089975357s
Processing frame: 9400
Elapsed time: 2020.772271156311s
Processing frame: 9600
Elapsed time: 2063.2511570453644s
Processing frame: 9800
Elapsed time: 2106.350111722946s
Processing frame: 10000
Elapsed time: 2149.3771679401398s
Processing frame: 10200
Elapsed time: 2191.8070800304413s
Processing frame: 10400
Elapsed time: 2234.8343138694763s
Processing frame: 10600
Elapsed time: 2277.8526537418365s
Processing frame: 10800
Elapsed time: 2320.1542448997498s
Processing frame: 11000
Elapsed time: 2363.1342062950134s
Processing frame: 11200
Elapsed time: 2406.150390148163s
Processing frame: 11400
Elapsed time: 2448.627151966095s
Processing frame: 11600
Elapsed time: 2491.6112534999847s
Processing frame: 11800
Elapsed time: 2534.6320190429688s
Processing frame: 12000
Elapsed time: 2577.0688235759735s
Processing frame: 12200
Elapsed time: 2620.090562582016s
Processing frame: 12400
Elapsed time: 2663.146628856659s
Processing frame: 12600
Elapsed time: 2705.5402162075043s
Processing frame: 12800
Elapsed time: 2748.587172985077s
Processing frame: 13000
Elapsed time: 2791.6066315174103s
Processing frame: 13200
Elapsed time: 2834.003660440445s
Processing frame: 13400
Elapsed time: 2877.0500073432922s
Processing frame: 13600
Elapsed time: 2920.0379853248596s
Processing frame: 13800
Elapsed time: 2962.481498003006s
Processing frame: 14000
Elapsed time: 3005.6949706077576s
Processing frame: 0
Processing frame: 200
Processing frame: 400
Processing frame: 600
Processing frame: 800
Processing frame: 1000
Processing frame: 1200
Processing frame: 1400
Processing frame: 1600
Processing frame: 1800
Processing frame: 2000
Processing frame: 2200
Processing frame: 2400
Processing frame: 2600
Processing frame: 2800
Processing frame: 3000
Processing frame: 3200
Processing frame: 3400
Processing frame: 3600
Processing frame: 3800
Processing frame: 4000
Processing frame: 4200
Processing frame: 4400
Processing frame: 4600
