-------------------------------------------------------------------------------
There are messages associated with the following module(s):
-------------------------------------------------------------------------------

python/3.5.2:
   This module is deprecated and will be removed in the future. Please
   upgrade to python/3.5. If you had created virtual environments we
   recommend to recreate them. Ce module est marqué pour être retiré et
   sera supprimé dans le futur. Veuillez utiliser python/3.5. Si vous aviez
   créé un environnement virtuel, nous vous recommandons de le recréer.

-------------------------------------------------------------------------------

sh: openposeEnv_Python3/bin/activate: No such file or directory
OpenPose Library Python Wrapper
Raw frames per second: 15.912032070323761
Frame width:960, Frame height:756.
Total frame number: 9563.0
Processing frame: 0
Elapsed time: 1.1682510375976562e-05s
Processing frame: 200
Elapsed time: 47.59481477737427s
Processing frame: 400
Elapsed time: 90.55658078193665s
Processing frame: 600
Elapsed time: 132.95665454864502s
Processing frame: 800
Elapsed time: 177.34285807609558s
Processing frame: 1000
Elapsed time: 222.42538380622864s
Processing frame: 1200
Elapsed time: 264.7783102989197s
Processing frame: 1400
Elapsed time: 307.9656147956848s
Processing frame: 1600
Elapsed time: 351.05405735969543s
Processing frame: 1800
Elapsed time: 393.54267978668213s
Processing frame: 2000
Elapsed time: 436.6550576686859s
Processing frame: 2200
Elapsed time: 479.7704792022705s
Processing frame: 2400
Elapsed time: 522.1537709236145s
Processing frame: 2600
Elapsed time: 565.2201743125916s
Processing frame: 2800
Elapsed time: 608.2349097728729s
Processing frame: 3000
Elapsed time: 650.7180650234222s
Processing frame: 3200
Elapsed time: 693.7936723232269s
Processing frame: 3400
Elapsed time: 736.8781428337097s
Processing frame: 3600
Elapsed time: 779.1484899520874s
Processing frame: 3800
Elapsed time: 822.1309893131256s
Processing frame: 4000
Elapsed time: 865.2175180912018s
Processing frame: 4200
Elapsed time: 907.7467820644379s
Processing frame: 4400
Elapsed time: 950.9334013462067s
Processing frame: 4600
Elapsed time: 994.1455583572388s
Processing frame: 4800
Elapsed time: 1036.693873167038s
Processing frame: 5000
Elapsed time: 1079.6893198490143s
Processing frame: 5200
Elapsed time: 1122.7408337593079s
Processing frame: 5400
Elapsed time: 1165.1366548538208s
Processing frame: 5600
Elapsed time: 1208.121312379837s
Processing frame: 5800
Elapsed time: 1251.0952484607697s
Processing frame: 6000
Elapsed time: 1293.462555885315s
Processing frame: 6200
Elapsed time: 1336.35276389122s
Processing frame: 6400
Elapsed time: 1379.2508113384247s
Processing frame: 6600
Elapsed time: 1421.6216850280762s
Processing frame: 6800
Elapsed time: 1464.6284670829773s
Processing frame: 7000
Elapsed time: 1507.744288444519s
Processing frame: 7200
Elapsed time: 1550.0785279273987s
Processing frame: 7400
Elapsed time: 1593.049165725708s
Processing frame: 7600
Elapsed time: 1635.99263381958s
Processing frame: 7800
Elapsed time: 1678.441707611084s
Processing frame: 8000
Elapsed time: 1721.4837911128998s
Processing frame: 8200
Elapsed time: 1764.5780653953552s
Processing frame: 8400
Elapsed time: 1807.0267910957336s
Processing frame: 8600
Elapsed time: 1849.895663022995s
Processing frame: 8800
Elapsed time: 1892.8958292007446s
Processing frame: 9000
Elapsed time: 1935.2050230503082s
Processing frame: 9200
Elapsed time: 1978.1031396389008s
Processing frame: 9400
Elapsed time: 2021.1072835922241s
Processing frame: 0
Processing frame: 200
Processing frame: 400
Processing frame: 600
Processing frame: 800
Processing frame: 1000
Processing frame: 1200
Processing frame: 1400
Processing frame: 1600
Processing frame: 1800
Processing frame: 2000
Processing frame: 2200
Processing frame: 2400
Processing frame: 2600
Processing frame: 2800
Processing frame: 3000
