-------------------------------------------------------------------------------
There are messages associated with the following module(s):
-------------------------------------------------------------------------------

python/3.5.2:
   This module is deprecated and will be removed in the future. Please
   upgrade to python/3.5. If you had created virtual environments we
   recommend to recreate them. Ce module est marqué pour être retiré et
   sera supprimé dans le futur. Veuillez utiliser python/3.5. Si vous aviez
   créé un environnement virtuel, nous vous recommandons de le recréer.

-------------------------------------------------------------------------------

sh: openposeEnv_Python3/bin/activate: No such file or directory
OpenPose Library Python Wrapper
Raw frames per second: 18.619898704952565
Frame width:960, Frame height:756.
Total frame number: 11178.0
Processing frame: 0
Elapsed time: 1.1682510375976562e-05s
Processing frame: 200
Elapsed time: 47.75714826583862s
Processing frame: 400
Elapsed time: 91.01922821998596s
Processing frame: 600
Elapsed time: 133.52623581886292s
Processing frame: 800
Elapsed time: 176.8499391078949s
Processing frame: 1000
Elapsed time: 220.0744273662567s
Processing frame: 1200
Elapsed time: 262.56104278564453s
Processing frame: 1400
Elapsed time: 305.6491746902466s
Processing frame: 1600
Elapsed time: 348.65242433547974s
Processing frame: 1800
Elapsed time: 391.1317312717438s
Processing frame: 2000
Elapsed time: 434.24982738494873s
Processing frame: 2200
Elapsed time: 477.3462119102478s
Processing frame: 2400
Elapsed time: 519.6647872924805s
Processing frame: 2600
Elapsed time: 562.681645154953s
Processing frame: 2800
Elapsed time: 605.7611277103424s
Processing frame: 3000
Elapsed time: 648.2318527698517s
Processing frame: 3200
Elapsed time: 691.3017897605896s
Processing frame: 3400
Elapsed time: 734.4231648445129s
Processing frame: 3600
Elapsed time: 776.9387316703796s
Processing frame: 3800
Elapsed time: 819.8912608623505s
Processing frame: 4000
Elapsed time: 862.9210283756256s
Processing frame: 4200
Elapsed time: 905.2318134307861s
Processing frame: 4400
Elapsed time: 948.1473152637482s
Processing frame: 4600
Elapsed time: 991.1200513839722s
Processing frame: 4800
Elapsed time: 1033.530546426773s
Processing frame: 5000
Elapsed time: 1076.6933970451355s
Processing frame: 5200
Elapsed time: 1119.8176395893097s
Processing frame: 5400
Elapsed time: 1162.2205300331116s
Processing frame: 5600
Elapsed time: 1205.2219622135162s
Processing frame: 5800
Elapsed time: 1248.241308927536s
Processing frame: 6000
Elapsed time: 1290.6644175052643s
Processing frame: 6200
Elapsed time: 1333.6854012012482s
Processing frame: 6400
Elapsed time: 1376.7532160282135s
Processing frame: 6600
Elapsed time: 1419.1623723506927s
Processing frame: 6800
Elapsed time: 1462.2550973892212s
Processing frame: 7000
Elapsed time: 1505.3240010738373s
Processing frame: 7200
Elapsed time: 1547.6473655700684s
Processing frame: 7400
Elapsed time: 1590.6131501197815s
Processing frame: 7600
Elapsed time: 1633.6143026351929s
Processing frame: 7800
Elapsed time: 1676.0881943702698s
Processing frame: 8000
Elapsed time: 1719.0443499088287s
Processing frame: 8200
Elapsed time: 1762.0824077129364s
Processing frame: 8400
Elapsed time: 1804.626999616623s
Processing frame: 8600
Elapsed time: 1847.664860010147s
Processing frame: 8800
Elapsed time: 1890.7864305973053s
Processing frame: 9000
Elapsed time: 1933.2154657840729s
Processing frame: 9200
Elapsed time: 1976.2474954128265s
Processing frame: 9400
Elapsed time: 2019.3560888767242s
Processing frame: 9600
Elapsed time: 2061.7350492477417s
Processing frame: 9800
Elapsed time: 2104.7957305908203s
Processing frame: 10000
Elapsed time: 2147.8203542232513s
Processing frame: 10200
Elapsed time: 2190.2224321365356s
Processing frame: 10400
Elapsed time: 2233.333210706711s
Processing frame: 10600
Elapsed time: 2276.4984045028687s
Processing frame: 10800
Elapsed time: 2318.892275571823s
Processing frame: 11000
Elapsed time: 2361.857791662216s
Processing frame: 0
Processing frame: 200
Processing frame: 400
Processing frame: 600
Processing frame: 800
Processing frame: 1000
Processing frame: 1200
Processing frame: 1400
Processing frame: 1600
Processing frame: 1800
Processing frame: 2000
Processing frame: 2200
Processing frame: 2400
Processing frame: 2600
Processing frame: 2800
Processing frame: 3000
Processing frame: 3200
Processing frame: 3400
Processing frame: 3600
