-------------------------------------------------------------------------------
There are messages associated with the following module(s):
-------------------------------------------------------------------------------

python/3.5.2:
   This module is deprecated and will be removed in the future. Please
   upgrade to python/3.5. If you had created virtual environments we
   recommend to recreate them. Ce module est marqué pour être retiré et
   sera supprimé dans le futur. Veuillez utiliser python/3.5. Si vous aviez
   créé un environnement virtuel, nous vous recommandons de le recréer.

-------------------------------------------------------------------------------

sh: openposeEnv_Python3/bin/activate: No such file or directory
OpenPose Library Python Wrapper
Raw frames per second: 17.595521621755907
Frame width:960, Frame height:756.
Total frame number: 10624.0
Processing frame: 0
Elapsed time: 9.775161743164062e-06s
Processing frame: 200
Elapsed time: 48.22330951690674s
Processing frame: 400
Elapsed time: 91.39920425415039s
Processing frame: 600
Elapsed time: 133.82461404800415s
Processing frame: 800
Elapsed time: 176.95996809005737s
Processing frame: 1000
Elapsed time: 219.9682102203369s
Processing frame: 1200
Elapsed time: 262.5622866153717s
Processing frame: 1400
Elapsed time: 305.81575536727905s
Processing frame: 1600
Elapsed time: 348.7897472381592s
Processing frame: 1800
Elapsed time: 391.1941502094269s
Processing frame: 2000
Elapsed time: 434.13168954849243s
Processing frame: 2200
Elapsed time: 477.105272769928s
Processing frame: 2400
Elapsed time: 519.5359327793121s
Processing frame: 2600
Elapsed time: 562.5382928848267s
Processing frame: 2800
Elapsed time: 605.5550317764282s
Processing frame: 3000
Elapsed time: 647.9803981781006s
Processing frame: 3200
Elapsed time: 691.0160751342773s
Processing frame: 3400
Elapsed time: 734.0940699577332s
Processing frame: 3600
Elapsed time: 776.5589532852173s
Processing frame: 3800
Elapsed time: 819.6605262756348s
Processing frame: 4000
Elapsed time: 862.6587057113647s
Processing frame: 4200
Elapsed time: 904.988972902298s
Processing frame: 4400
Elapsed time: 947.9135355949402s
Processing frame: 4600
Elapsed time: 990.8191878795624s
Processing frame: 4800
Elapsed time: 1033.0225732326508s
Processing frame: 5000
Elapsed time: 1075.8919978141785s
Processing frame: 5200
Elapsed time: 1118.777379989624s
Processing frame: 5400
Elapsed time: 1161.0627057552338s
Processing frame: 5600
Elapsed time: 1203.882961988449s
Processing frame: 5800
Elapsed time: 1246.8848910331726s
Processing frame: 6000
Elapsed time: 1289.224181175232s
Processing frame: 6200
Elapsed time: 1332.1751065254211s
Processing frame: 6400
Elapsed time: 1375.156149148941s
Processing frame: 6600
Elapsed time: 1417.4823713302612s
Processing frame: 6800
Elapsed time: 1460.3725843429565s
Processing frame: 7000
Elapsed time: 1503.2440509796143s
Processing frame: 7200
Elapsed time: 1545.5556659698486s
Processing frame: 7400
Elapsed time: 1588.4292676448822s
Processing frame: 7600
Elapsed time: 1631.3735988140106s
Processing frame: 7800
Elapsed time: 1673.6510350704193s
Processing frame: 8000
Elapsed time: 1716.7193458080292s
Processing frame: 8200
Elapsed time: 1759.7853133678436s
Processing frame: 8400
Elapsed time: 1802.2318241596222s
Processing frame: 8600
Elapsed time: 1845.192929983139s
Processing frame: 8800
Elapsed time: 1888.08447599411s
Processing frame: 9000
Elapsed time: 1930.3866980075836s
Processing frame: 9200
Elapsed time: 1973.4222190380096s
Processing frame: 9400
Elapsed time: 2016.5701060295105s
Processing frame: 9600
Elapsed time: 2058.993870973587s
Processing frame: 9800
Elapsed time: 2102.1129064559937s
Processing frame: 10000
Elapsed time: 2145.209380865097s
Processing frame: 10200
Elapsed time: 2187.5067131519318s
Processing frame: 10400
Elapsed time: 2230.3551123142242s
Processing frame: 10600
Elapsed time: 2273.295665740967s
Frame: 10623, grabbed=False and frame=None
Processing frame: 0
Processing frame: 200
Processing frame: 400
Processing frame: 600
Processing frame: 800
Processing frame: 1000
Processing frame: 1200
Processing frame: 1400
Processing frame: 1600
Processing frame: 1800
Processing frame: 2000
Processing frame: 2200
Processing frame: 2400
Processing frame: 2600
Processing frame: 2800
Processing frame: 3000
Processing frame: 3200
Processing frame: 3400
