-------------------------------------------------------------------------------
There are messages associated with the following module(s):
-------------------------------------------------------------------------------

python/3.5.2:
   This module is deprecated and will be removed in the future. Please
   upgrade to python/3.5. If you had created virtual environments we
   recommend to recreate them. Ce module est marqué pour être retiré et
   sera supprimé dans le futur. Veuillez utiliser python/3.5. Si vous aviez
   créé un environnement virtuel, nous vous recommandons de le recréer.

-------------------------------------------------------------------------------

sh: openposeEnv_Python3/bin/activate: No such file or directory
OpenPose Library Python Wrapper
Raw frames per second: 19.68944425744485
Frame width:1152, Frame height:972.
Total frame number: 11827.0
Processing frame: 0
Elapsed time: 1.2874603271484375e-05s
Processing frame: 200
Elapsed time: 47.5486786365509s
Processing frame: 400
Elapsed time: 90.65655398368835s
Processing frame: 600
Elapsed time: 133.15685939788818s
Processing frame: 800
Elapsed time: 176.31229448318481s
Processing frame: 1000
Elapsed time: 219.53519368171692s
Processing frame: 1200
Elapsed time: 261.9985065460205s
Processing frame: 1400
Elapsed time: 305.25295090675354s
Processing frame: 1600
Elapsed time: 348.4297707080841s
Processing frame: 1800
Elapsed time: 390.8286888599396s
Processing frame: 2000
Elapsed time: 433.99860882759094s
Processing frame: 2200
Elapsed time: 477.0988323688507s
Processing frame: 2400
Elapsed time: 519.5582456588745s
Processing frame: 2600
Elapsed time: 562.7287838459015s
Processing frame: 2800
Elapsed time: 605.9743311405182s
Processing frame: 3000
Elapsed time: 648.3759024143219s
Processing frame: 3200
Elapsed time: 691.5019104480743s
Processing frame: 3400
Elapsed time: 734.6051363945007s
Processing frame: 3600
Elapsed time: 777.0854008197784s
Processing frame: 3800
Elapsed time: 820.1991419792175s
Processing frame: 4000
Elapsed time: 863.4199197292328s
Processing frame: 4200
Elapsed time: 906.0376093387604s
Processing frame: 4400
Elapsed time: 949.2368838787079s
Processing frame: 4600
Elapsed time: 992.359644651413s
Processing frame: 4800
Elapsed time: 1034.966515302658s
Processing frame: 5000
Elapsed time: 1078.1883199214935s
Processing frame: 5200
Elapsed time: 1121.4694502353668s
Processing frame: 5400
Elapsed time: 1164.085432767868s
Processing frame: 5600
Elapsed time: 1207.314591884613s
Processing frame: 5800
Elapsed time: 1250.5332362651825s
Processing frame: 6000
Elapsed time: 1293.0004844665527s
Processing frame: 6200
Elapsed time: 1336.0784816741943s
Processing frame: 6400
Elapsed time: 1379.2474086284637s
Processing frame: 6600
Elapsed time: 1421.6842153072357s
Processing frame: 6800
Elapsed time: 1464.7378888130188s
Processing frame: 7000
Elapsed time: 1507.869756937027s
Processing frame: 7200
Elapsed time: 1550.312572479248s
Processing frame: 7400
Elapsed time: 1593.3329429626465s
Processing frame: 7600
Elapsed time: 1636.3459212779999s
Processing frame: 7800
Elapsed time: 1678.7458052635193s
Processing frame: 8000
Elapsed time: 1721.8577270507812s
Processing frame: 8200
Elapsed time: 1764.972742319107s
Processing frame: 8400
Elapsed time: 1807.4081752300262s
Processing frame: 8600
Elapsed time: 1850.531894683838s
Processing frame: 8800
Elapsed time: 1893.7383584976196s
Processing frame: 9000
Elapsed time: 1936.287422657013s
Processing frame: 9200
Elapsed time: 1979.3886861801147s
Processing frame: 9400
Elapsed time: 2022.3929789066315s
Processing frame: 9600
Elapsed time: 2064.7808322906494s
Processing frame: 9800
Elapsed time: 2107.797770023346s
Processing frame: 10000
Elapsed time: 2150.7598650455475s
Processing frame: 10200
Elapsed time: 2193.192011117935s
Processing frame: 10400
Elapsed time: 2236.2624711990356s
Processing frame: 10600
Elapsed time: 2279.377803325653s
Processing frame: 10800
Elapsed time: 2321.917746067047s
Processing frame: 11000
Elapsed time: 2365.0115926265717s
Processing frame: 11200
Elapsed time: 2408.120615005493s
Processing frame: 11400
Elapsed time: 2450.62410902977s
Processing frame: 11600
Elapsed time: 2493.7055740356445s
Processing frame: 11800
Elapsed time: 2536.798902273178s
Frame: 11826, grabbed=False and frame=None
Processing frame: 0
Processing frame: 200
Processing frame: 400
Processing frame: 600
Processing frame: 800
Processing frame: 1000
Processing frame: 1200
Processing frame: 1400
Processing frame: 1600
Processing frame: 1800
Processing frame: 2000
Processing frame: 2200
Processing frame: 2400
Processing frame: 2600
Processing frame: 2800
Processing frame: 3000
Processing frame: 3200
Processing frame: 3400
Processing frame: 3600
Processing frame: 3800
