-------------------------------------------------------------------------------
There are messages associated with the following module(s):
-------------------------------------------------------------------------------

python/3.5.2:
   This module is deprecated and will be removed in the future. Please
   upgrade to python/3.5. If you had created virtual environments we
   recommend to recreate them. Ce module est marqué pour être retiré et
   sera supprimé dans le futur. Veuillez utiliser python/3.5. Si vous aviez
   créé un environnement virtuel, nous vous recommandons de le recréer.

-------------------------------------------------------------------------------

sh: openposeEnv_Python3/bin/activate: No such file or directory
OpenPose Library Python Wrapper
Raw frames per second: 21.036359886418325
Crop: Video not from Camera1 or Camera2!
Frame width:1152, Frame height:972.
Polygon: Video not from Camera1 or Camera2!
Total frame number: 12622.0
Processing frame: 0
Elapsed time: 9.298324584960938e-06s
Processing frame: 200
Elapsed time: 49.1604700088501s
Processing frame: 400
Elapsed time: 93.18159699440002s
Processing frame: 600
Elapsed time: 136.60013341903687s
Processing frame: 800
Elapsed time: 180.66504645347595s
Processing frame: 1000
Elapsed time: 224.56296920776367s
Processing frame: 1200
Elapsed time: 267.87779474258423s
Processing frame: 1400
Elapsed time: 311.8956596851349s
Processing frame: 1600
Elapsed time: 355.91446352005005s
Processing frame: 1800
Elapsed time: 399.3765206336975s
Processing frame: 2000
Elapsed time: 443.40624475479126s
Processing frame: 2200
Elapsed time: 487.4994833469391s
Processing frame: 2400
Elapsed time: 530.8769624233246s
Processing frame: 2600
Elapsed time: 574.9627892971039s
Processing frame: 2800
Elapsed time: 618.9651944637299s
Processing frame: 3000
Elapsed time: 662.3561890125275s
Processing frame: 3200
Elapsed time: 706.3819439411163s
Processing frame: 3400
Elapsed time: 750.4556713104248s
Processing frame: 3600
Elapsed time: 793.8804914951324s
Processing frame: 3800
Elapsed time: 837.8805124759674s
Processing frame: 4000
Elapsed time: 881.861581325531s
Processing frame: 4200
Elapsed time: 925.2545926570892s
Processing frame: 4400
Elapsed time: 969.1784150600433s
Processing frame: 4600
Elapsed time: 1013.1492636203766s
Processing frame: 4800
Elapsed time: 1056.4635725021362s
Processing frame: 5000
Elapsed time: 1100.2933239936829s
Processing frame: 5200
Elapsed time: 1144.0093615055084s
Processing frame: 5400
Elapsed time: 1187.069305896759s
Processing frame: 5600
Elapsed time: 1230.9692175388336s
Processing frame: 5800
Elapsed time: 1274.7579164505005s
Processing frame: 6000
Elapsed time: 1317.9363441467285s
Processing frame: 6200
Elapsed time: 1361.7717671394348s
Processing frame: 6400
Elapsed time: 1405.5251297950745s
Processing frame: 6600
Elapsed time: 1448.8658320903778s
Processing frame: 6800
Elapsed time: 1492.8556876182556s
Processing frame: 7000
Elapsed time: 1536.8196423053741s
Processing frame: 7200
Elapsed time: 1580.0809507369995s
Processing frame: 7400
Elapsed time: 1624.0303819179535s
Processing frame: 7600
Elapsed time: 1667.9843661785126s
Processing frame: 7800
Elapsed time: 1711.2971866130829s
Processing frame: 8000
Elapsed time: 1755.2486736774445s
Processing frame: 8200
Elapsed time: 1799.2198922634125s
Processing frame: 8400
Elapsed time: 1842.495596408844s
Processing frame: 8600
Elapsed time: 1886.3743915557861s
Processing frame: 8800
Elapsed time: 1930.3565938472748s
Processing frame: 9000
Elapsed time: 1973.694313287735s
Processing frame: 9200
Elapsed time: 2017.6596765518188s
Processing frame: 9400
Elapsed time: 2061.462502717972s
Processing frame: 9600
Elapsed time: 2104.8224399089813s
Processing frame: 9800
Elapsed time: 2148.797603368759s
Processing frame: 10000
Elapsed time: 2192.753420352936s
Processing frame: 10200
Elapsed time: 2236.0482568740845s
Processing frame: 10400
Elapsed time: 2280.0692772865295s
Processing frame: 10600
Elapsed time: 2324.123939037323s
Processing frame: 10800
Elapsed time: 2367.4376981258392s
Processing frame: 11000
Elapsed time: 2411.291358232498s
Processing frame: 11200
Elapsed time: 2455.2472014427185s
Processing frame: 11400
Elapsed time: 2498.6008348464966s
Processing frame: 11600
Elapsed time: 2542.5078473091125s
Processing frame: 11800
Elapsed time: 2586.4878952503204s
Processing frame: 12000
Elapsed time: 2629.770219564438s
Processing frame: 12200
Elapsed time: 2673.723242044449s
Processing frame: 12400
Elapsed time: 2717.5311636924744s
Processing frame: 12600
Elapsed time: 2760.8194720745087s
Frame: 12621, grabbed=False and frame=None
Processing frame: 0
Processing frame: 200
Processing frame: 400
Processing frame: 600
Processing frame: 800
Processing frame: 1000
Processing frame: 1200
Processing frame: 1400
Processing frame: 1600
Processing frame: 1800
Processing frame: 2000
Processing frame: 2200
Processing frame: 2400
Processing frame: 2600
Processing frame: 2800
Processing frame: 3000
Processing frame: 3200
Processing frame: 3400
Processing frame: 3600
Processing frame: 3800
Processing frame: 4000
Processing frame: 4200
