-------------------------------------------------------------------------------
There are messages associated with the following module(s):
-------------------------------------------------------------------------------

python/3.5.2:
   This module is deprecated and will be removed in the future. Please
   upgrade to python/3.5. If you had created virtual environments we
   recommend to recreate them. Ce module est marqué pour être retiré et
   sera supprimé dans le futur. Veuillez utiliser python/3.5. Si vous aviez
   créé un environnement virtuel, nous vous recommandons de le recréer.

-------------------------------------------------------------------------------

sh: openposeEnv_Python3/bin/activate: No such file or directory
OpenPose Library Python Wrapper
Raw frames per second: 16.287729489392788
Frame width:960, Frame height:756.
Total frame number: 9848.0
Processing frame: 0
Elapsed time: 9.775161743164062e-06s
Processing frame: 200
Elapsed time: 47.72502279281616s
Processing frame: 400
Elapsed time: 90.72970128059387s
Processing frame: 600
Elapsed time: 133.0827853679657s
Processing frame: 800
Elapsed time: 176.18800735473633s
Processing frame: 1000
Elapsed time: 219.15138339996338s
Processing frame: 1200
Elapsed time: 261.5863597393036s
Processing frame: 1400
Elapsed time: 304.536438703537s
Processing frame: 1600
Elapsed time: 347.6078112125397s
Processing frame: 1800
Elapsed time: 389.99137902259827s
Processing frame: 2000
Elapsed time: 432.90902280807495s
Processing frame: 2200
Elapsed time: 475.8523852825165s
Processing frame: 2400
Elapsed time: 518.2279531955719s
Processing frame: 2600
Elapsed time: 561.1177170276642s
Processing frame: 2800
Elapsed time: 604.0119686126709s
Processing frame: 3000
Elapsed time: 646.2312655448914s
Processing frame: 3200
Elapsed time: 689.1431119441986s
Processing frame: 3400
Elapsed time: 732.1529958248138s
Processing frame: 3600
Elapsed time: 774.3918280601501s
Processing frame: 3800
Elapsed time: 817.2812948226929s
Processing frame: 4000
Elapsed time: 860.3121635913849s
Processing frame: 4200
Elapsed time: 902.6639316082001s
Processing frame: 4400
Elapsed time: 945.5735747814178s
Processing frame: 4600
Elapsed time: 988.4073784351349s
Processing frame: 4800
Elapsed time: 1030.626427412033s
Processing frame: 5000
Elapsed time: 1073.4754276275635s
Processing frame: 5200
Elapsed time: 1116.3440744876862s
Processing frame: 5400
Elapsed time: 1158.633329629898s
Processing frame: 5600
Elapsed time: 1201.4543526172638s
Processing frame: 5800
Elapsed time: 1244.4206247329712s
Processing frame: 6000
Elapsed time: 1286.667676448822s
Processing frame: 6200
Elapsed time: 1329.6246542930603s
Processing frame: 6400
Elapsed time: 1372.563997745514s
Processing frame: 6600
Elapsed time: 1416.7032606601715s
Processing frame: 6800
Elapsed time: 1462.6602807044983s
Processing frame: 7000
Elapsed time: 1505.5379374027252s
Processing frame: 7200
Elapsed time: 1547.7646009922028s
Processing frame: 7400
Elapsed time: 1590.6190824508667s
Processing frame: 7600
Elapsed time: 1633.5272176265717s
Processing frame: 7800
Elapsed time: 1675.7454369068146s
Processing frame: 8000
Elapsed time: 1718.7051198482513s
Processing frame: 8200
Elapsed time: 1761.6240692138672s
Processing frame: 8400
Elapsed time: 1803.9603686332703s
Processing frame: 8600
Elapsed time: 1846.8467893600464s
Processing frame: 8800
Elapsed time: 1889.7117285728455s
Processing frame: 9000
Elapsed time: 1932.0607573986053s
Processing frame: 9200
Elapsed time: 1974.9709520339966s
Processing frame: 9400
Elapsed time: 2017.905906677246s
Processing frame: 9600
Elapsed time: 2060.3907194137573s
Processing frame: 9800
Elapsed time: 2103.3195061683655s
Processing frame: 0
Processing frame: 200
Processing frame: 400
Processing frame: 600
Processing frame: 800
Processing frame: 1000
Processing frame: 1200
Processing frame: 1400
Processing frame: 1600
Processing frame: 1800
Processing frame: 2000
Processing frame: 2200
Processing frame: 2400
Processing frame: 2600
Processing frame: 2800
Processing frame: 3000
Processing frame: 3200
