-------------------------------------------------------------------------------
There are messages associated with the following module(s):
-------------------------------------------------------------------------------

python/3.5.2:
   This module is deprecated and will be removed in the future. Please
   upgrade to python/3.5. If you had created virtual environments we
   recommend to recreate them. Ce module est marqué pour être retiré et
   sera supprimé dans le futur. Veuillez utiliser python/3.5. Si vous aviez
   créé un environnement virtuel, nous vous recommandons de le recréer.

-------------------------------------------------------------------------------

sh: openposeEnv_Python3/bin/activate: No such file or directory
OpenPose Library Python Wrapper
Raw frames per second: 23.347038730962588
Crop: Video not from Camera1 or Camera2!
Frame width:1152, Frame height:972.
Polygon: Video not from Camera1 or Camera2!
Total frame number: 14024.0
Processing frame: 0
Elapsed time: 1.0967254638671875e-05s
Processing frame: 200
Elapsed time: 48.581398725509644s
Processing frame: 400
Elapsed time: 92.45836925506592s
Processing frame: 600
Elapsed time: 135.5861999988556s
Processing frame: 800
Elapsed time: 179.29218459129333s
Processing frame: 1000
Elapsed time: 223.11225080490112s
Processing frame: 1200
Elapsed time: 266.377299785614s
Processing frame: 1400
Elapsed time: 310.2127435207367s
Processing frame: 1600
Elapsed time: 354.004515171051s
Processing frame: 1800
Elapsed time: 397.26295948028564s
Processing frame: 2000
Elapsed time: 441.2837121486664s
Processing frame: 2200
Elapsed time: 485.08547139167786s
Processing frame: 2400
Elapsed time: 528.3203990459442s
Processing frame: 2600
Elapsed time: 572.1448459625244s
Processing frame: 2800
Elapsed time: 616.0615737438202s
Processing frame: 3000
Elapsed time: 659.2807366847992s
Processing frame: 3200
Elapsed time: 703.1804487705231s
Processing frame: 3400
Elapsed time: 746.9984748363495s
Processing frame: 3600
Elapsed time: 790.143265247345s
Processing frame: 3800
Elapsed time: 833.9349217414856s
Processing frame: 4000
Elapsed time: 877.7192821502686s
Processing frame: 4200
Elapsed time: 920.9640073776245s
Processing frame: 4400
Elapsed time: 964.6441795825958s
Processing frame: 4600
Elapsed time: 1008.4920358657837s
Processing frame: 4800
Elapsed time: 1051.7069954872131s
Processing frame: 5000
Elapsed time: 1095.5969607830048s
Processing frame: 5200
Elapsed time: 1139.4127492904663s
Processing frame: 5400
Elapsed time: 1182.638061761856s
Processing frame: 5600
Elapsed time: 1226.572910308838s
Processing frame: 5800
Elapsed time: 1270.3740439414978s
Processing frame: 6000
Elapsed time: 1313.4847600460052s
Processing frame: 6200
Elapsed time: 1357.2584385871887s
Processing frame: 6400
Elapsed time: 1401.1231832504272s
Processing frame: 6600
Elapsed time: 1444.3380105495453s
Processing frame: 6800
Elapsed time: 1488.3415081501007s
Processing frame: 7000
Elapsed time: 1532.151759147644s
Processing frame: 7200
Elapsed time: 1575.4481596946716s
Processing frame: 7400
Elapsed time: 1619.3099400997162s
Processing frame: 7600
Elapsed time: 1663.1072118282318s
Processing frame: 7800
Elapsed time: 1706.378971338272s
Processing frame: 8000
Elapsed time: 1750.119502544403s
Processing frame: 8200
Elapsed time: 1793.8217732906342s
Processing frame: 8400
Elapsed time: 1836.7703721523285s
Processing frame: 8600
Elapsed time: 1880.4496262073517s
Processing frame: 8800
Elapsed time: 1924.057000875473s
Processing frame: 9000
Elapsed time: 1967.0804059505463s
Processing frame: 9200
Elapsed time: 2010.7006385326385s
Processing frame: 9400
Elapsed time: 2054.3810460567474s
Processing frame: 9600
Elapsed time: 2097.4665508270264s
Processing frame: 9800
Elapsed time: 2141.1898341178894s
Processing frame: 10000
Elapsed time: 2184.9560668468475s
Processing frame: 10200
Elapsed time: 2228.0067071914673s
Processing frame: 10400
Elapsed time: 2271.778217315674s
Processing frame: 10600
Elapsed time: 2315.5495793819427s
Processing frame: 10800
Elapsed time: 2358.7218005657196s
Processing frame: 11000
Elapsed time: 2402.448668241501s
Processing frame: 11200
Elapsed time: 2446.114163160324s
Processing frame: 11400
Elapsed time: 2489.209471464157s
Processing frame: 11600
Elapsed time: 2532.8909406661987s
Processing frame: 11800
Elapsed time: 2576.6743688583374s
Processing frame: 12000
Elapsed time: 2619.717789888382s
Processing frame: 12200
Elapsed time: 2663.391331911087s
Processing frame: 12400
Elapsed time: 2707.072408437729s
Processing frame: 12600
Elapsed time: 2750.087543487549s
Processing frame: 12800
Elapsed time: 2793.7863445281982s
Processing frame: 13000
Elapsed time: 2837.410953760147s
Processing frame: 13200
Elapsed time: 2880.388859272003s
Processing frame: 13400
Elapsed time: 2923.9836280345917s
Processing frame: 13600
Elapsed time: 2967.651040315628s
Processing frame: 13800
Elapsed time: 3010.6907715797424s
Processing frame: 14000
Elapsed time: 3054.571944952011s
Processing frame: 0
Processing frame: 200
Processing frame: 400
Processing frame: 600
Processing frame: 800
Processing frame: 1000
Processing frame: 1200
Processing frame: 1400
Processing frame: 1600
Processing frame: 1800
Processing frame: 2000
Processing frame: 2200
Processing frame: 2400
Processing frame: 2600
Processing frame: 2800
Processing frame: 3000
Processing frame: 3200
Processing frame: 3400
Processing frame: 3600
Processing frame: 3800
Processing frame: 4000
Processing frame: 4200
Processing frame: 4400
Processing frame: 4600
