-------------------------------------------------------------------------------
There are messages associated with the following module(s):
-------------------------------------------------------------------------------

python/3.5.2:
   This module is deprecated and will be removed in the future. Please
   upgrade to python/3.5. If you had created virtual environments we
   recommend to recreate them. Ce module est marqué pour être retiré et
   sera supprimé dans le futur. Veuillez utiliser python/3.5. Si vous aviez
   créé un environnement virtuel, nous vous recommandons de le recréer.

-------------------------------------------------------------------------------

sh: openposeEnv_Python3/bin/activate: No such file or directory
OpenPose Library Python Wrapper
Raw frames per second: 19.381038801763818
Frame width:960, Frame height:756.
Total frame number: 11629.0
Processing frame: 0
Elapsed time: 9.059906005859375e-06s
Processing frame: 200
Elapsed time: 47.67775750160217s
Processing frame: 400
Elapsed time: 90.56532049179077s
Processing frame: 600
Elapsed time: 132.91224265098572s
Processing frame: 800
Elapsed time: 175.81625628471375s
Processing frame: 1000
Elapsed time: 218.7431263923645s
Processing frame: 1200
Elapsed time: 260.9914536476135s
Processing frame: 1400
Elapsed time: 303.90315890312195s
Processing frame: 1600
Elapsed time: 347.0489675998688s
Processing frame: 1800
Elapsed time: 389.6095027923584s
Processing frame: 2000
Elapsed time: 432.63027453422546s
Processing frame: 2200
Elapsed time: 475.6176459789276s
Processing frame: 2400
Elapsed time: 517.8860712051392s
Processing frame: 2600
Elapsed time: 560.858065366745s
Processing frame: 2800
Elapsed time: 603.9218962192535s
Processing frame: 3000
Elapsed time: 646.3571977615356s
Processing frame: 3200
Elapsed time: 689.3553740978241s
Processing frame: 3400
Elapsed time: 732.4276437759399s
Processing frame: 3600
Elapsed time: 774.89484333992s
Processing frame: 3800
Elapsed time: 818.0156900882721s
Processing frame: 4000
Elapsed time: 861.1568922996521s
Processing frame: 4200
Elapsed time: 903.6156015396118s
Processing frame: 4400
Elapsed time: 946.5417771339417s
Processing frame: 4600
Elapsed time: 989.4253962039948s
Processing frame: 4800
Elapsed time: 1031.7367844581604s
Processing frame: 5000
Elapsed time: 1074.5354008674622s
Processing frame: 5200
Elapsed time: 1117.4984652996063s
Processing frame: 5400
Elapsed time: 1159.816510438919s
Processing frame: 5600
Elapsed time: 1202.80548620224s
Processing frame: 5800
Elapsed time: 1245.8867814540863s
Processing frame: 6000
Elapsed time: 1288.2726781368256s
Processing frame: 6200
Elapsed time: 1331.2546927928925s
Processing frame: 6400
Elapsed time: 1374.2825984954834s
Processing frame: 6600
Elapsed time: 1416.6164371967316s
Processing frame: 6800
Elapsed time: 1459.440749168396s
Processing frame: 7000
Elapsed time: 1502.3096935749054s
Processing frame: 7200
Elapsed time: 1544.7042891979218s
Processing frame: 7400
Elapsed time: 1587.803216457367s
Processing frame: 7600
Elapsed time: 1630.8168914318085s
Processing frame: 7800
Elapsed time: 1673.1006107330322s
Processing frame: 8000
Elapsed time: 1715.988474369049s
Processing frame: 8200
Elapsed time: 1758.940006017685s
Processing frame: 8400
Elapsed time: 1801.2245817184448s
Processing frame: 8600
Elapsed time: 1844.2016067504883s
Processing frame: 8800
Elapsed time: 1887.2281565666199s
Processing frame: 9000
Elapsed time: 1929.7324538230896s
Processing frame: 9200
Elapsed time: 1972.6783962249756s
Processing frame: 9400
Elapsed time: 2015.6319494247437s
Processing frame: 9600
Elapsed time: 2057.9824075698853s
Processing frame: 9800
Elapsed time: 2100.8873341083527s
Processing frame: 10000
Elapsed time: 2143.8284900188446s
Processing frame: 10200
Elapsed time: 2186.1699504852295s
Processing frame: 10400
Elapsed time: 2229.14968085289s
Processing frame: 10600
Elapsed time: 2272.2199952602386s
Processing frame: 10800
Elapsed time: 2314.58846282959s
Processing frame: 11000
Elapsed time: 2357.438528060913s
Processing frame: 11200
Elapsed time: 2400.313510656357s
Processing frame: 11400
Elapsed time: 2442.6758649349213s
Processing frame: 11600
Elapsed time: 2485.7586691379547s
Frame: 11628, grabbed=False and frame=None
Processing frame: 0
Processing frame: 200
Processing frame: 400
Processing frame: 600
Processing frame: 800
Processing frame: 1000
Processing frame: 1200
Processing frame: 1400
Processing frame: 1600
Processing frame: 1800
Processing frame: 2000
Processing frame: 2200
Processing frame: 2400
Processing frame: 2600
Processing frame: 2800
Processing frame: 3000
Processing frame: 3200
Processing frame: 3400
Processing frame: 3600
Processing frame: 3800
