-------------------------------------------------------------------------------
There are messages associated with the following module(s):
-------------------------------------------------------------------------------

python/3.5.2:
   This module is deprecated and will be removed in the future. Please
   upgrade to python/3.5. If you had created virtual environments we
   recommend to recreate them. Ce module est marqué pour être retiré et
   sera supprimé dans le futur. Veuillez utiliser python/3.5. Si vous aviez
   créé un environnement virtuel, nous vous recommandons de le recréer.

-------------------------------------------------------------------------------

sh: openposeEnv_Python3/bin/activate: No such file or directory
OpenPose Library Python Wrapper
Raw frames per second: 17.565754986073877
Frame width:1152, Frame height:972.
Total frame number: 10593.0
Processing frame: 0
Elapsed time: 1.2874603271484375e-05s
Processing frame: 200
Elapsed time: 48.758241176605225s
Processing frame: 400
Elapsed time: 92.8280577659607s
Processing frame: 600
Elapsed time: 136.25131464004517s
Processing frame: 800
Elapsed time: 180.2765760421753s
Processing frame: 1000
Elapsed time: 224.33778738975525s
Processing frame: 1200
Elapsed time: 267.7878794670105s
Processing frame: 1400
Elapsed time: 311.7435348033905s
Processing frame: 1600
Elapsed time: 355.74307584762573s
Processing frame: 1800
Elapsed time: 399.1443750858307s
Processing frame: 2000
Elapsed time: 443.1688075065613s
Processing frame: 2200
Elapsed time: 487.18686294555664s
Processing frame: 2400
Elapsed time: 530.6872355937958s
Processing frame: 2600
Elapsed time: 574.7693848609924s
Processing frame: 2800
Elapsed time: 618.8010311126709s
Processing frame: 3000
Elapsed time: 662.2954721450806s
Processing frame: 3200
Elapsed time: 706.4190871715546s
Processing frame: 3400
Elapsed time: 750.4700798988342s
Processing frame: 3600
Elapsed time: 793.8347549438477s
Processing frame: 3800
Elapsed time: 837.8943848609924s
Processing frame: 4000
Elapsed time: 881.9077100753784s
Processing frame: 4200
Elapsed time: 925.1796278953552s
Processing frame: 4400
Elapsed time: 969.0979998111725s
Processing frame: 4600
Elapsed time: 1013.1380500793457s
Processing frame: 4800
Elapsed time: 1056.591280221939s
Processing frame: 5000
Elapsed time: 1100.6387794017792s
Processing frame: 5200
Elapsed time: 1144.7383465766907s
Processing frame: 5400
Elapsed time: 1188.2513597011566s
Processing frame: 5600
Elapsed time: 1232.2635533809662s
Processing frame: 5800
Elapsed time: 1276.2789154052734s
Processing frame: 6000
Elapsed time: 1319.79656457901s
Processing frame: 6200
Elapsed time: 1364.0242507457733s
Processing frame: 6400
Elapsed time: 1408.3150043487549s
Processing frame: 6600
Elapsed time: 1451.9710166454315s
Processing frame: 6800
Elapsed time: 1496.067703485489s
Processing frame: 7000
Elapsed time: 1540.1192269325256s
Processing frame: 7200
Elapsed time: 1583.5764214992523s
Processing frame: 7400
Elapsed time: 1627.5415472984314s
Processing frame: 7600
Elapsed time: 1671.5863609313965s
Processing frame: 7800
Elapsed time: 1714.8833088874817s
Processing frame: 8000
Elapsed time: 1758.8852648735046s
Processing frame: 8200
Elapsed time: 1802.9590706825256s
Processing frame: 8400
Elapsed time: 1846.3047862052917s
Processing frame: 8600
Elapsed time: 1890.296267747879s
Processing frame: 8800
Elapsed time: 1934.1870148181915s
Processing frame: 9000
Elapsed time: 1977.572670698166s
Processing frame: 9200
Elapsed time: 2021.7349646091461s
Processing frame: 9400
Elapsed time: 2065.8358981609344s
Processing frame: 9600
Elapsed time: 2109.3213567733765s
Processing frame: 9800
Elapsed time: 2153.490732192993s
Processing frame: 10000
Elapsed time: 2197.5887649059296s
Processing frame: 10200
Elapsed time: 2241.03795170784s
Processing frame: 10400
Elapsed time: 2285.096757173538s
Processing frame: 0
Processing frame: 200
Processing frame: 400
Processing frame: 600
Processing frame: 800
Processing frame: 1000
Processing frame: 1200
Processing frame: 1400
Processing frame: 1600
Processing frame: 1800
Processing frame: 2000
Processing frame: 2200
Processing frame: 2400
Processing frame: 2600
Processing frame: 2800
Processing frame: 3000
Processing frame: 3200
Processing frame: 3400
