-------------------------------------------------------------------------------
There are messages associated with the following module(s):
-------------------------------------------------------------------------------

python/3.5.2:
   This module is deprecated and will be removed in the future. Please
   upgrade to python/3.5. If you had created virtual environments we
   recommend to recreate them. Ce module est marqué pour être retiré et
   sera supprimé dans le futur. Veuillez utiliser python/3.5. Si vous aviez
   créé un environnement virtuel, nous vous recommandons de le recréer.

-------------------------------------------------------------------------------

sh: openposeEnv_Python3/bin/activate: No such file or directory
OpenPose Library Python Wrapper
Raw frames per second: 21.1255729052995
Frame width:960, Frame height:756.
Total frame number: 12777.0
Processing frame: 0
Elapsed time: 1.0967254638671875e-05s
Processing frame: 200
Elapsed time: 47.55457663536072s
Processing frame: 400
Elapsed time: 90.3846390247345s
Processing frame: 600
Elapsed time: 132.5970904827118s
Processing frame: 800
Elapsed time: 175.24222350120544s
Processing frame: 1000
Elapsed time: 217.9408676624298s
Processing frame: 1200
Elapsed time: 260.10045528411865s
Processing frame: 1400
Elapsed time: 302.8567292690277s
Processing frame: 1600
Elapsed time: 345.5699644088745s
Processing frame: 1800
Elapsed time: 387.6818256378174s
Processing frame: 2000
Elapsed time: 430.58181285858154s
Processing frame: 2200
Elapsed time: 473.43152236938477s
Processing frame: 2400
Elapsed time: 515.4958446025848s
Processing frame: 2600
Elapsed time: 558.2748041152954s
Processing frame: 2800
Elapsed time: 600.9922902584076s
Processing frame: 3000
Elapsed time: 643.0391952991486s
Processing frame: 3200
Elapsed time: 685.7087378501892s
Processing frame: 3400
Elapsed time: 728.5057785511017s
Processing frame: 3600
Elapsed time: 770.7464115619659s
Processing frame: 3800
Elapsed time: 813.6642744541168s
Processing frame: 4000
Elapsed time: 856.530490398407s
Processing frame: 4200
Elapsed time: 898.6497192382812s
Processing frame: 4400
Elapsed time: 941.3962662220001s
Processing frame: 4600
Elapsed time: 984.0465321540833s
Processing frame: 4800
Elapsed time: 1026.055855512619s
Processing frame: 5000
Elapsed time: 1068.7000968456268s
Processing frame: 5200
Elapsed time: 1111.3210000991821s
Processing frame: 5400
Elapsed time: 1153.3811423778534s
Processing frame: 5600
Elapsed time: 1196.0980367660522s
Processing frame: 5800
Elapsed time: 1238.883710861206s
Processing frame: 6000
Elapsed time: 1280.937026500702s
Processing frame: 6200
Elapsed time: 1323.5264225006104s
Processing frame: 6400
Elapsed time: 1366.2148871421814s
Processing frame: 6600
Elapsed time: 1408.220977306366s
Processing frame: 6800
Elapsed time: 1450.8738851547241s
Processing frame: 7000
Elapsed time: 1493.5475187301636s
Processing frame: 7200
Elapsed time: 1535.6609246730804s
Processing frame: 7400
Elapsed time: 1578.3824050426483s
Processing frame: 7600
Elapsed time: 1621.07430934906s
Processing frame: 7800
Elapsed time: 1663.0956988334656s
Processing frame: 8000
Elapsed time: 1705.8958735466003s
Processing frame: 8200
Elapsed time: 1748.6076791286469s
Processing frame: 8400
Elapsed time: 1790.6061997413635s
Processing frame: 8600
Elapsed time: 1833.2683606147766s
Processing frame: 8800
Elapsed time: 1875.9320950508118s
Processing frame: 9000
Elapsed time: 1918.0114192962646s
Processing frame: 9200
Elapsed time: 1960.669151544571s
Processing frame: 9400
Elapsed time: 2003.3813128471375s
Processing frame: 9600
Elapsed time: 2045.3987934589386s
Processing frame: 9800
Elapsed time: 2088.0037734508514s
Processing frame: 10000
Elapsed time: 2130.6969163417816s
Processing frame: 10200
Elapsed time: 2172.7366025447845s
Processing frame: 10400
Elapsed time: 2215.425963640213s
Processing frame: 10600
Elapsed time: 2258.132532596588s
Processing frame: 10800
Elapsed time: 2300.171377182007s
Processing frame: 11000
Elapsed time: 2342.8230967521667s
Processing frame: 11200
Elapsed time: 2385.5029599666595s
Processing frame: 11400
Elapsed time: 2427.4861471652985s
Processing frame: 11600
Elapsed time: 2470.1576528549194s
Processing frame: 11800
Elapsed time: 2512.748658180237s
Processing frame: 12000
Elapsed time: 2554.782578229904s
Processing frame: 12200
Elapsed time: 2597.4300928115845s
Processing frame: 12400
Elapsed time: 2640.056800365448s
Processing frame: 12600
Elapsed time: 2682.110796689987s
Processing frame: 0
Processing frame: 200
Processing frame: 400
Processing frame: 600
Processing frame: 800
Processing frame: 1000
Processing frame: 1200
Processing frame: 1400
Processing frame: 1600
Processing frame: 1800
Processing frame: 2000
Processing frame: 2200
Processing frame: 2400
Processing frame: 2600
Processing frame: 2800
Processing frame: 3000
Processing frame: 3200
Processing frame: 3400
Processing frame: 3600
Processing frame: 3800
Processing frame: 4000
Processing frame: 4200
