-------------------------------------------------------------------------------
There are messages associated with the following module(s):
-------------------------------------------------------------------------------

python/3.5.2:
   This module is deprecated and will be removed in the future. Please
   upgrade to python/3.5. If you had created virtual environments we
   recommend to recreate them. Ce module est marqué pour être retiré et
   sera supprimé dans le futur. Veuillez utiliser python/3.5. Si vous aviez
   créé un environnement virtuel, nous vous recommandons de le recréer.

-------------------------------------------------------------------------------

sh: openposeEnv_Python3/bin/activate: No such file or directory
OpenPose Library Python Wrapper
Raw frames per second: 16.94321030167149
Frame width:960, Frame height:756.
Total frame number: 10185.0
Processing frame: 0
Elapsed time: 9.298324584960938e-06s
Processing frame: 200
Elapsed time: 47.583503007888794s
Processing frame: 400
Elapsed time: 90.55516409873962s
Processing frame: 600
Elapsed time: 132.9209122657776s
Processing frame: 800
Elapsed time: 175.88304471969604s
Processing frame: 1000
Elapsed time: 218.95161890983582s
Processing frame: 1200
Elapsed time: 261.3003120422363s
Processing frame: 1400
Elapsed time: 304.3226079940796s
Processing frame: 1600
Elapsed time: 347.2174942493439s
Processing frame: 1800
Elapsed time: 389.4866452217102s
Processing frame: 2000
Elapsed time: 432.444482088089s
Processing frame: 2200
Elapsed time: 475.53973293304443s
Processing frame: 2400
Elapsed time: 517.8596351146698s
Processing frame: 2600
Elapsed time: 560.8935482501984s
Processing frame: 2800
Elapsed time: 603.8848414421082s
Processing frame: 3000
Elapsed time: 646.257826089859s
Processing frame: 3200
Elapsed time: 689.2797331809998s
Processing frame: 3400
Elapsed time: 732.3495285511017s
Processing frame: 3600
Elapsed time: 774.6979010105133s
Processing frame: 3800
Elapsed time: 817.7047443389893s
Processing frame: 4000
Elapsed time: 860.7834694385529s
Processing frame: 4200
Elapsed time: 903.1825909614563s
Processing frame: 4400
Elapsed time: 946.210432767868s
Processing frame: 4600
Elapsed time: 989.2547612190247s
Processing frame: 4800
Elapsed time: 1031.7319765090942s
Processing frame: 5000
Elapsed time: 1074.6804203987122s
Processing frame: 5200
Elapsed time: 1117.587964296341s
Processing frame: 5400
Elapsed time: 1159.9024019241333s
Processing frame: 5600
Elapsed time: 1202.892448425293s
Processing frame: 5800
Elapsed time: 1245.867838382721s
Processing frame: 6000
Elapsed time: 1288.129956483841s
Processing frame: 6200
Elapsed time: 1331.1175518035889s
Processing frame: 6400
Elapsed time: 1374.1884779930115s
Processing frame: 6600
Elapsed time: 1416.5007016658783s
Processing frame: 6800
Elapsed time: 1459.5959906578064s
Processing frame: 7000
Elapsed time: 1502.597160100937s
Processing frame: 7200
Elapsed time: 1544.8595798015594s
Processing frame: 7400
Elapsed time: 1587.731731891632s
Processing frame: 7600
Elapsed time: 1630.5777649879456s
Processing frame: 7800
Elapsed time: 1672.7620103359222s
Processing frame: 8000
Elapsed time: 1715.7132041454315s
Processing frame: 8200
Elapsed time: 1758.607852935791s
Processing frame: 8400
Elapsed time: 1800.8045620918274s
Processing frame: 8600
Elapsed time: 1843.5775301456451s
Processing frame: 8800
Elapsed time: 1886.402575969696s
Processing frame: 9000
Elapsed time: 1928.585551738739s
Processing frame: 9200
Elapsed time: 1971.4177372455597s
Processing frame: 9400
Elapsed time: 2014.2383058071136s
Processing frame: 9600
Elapsed time: 2056.5721368789673s
Processing frame: 9800
Elapsed time: 2100.290982723236s
Processing frame: 10000
Elapsed time: 2143.2126071453094s
Processing frame: 0
Processing frame: 200
Processing frame: 400
Processing frame: 600
Processing frame: 800
Processing frame: 1000
Processing frame: 1200
Processing frame: 1400
Processing frame: 1600
Processing frame: 1800
Processing frame: 2000
Processing frame: 2200
Processing frame: 2400
Processing frame: 2600
Processing frame: 2800
Processing frame: 3000
Processing frame: 3200
