-------------------------------------------------------------------------------
There are messages associated with the following module(s):
-------------------------------------------------------------------------------

python/3.5.2:
   This module is deprecated and will be removed in the future. Please
   upgrade to python/3.5. If you had created virtual environments we
   recommend to recreate them. Ce module est marqué pour être retiré et
   sera supprimé dans le futur. Veuillez utiliser python/3.5. Si vous aviez
   créé un environnement virtuel, nous vous recommandons de le recréer.

-------------------------------------------------------------------------------

sh: openposeEnv_Python3/bin/activate: No such file or directory
OpenPose Library Python Wrapper
Raw frames per second: 19.80900770767925
Crop: Video not from Camera1 or Camera2!
Frame width:1152, Frame height:972.
Polygon: Video not from Camera1 or Camera2!
Total frame number: 11924.0
Processing frame: 0
Elapsed time: 1.1205673217773438e-05s
Processing frame: 200
Elapsed time: 48.93394207954407s
Processing frame: 400
Elapsed time: 92.949636220932s
Processing frame: 600
Elapsed time: 136.4481270313263s
Processing frame: 800
Elapsed time: 180.5642421245575s
Processing frame: 1000
Elapsed time: 224.75522303581238s
Processing frame: 1200
Elapsed time: 268.2740705013275s
Processing frame: 1400
Elapsed time: 312.515389919281s
Processing frame: 1600
Elapsed time: 356.7130138874054s
Processing frame: 1800
Elapsed time: 400.15868067741394s
Processing frame: 2000
Elapsed time: 444.13204312324524s
Processing frame: 2200
Elapsed time: 488.21239280700684s
Processing frame: 2400
Elapsed time: 531.5931227207184s
Processing frame: 2600
Elapsed time: 575.6605415344238s
Processing frame: 2800
Elapsed time: 619.7329430580139s
Processing frame: 3000
Elapsed time: 663.2258994579315s
Processing frame: 3200
Elapsed time: 707.3295357227325s
Processing frame: 3400
Elapsed time: 751.405522108078s
Processing frame: 3600
Elapsed time: 794.805225610733s
Processing frame: 3800
Elapsed time: 838.9502997398376s
Processing frame: 4000
Elapsed time: 883.0271546840668s
Processing frame: 4200
Elapsed time: 926.4870665073395s
Processing frame: 4400
Elapsed time: 970.5680406093597s
Processing frame: 4600
Elapsed time: 1014.6569194793701s
Processing frame: 4800
Elapsed time: 1057.9503762722015s
Processing frame: 5000
Elapsed time: 1101.97536277771s
Processing frame: 5200
Elapsed time: 1145.9537553787231s
Processing frame: 5400
Elapsed time: 1189.2522859573364s
Processing frame: 5600
Elapsed time: 1233.1611080169678s
Processing frame: 5800
Elapsed time: 1277.145835161209s
Processing frame: 6000
Elapsed time: 1320.4649209976196s
Processing frame: 6200
Elapsed time: 1364.3214542865753s
Processing frame: 6400
Elapsed time: 1408.250694990158s
Processing frame: 6600
Elapsed time: 1451.5349407196045s
Processing frame: 6800
Elapsed time: 1495.4152665138245s
Processing frame: 7000
Elapsed time: 1539.266654253006s
Processing frame: 7200
Elapsed time: 1582.629845380783s
Processing frame: 7400
Elapsed time: 1626.5935099124908s
Processing frame: 7600
Elapsed time: 1670.5070531368256s
Processing frame: 7800
Elapsed time: 1713.7908163070679s
Processing frame: 8000
Elapsed time: 1757.731785774231s
Processing frame: 8200
Elapsed time: 1801.6507744789124s
Processing frame: 8400
Elapsed time: 1845.008630990982s
Processing frame: 8600
Elapsed time: 1888.8705813884735s
Processing frame: 8800
Elapsed time: 1932.8203518390656s
Processing frame: 9000
Elapsed time: 1976.0391254425049s
Processing frame: 9200
Elapsed time: 2019.917004585266s
Processing frame: 9400
Elapsed time: 2063.88250207901s
Processing frame: 9600
Elapsed time: 2107.210159778595s
Processing frame: 9800
Elapsed time: 2151.158601999283s
Processing frame: 10000
Elapsed time: 2195.151967048645s
Processing frame: 10200
Elapsed time: 2238.469367980957s
Processing frame: 10400
Elapsed time: 2282.455847263336s
Processing frame: 10600
Elapsed time: 2326.337055683136s
Processing frame: 10800
Elapsed time: 2369.7021675109863s
Processing frame: 11000
Elapsed time: 2413.6362211704254s
Processing frame: 11200
Elapsed time: 2457.5235657691956s
Processing frame: 11400
Elapsed time: 2500.686341524124s
Processing frame: 11600
Elapsed time: 2544.6905431747437s
Processing frame: 11800
Elapsed time: 2588.638599872589s
Processing frame: 0
Processing frame: 200
Processing frame: 400
Processing frame: 600
Processing frame: 800
Processing frame: 1000
Processing frame: 1200
Processing frame: 1400
Processing frame: 1600
Processing frame: 1800
Processing frame: 2000
Processing frame: 2200
Processing frame: 2400
Processing frame: 2600
Processing frame: 2800
Processing frame: 3000
Processing frame: 3200
Processing frame: 3400
Processing frame: 3600
Processing frame: 3800
