-------------------------------------------------------------------------------
There are messages associated with the following module(s):
-------------------------------------------------------------------------------

python/3.5.2:
   This module is deprecated and will be removed in the future. Please
   upgrade to python/3.5. If you had created virtual environments we
   recommend to recreate them. Ce module est marqué pour être retiré et
   sera supprimé dans le futur. Veuillez utiliser python/3.5. Si vous aviez
   créé un environnement virtuel, nous vous recommandons de le recréer.

-------------------------------------------------------------------------------

sh: openposeEnv_Python3/bin/activate: No such file or directory
OpenPose Library Python Wrapper
Raw frames per second: 21.731789919798903
Crop: Video not from Camera1 or Camera2!
Frame width:1152, Frame height:972.
Polygon: Video not from Camera1 or Camera2!
Total frame number: 13077.0
Processing frame: 0
Elapsed time: 1.1205673217773438e-05s
Processing frame: 200
Elapsed time: 48.77233028411865s
Processing frame: 400
Elapsed time: 93.05495524406433s
Processing frame: 600
Elapsed time: 136.6417167186737s
Processing frame: 800
Elapsed time: 180.8370292186737s
Processing frame: 1000
Elapsed time: 225.06563091278076s
Processing frame: 1200
Elapsed time: 268.640860080719s
Processing frame: 1400
Elapsed time: 312.8330020904541s
Processing frame: 1600
Elapsed time: 357.0361933708191s
Processing frame: 1800
Elapsed time: 400.54138684272766s
Processing frame: 2000
Elapsed time: 444.7475497722626s
Processing frame: 2200
Elapsed time: 488.8782217502594s
Processing frame: 2400
Elapsed time: 532.4502925872803s
Processing frame: 2600
Elapsed time: 576.697998046875s
Processing frame: 2800
Elapsed time: 621.0834233760834s
Processing frame: 3000
Elapsed time: 664.675103187561s
Processing frame: 3200
Elapsed time: 708.8211512565613s
Processing frame: 3400
Elapsed time: 752.9195127487183s
Processing frame: 3600
Elapsed time: 796.4627361297607s
Processing frame: 3800
Elapsed time: 840.6055541038513s
Processing frame: 4000
Elapsed time: 884.8114981651306s
Processing frame: 4200
Elapsed time: 928.4051721096039s
Processing frame: 4400
Elapsed time: 972.448390007019s
Processing frame: 4600
Elapsed time: 1016.6896045207977s
Processing frame: 4800
Elapsed time: 1060.0167458057404s
Processing frame: 5000
Elapsed time: 1104.1495547294617s
Processing frame: 5200
Elapsed time: 1148.3261551856995s
Processing frame: 5400
Elapsed time: 1191.6252534389496s
Processing frame: 5600
Elapsed time: 1235.6692521572113s
Processing frame: 5800
Elapsed time: 1279.797981262207s
Processing frame: 6000
Elapsed time: 1323.2810583114624s
Processing frame: 6200
Elapsed time: 1367.3418040275574s
Processing frame: 6400
Elapsed time: 1411.4556632041931s
Processing frame: 6600
Elapsed time: 1454.9386084079742s
Processing frame: 6800
Elapsed time: 1499.0559432506561s
Processing frame: 7000
Elapsed time: 1543.2146067619324s
Processing frame: 7200
Elapsed time: 1586.5782179832458s
Processing frame: 7400
Elapsed time: 1630.6542432308197s
Processing frame: 7600
Elapsed time: 1674.7363266944885s
Processing frame: 7800
Elapsed time: 1718.1464166641235s
Processing frame: 8000
Elapsed time: 1762.3435549736023s
Processing frame: 8200
Elapsed time: 1806.4493572711945s
Processing frame: 8400
Elapsed time: 1849.864717245102s
Processing frame: 8600
Elapsed time: 1893.948137998581s
Processing frame: 8800
Elapsed time: 1938.0434532165527s
Processing frame: 9000
Elapsed time: 1981.5997521877289s
Processing frame: 9200
Elapsed time: 2025.7927615642548s
Processing frame: 9400
Elapsed time: 2069.9168474674225s
Processing frame: 9600
Elapsed time: 2113.4146568775177s
Processing frame: 9800
Elapsed time: 2157.495846748352s
Processing frame: 10000
Elapsed time: 2201.614043235779s
Processing frame: 10200
Elapsed time: 2245.1635868549347s
Processing frame: 10400
Elapsed time: 2289.264349460602s
Processing frame: 10600
Elapsed time: 2333.3575394153595s
Processing frame: 10800
Elapsed time: 2376.938826560974s
Processing frame: 11000
Elapsed time: 2421.1069145202637s
Processing frame: 11200
Elapsed time: 2465.239899158478s
Processing frame: 11400
Elapsed time: 2508.8139979839325s
Processing frame: 11600
Elapsed time: 2553.0511713027954s
Processing frame: 11800
Elapsed time: 2597.1654188632965s
Processing frame: 12000
Elapsed time: 2640.6464824676514s
Processing frame: 12200
Elapsed time: 2684.7700440883636s
Processing frame: 12400
Elapsed time: 2728.9455852508545s
Processing frame: 12600
Elapsed time: 2772.540502309799s
Processing frame: 12800
Elapsed time: 2816.910404920578s
Processing frame: 13000
Elapsed time: 2861.1130604743958s
Processing frame: 0
Processing frame: 200
Processing frame: 400
Processing frame: 600
Processing frame: 800
Processing frame: 1000
Processing frame: 1200
Processing frame: 1400
Processing frame: 1600
Processing frame: 1800
Processing frame: 2000
Processing frame: 2200
Processing frame: 2400
Processing frame: 2600
Processing frame: 2800
Processing frame: 3000
Processing frame: 3200
Processing frame: 3400
Processing frame: 3600
Processing frame: 3800
Processing frame: 4000
Processing frame: 4200
