-------------------------------------------------------------------------------
There are messages associated with the following module(s):
-------------------------------------------------------------------------------

python/3.5.2:
   This module is deprecated and will be removed in the future. Please
   upgrade to python/3.5. If you had created virtual environments we
   recommend to recreate them. Ce module est marqué pour être retiré et
   sera supprimé dans le futur. Veuillez utiliser python/3.5. Si vous aviez
   créé un environnement virtuel, nous vous recommandons de le recréer.

-------------------------------------------------------------------------------

sh: openposeEnv_Python3/bin/activate: No such file or directory
OpenPose Library Python Wrapper
Raw frames per second: 16.787985223006057
Frame width:1152, Frame height:972.
Total frame number: 10072.0
Processing frame: 0
Elapsed time: 1.1205673217773438e-05s
Processing frame: 200
Elapsed time: 48.362648010253906s
Processing frame: 400
Elapsed time: 92.14254570007324s
Processing frame: 600
Elapsed time: 135.2197780609131s
Processing frame: 800
Elapsed time: 178.8996856212616s
Processing frame: 1000
Elapsed time: 222.52114343643188s
Processing frame: 1200
Elapsed time: 265.5498101711273s
Processing frame: 1400
Elapsed time: 309.21971344947815s
Processing frame: 1600
Elapsed time: 352.89078426361084s
Processing frame: 1800
Elapsed time: 396.01854825019836s
Processing frame: 2000
Elapsed time: 439.6185052394867s
Processing frame: 2200
Elapsed time: 483.27056860923767s
Processing frame: 2400
Elapsed time: 526.3465359210968s
Processing frame: 2600
Elapsed time: 570.0909020900726s
Processing frame: 2800
Elapsed time: 613.8481862545013s
Processing frame: 3000
Elapsed time: 657.0008742809296s
Processing frame: 3200
Elapsed time: 700.8911378383636s
Processing frame: 3400
Elapsed time: 744.7161989212036s
Processing frame: 3600
Elapsed time: 787.7860298156738s
Processing frame: 3800
Elapsed time: 831.4629669189453s
Processing frame: 4000
Elapsed time: 875.2854278087616s
Processing frame: 4200
Elapsed time: 918.4482474327087s
Processing frame: 4400
Elapsed time: 962.1398944854736s
Processing frame: 4600
Elapsed time: 1005.8160095214844s
Processing frame: 4800
Elapsed time: 1048.9170563220978s
Processing frame: 5000
Elapsed time: 1092.6609468460083s
Processing frame: 5200
Elapsed time: 1136.4800901412964s
Processing frame: 5400
Elapsed time: 1179.63379240036s
Processing frame: 5600
Elapsed time: 1223.4731435775757s
Processing frame: 5800
Elapsed time: 1267.1979393959045s
Processing frame: 6000
Elapsed time: 1310.3359854221344s
Processing frame: 6200
Elapsed time: 1354.124031305313s
Processing frame: 6400
Elapsed time: 1397.9136385917664s
Processing frame: 6600
Elapsed time: 1441.0587470531464s
Processing frame: 6800
Elapsed time: 1484.838570356369s
Processing frame: 7000
Elapsed time: 1528.7525885105133s
Processing frame: 7200
Elapsed time: 1572.014303445816s
Processing frame: 7400
Elapsed time: 1615.8378620147705s
Processing frame: 7600
Elapsed time: 1659.605628490448s
Processing frame: 7800
Elapsed time: 1702.7870190143585s
Processing frame: 8000
Elapsed time: 1746.5722420215607s
Processing frame: 8200
Elapsed time: 1790.3929941654205s
Processing frame: 8400
Elapsed time: 1833.5543377399445s
Processing frame: 8600
Elapsed time: 1877.3841786384583s
Processing frame: 8800
Elapsed time: 1921.0570957660675s
Processing frame: 9000
Elapsed time: 1964.064363002777s
Processing frame: 9200
Elapsed time: 2007.7428259849548s
Processing frame: 9400
Elapsed time: 2051.4826107025146s
Processing frame: 9600
Elapsed time: 2094.500335216522s
Processing frame: 9800
Elapsed time: 2138.272703409195s
Processing frame: 10000
Elapsed time: 2181.935302734375s
Frame: 10071, grabbed=False and frame=None
Processing frame: 0
Processing frame: 200
Processing frame: 400
Processing frame: 600
Processing frame: 800
Processing frame: 1000
Processing frame: 1200
Processing frame: 1400
Processing frame: 1600
Processing frame: 1800
Processing frame: 2000
Processing frame: 2200
Processing frame: 2400
Processing frame: 2600
Processing frame: 2800
Processing frame: 3000
Processing frame: 3200
