-------------------------------------------------------------------------------
There are messages associated with the following module(s):
-------------------------------------------------------------------------------

python/3.5.2:
   This module is deprecated and will be removed in the future. Please
   upgrade to python/3.5. If you had created virtual environments we
   recommend to recreate them. Ce module est marqué pour être retiré et
   sera supprimé dans le futur. Veuillez utiliser python/3.5. Si vous aviez
   créé un environnement virtuel, nous vous recommandons de le recréer.

-------------------------------------------------------------------------------

sh: openposeEnv_Python3/bin/activate: No such file or directory
OpenPose Library Python Wrapper
Raw frames per second: 17.558760927352704
Frame width:960, Frame height:756.
Total frame number: 10565.0
Processing frame: 0
Elapsed time: 9.298324584960938e-06s
Processing frame: 200
Elapsed time: 47.67518424987793s
Processing frame: 400
Elapsed time: 90.86808347702026s
Processing frame: 600
Elapsed time: 133.42202425003052s
Processing frame: 800
Elapsed time: 176.5577416419983s
Processing frame: 1000
Elapsed time: 220.00326013565063s
Processing frame: 1200
Elapsed time: 262.5792946815491s
Processing frame: 1400
Elapsed time: 305.7465167045593s
Processing frame: 1600
Elapsed time: 348.88798093795776s
Processing frame: 1800
Elapsed time: 391.4761562347412s
Processing frame: 2000
Elapsed time: 434.6316361427307s
Processing frame: 2200
Elapsed time: 477.79335021972656s
Processing frame: 2400
Elapsed time: 520.2739677429199s
Processing frame: 2600
Elapsed time: 563.4974427223206s
Processing frame: 2800
Elapsed time: 606.6284673213959s
Processing frame: 3000
Elapsed time: 649.1190130710602s
Processing frame: 3200
Elapsed time: 692.2863330841064s
Processing frame: 3400
Elapsed time: 735.3411712646484s
Processing frame: 3600
Elapsed time: 777.8321692943573s
Processing frame: 3800
Elapsed time: 820.8559920787811s
Processing frame: 4000
Elapsed time: 863.9984111785889s
Processing frame: 4200
Elapsed time: 906.4286344051361s
Processing frame: 4400
Elapsed time: 949.4161651134491s
Processing frame: 4600
Elapsed time: 992.3358929157257s
Processing frame: 4800
Elapsed time: 1034.592158794403s
Processing frame: 5000
Elapsed time: 1077.543701171875s
Processing frame: 5200
Elapsed time: 1120.451889514923s
Processing frame: 5400
Elapsed time: 1162.7856996059418s
Processing frame: 5600
Elapsed time: 1205.7731614112854s
Processing frame: 5800
Elapsed time: 1248.662204504013s
Processing frame: 6000
Elapsed time: 1290.9092667102814s
Processing frame: 6200
Elapsed time: 1333.805559873581s
Processing frame: 6400
Elapsed time: 1376.691079378128s
Processing frame: 6600
Elapsed time: 1419.1600441932678s
Processing frame: 6800
Elapsed time: 1462.1387341022491s
Processing frame: 7000
Elapsed time: 1505.121726989746s
Processing frame: 7200
Elapsed time: 1547.3772687911987s
Processing frame: 7400
Elapsed time: 1590.21470952034s
Processing frame: 7600
Elapsed time: 1633.0784213542938s
Processing frame: 7800
Elapsed time: 1675.3302521705627s
Processing frame: 8000
Elapsed time: 1718.2566301822662s
Processing frame: 8200
Elapsed time: 1761.2293303012848s
Processing frame: 8400
Elapsed time: 1803.4971029758453s
Processing frame: 8600
Elapsed time: 1846.3862836360931s
Processing frame: 8800
Elapsed time: 1889.3057367801666s
Processing frame: 9000
Elapsed time: 1931.5912413597107s
Processing frame: 9200
Elapsed time: 1978.809736251831s
Processing frame: 9400
Elapsed time: 2021.7559263706207s
Processing frame: 9600
Elapsed time: 2064.0937235355377s
Processing frame: 9800
Elapsed time: 2106.8829321861267s
Processing frame: 10000
Elapsed time: 2149.8188655376434s
Processing frame: 10200
Elapsed time: 2192.0799882411957s
Processing frame: 10400
Elapsed time: 2234.9221827983856s
Processing frame: 0
Processing frame: 200
Processing frame: 400
Processing frame: 600
Processing frame: 800
Processing frame: 1000
Processing frame: 1200
Processing frame: 1400
Processing frame: 1600
Processing frame: 1800
Processing frame: 2000
Processing frame: 2200
Processing frame: 2400
Processing frame: 2600
Processing frame: 2800
Processing frame: 3000
Processing frame: 3200
Processing frame: 3400
