-------------------------------------------------------------------------------
There are messages associated with the following module(s):
-------------------------------------------------------------------------------

python/3.5.2:
   This module is deprecated and will be removed in the future. Please
   upgrade to python/3.5. If you had created virtual environments we
   recommend to recreate them. Ce module est marqué pour être retiré et
   sera supprimé dans le futur. Veuillez utiliser python/3.5. Si vous aviez
   créé un environnement virtuel, nous vous recommandons de le recréer.

-------------------------------------------------------------------------------

sh: openposeEnv_Python3/bin/activate: No such file or directory
OpenPose Library Python Wrapper
Raw frames per second: 27.20783959757661
Frame width:960, Frame height:756.
Total frame number: 16413.0
Processing frame: 0
Elapsed time: 1.0967254638671875e-05s
Processing frame: 200
Elapsed time: 46.19506573677063s
Processing frame: 400
Elapsed time: 88.17715358734131s
Processing frame: 600
Elapsed time: 129.5049171447754s
Processing frame: 800
Elapsed time: 171.47664499282837s
Processing frame: 1000
Elapsed time: 213.42150163650513s
Processing frame: 1200
Elapsed time: 254.93433022499084s
Processing frame: 1400
Elapsed time: 296.99192094802856s
Processing frame: 1600
Elapsed time: 339.0427041053772s
Processing frame: 1800
Elapsed time: 380.61751079559326s
Processing frame: 2000
Elapsed time: 422.74931263923645s
Processing frame: 2200
Elapsed time: 464.8906228542328s
Processing frame: 2400
Elapsed time: 506.34163784980774s
Processing frame: 2600
Elapsed time: 548.3760414123535s
Processing frame: 2800
Elapsed time: 590.5224757194519s
Processing frame: 3000
Elapsed time: 631.958803653717s
Processing frame: 3200
Elapsed time: 673.9546539783478s
Processing frame: 3400
Elapsed time: 716.0949442386627s
Processing frame: 3600
Elapsed time: 757.5592875480652s
Processing frame: 3800
Elapsed time: 799.6304068565369s
Processing frame: 4000
Elapsed time: 841.767005443573s
Processing frame: 4200
Elapsed time: 883.3090646266937s
Processing frame: 4400
Elapsed time: 925.4863719940186s
Processing frame: 4600
Elapsed time: 967.5791563987732s
Processing frame: 4800
Elapsed time: 1009.055995464325s
Processing frame: 5000
Elapsed time: 1051.1831192970276s
Processing frame: 5200
Elapsed time: 1093.3424611091614s
Processing frame: 5400
Elapsed time: 1134.7703824043274s
Processing frame: 5600
Elapsed time: 1176.8208978176117s
Processing frame: 5800
Elapsed time: 1218.9970474243164s
Processing frame: 6000
Elapsed time: 1260.4220960140228s
Processing frame: 6200
Elapsed time: 1302.371056318283s
Processing frame: 6400
Elapsed time: 1344.3506047725677s
Processing frame: 6600
Elapsed time: 1385.7269275188446s
Processing frame: 6800
Elapsed time: 1427.7261762619019s
Processing frame: 7000
Elapsed time: 1469.712485074997s
Processing frame: 7200
Elapsed time: 1511.1002810001373s
Processing frame: 7400
Elapsed time: 1553.095375776291s
Processing frame: 7600
Elapsed time: 1595.1540610790253s
Processing frame: 7800
Elapsed time: 1636.4834790229797s
Processing frame: 8000
Elapsed time: 1678.4984629154205s
Processing frame: 8200
Elapsed time: 1720.531631231308s
Processing frame: 8400
Elapsed time: 1761.9394807815552s
Processing frame: 8600
Elapsed time: 1803.8737077713013s
Processing frame: 8800
Elapsed time: 1845.9841747283936s
Processing frame: 9000
Elapsed time: 1887.340031862259s
Processing frame: 9200
Elapsed time: 1929.3634412288666s
Processing frame: 9400
Elapsed time: 1971.346167087555s
Processing frame: 9600
Elapsed time: 2012.7195992469788s
Processing frame: 9800
Elapsed time: 2054.6093184947968s
Processing frame: 10000
Elapsed time: 2096.617357969284s
Processing frame: 10200
Elapsed time: 2138.0056369304657s
Processing frame: 10400
Elapsed time: 2180.038330078125s
Processing frame: 10600
Elapsed time: 2221.9882872104645s
Processing frame: 10800
Elapsed time: 2263.354375600815s
Processing frame: 11000
Elapsed time: 2305.2914111614227s
Processing frame: 11200
Elapsed time: 2347.2771644592285s
Processing frame: 11400
Elapsed time: 2388.663135766983s
Processing frame: 11600
Elapsed time: 2430.616312265396s
Processing frame: 11800
Elapsed time: 2472.513806581497s
Processing frame: 12000
Elapsed time: 2513.808490753174s
Processing frame: 12200
Elapsed time: 2555.7006804943085s
Processing frame: 12400
Elapsed time: 2597.570681333542s
Processing frame: 12600
Elapsed time: 2638.893661737442s
Processing frame: 12800
Elapsed time: 2680.813695669174s
Processing frame: 13000
Elapsed time: 2722.7447776794434s
Processing frame: 13200
Elapsed time: 2764.142275571823s
Processing frame: 13400
Elapsed time: 2806.1574544906616s
Processing frame: 13600
Elapsed time: 2848.148647069931s
Processing frame: 13800
Elapsed time: 2889.4934334754944s
Processing frame: 14000
Elapsed time: 2931.503280878067s
Processing frame: 14200
Elapsed time: 2973.6935608386993s
Processing frame: 14400
Elapsed time: 3015.1238644123077s
Processing frame: 14600
Elapsed time: 3057.1608669757843s
Processing frame: 14800
Elapsed time: 3099.1497888565063s
Processing frame: 15000
Elapsed time: 3140.6188843250275s
Processing frame: 15200
Elapsed time: 3182.6172029972076s
Processing frame: 15400
Elapsed time: 3224.7056472301483s
Processing frame: 15600
Elapsed time: 3266.193365097046s
Processing frame: 15800
Elapsed time: 3308.300903081894s
Processing frame: 16000
Elapsed time: 3350.531879425049s
Processing frame: 16200
Elapsed time: 3391.9996495246887s
Processing frame: 16400
Elapsed time: 3434.0290570259094s
Processing frame: 0
Processing frame: 200
Processing frame: 400
Processing frame: 600
Processing frame: 800
Processing frame: 1000
Processing frame: 1200
Processing frame: 1400
Processing frame: 1600
Processing frame: 1800
Processing frame: 2000
Processing frame: 2200
Processing frame: 2400
Processing frame: 2600
Processing frame: 2800
Processing frame: 3000
Processing frame: 3200
Processing frame: 3400
Processing frame: 3600
Processing frame: 3800
Processing frame: 4000
Processing frame: 4200
Processing frame: 4400
Processing frame: 4600
Processing frame: 4800
Processing frame: 5000
Processing frame: 5200
Processing frame: 5400
