-------------------------------------------------------------------------------
There are messages associated with the following module(s):
-------------------------------------------------------------------------------

python/3.5.2:
   This module is deprecated and will be removed in the future. Please
   upgrade to python/3.5. If you had created virtual environments we
   recommend to recreate them. Ce module est marqué pour être retiré et
   sera supprimé dans le futur. Veuillez utiliser python/3.5. Si vous aviez
   créé un environnement virtuel, nous vous recommandons de le recréer.

-------------------------------------------------------------------------------

sh: openposeEnv_Python3/bin/activate: No such file or directory
OpenPose Library Python Wrapper
Raw frames per second: 23.77889841536169
Frame width:960, Frame height:756.
Total frame number: 14266.0
Processing frame: 0
Elapsed time: 1.1444091796875e-05s
Processing frame: 200
Elapsed time: 47.57481575012207s
Processing frame: 400
Elapsed time: 90.47373127937317s
Processing frame: 600
Elapsed time: 132.6651530265808s
Processing frame: 800
Elapsed time: 175.4531853199005s
Processing frame: 1000
Elapsed time: 218.36672163009644s
Processing frame: 1200
Elapsed time: 260.66154432296753s
Processing frame: 1400
Elapsed time: 303.5235641002655s
Processing frame: 1600
Elapsed time: 346.5046455860138s
Processing frame: 1800
Elapsed time: 388.7613625526428s
Processing frame: 2000
Elapsed time: 431.6035420894623s
Processing frame: 2200
Elapsed time: 474.45539450645447s
Processing frame: 2400
Elapsed time: 516.6931259632111s
Processing frame: 2600
Elapsed time: 559.5830147266388s
Processing frame: 2800
Elapsed time: 602.4863910675049s
Processing frame: 3000
Elapsed time: 644.7948317527771s
Processing frame: 3200
Elapsed time: 687.6180236339569s
Processing frame: 3400
Elapsed time: 730.4526493549347s
Processing frame: 3600
Elapsed time: 772.6384146213531s
Processing frame: 3800
Elapsed time: 815.5150682926178s
Processing frame: 4000
Elapsed time: 858.3792901039124s
Processing frame: 4200
Elapsed time: 900.6247065067291s
Processing frame: 4400
Elapsed time: 943.4822423458099s
Processing frame: 4600
Elapsed time: 986.3741269111633s
Processing frame: 4800
Elapsed time: 1028.5838882923126s
Processing frame: 5000
Elapsed time: 1071.4701495170593s
Processing frame: 5200
Elapsed time: 1114.2109293937683s
Processing frame: 5400
Elapsed time: 1156.4259133338928s
Processing frame: 5600
Elapsed time: 1199.1588983535767s
Processing frame: 5800
Elapsed time: 1241.8669798374176s
Processing frame: 6000
Elapsed time: 1284.0248012542725s
Processing frame: 6200
Elapsed time: 1326.700177192688s
Processing frame: 6400
Elapsed time: 1369.4289200305939s
Processing frame: 6600
Elapsed time: 1411.597493171692s
Processing frame: 6800
Elapsed time: 1454.2654523849487s
Processing frame: 7000
Elapsed time: 1497.355951309204s
Processing frame: 7200
Elapsed time: 1539.545553445816s
Processing frame: 7400
Elapsed time: 1582.2776653766632s
Processing frame: 7600
Elapsed time: 1625.0217213630676s
Processing frame: 7800
Elapsed time: 1667.1859891414642s
Processing frame: 8000
Elapsed time: 1709.9585545063019s
Processing frame: 8200
Elapsed time: 1752.7431254386902s
Processing frame: 8400
Elapsed time: 1794.8154928684235s
Processing frame: 8600
Elapsed time: 1837.5495471954346s
Processing frame: 8800
Elapsed time: 1880.2701284885406s
Processing frame: 9000
Elapsed time: 1922.4744002819061s
Processing frame: 9200
Elapsed time: 1965.190124988556s
Processing frame: 9400
Elapsed time: 2007.927470445633s
Processing frame: 9600
Elapsed time: 2050.1231701374054s
Processing frame: 9800
Elapsed time: 2092.89026594162s
Processing frame: 10000
Elapsed time: 2135.719266653061s
Processing frame: 10200
Elapsed time: 2177.836500644684s
Processing frame: 10400
Elapsed time: 2220.6170024871826s
Processing frame: 10600
Elapsed time: 2263.376782178879s
Processing frame: 10800
Elapsed time: 2305.513162612915s
Processing frame: 11000
Elapsed time: 2351.775060415268s
Processing frame: 11200
Elapsed time: 2397.4337453842163s
Processing frame: 11400
Elapsed time: 2439.8384029865265s
Processing frame: 11600
Elapsed time: 2482.6235721111298s
Processing frame: 11800
Elapsed time: 2525.4318747520447s
Processing frame: 12000
Elapsed time: 2567.5663101673126s
Processing frame: 12200
Elapsed time: 2610.275457382202s
Processing frame: 12400
Elapsed time: 2653.0271022319794s
Processing frame: 12600
Elapsed time: 2695.151365041733s
Processing frame: 12800
Elapsed time: 2737.8075544834137s
Processing frame: 13000
Elapsed time: 2780.5146951675415s
Processing frame: 13200
Elapsed time: 2822.6373126506805s
Processing frame: 13400
Elapsed time: 2865.3339397907257s
Processing frame: 13600
Elapsed time: 2908.064250230789s
Processing frame: 13800
Elapsed time: 2950.149995803833s
Processing frame: 14000
Elapsed time: 2992.779530286789s
Processing frame: 14200
Elapsed time: 3035.4261734485626s
Frame: 14265, grabbed=False and frame=None
Processing frame: 0
Processing frame: 200
Processing frame: 400
Processing frame: 600
Processing frame: 800
Processing frame: 1000
Processing frame: 1200
Processing frame: 1400
Processing frame: 1600
Processing frame: 1800
Processing frame: 2000
Processing frame: 2200
Processing frame: 2400
Processing frame: 2600
Processing frame: 2800
Processing frame: 3000
Processing frame: 3200
Processing frame: 3400
Processing frame: 3600
Processing frame: 3800
Processing frame: 4000
Processing frame: 4200
Processing frame: 4400
Processing frame: 4600
