-------------------------------------------------------------------------------
There are messages associated with the following module(s):
-------------------------------------------------------------------------------

python/3.5.2:
   This module is deprecated and will be removed in the future. Please
   upgrade to python/3.5. If you had created virtual environments we
   recommend to recreate them. Ce module est marqué pour être retiré et
   sera supprimé dans le futur. Veuillez utiliser python/3.5. Si vous aviez
   créé un environnement virtuel, nous vous recommandons de le recréer.

-------------------------------------------------------------------------------

sh: openposeEnv_Python3/bin/activate: No such file or directory
OpenPose Library Python Wrapper
Raw frames per second: 23.927341266969606
Frame width:960, Frame height:756.
Total frame number: 14383.0
Processing frame: 0
Elapsed time: 1.0013580322265625e-05s
Processing frame: 200
Elapsed time: 47.550025939941406s
Processing frame: 400
Elapsed time: 90.52839517593384s
Processing frame: 600
Elapsed time: 132.92943167686462s
Processing frame: 800
Elapsed time: 175.91326451301575s
Processing frame: 1000
Elapsed time: 219.00440859794617s
Processing frame: 1200
Elapsed time: 261.41977524757385s
Processing frame: 1400
Elapsed time: 304.5735342502594s
Processing frame: 1600
Elapsed time: 347.76356625556946s
Processing frame: 1800
Elapsed time: 390.2109456062317s
Processing frame: 2000
Elapsed time: 433.33557081222534s
Processing frame: 2200
Elapsed time: 476.3628776073456s
Processing frame: 2400
Elapsed time: 518.881005525589s
Processing frame: 2600
Elapsed time: 561.9758949279785s
Processing frame: 2800
Elapsed time: 605.0724325180054s
Processing frame: 3000
Elapsed time: 647.515790939331s
Processing frame: 3200
Elapsed time: 690.5469188690186s
Processing frame: 3400
Elapsed time: 733.6079931259155s
Processing frame: 3600
Elapsed time: 776.0820677280426s
Processing frame: 3800
Elapsed time: 819.2136425971985s
Processing frame: 4000
Elapsed time: 862.3104846477509s
Processing frame: 4200
Elapsed time: 904.745352268219s
Processing frame: 4400
Elapsed time: 947.827198266983s
Processing frame: 4600
Elapsed time: 990.9756302833557s
Processing frame: 4800
Elapsed time: 1033.5488307476044s
Processing frame: 5000
Elapsed time: 1076.6441910266876s
Processing frame: 5200
Elapsed time: 1119.7913746833801s
Processing frame: 5400
Elapsed time: 1162.330181837082s
Processing frame: 5600
Elapsed time: 1205.4915988445282s
Processing frame: 5800
Elapsed time: 1248.7071495056152s
Processing frame: 6000
Elapsed time: 1291.236986875534s
Processing frame: 6200
Elapsed time: 1334.4003462791443s
Processing frame: 6400
Elapsed time: 1377.488445520401s
Processing frame: 6600
Elapsed time: 1419.9541144371033s
Processing frame: 6800
Elapsed time: 1462.9751887321472s
Processing frame: 7000
Elapsed time: 1505.985651731491s
Processing frame: 7200
Elapsed time: 1548.38068151474s
Processing frame: 7400
Elapsed time: 1591.4026408195496s
Processing frame: 7600
Elapsed time: 1634.4750678539276s
Processing frame: 7800
Elapsed time: 1677.2270431518555s
Processing frame: 8000
Elapsed time: 1720.221045255661s
Processing frame: 8200
Elapsed time: 1763.2293779850006s
Processing frame: 8400
Elapsed time: 1805.6491782665253s
Processing frame: 8600
Elapsed time: 1848.6606481075287s
Processing frame: 8800
Elapsed time: 1891.6838974952698s
Processing frame: 9000
Elapsed time: 1934.125495672226s
Processing frame: 9200
Elapsed time: 1977.0958755016327s
Processing frame: 9400
Elapsed time: 2020.1805210113525s
Processing frame: 9600
Elapsed time: 2062.6456475257874s
Processing frame: 9800
Elapsed time: 2105.706242084503s
Processing frame: 10000
Elapsed time: 2148.784594774246s
Processing frame: 10200
Elapsed time: 2191.239589214325s
Processing frame: 10400
Elapsed time: 2234.314890384674s
Processing frame: 10600
Elapsed time: 2277.394519329071s
Processing frame: 10800
Elapsed time: 2319.747613430023s
Processing frame: 11000
Elapsed time: 2362.763064146042s
Processing frame: 11200
Elapsed time: 2405.7315003871918s
Processing frame: 11400
Elapsed time: 2448.1933739185333s
Processing frame: 11600
Elapsed time: 2491.2175142765045s
Processing frame: 11800
Elapsed time: 2534.1626584529877s
Processing frame: 12000
Elapsed time: 2576.514731645584s
Processing frame: 12200
Elapsed time: 2619.461391687393s
Processing frame: 12400
Elapsed time: 2662.359542131424s
Processing frame: 12600
Elapsed time: 2704.6850051879883s
Processing frame: 12800
Elapsed time: 2747.6517758369446s
Processing frame: 13000
Elapsed time: 2790.6377670764923s
Processing frame: 13200
Elapsed time: 2833.0664525032043s
Processing frame: 13400
Elapsed time: 2875.989470243454s
Processing frame: 13600
Elapsed time: 2919.03107881546s
Processing frame: 13800
Elapsed time: 2961.4587001800537s
Processing frame: 14000
Elapsed time: 3004.4818243980408s
Processing frame: 14200
Elapsed time: 3047.493413925171s
Frame: 14382, grabbed=False and frame=None
Processing frame: 0
Processing frame: 200
Processing frame: 400
Processing frame: 600
Processing frame: 800
Processing frame: 1000
Processing frame: 1200
Processing frame: 1400
Processing frame: 1600
Processing frame: 1800
Processing frame: 2000
Processing frame: 2200
Processing frame: 2400
Processing frame: 2600
Processing frame: 2800
Processing frame: 3000
Processing frame: 3200
Processing frame: 3400
Processing frame: 3600
Processing frame: 3800
Processing frame: 4000
Processing frame: 4200
Processing frame: 4400
Processing frame: 4600
