-------------------------------------------------------------------------------
There are messages associated with the following module(s):
-------------------------------------------------------------------------------

python/3.5.2:
   This module is deprecated and will be removed in the future. Please
   upgrade to python/3.5. If you had created virtual environments we
   recommend to recreate them. Ce module est marqué pour être retiré et
   sera supprimé dans le futur. Veuillez utiliser python/3.5. Si vous aviez
   créé un environnement virtuel, nous vous recommandons de le recréer.

-------------------------------------------------------------------------------

sh: openposeEnv_Python3/bin/activate: No such file or directory
OpenPose Library Python Wrapper
Raw frames per second: 24.913610557579336
Crop: Video not from Camera1 or Camera2!
Frame width:1152, Frame height:972.
Polygon: Video not from Camera1 or Camera2!
Total frame number: 14970.0
Processing frame: 0
Elapsed time: 1.1444091796875e-05s
Processing frame: 200
Elapsed time: 48.8051815032959s
Processing frame: 400
Elapsed time: 92.89378452301025s
Processing frame: 600
Elapsed time: 136.4564287662506s
Processing frame: 800
Elapsed time: 180.53944301605225s
Processing frame: 1000
Elapsed time: 224.77712559700012s
Processing frame: 1200
Elapsed time: 268.2659294605255s
Processing frame: 1400
Elapsed time: 312.40566849708557s
Processing frame: 1600
Elapsed time: 356.41954159736633s
Processing frame: 1800
Elapsed time: 399.9147708415985s
Processing frame: 2000
Elapsed time: 443.93767952919006s
Processing frame: 2200
Elapsed time: 488.04151916503906s
Processing frame: 2400
Elapsed time: 531.5644528865814s
Processing frame: 2600
Elapsed time: 575.7123396396637s
Processing frame: 2800
Elapsed time: 619.8440086841583s
Processing frame: 3000
Elapsed time: 663.4347405433655s
Processing frame: 3200
Elapsed time: 707.5483436584473s
Processing frame: 3400
Elapsed time: 751.6191902160645s
Processing frame: 3600
Elapsed time: 794.9815535545349s
Processing frame: 3800
Elapsed time: 839.0954892635345s
Processing frame: 4000
Elapsed time: 883.2042570114136s
Processing frame: 4200
Elapsed time: 926.7926216125488s
Processing frame: 4400
Elapsed time: 971.0325012207031s
Processing frame: 4600
Elapsed time: 1015.041520357132s
Processing frame: 4800
Elapsed time: 1058.5481300354004s
Processing frame: 5000
Elapsed time: 1102.637480020523s
Processing frame: 5200
Elapsed time: 1146.7967274188995s
Processing frame: 5400
Elapsed time: 1190.3328199386597s
Processing frame: 5600
Elapsed time: 1234.4983513355255s
Processing frame: 5800
Elapsed time: 1278.6173191070557s
Processing frame: 6000
Elapsed time: 1322.0755639076233s
Processing frame: 6200
Elapsed time: 1365.9955370426178s
Processing frame: 6400
Elapsed time: 1409.9368250370026s
Processing frame: 6600
Elapsed time: 1453.217238664627s
Processing frame: 6800
Elapsed time: 1497.0792996883392s
Processing frame: 7000
Elapsed time: 1540.9738652706146s
Processing frame: 7200
Elapsed time: 1584.3952538967133s
Processing frame: 7400
Elapsed time: 1628.577584028244s
Processing frame: 7600
Elapsed time: 1672.7402083873749s
Processing frame: 7800
Elapsed time: 1716.1444668769836s
Processing frame: 8000
Elapsed time: 1760.1173152923584s
Processing frame: 8200
Elapsed time: 1804.2063086032867s
Processing frame: 8400
Elapsed time: 1847.600876569748s
Processing frame: 8600
Elapsed time: 1891.534063577652s
Processing frame: 8800
Elapsed time: 1935.6238932609558s
Processing frame: 9000
Elapsed time: 1979.1536984443665s
Processing frame: 9200
Elapsed time: 2023.315068244934s
Processing frame: 9400
Elapsed time: 2067.3972058296204s
Processing frame: 9600
Elapsed time: 2110.842598438263s
Processing frame: 9800
Elapsed time: 2154.932402610779s
Processing frame: 10000
Elapsed time: 2199.095602989197s
Processing frame: 10200
Elapsed time: 2242.488564968109s
Processing frame: 10400
Elapsed time: 2286.561217069626s
Processing frame: 10600
Elapsed time: 2330.667993545532s
Processing frame: 10800
Elapsed time: 2374.0278704166412s
Processing frame: 11000
Elapsed time: 2418.1050832271576s
Processing frame: 11200
Elapsed time: 2462.1007647514343s
Processing frame: 11400
Elapsed time: 2505.4377875328064s
Processing frame: 11600
Elapsed time: 2549.491919517517s
Processing frame: 11800
Elapsed time: 2593.4890189170837s
Processing frame: 12000
Elapsed time: 2636.802377462387s
Processing frame: 12200
Elapsed time: 2680.7854175567627s
Processing frame: 12400
Elapsed time: 2724.7858414649963s
Processing frame: 12600
Elapsed time: 2768.131485939026s
Processing frame: 12800
Elapsed time: 2812.0868582725525s
Processing frame: 13000
Elapsed time: 2856.0040204524994s
Processing frame: 13200
Elapsed time: 2899.345473051071s
Processing frame: 13400
Elapsed time: 2943.2478709220886s
Processing frame: 13600
Elapsed time: 2987.1034376621246s
Processing frame: 13800
Elapsed time: 3030.528130531311s
Processing frame: 14000
Elapsed time: 3074.5576009750366s
Processing frame: 14200
Elapsed time: 3118.45432806015s
Processing frame: 14400
Elapsed time: 3161.7476122379303s
Processing frame: 14600
Elapsed time: 3205.7157588005066s
Processing frame: 14800
Elapsed time: 3249.7774612903595s
Processing frame: 0
Processing frame: 200
Processing frame: 400
Processing frame: 600
Processing frame: 800
Processing frame: 1000
Processing frame: 1200
Processing frame: 1400
Processing frame: 1600
Processing frame: 1800
Processing frame: 2000
Processing frame: 2200
Processing frame: 2400
Processing frame: 2600
Processing frame: 2800
Processing frame: 3000
Processing frame: 3200
Processing frame: 3400
Processing frame: 3600
Processing frame: 3800
Processing frame: 4000
Processing frame: 4200
Processing frame: 4400
Processing frame: 4600
Processing frame: 4800
