-------------------------------------------------------------------------------
There are messages associated with the following module(s):
-------------------------------------------------------------------------------

python/3.5.2:
   This module is deprecated and will be removed in the future. Please
   upgrade to python/3.5. If you had created virtual environments we
   recommend to recreate them. Ce module est marqué pour être retiré et
   sera supprimé dans le futur. Veuillez utiliser python/3.5. Si vous aviez
   créé un environnement virtuel, nous vous recommandons de le recréer.

-------------------------------------------------------------------------------

sh: openposeEnv_Python3/bin/activate: No such file or directory
OpenPose Library Python Wrapper
Raw frames per second: 17.872545960921943
Frame width:1152, Frame height:972.
Total frame number: 10777.0
Processing frame: 0
Elapsed time: 1.1205673217773438e-05s
Processing frame: 200
Elapsed time: 48.694697856903076s
Processing frame: 400
Elapsed time: 92.82936882972717s
Processing frame: 600
Elapsed time: 136.365820646286s
Processing frame: 800
Elapsed time: 180.49275255203247s
Processing frame: 1000
Elapsed time: 224.6803846359253s
Processing frame: 1200
Elapsed time: 268.19833612442017s
Processing frame: 1400
Elapsed time: 312.37119793891907s
Processing frame: 1600
Elapsed time: 356.5377013683319s
Processing frame: 1800
Elapsed time: 400.0655372142792s
Processing frame: 2000
Elapsed time: 444.15810441970825s
Processing frame: 2200
Elapsed time: 488.42727851867676s
Processing frame: 2400
Elapsed time: 531.8743109703064s
Processing frame: 2600
Elapsed time: 575.8686108589172s
Processing frame: 2800
Elapsed time: 619.9597954750061s
Processing frame: 3000
Elapsed time: 663.3701972961426s
Processing frame: 3200
Elapsed time: 707.3165826797485s
Processing frame: 3400
Elapsed time: 751.3602104187012s
Processing frame: 3600
Elapsed time: 794.847359418869s
Processing frame: 3800
Elapsed time: 838.8880577087402s
Processing frame: 4000
Elapsed time: 882.9622979164124s
Processing frame: 4200
Elapsed time: 926.4836192131042s
Processing frame: 4400
Elapsed time: 970.6278102397919s
Processing frame: 4600
Elapsed time: 1014.9296486377716s
Processing frame: 4800
Elapsed time: 1058.4646742343903s
Processing frame: 5000
Elapsed time: 1102.5266053676605s
Processing frame: 5200
Elapsed time: 1146.6505336761475s
Processing frame: 5400
Elapsed time: 1190.039157629013s
Processing frame: 5600
Elapsed time: 1234.0903317928314s
Processing frame: 5800
Elapsed time: 1278.1635150909424s
Processing frame: 6000
Elapsed time: 1321.6126523017883s
Processing frame: 6200
Elapsed time: 1365.677975177765s
Processing frame: 6400
Elapsed time: 1409.8786058425903s
Processing frame: 6600
Elapsed time: 1453.3804681301117s
Processing frame: 6800
Elapsed time: 1497.4171602725983s
Processing frame: 7000
Elapsed time: 1541.325283050537s
Processing frame: 7200
Elapsed time: 1584.775788784027s
Processing frame: 7400
Elapsed time: 1628.7436723709106s
Processing frame: 7600
Elapsed time: 1672.728529214859s
Processing frame: 7800
Elapsed time: 1716.0449860095978s
Processing frame: 8000
Elapsed time: 1759.9972732067108s
Processing frame: 8200
Elapsed time: 1803.9842586517334s
Processing frame: 8400
Elapsed time: 1847.2462453842163s
Processing frame: 8600
Elapsed time: 1891.152767419815s
Processing frame: 8800
Elapsed time: 1935.3019154071808s
Processing frame: 9000
Elapsed time: 1978.6922781467438s
Processing frame: 9200
Elapsed time: 2022.7528219223022s
Processing frame: 9400
Elapsed time: 2066.7712273597717s
Processing frame: 9600
Elapsed time: 2110.201956510544s
Processing frame: 9800
Elapsed time: 2154.2164645195007s
Processing frame: 10000
Elapsed time: 2198.3425736427307s
Processing frame: 10200
Elapsed time: 2241.7760968208313s
Processing frame: 10400
Elapsed time: 2285.996718645096s
Processing frame: 10600
Elapsed time: 2330.035790681839s
Frame: 10776, grabbed=False and frame=None
Processing frame: 0
Processing frame: 200
Processing frame: 400
Processing frame: 600
Processing frame: 800
Processing frame: 1000
Processing frame: 1200
Processing frame: 1400
Processing frame: 1600
Processing frame: 1800
Processing frame: 2000
Processing frame: 2200
Processing frame: 2400
Processing frame: 2600
Processing frame: 2800
Processing frame: 3000
Processing frame: 3200
Processing frame: 3400
