-------------------------------------------------------------------------------
There are messages associated with the following module(s):
-------------------------------------------------------------------------------

python/3.5.2:
   This module is deprecated and will be removed in the future. Please
   upgrade to python/3.5. If you had created virtual environments we
   recommend to recreate them. Ce module est marqué pour être retiré et
   sera supprimé dans le futur. Veuillez utiliser python/3.5. Si vous aviez
   créé un environnement virtuel, nous vous recommandons de le recréer.

-------------------------------------------------------------------------------

sh: openposeEnv_Python3/bin/activate: No such file or directory
OpenPose Library Python Wrapper
Raw frames per second: 17.43554543279981
Crop: Video not from Camera1 or Camera2!
Frame width:1152, Frame height:972.
Polygon: Video not from Camera1 or Camera2!
Total frame number: 10478.0
Processing frame: 0
Elapsed time: 9.298324584960938e-06s
Processing frame: 200
Elapsed time: 48.915754318237305s
Processing frame: 400
Elapsed time: 93.03702139854431s
Processing frame: 600
Elapsed time: 136.53053283691406s
Processing frame: 800
Elapsed time: 180.50543999671936s
Processing frame: 1000
Elapsed time: 224.40185642242432s
Processing frame: 1200
Elapsed time: 267.71168279647827s
Processing frame: 1400
Elapsed time: 311.8362386226654s
Processing frame: 1600
Elapsed time: 355.94673013687134s
Processing frame: 1800
Elapsed time: 399.37271189689636s
Processing frame: 2000
Elapsed time: 443.3844826221466s
Processing frame: 2200
Elapsed time: 487.50894260406494s
Processing frame: 2400
Elapsed time: 530.8759777545929s
Processing frame: 2600
Elapsed time: 575.0931146144867s
Processing frame: 2800
Elapsed time: 619.1305990219116s
Processing frame: 3000
Elapsed time: 662.5596804618835s
Processing frame: 3200
Elapsed time: 706.6670129299164s
Processing frame: 3400
Elapsed time: 750.730676651001s
Processing frame: 3600
Elapsed time: 794.095721244812s
Processing frame: 3800
Elapsed time: 838.0841209888458s
Processing frame: 4000
Elapsed time: 882.1714940071106s
Processing frame: 4200
Elapsed time: 925.6315937042236s
Processing frame: 4400
Elapsed time: 969.5863175392151s
Processing frame: 4600
Elapsed time: 1013.5597603321075s
Processing frame: 4800
Elapsed time: 1056.9948110580444s
Processing frame: 5000
Elapsed time: 1100.9420206546783s
Processing frame: 5200
Elapsed time: 1145.0484569072723s
Processing frame: 5400
Elapsed time: 1188.5214703083038s
Processing frame: 5600
Elapsed time: 1232.4748003482819s
Processing frame: 5800
Elapsed time: 1276.390282869339s
Processing frame: 6000
Elapsed time: 1319.750099182129s
Processing frame: 6200
Elapsed time: 1363.7739400863647s
Processing frame: 6400
Elapsed time: 1407.6538679599762s
Processing frame: 6600
Elapsed time: 1450.8464255332947s
Processing frame: 6800
Elapsed time: 1494.837951183319s
Processing frame: 7000
Elapsed time: 1538.7462859153748s
Processing frame: 7200
Elapsed time: 1581.9871141910553s
Processing frame: 7400
Elapsed time: 1626.0085253715515s
Processing frame: 7600
Elapsed time: 1669.9588425159454s
Processing frame: 7800
Elapsed time: 1713.3276627063751s
Processing frame: 8000
Elapsed time: 1757.340077161789s
Processing frame: 8200
Elapsed time: 1801.1841797828674s
Processing frame: 8400
Elapsed time: 1844.4573605060577s
Processing frame: 8600
Elapsed time: 1888.4178156852722s
Processing frame: 8800
Elapsed time: 1932.3959963321686s
Processing frame: 9000
Elapsed time: 1975.693487405777s
Processing frame: 9200
Elapsed time: 2019.713346004486s
Processing frame: 9400
Elapsed time: 2063.8535623550415s
Processing frame: 9600
Elapsed time: 2107.2325551509857s
Processing frame: 9800
Elapsed time: 2151.2293260097504s
Processing frame: 10000
Elapsed time: 2195.132975101471s
Processing frame: 10200
Elapsed time: 2238.513385295868s
Processing frame: 10400
Elapsed time: 2282.391164779663s
Processing frame: 0
Processing frame: 200
Processing frame: 400
Processing frame: 600
Processing frame: 800
Processing frame: 1000
Processing frame: 1200
Processing frame: 1400
Processing frame: 1600
Processing frame: 1800
Processing frame: 2000
Processing frame: 2200
Processing frame: 2400
Processing frame: 2600
Processing frame: 2800
Processing frame: 3000
Processing frame: 3200
Processing frame: 3400
