-------------------------------------------------------------------------------
There are messages associated with the following module(s):
-------------------------------------------------------------------------------

python/3.5.2:
   This module is deprecated and will be removed in the future. Please
   upgrade to python/3.5. If you had created virtual environments we
   recommend to recreate them. Ce module est marqué pour être retiré et
   sera supprimé dans le futur. Veuillez utiliser python/3.5. Si vous aviez
   créé un environnement virtuel, nous vous recommandons de le recréer.

-------------------------------------------------------------------------------

sh: openposeEnv_Python3/bin/activate: No such file or directory
OpenPose Library Python Wrapper
Raw frames per second: 24.188110069036586
Frame width:1152, Frame height:972.
Total frame number: 14547.0
Processing frame: 0
Elapsed time: 1.239776611328125e-05s
Processing frame: 200
Elapsed time: 47.44996666908264s
Processing frame: 400
Elapsed time: 90.86358761787415s
Processing frame: 600
Elapsed time: 133.7091155052185s
Processing frame: 800
Elapsed time: 177.1623673439026s
Processing frame: 1000
Elapsed time: 220.71382904052734s
Processing frame: 1200
Elapsed time: 263.48077392578125s
Processing frame: 1400
Elapsed time: 306.86268043518066s
Processing frame: 1600
Elapsed time: 350.28459787368774s
Processing frame: 1800
Elapsed time: 393.1460556983948s
Processing frame: 2000
Elapsed time: 436.64422392845154s
Processing frame: 2200
Elapsed time: 480.21686840057373s
Processing frame: 2400
Elapsed time: 523.0896329879761s
Processing frame: 2600
Elapsed time: 566.5661807060242s
Processing frame: 2800
Elapsed time: 610.0377020835876s
Processing frame: 3000
Elapsed time: 652.9390966892242s
Processing frame: 3200
Elapsed time: 696.3292944431305s
Processing frame: 3400
Elapsed time: 739.753903388977s
Processing frame: 3600
Elapsed time: 782.6264581680298s
Processing frame: 3800
Elapsed time: 826.1507170200348s
Processing frame: 4000
Elapsed time: 869.7585937976837s
Processing frame: 4200
Elapsed time: 912.6495525836945s
Processing frame: 4400
Elapsed time: 956.0552628040314s
Processing frame: 4600
Elapsed time: 999.4981906414032s
Processing frame: 4800
Elapsed time: 1042.3143439292908s
Processing frame: 5000
Elapsed time: 1085.8806076049805s
Processing frame: 5200
Elapsed time: 1129.3877265453339s
Processing frame: 5400
Elapsed time: 1172.290231704712s
Processing frame: 5600
Elapsed time: 1215.6773300170898s
Processing frame: 5800
Elapsed time: 1259.0348165035248s
Processing frame: 6000
Elapsed time: 1301.844563484192s
Processing frame: 6200
Elapsed time: 1345.351704120636s
Processing frame: 6400
Elapsed time: 1388.8580572605133s
Processing frame: 6600
Elapsed time: 1431.7204031944275s
Processing frame: 6800
Elapsed time: 1475.3166162967682s
Processing frame: 7000
Elapsed time: 1518.8307974338531s
Processing frame: 7200
Elapsed time: 1561.6595022678375s
Processing frame: 7400
Elapsed time: 1605.2000799179077s
Processing frame: 7600
Elapsed time: 1648.6857013702393s
Processing frame: 7800
Elapsed time: 1691.554599761963s
Processing frame: 8000
Elapsed time: 1735.0301690101624s
Processing frame: 8200
Elapsed time: 1778.5290648937225s
Processing frame: 8400
Elapsed time: 1821.364175081253s
Processing frame: 8600
Elapsed time: 1864.8432569503784s
Processing frame: 8800
Elapsed time: 1908.4085941314697s
Processing frame: 9000
Elapsed time: 1951.2815129756927s
Processing frame: 9200
Elapsed time: 1994.7831971645355s
Processing frame: 9400
Elapsed time: 2038.2912211418152s
Processing frame: 9600
Elapsed time: 2081.1239206790924s
Processing frame: 9800
Elapsed time: 2124.5785398483276s
Processing frame: 10000
Elapsed time: 2168.0048360824585s
Processing frame: 10200
Elapsed time: 2210.7933599948883s
Processing frame: 10400
Elapsed time: 2254.182237625122s
Processing frame: 10600
Elapsed time: 2297.5132496356964s
Processing frame: 10800
Elapsed time: 2340.239649772644s
Processing frame: 11000
Elapsed time: 2383.6256051063538s
Processing frame: 11200
Elapsed time: 2427.08181142807s
Processing frame: 11400
Elapsed time: 2469.7635622024536s
Processing frame: 11600
Elapsed time: 2513.1230251789093s
Processing frame: 11800
Elapsed time: 2556.5298516750336s
Processing frame: 12000
Elapsed time: 2599.197169303894s
Processing frame: 12200
Elapsed time: 2642.656920194626s
Processing frame: 12400
Elapsed time: 2686.0979425907135s
Processing frame: 12600
Elapsed time: 2728.797396183014s
Processing frame: 12800
Elapsed time: 2772.200906276703s
Processing frame: 13000
Elapsed time: 2815.5995619297028s
Processing frame: 13200
Elapsed time: 2858.5174322128296s
Processing frame: 13400
Elapsed time: 2901.9791955947876s
Processing frame: 13600
Elapsed time: 2945.2972359657288s
Processing frame: 13800
Elapsed time: 2988.07541179657s
Processing frame: 14000
Elapsed time: 3031.5133051872253s
Processing frame: 14200
Elapsed time: 3075.078450679779s
Processing frame: 14400
Elapsed time: 3117.9347100257874s
Processing frame: 0
Processing frame: 200
Processing frame: 400
Processing frame: 600
Processing frame: 800
Processing frame: 1000
Processing frame: 1200
Processing frame: 1400
Processing frame: 1600
Processing frame: 1800
Processing frame: 2000
Processing frame: 2200
Processing frame: 2400
Processing frame: 2600
Processing frame: 2800
Processing frame: 3000
Processing frame: 3200
Processing frame: 3400
Processing frame: 3600
Processing frame: 3800
Processing frame: 4000
Processing frame: 4200
Processing frame: 4400
Processing frame: 4600
Processing frame: 4800
