-------------------------------------------------------------------------------
There are messages associated with the following module(s):
-------------------------------------------------------------------------------

python/3.5.2:
   This module is deprecated and will be removed in the future. Please
   upgrade to python/3.5. If you had created virtual environments we
   recommend to recreate them. Ce module est marqué pour être retiré et
   sera supprimé dans le futur. Veuillez utiliser python/3.5. Si vous aviez
   créé un environnement virtuel, nous vous recommandons de le recréer.

-------------------------------------------------------------------------------

sh: openposeEnv_Python3/bin/activate: No such file or directory
OpenPose Library Python Wrapper
Raw frames per second: 24.042313909078867
Crop: Video not from Camera1 or Camera2!
Frame width:1152, Frame height:972.
Polygon: Video not from Camera1 or Camera2!
Total frame number: 14509.0
Processing frame: 0
Elapsed time: 9.775161743164062e-06s
Processing frame: 200
Elapsed time: 48.91340208053589s
Processing frame: 400
Elapsed time: 93.03813338279724s
Processing frame: 600
Elapsed time: 136.40790462493896s
Processing frame: 800
Elapsed time: 180.58658695220947s
Processing frame: 1000
Elapsed time: 224.79117012023926s
Processing frame: 1200
Elapsed time: 268.304767370224s
Processing frame: 1400
Elapsed time: 312.4276337623596s
Processing frame: 1600
Elapsed time: 356.49007272720337s
Processing frame: 1800
Elapsed time: 399.892587184906s
Processing frame: 2000
Elapsed time: 443.996901512146s
Processing frame: 2200
Elapsed time: 488.1062309741974s
Processing frame: 2400
Elapsed time: 531.6422846317291s
Processing frame: 2600
Elapsed time: 575.8019826412201s
Processing frame: 2800
Elapsed time: 620.0286040306091s
Processing frame: 3000
Elapsed time: 663.6513564586639s
Processing frame: 3200
Elapsed time: 707.8870058059692s
Processing frame: 3400
Elapsed time: 752.1421375274658s
Processing frame: 3600
Elapsed time: 795.566422700882s
Processing frame: 3800
Elapsed time: 839.8223893642426s
Processing frame: 4000
Elapsed time: 883.9916512966156s
Processing frame: 4200
Elapsed time: 927.5256752967834s
Processing frame: 4400
Elapsed time: 971.5753128528595s
Processing frame: 4600
Elapsed time: 1015.6312201023102s
Processing frame: 4800
Elapsed time: 1059.1013360023499s
Processing frame: 5000
Elapsed time: 1103.1456611156464s
Processing frame: 5200
Elapsed time: 1147.2540690898895s
Processing frame: 5400
Elapsed time: 1190.6989533901215s
Processing frame: 5600
Elapsed time: 1234.922307729721s
Processing frame: 5800
Elapsed time: 1278.9788551330566s
Processing frame: 6000
Elapsed time: 1322.4072480201721s
Processing frame: 6200
Elapsed time: 1366.31911110878s
Processing frame: 6400
Elapsed time: 1410.3812539577484s
Processing frame: 6600
Elapsed time: 1453.8281466960907s
Processing frame: 6800
Elapsed time: 1497.8943247795105s
Processing frame: 7000
Elapsed time: 1542.0235545635223s
Processing frame: 7200
Elapsed time: 1585.4574401378632s
Processing frame: 7400
Elapsed time: 1629.4302604198456s
Processing frame: 7600
Elapsed time: 1673.3151895999908s
Processing frame: 7800
Elapsed time: 1716.6735396385193s
Processing frame: 8000
Elapsed time: 1760.6469683647156s
Processing frame: 8200
Elapsed time: 1804.6455867290497s
Processing frame: 8400
Elapsed time: 1848.1153964996338s
Processing frame: 8600
Elapsed time: 1892.2412145137787s
Processing frame: 8800
Elapsed time: 1936.3718128204346s
Processing frame: 9000
Elapsed time: 1979.7646038532257s
Processing frame: 9200
Elapsed time: 2023.7314898967743s
Processing frame: 9400
Elapsed time: 2067.6598517894745s
Processing frame: 9600
Elapsed time: 2111.0092062950134s
Processing frame: 9800
Elapsed time: 2155.0283749103546s
Processing frame: 10000
Elapsed time: 2198.9828610420227s
Processing frame: 10200
Elapsed time: 2242.3595452308655s
Processing frame: 10400
Elapsed time: 2286.412577390671s
Processing frame: 10600
Elapsed time: 2330.5100593566895s
Processing frame: 10800
Elapsed time: 2373.9696850776672s
Processing frame: 11000
Elapsed time: 2417.9595115184784s
Processing frame: 11200
Elapsed time: 2461.936491250992s
Processing frame: 11400
Elapsed time: 2505.336772441864s
Processing frame: 11600
Elapsed time: 2549.3122067451477s
Processing frame: 11800
Elapsed time: 2593.244348526001s
Processing frame: 12000
Elapsed time: 2636.573041200638s
Processing frame: 12200
Elapsed time: 2680.669418334961s
Processing frame: 12400
Elapsed time: 2724.7041301727295s
Processing frame: 12600
Elapsed time: 2768.176310300827s
Processing frame: 12800
Elapsed time: 2812.2504377365112s
Processing frame: 13000
Elapsed time: 2856.291685819626s
Processing frame: 13200
Elapsed time: 2899.6959993839264s
Processing frame: 13400
Elapsed time: 2943.612910747528s
Processing frame: 13600
Elapsed time: 2987.638306617737s
Processing frame: 13800
Elapsed time: 3031.02418589592s
Processing frame: 14000
Elapsed time: 3075.0522344112396s
Processing frame: 14200
Elapsed time: 3119.084710121155s
Processing frame: 14400
Elapsed time: 3162.637044906616s
Frame: 14508, grabbed=False and frame=None
Processing frame: 0
Processing frame: 200
Processing frame: 400
Processing frame: 600
Processing frame: 800
Processing frame: 1000
Processing frame: 1200
Processing frame: 1400
Processing frame: 1600
Processing frame: 1800
Processing frame: 2000
Processing frame: 2200
Processing frame: 2400
Processing frame: 2600
Processing frame: 2800
Processing frame: 3000
Processing frame: 3200
Processing frame: 3400
Processing frame: 3600
Processing frame: 3800
Processing frame: 4000
Processing frame: 4200
Processing frame: 4400
Processing frame: 4600
Processing frame: 4800
