-------------------------------------------------------------------------------
There are messages associated with the following module(s):
-------------------------------------------------------------------------------

python/3.5.2:
   This module is deprecated and will be removed in the future. Please
   upgrade to python/3.5. If you had created virtual environments we
   recommend to recreate them. Ce module est marqué pour être retiré et
   sera supprimé dans le futur. Veuillez utiliser python/3.5. Si vous aviez
   créé un environnement virtuel, nous vous recommandons de le recréer.

-------------------------------------------------------------------------------

sh: openposeEnv_Python3/bin/activate: No such file or directory
OpenPose Library Python Wrapper
Raw frames per second: 14.495136183539742
Crop: Video not from Camera1 or Camera2!
Frame width:1152, Frame height:972.
Polygon: Video not from Camera1 or Camera2!
Total frame number: 8729.0
Processing frame: 0
Elapsed time: 1.2874603271484375e-05s
Processing frame: 200
Elapsed time: 50.63013291358948s
Processing frame: 400
Elapsed time: 94.76049566268921s
Processing frame: 600
Elapsed time: 138.19216203689575s
Processing frame: 800
Elapsed time: 182.2069854736328s
Processing frame: 1000
Elapsed time: 226.36937975883484s
Processing frame: 1200
Elapsed time: 269.93087244033813s
Processing frame: 1400
Elapsed time: 314.3901855945587s
Processing frame: 1600
Elapsed time: 358.6052997112274s
Processing frame: 1800
Elapsed time: 402.27905893325806s
Processing frame: 2000
Elapsed time: 446.59700870513916s
Processing frame: 2200
Elapsed time: 490.8558762073517s
Processing frame: 2400
Elapsed time: 534.4945251941681s
Processing frame: 2600
Elapsed time: 578.768604516983s
Processing frame: 2800
Elapsed time: 623.025990486145s
Processing frame: 3000
Elapsed time: 666.6757926940918s
Processing frame: 3200
Elapsed time: 710.8204028606415s
Processing frame: 3400
Elapsed time: 755.0756282806396s
Processing frame: 3600
Elapsed time: 798.8011522293091s
Processing frame: 3800
Elapsed time: 842.9327230453491s
Processing frame: 4000
Elapsed time: 887.1713976860046s
Processing frame: 4200
Elapsed time: 930.6683666706085s
Processing frame: 4400
Elapsed time: 975.063946723938s
Processing frame: 4600
Elapsed time: 1019.4199192523956s
Processing frame: 4800
Elapsed time: 1063.0185647010803s
Processing frame: 5000
Elapsed time: 1107.1753871440887s
Processing frame: 5200
Elapsed time: 1151.4238817691803s
Processing frame: 5400
Elapsed time: 1194.8790843486786s
Processing frame: 5600
Elapsed time: 1239.0093264579773s
Processing frame: 5800
Elapsed time: 1283.1679809093475s
Processing frame: 6000
Elapsed time: 1326.863757610321s
Processing frame: 6200
Elapsed time: 1371.2053318023682s
Processing frame: 6400
Elapsed time: 1415.516619682312s
Processing frame: 6600
Elapsed time: 1459.060819387436s
Processing frame: 6800
Elapsed time: 1503.320940732956s
Processing frame: 7000
Elapsed time: 1547.6327583789825s
Processing frame: 7200
Elapsed time: 1591.318960428238s
Processing frame: 7400
Elapsed time: 1635.4489660263062s
Processing frame: 7600
Elapsed time: 1679.7302842140198s
Processing frame: 7800
Elapsed time: 1723.2856352329254s
Processing frame: 8000
Elapsed time: 1767.51389670372s
Processing frame: 8200
Elapsed time: 1811.6987345218658s
Processing frame: 8400
Elapsed time: 1855.3457973003387s
Processing frame: 8600
Elapsed time: 1899.48250746727s
Processing frame: 0
Processing frame: 200
Processing frame: 400
Processing frame: 600
Processing frame: 800
Processing frame: 1000
Processing frame: 1200
Processing frame: 1400
Processing frame: 1600
Processing frame: 1800
Processing frame: 2000
Processing frame: 2200
Processing frame: 2400
Processing frame: 2600
Processing frame: 2800
