-------------------------------------------------------------------------------
There are messages associated with the following module(s):
-------------------------------------------------------------------------------

python/3.5.2:
   This module is deprecated and will be removed in the future. Please
   upgrade to python/3.5. If you had created virtual environments we
   recommend to recreate them. Ce module est marqué pour être retiré et
   sera supprimé dans le futur. Veuillez utiliser python/3.5. Si vous aviez
   créé un environnement virtuel, nous vous recommandons de le recréer.

-------------------------------------------------------------------------------

sh: openposeEnv_Python3/bin/activate: No such file or directory
OpenPose Library Python Wrapper
Raw frames per second: 20.299514872029732
Frame width:1152, Frame height:972.
Total frame number: 12239.0
Processing frame: 0
Elapsed time: 1.1444091796875e-05s
Processing frame: 200
Elapsed time: 48.58689069747925s
Processing frame: 400
Elapsed time: 92.43034839630127s
Processing frame: 600
Elapsed time: 135.6313557624817s
Processing frame: 800
Elapsed time: 179.3701364994049s
Processing frame: 1000
Elapsed time: 223.13402152061462s
Processing frame: 1200
Elapsed time: 266.4334921836853s
Processing frame: 1400
Elapsed time: 310.37308382987976s
Processing frame: 1600
Elapsed time: 354.26145029067993s
Processing frame: 1800
Elapsed time: 397.2471239566803s
Processing frame: 2000
Elapsed time: 440.9767339229584s
Processing frame: 2200
Elapsed time: 484.65178179740906s
Processing frame: 2400
Elapsed time: 527.7682309150696s
Processing frame: 2600
Elapsed time: 571.5291397571564s
Processing frame: 2800
Elapsed time: 615.2321763038635s
Processing frame: 3000
Elapsed time: 658.2542426586151s
Processing frame: 3200
Elapsed time: 702.0869052410126s
Processing frame: 3400
Elapsed time: 745.8363337516785s
Processing frame: 3600
Elapsed time: 789.1846175193787s
Processing frame: 3800
Elapsed time: 832.9387471675873s
Processing frame: 4000
Elapsed time: 876.7206048965454s
Processing frame: 4200
Elapsed time: 919.8629839420319s
Processing frame: 4400
Elapsed time: 963.748613357544s
Processing frame: 4600
Elapsed time: 1007.4201076030731s
Processing frame: 4800
Elapsed time: 1050.4645354747772s
Processing frame: 5000
Elapsed time: 1094.1405563354492s
Processing frame: 5200
Elapsed time: 1137.8507196903229s
Processing frame: 5400
Elapsed time: 1180.9941837787628s
Processing frame: 5600
Elapsed time: 1224.6276631355286s
Processing frame: 5800
Elapsed time: 1268.197547197342s
Processing frame: 6000
Elapsed time: 1311.1886870861053s
Processing frame: 6200
Elapsed time: 1354.8841502666473s
Processing frame: 6400
Elapsed time: 1398.573124408722s
Processing frame: 6600
Elapsed time: 1441.6803798675537s
Processing frame: 6800
Elapsed time: 1485.4302115440369s
Processing frame: 7000
Elapsed time: 1529.2066900730133s
Processing frame: 7200
Elapsed time: 1572.2970979213715s
Processing frame: 7400
Elapsed time: 1616.3850030899048s
Processing frame: 7600
Elapsed time: 1660.5574939250946s
Processing frame: 7800
Elapsed time: 1704.065557718277s
Processing frame: 8000
Elapsed time: 1748.242840051651s
Processing frame: 8200
Elapsed time: 1792.4449763298035s
Processing frame: 8400
Elapsed time: 1836.0836818218231s
Processing frame: 8600
Elapsed time: 1880.355476140976s
Processing frame: 8800
Elapsed time: 1924.5649418830872s
Processing frame: 9000
Elapsed time: 1968.1376445293427s
Processing frame: 9200
Elapsed time: 2012.3100769519806s
Processing frame: 9400
Elapsed time: 2056.526070833206s
Processing frame: 9600
Elapsed time: 2100.0733840465546s
Processing frame: 9800
Elapsed time: 2144.271562576294s
Processing frame: 10000
Elapsed time: 2188.465057373047s
Processing frame: 10200
Elapsed time: 2232.0012259483337s
Processing frame: 10400
Elapsed time: 2276.193019390106s
Processing frame: 10600
Elapsed time: 2320.468738794327s
Processing frame: 10800
Elapsed time: 2364.0214409828186s
Processing frame: 11000
Elapsed time: 2408.2035579681396s
Processing frame: 11200
Elapsed time: 2452.39821600914s
Processing frame: 11400
Elapsed time: 2495.8968052864075s
Processing frame: 11600
Elapsed time: 2539.9877421855927s
Processing frame: 11800
Elapsed time: 2584.1124081611633s
Processing frame: 12000
Elapsed time: 2627.6143114566803s
Processing frame: 12200
Elapsed time: 2671.787436246872s
Processing frame: 0
Processing frame: 200
Processing frame: 400
Processing frame: 600
Processing frame: 800
Processing frame: 1000
Processing frame: 1200
Processing frame: 1400
Processing frame: 1600
Processing frame: 1800
Processing frame: 2000
Processing frame: 2200
Processing frame: 2400
Processing frame: 2600
Processing frame: 2800
Processing frame: 3000
Processing frame: 3200
Processing frame: 3400
Processing frame: 3600
Processing frame: 3800
Processing frame: 4000
