-------------------------------------------------------------------------------
There are messages associated with the following module(s):
-------------------------------------------------------------------------------

python/3.5.2:
   This module is deprecated and will be removed in the future. Please
   upgrade to python/3.5. If you had created virtual environments we
   recommend to recreate them. Ce module est marqué pour être retiré et
   sera supprimé dans le futur. Veuillez utiliser python/3.5. Si vous aviez
   créé un environnement virtuel, nous vous recommandons de le recréer.

-------------------------------------------------------------------------------

sh: openposeEnv_Python3/bin/activate: No such file or directory
OpenPose Library Python Wrapper
Raw frames per second: 23.53870249495563
Frame width:960, Frame height:756.
Total frame number: 14147.0
Processing frame: 0
Elapsed time: 1.0013580322265625e-05s
Processing frame: 200
Elapsed time: 47.483516454696655s
Processing frame: 400
Elapsed time: 90.34614634513855s
Processing frame: 600
Elapsed time: 132.64122557640076s
Processing frame: 800
Elapsed time: 175.6023576259613s
Processing frame: 1000
Elapsed time: 218.61655449867249s
Processing frame: 1200
Elapsed time: 260.9199116230011s
Processing frame: 1400
Elapsed time: 303.9059717655182s
Processing frame: 1600
Elapsed time: 346.97305035591125s
Processing frame: 1800
Elapsed time: 389.34355998039246s
Processing frame: 2000
Elapsed time: 432.36102628707886s
Processing frame: 2200
Elapsed time: 475.2661168575287s
Processing frame: 2400
Elapsed time: 517.6466064453125s
Processing frame: 2600
Elapsed time: 560.6010115146637s
Processing frame: 2800
Elapsed time: 603.52800989151s
Processing frame: 3000
Elapsed time: 645.8768575191498s
Processing frame: 3200
Elapsed time: 688.8014872074127s
Processing frame: 3400
Elapsed time: 731.731479883194s
Processing frame: 3600
Elapsed time: 774.1294665336609s
Processing frame: 3800
Elapsed time: 817.0918362140656s
Processing frame: 4000
Elapsed time: 860.0893838405609s
Processing frame: 4200
Elapsed time: 902.5023047924042s
Processing frame: 4400
Elapsed time: 945.4144558906555s
Processing frame: 4600
Elapsed time: 988.4056656360626s
Processing frame: 4800
Elapsed time: 1030.6449682712555s
Processing frame: 5000
Elapsed time: 1073.5567750930786s
Processing frame: 5200
Elapsed time: 1116.4779915809631s
Processing frame: 5400
Elapsed time: 1158.8395133018494s
Processing frame: 5600
Elapsed time: 1201.7272272109985s
Processing frame: 5800
Elapsed time: 1244.6985168457031s
Processing frame: 6000
Elapsed time: 1287.0573515892029s
Processing frame: 6200
Elapsed time: 1330.0831408500671s
Processing frame: 6400
Elapsed time: 1373.0171110630035s
Processing frame: 6600
Elapsed time: 1415.3606541156769s
Processing frame: 6800
Elapsed time: 1458.324497461319s
Processing frame: 7000
Elapsed time: 1501.3231801986694s
Processing frame: 7200
Elapsed time: 1543.7117953300476s
Processing frame: 7400
Elapsed time: 1586.7379169464111s
Processing frame: 7600
Elapsed time: 1629.7879416942596s
Processing frame: 7800
Elapsed time: 1672.1205761432648s
Processing frame: 8000
Elapsed time: 1715.0493667125702s
Processing frame: 8200
Elapsed time: 1757.9656875133514s
Processing frame: 8400
Elapsed time: 1800.2692894935608s
Processing frame: 8600
Elapsed time: 1843.2361507415771s
Processing frame: 8800
Elapsed time: 1886.1445398330688s
Processing frame: 9000
Elapsed time: 1928.4173231124878s
Processing frame: 9200
Elapsed time: 1971.3328828811646s
Processing frame: 9400
Elapsed time: 2014.1889939308167s
Processing frame: 9600
Elapsed time: 2056.509177684784s
Processing frame: 9800
Elapsed time: 2099.4537711143494s
Processing frame: 10000
Elapsed time: 2142.334059715271s
Processing frame: 10200
Elapsed time: 2184.6018884181976s
Processing frame: 10400
Elapsed time: 2227.5736153125763s
Processing frame: 10600
Elapsed time: 2270.4853274822235s
Processing frame: 10800
Elapsed time: 2312.8279991149902s
Processing frame: 11000
Elapsed time: 2355.800557613373s
Processing frame: 11200
Elapsed time: 2399.153350830078s
Processing frame: 11400
Elapsed time: 2441.477877140045s
Processing frame: 11600
Elapsed time: 2484.3975281715393s
Processing frame: 11800
Elapsed time: 2527.33500289917s
Processing frame: 12000
Elapsed time: 2569.696734905243s
Processing frame: 12200
Elapsed time: 2612.6534020900726s
Processing frame: 12400
Elapsed time: 2655.6327307224274s
Processing frame: 12600
Elapsed time: 2698.017523765564s
Processing frame: 12800
Elapsed time: 2741.0992398262024s
Processing frame: 13000
Elapsed time: 2784.190583229065s
Processing frame: 13200
Elapsed time: 2826.4912736415863s
Processing frame: 13400
Elapsed time: 2869.524484872818s
Processing frame: 13600
Elapsed time: 2912.5846724510193s
Processing frame: 13800
Elapsed time: 2954.885424375534s
Processing frame: 14000
Elapsed time: 2997.7519187927246s
Frame: 14145, grabbed=False and frame=None
Processing frame: 0
Processing frame: 200
Processing frame: 400
Processing frame: 600
Processing frame: 800
Processing frame: 1000
Processing frame: 1200
Processing frame: 1400
Processing frame: 1600
Processing frame: 1800
Processing frame: 2000
Processing frame: 2200
Processing frame: 2400
Processing frame: 2600
Processing frame: 2800
Processing frame: 3000
Processing frame: 3200
Processing frame: 3400
Processing frame: 3600
Processing frame: 3800
Processing frame: 4000
Processing frame: 4200
Processing frame: 4400
Processing frame: 4600
