-------------------------------------------------------------------------------
There are messages associated with the following module(s):
-------------------------------------------------------------------------------

python/3.5.2:
   This module is deprecated and will be removed in the future. Please
   upgrade to python/3.5. If you had created virtual environments we
   recommend to recreate them. Ce module est marqué pour être retiré et
   sera supprimé dans le futur. Veuillez utiliser python/3.5. Si vous aviez
   créé un environnement virtuel, nous vous recommandons de le recréer.

-------------------------------------------------------------------------------

sh: openposeEnv_Python3/bin/activate: No such file or directory
OpenPose Library Python Wrapper
Raw frames per second: 28.084426033782872
Frame width:960, Frame height:756.
Total frame number: 16907.0
Processing frame: 0
Elapsed time: 8.58306884765625e-06s
Processing frame: 200
Elapsed time: 47.973060607910156s
Processing frame: 400
Elapsed time: 91.11008977890015s
Processing frame: 600
Elapsed time: 133.58372497558594s
Processing frame: 800
Elapsed time: 176.72061800956726s
Processing frame: 1000
Elapsed time: 219.9601285457611s
Processing frame: 1200
Elapsed time: 262.5936858654022s
Processing frame: 1400
Elapsed time: 305.65105843544006s
Processing frame: 1600
Elapsed time: 348.86119079589844s
Processing frame: 1800
Elapsed time: 391.29518938064575s
Processing frame: 2000
Elapsed time: 434.5042004585266s
Processing frame: 2200
Elapsed time: 477.8150701522827s
Processing frame: 2400
Elapsed time: 520.2997620105743s
Processing frame: 2600
Elapsed time: 563.3660826683044s
Processing frame: 2800
Elapsed time: 606.5744805335999s
Processing frame: 3000
Elapsed time: 649.1842119693756s
Processing frame: 3200
Elapsed time: 692.3592052459717s
Processing frame: 3400
Elapsed time: 735.5164966583252s
Processing frame: 3600
Elapsed time: 778.0974497795105s
Processing frame: 3800
Elapsed time: 821.3542931079865s
Processing frame: 4000
Elapsed time: 864.6166863441467s
Processing frame: 4200
Elapsed time: 907.02969789505s
Processing frame: 4400
Elapsed time: 950.0791788101196s
Processing frame: 4600
Elapsed time: 993.1912415027618s
Processing frame: 4800
Elapsed time: 1035.7323026657104s
Processing frame: 5000
Elapsed time: 1078.8211562633514s
Processing frame: 5200
Elapsed time: 1122.0215322971344s
Processing frame: 5400
Elapsed time: 1164.5607695579529s
Processing frame: 5600
Elapsed time: 1207.6542229652405s
Processing frame: 5800
Elapsed time: 1250.7423038482666s
Processing frame: 6000
Elapsed time: 1293.1300988197327s
Processing frame: 6200
Elapsed time: 1336.2448410987854s
Processing frame: 6400
Elapsed time: 1379.3047122955322s
Processing frame: 6600
Elapsed time: 1421.8272972106934s
Processing frame: 6800
Elapsed time: 1464.9978408813477s
Processing frame: 7000
Elapsed time: 1508.1881709098816s
Processing frame: 7200
Elapsed time: 1550.6066546440125s
Processing frame: 7400
Elapsed time: 1593.7432115077972s
Processing frame: 7600
Elapsed time: 1636.8774826526642s
Processing frame: 7800
Elapsed time: 1679.4405801296234s
Processing frame: 8000
Elapsed time: 1722.5266482830048s
Processing frame: 8200
Elapsed time: 1765.6592066287994s
Processing frame: 8400
Elapsed time: 1808.0770437717438s
Processing frame: 8600
Elapsed time: 1851.136353969574s
Processing frame: 8800
Elapsed time: 1894.2856981754303s
Processing frame: 9000
Elapsed time: 1936.8018443584442s
Processing frame: 9200
Elapsed time: 1979.9480895996094s
Processing frame: 9400
Elapsed time: 2023.1504607200623s
Processing frame: 9600
Elapsed time: 2065.665099143982s
Processing frame: 9800
Elapsed time: 2108.7795870304108s
Processing frame: 10000
Elapsed time: 2151.9602632522583s
Processing frame: 10200
Elapsed time: 2194.3762681484222s
Processing frame: 10400
Elapsed time: 2237.492598056793s
Processing frame: 10600
Elapsed time: 2280.488474369049s
Processing frame: 10800
Elapsed time: 2323.0091800689697s
Processing frame: 11000
Elapsed time: 2366.090136528015s
Processing frame: 11200
Elapsed time: 2409.133196592331s
Processing frame: 11400
Elapsed time: 2451.4567267894745s
Processing frame: 11600
Elapsed time: 2494.3561384677887s
Processing frame: 11800
Elapsed time: 2537.223972082138s
Processing frame: 12000
Elapsed time: 2579.510898590088s
Processing frame: 12200
Elapsed time: 2622.478401660919s
Processing frame: 12400
Elapsed time: 2665.4641678333282s
Processing frame: 12600
Elapsed time: 2707.846537590027s
Processing frame: 12800
Elapsed time: 2750.8837258815765s
Processing frame: 13000
Elapsed time: 2793.846785545349s
Processing frame: 13200
Elapsed time: 2836.2312290668488s
Processing frame: 13400
Elapsed time: 2879.2050890922546s
Processing frame: 13600
Elapsed time: 2922.2234938144684s
Processing frame: 13800
Elapsed time: 2964.6741967201233s
Processing frame: 14000
Elapsed time: 3007.6877880096436s
Processing frame: 14200
Elapsed time: 3050.764044523239s
Processing frame: 14400
Elapsed time: 3093.198272705078s
Processing frame: 14600
Elapsed time: 3136.263986349106s
Processing frame: 14800
Elapsed time: 3179.278609275818s
Processing frame: 15000
Elapsed time: 3221.7000045776367s
Processing frame: 15200
Elapsed time: 3264.8087480068207s
Processing frame: 15400
Elapsed time: 3307.860815048218s
Processing frame: 15600
Elapsed time: 3350.2908976078033s
Processing frame: 15800
Elapsed time: 3393.541330575943s
Processing frame: 16000
Elapsed time: 3436.6527893543243s
Processing frame: 16200
Elapsed time: 3479.0343627929688s
Processing frame: 16400
Elapsed time: 3522.077665567398s
Processing frame: 16600
Elapsed time: 3565.1529417037964s
Processing frame: 16800
Elapsed time: 3607.65101647377s
Processing frame: 0
Processing frame: 200
Processing frame: 400
Processing frame: 600
Processing frame: 800
Processing frame: 1000
Processing frame: 1200
Processing frame: 1400
Processing frame: 1600
Processing frame: 1800
Processing frame: 2000
Processing frame: 2200
Processing frame: 2400
Processing frame: 2600
Processing frame: 2800
Processing frame: 3000
Processing frame: 3200
Processing frame: 3400
Processing frame: 3600
Processing frame: 3800
Processing frame: 4000
Processing frame: 4200
Processing frame: 4400
Processing frame: 4600
Processing frame: 4800
Processing frame: 5000
Processing frame: 5200
Processing frame: 5400
Processing frame: 5600
