-------------------------------------------------------------------------------
There are messages associated with the following module(s):
-------------------------------------------------------------------------------

python/3.5.2:
   This module is deprecated and will be removed in the future. Please
   upgrade to python/3.5. If you had created virtual environments we
   recommend to recreate them. Ce module est marqué pour être retiré et
   sera supprimé dans le futur. Veuillez utiliser python/3.5. Si vous aviez
   créé un environnement virtuel, nous vous recommandons de le recréer.

-------------------------------------------------------------------------------

sh: openposeEnv_Python3/bin/activate: No such file or directory
OpenPose Library Python Wrapper
Raw frames per second: 17.958898596557145
Frame width:1152, Frame height:972.
Total frame number: 10838.0
Processing frame: 0
Elapsed time: 1.1920928955078125e-05s
Processing frame: 200
Elapsed time: 48.931400537490845s
Processing frame: 400
Elapsed time: 93.34131860733032s
Processing frame: 600
Elapsed time: 137.12635040283203s
Processing frame: 800
Elapsed time: 181.53354954719543s
Processing frame: 1000
Elapsed time: 225.9000313282013s
Processing frame: 1200
Elapsed time: 269.69330978393555s
Processing frame: 1400
Elapsed time: 314.0736207962036s
Processing frame: 1600
Elapsed time: 358.51627826690674s
Processing frame: 1800
Elapsed time: 402.3594534397125s
Processing frame: 2000
Elapsed time: 446.9549117088318s
Processing frame: 2200
Elapsed time: 491.3396382331848s
Processing frame: 2400
Elapsed time: 535.1704919338226s
Processing frame: 2600
Elapsed time: 579.5579080581665s
Processing frame: 2800
Elapsed time: 624.000205039978s
Processing frame: 3000
Elapsed time: 667.8329656124115s
Processing frame: 3200
Elapsed time: 712.325475692749s
Processing frame: 3400
Elapsed time: 756.6559286117554s
Processing frame: 3600
Elapsed time: 800.3770802021027s
Processing frame: 3800
Elapsed time: 844.6502718925476s
Processing frame: 4000
Elapsed time: 889.0748536586761s
Processing frame: 4200
Elapsed time: 932.7661185264587s
Processing frame: 4400
Elapsed time: 977.1491439342499s
Processing frame: 4600
Elapsed time: 1021.5837018489838s
Processing frame: 4800
Elapsed time: 1065.3423082828522s
Processing frame: 5000
Elapsed time: 1109.7206013202667s
Processing frame: 5200
Elapsed time: 1154.0171728134155s
Processing frame: 5400
Elapsed time: 1197.7904996871948s
Processing frame: 5600
Elapsed time: 1242.203305721283s
Processing frame: 5800
Elapsed time: 1286.557903766632s
Processing frame: 6000
Elapsed time: 1330.2999806404114s
Processing frame: 6200
Elapsed time: 1374.6468074321747s
Processing frame: 6400
Elapsed time: 1418.8560631275177s
Processing frame: 6600
Elapsed time: 1462.4411580562592s
Processing frame: 6800
Elapsed time: 1506.698441028595s
Processing frame: 7000
Elapsed time: 1550.9626262187958s
Processing frame: 7200
Elapsed time: 1594.6171991825104s
Processing frame: 7400
Elapsed time: 1638.9716675281525s
Processing frame: 7600
Elapsed time: 1683.361475944519s
Processing frame: 7800
Elapsed time: 1727.0397717952728s
Processing frame: 8000
Elapsed time: 1771.1735599040985s
Processing frame: 8200
Elapsed time: 1815.3987233638763s
Processing frame: 8400
Elapsed time: 1858.9933969974518s
Processing frame: 8600
Elapsed time: 1903.1103262901306s
Processing frame: 8800
Elapsed time: 1947.255947113037s
Processing frame: 9000
Elapsed time: 1990.8298506736755s
Processing frame: 9200
Elapsed time: 2035.0140569210052s
Processing frame: 9400
Elapsed time: 2079.2572491168976s
Processing frame: 9600
Elapsed time: 2122.7854182720184s
Processing frame: 9800
Elapsed time: 2166.9628522396088s
Processing frame: 10000
Elapsed time: 2211.2058873176575s
Processing frame: 10200
Elapsed time: 2254.8054139614105s
Processing frame: 10400
Elapsed time: 2299.1031353473663s
Processing frame: 10600
Elapsed time: 2343.355036020279s
Processing frame: 10800
Elapsed time: 2387.030061006546s
Processing frame: 0
Processing frame: 200
Processing frame: 400
Processing frame: 600
Processing frame: 800
Processing frame: 1000
Processing frame: 1200
Processing frame: 1400
Processing frame: 1600
Processing frame: 1800
Processing frame: 2000
Processing frame: 2200
Processing frame: 2400
Processing frame: 2600
Processing frame: 2800
Processing frame: 3000
Processing frame: 3200
Processing frame: 3400
Processing frame: 3600
