-------------------------------------------------------------------------------
There are messages associated with the following module(s):
-------------------------------------------------------------------------------

python/3.5.2:
   This module is deprecated and will be removed in the future. Please
   upgrade to python/3.5. If you had created virtual environments we
   recommend to recreate them. Ce module est marqué pour être retiré et
   sera supprimé dans le futur. Veuillez utiliser python/3.5. Si vous aviez
   créé un environnement virtuel, nous vous recommandons de le recréer.

-------------------------------------------------------------------------------

sh: openposeEnv_Python3/bin/activate: No such file or directory
OpenPose Library Python Wrapper
Raw frames per second: 25.432118528317638
Frame width:960, Frame height:756.
Total frame number: 15351.0
Processing frame: 0
Elapsed time: 1.1205673217773438e-05s
Processing frame: 200
Elapsed time: 47.72398400306702s
Processing frame: 400
Elapsed time: 90.71804070472717s
Processing frame: 600
Elapsed time: 132.98643112182617s
Processing frame: 800
Elapsed time: 175.87069845199585s
Processing frame: 1000
Elapsed time: 218.74222493171692s
Processing frame: 1200
Elapsed time: 261.067138671875s
Processing frame: 1400
Elapsed time: 304.0007486343384s
Processing frame: 1600
Elapsed time: 346.97638416290283s
Processing frame: 1800
Elapsed time: 389.449670791626s
Processing frame: 2000
Elapsed time: 432.4339928627014s
Processing frame: 2200
Elapsed time: 475.26070404052734s
Processing frame: 2400
Elapsed time: 517.5801627635956s
Processing frame: 2600
Elapsed time: 560.48943400383s
Processing frame: 2800
Elapsed time: 603.3384876251221s
Processing frame: 3000
Elapsed time: 645.6324734687805s
Processing frame: 3200
Elapsed time: 688.5982642173767s
Processing frame: 3400
Elapsed time: 731.5060617923737s
Processing frame: 3600
Elapsed time: 773.8449370861053s
Processing frame: 3800
Elapsed time: 816.7705128192902s
Processing frame: 4000
Elapsed time: 859.7022349834442s
Processing frame: 4200
Elapsed time: 902.0160050392151s
Processing frame: 4400
Elapsed time: 944.9785711765289s
Processing frame: 4600
Elapsed time: 987.9792573451996s
Processing frame: 4800
Elapsed time: 1030.2867872714996s
Processing frame: 5000
Elapsed time: 1073.2257945537567s
Processing frame: 5200
Elapsed time: 1116.149638414383s
Processing frame: 5400
Elapsed time: 1158.4156558513641s
Processing frame: 5600
Elapsed time: 1201.3522729873657s
Processing frame: 5800
Elapsed time: 1244.2447257041931s
Processing frame: 6000
Elapsed time: 1286.5446517467499s
Processing frame: 6200
Elapsed time: 1329.410485982895s
Processing frame: 6400
Elapsed time: 1372.3802061080933s
Processing frame: 6600
Elapsed time: 1414.7009031772614s
Processing frame: 6800
Elapsed time: 1457.5576930046082s
Processing frame: 7000
Elapsed time: 1500.4643137454987s
Processing frame: 7200
Elapsed time: 1542.8216931819916s
Processing frame: 7400
Elapsed time: 1585.7172570228577s
Processing frame: 7600
Elapsed time: 1628.4950804710388s
Processing frame: 7800
Elapsed time: 1670.6744167804718s
Processing frame: 8000
Elapsed time: 1713.4260301589966s
Processing frame: 8200
Elapsed time: 1756.2250747680664s
Processing frame: 8400
Elapsed time: 1798.3793766498566s
Processing frame: 8600
Elapsed time: 1841.108939409256s
Processing frame: 8800
Elapsed time: 1883.914880514145s
Processing frame: 9000
Elapsed time: 1926.1029319763184s
Processing frame: 9200
Elapsed time: 1968.8187747001648s
Processing frame: 9400
Elapsed time: 2011.558865070343s
Processing frame: 9600
Elapsed time: 2053.7150559425354s
Processing frame: 9800
Elapsed time: 2096.489743947983s
Processing frame: 10000
Elapsed time: 2139.2411036491394s
Processing frame: 10200
Elapsed time: 2181.4243428707123s
Processing frame: 10400
Elapsed time: 2224.174465894699s
Processing frame: 10600
Elapsed time: 2266.924061059952s
Processing frame: 10800
Elapsed time: 2309.1478793621063s
Processing frame: 11000
Elapsed time: 2352.0305528640747s
Processing frame: 11200
Elapsed time: 2394.894521713257s
Processing frame: 11400
Elapsed time: 2437.017371416092s
Processing frame: 11600
Elapsed time: 2479.7633113861084s
Processing frame: 11800
Elapsed time: 2522.452454805374s
Processing frame: 12000
Elapsed time: 2564.6335043907166s
Processing frame: 12200
Elapsed time: 2607.329457759857s
Processing frame: 12400
Elapsed time: 2650.1007175445557s
Processing frame: 12600
Elapsed time: 2692.2381086349487s
Processing frame: 12800
Elapsed time: 2735.012951850891s
Processing frame: 13000
Elapsed time: 2777.7679102420807s
Processing frame: 13200
Elapsed time: 2820.0128185749054s
Processing frame: 13400
Elapsed time: 2862.8062648773193s
Processing frame: 13600
Elapsed time: 2905.524700641632s
Processing frame: 13800
Elapsed time: 2947.6633677482605s
Processing frame: 14000
Elapsed time: 2990.4061212539673s
Processing frame: 14200
Elapsed time: 3033.105158805847s
Processing frame: 14400
Elapsed time: 3075.301901817322s
Processing frame: 14600
Elapsed time: 3118.053455591202s
Processing frame: 14800
Elapsed time: 3160.867954969406s
Processing frame: 15000
Elapsed time: 3203.0186734199524s
Processing frame: 15200
Elapsed time: 3245.818576335907s
Processing frame: 0
Processing frame: 200
Processing frame: 400
Processing frame: 600
Processing frame: 800
Processing frame: 1000
Processing frame: 1200
Processing frame: 1400
Processing frame: 1600
Processing frame: 1800
Processing frame: 2000
Processing frame: 2200
Processing frame: 2400
Processing frame: 2600
Processing frame: 2800
Processing frame: 3000
Processing frame: 3200
Processing frame: 3400
Processing frame: 3600
Processing frame: 3800
Processing frame: 4000
Processing frame: 4200
Processing frame: 4400
Processing frame: 4600
Processing frame: 4800
Processing frame: 5000
