-------------------------------------------------------------------------------
There are messages associated with the following module(s):
-------------------------------------------------------------------------------

python/3.5.2:
   This module is deprecated and will be removed in the future. Please
   upgrade to python/3.5. If you had created virtual environments we
   recommend to recreate them. Ce module est marqué pour être retiré et
   sera supprimé dans le futur. Veuillez utiliser python/3.5. Si vous aviez
   créé un environnement virtuel, nous vous recommandons de le recréer.

-------------------------------------------------------------------------------

sh: openposeEnv_Python3/bin/activate: No such file or directory
OpenPose Library Python Wrapper
Raw frames per second: 16.4036750668867
Frame width:960, Frame height:756.
Total frame number: 9888.0
Processing frame: 0
Elapsed time: 9.059906005859375e-06s
Processing frame: 200
Elapsed time: 47.578877210617065s
Processing frame: 400
Elapsed time: 90.45789861679077s
Processing frame: 600
Elapsed time: 132.69125938415527s
Processing frame: 800
Elapsed time: 175.36264038085938s
Processing frame: 1000
Elapsed time: 218.12929320335388s
Processing frame: 1200
Elapsed time: 260.57675886154175s
Processing frame: 1400
Elapsed time: 303.5635426044464s
Processing frame: 1600
Elapsed time: 346.4577398300171s
Processing frame: 1800
Elapsed time: 388.8828926086426s
Processing frame: 2000
Elapsed time: 431.8884665966034s
Processing frame: 2200
Elapsed time: 474.75300645828247s
Processing frame: 2400
Elapsed time: 517.1371819972992s
Processing frame: 2600
Elapsed time: 560.1933822631836s
Processing frame: 2800
Elapsed time: 603.2496962547302s
Processing frame: 3000
Elapsed time: 645.710699558258s
Processing frame: 3200
Elapsed time: 688.5169696807861s
Processing frame: 3400
Elapsed time: 731.5111575126648s
Processing frame: 3600
Elapsed time: 773.8786551952362s
Processing frame: 3800
Elapsed time: 816.9470477104187s
Processing frame: 4000
Elapsed time: 859.9946441650391s
Processing frame: 4200
Elapsed time: 902.3841664791107s
Processing frame: 4400
Elapsed time: 945.409029006958s
Processing frame: 4600
Elapsed time: 988.4115898609161s
Processing frame: 4800
Elapsed time: 1030.8431043624878s
Processing frame: 5000
Elapsed time: 1073.8576245307922s
Processing frame: 5200
Elapsed time: 1116.9553844928741s
Processing frame: 5400
Elapsed time: 1159.4205477237701s
Processing frame: 5600
Elapsed time: 1202.4304912090302s
Processing frame: 5800
Elapsed time: 1245.485850572586s
Processing frame: 6000
Elapsed time: 1287.8069469928741s
Processing frame: 6200
Elapsed time: 1330.8575911521912s
Processing frame: 6400
Elapsed time: 1373.8525516986847s
Processing frame: 6600
Elapsed time: 1416.2931263446808s
Processing frame: 6800
Elapsed time: 1459.313999414444s
Processing frame: 7000
Elapsed time: 1502.292109489441s
Processing frame: 7200
Elapsed time: 1544.6471710205078s
Processing frame: 7400
Elapsed time: 1587.5724847316742s
Processing frame: 7600
Elapsed time: 1630.5168433189392s
Processing frame: 7800
Elapsed time: 1672.8724868297577s
Processing frame: 8000
Elapsed time: 1716.0527505874634s
Processing frame: 8200
Elapsed time: 1758.990259885788s
Processing frame: 8400
Elapsed time: 1801.376612663269s
Processing frame: 8600
Elapsed time: 1844.301887512207s
Processing frame: 8800
Elapsed time: 1887.28906416893s
Processing frame: 9000
Elapsed time: 1929.645212173462s
Processing frame: 9200
Elapsed time: 1972.548302412033s
Processing frame: 9400
Elapsed time: 2015.5223462581635s
Processing frame: 9600
Elapsed time: 2057.790227174759s
Processing frame: 9800
Elapsed time: 2100.807986021042s
Processing frame: 0
Processing frame: 200
Processing frame: 400
Processing frame: 600
Processing frame: 800
Processing frame: 1000
Processing frame: 1200
Processing frame: 1400
Processing frame: 1600
Processing frame: 1800
Processing frame: 2000
Processing frame: 2200
Processing frame: 2400
Processing frame: 2600
Processing frame: 2800
Processing frame: 3000
Processing frame: 3200
