-------------------------------------------------------------------------------
There are messages associated with the following module(s):
-------------------------------------------------------------------------------

python/3.5.2:
   This module is deprecated and will be removed in the future. Please
   upgrade to python/3.5. If you had created virtual environments we
   recommend to recreate them. Ce module est marqué pour être retiré et
   sera supprimé dans le futur. Veuillez utiliser python/3.5. Si vous aviez
   créé un environnement virtuel, nous vous recommandons de le recréer.

-------------------------------------------------------------------------------

sh: openposeEnv_Python3/bin/activate: No such file or directory
OpenPose Library Python Wrapper
Raw frames per second: 25.37743729137319
Crop: Video not from Camera1 or Camera2!
Frame width:1152, Frame height:972.
Polygon: Video not from Camera1 or Camera2!
Total frame number: 15225.0
Processing frame: 0
Elapsed time: 1.0967254638671875e-05s
Processing frame: 200
Elapsed time: 48.387516498565674s
Processing frame: 400
Elapsed time: 92.13024377822876s
Processing frame: 600
Elapsed time: 135.3041799068451s
Processing frame: 800
Elapsed time: 179.16528177261353s
Processing frame: 1000
Elapsed time: 222.96320867538452s
Processing frame: 1200
Elapsed time: 266.2182049751282s
Processing frame: 1400
Elapsed time: 310.0848865509033s
Processing frame: 1600
Elapsed time: 353.8574643135071s
Processing frame: 1800
Elapsed time: 397.00493001937866s
Processing frame: 2000
Elapsed time: 440.8228282928467s
Processing frame: 2200
Elapsed time: 484.6857783794403s
Processing frame: 2400
Elapsed time: 527.8576078414917s
Processing frame: 2600
Elapsed time: 571.6852028369904s
Processing frame: 2800
Elapsed time: 615.5474660396576s
Processing frame: 3000
Elapsed time: 658.8031632900238s
Processing frame: 3200
Elapsed time: 702.660234451294s
Processing frame: 3400
Elapsed time: 746.5115976333618s
Processing frame: 3600
Elapsed time: 789.6551678180695s
Processing frame: 3800
Elapsed time: 833.4497585296631s
Processing frame: 4000
Elapsed time: 877.3371438980103s
Processing frame: 4200
Elapsed time: 920.6595628261566s
Processing frame: 4400
Elapsed time: 964.5994791984558s
Processing frame: 4600
Elapsed time: 1008.3984882831573s
Processing frame: 4800
Elapsed time: 1051.6389560699463s
Processing frame: 5000
Elapsed time: 1095.5223619937897s
Processing frame: 5200
Elapsed time: 1139.3505640029907s
Processing frame: 5400
Elapsed time: 1182.5539355278015s
Processing frame: 5600
Elapsed time: 1226.4736862182617s
Processing frame: 5800
Elapsed time: 1270.335988521576s
Processing frame: 6000
Elapsed time: 1313.5932700634003s
Processing frame: 6200
Elapsed time: 1357.3219676017761s
Processing frame: 6400
Elapsed time: 1401.0385656356812s
Processing frame: 6600
Elapsed time: 1444.2155134677887s
Processing frame: 6800
Elapsed time: 1487.9348142147064s
Processing frame: 7000
Elapsed time: 1531.683527469635s
Processing frame: 7200
Elapsed time: 1574.8278648853302s
Processing frame: 7400
Elapsed time: 1618.4955413341522s
Processing frame: 7600
Elapsed time: 1662.0959014892578s
Processing frame: 7800
Elapsed time: 1705.1036157608032s
Processing frame: 8000
Elapsed time: 1748.8278133869171s
Processing frame: 8200
Elapsed time: 1792.5138902664185s
Processing frame: 8400
Elapsed time: 1835.5114336013794s
Processing frame: 8600
Elapsed time: 1879.1876287460327s
Processing frame: 8800
Elapsed time: 1922.8178687095642s
Processing frame: 9000
Elapsed time: 1965.8174133300781s
Processing frame: 9200
Elapsed time: 2009.4629192352295s
Processing frame: 9400
Elapsed time: 2053.167952299118s
Processing frame: 9600
Elapsed time: 2096.2082567214966s
Processing frame: 9800
Elapsed time: 2139.9146316051483s
Processing frame: 10000
Elapsed time: 2183.6482627391815s
Processing frame: 10200
Elapsed time: 2226.799702167511s
Processing frame: 10400
Elapsed time: 2270.558723926544s
Processing frame: 10600
Elapsed time: 2314.2643525600433s
Processing frame: 10800
Elapsed time: 2357.407068014145s
Processing frame: 11000
Elapsed time: 2401.144902229309s
Processing frame: 11200
Elapsed time: 2444.858277797699s
Processing frame: 11400
Elapsed time: 2487.9687173366547s
Processing frame: 11600
Elapsed time: 2531.5985567569733s
Processing frame: 11800
Elapsed time: 2575.323254108429s
Processing frame: 12000
Elapsed time: 2618.3040764331818s
Processing frame: 12200
Elapsed time: 2662.050796985626s
Processing frame: 12400
Elapsed time: 2705.6889448165894s
Processing frame: 12600
Elapsed time: 2748.684270143509s
Processing frame: 12800
Elapsed time: 2792.3036580085754s
Processing frame: 13000
Elapsed time: 2835.92369389534s
Processing frame: 13200
Elapsed time: 2878.947707414627s
Processing frame: 13400
Elapsed time: 2922.5573983192444s
Processing frame: 13600
Elapsed time: 2966.111278295517s
Processing frame: 13800
Elapsed time: 3009.1360805034637s
Processing frame: 14000
Elapsed time: 3052.7347269058228s
Processing frame: 14200
Elapsed time: 3096.4059731960297s
Processing frame: 14400
Elapsed time: 3139.464789390564s
Processing frame: 14600
Elapsed time: 3183.100175142288s
Processing frame: 14800
Elapsed time: 3226.7276079654694s
Processing frame: 15000
Elapsed time: 3269.7584331035614s
Processing frame: 15200
Elapsed time: 3313.357048034668s
Frame: 15222, grabbed=False and frame=None
Processing frame: 0
Processing frame: 200
Processing frame: 400
Processing frame: 600
Processing frame: 800
Processing frame: 1000
Processing frame: 1200
Processing frame: 1400
Processing frame: 1600
Processing frame: 1800
Processing frame: 2000
Processing frame: 2200
Processing frame: 2400
Processing frame: 2600
Processing frame: 2800
Processing frame: 3000
Processing frame: 3200
Processing frame: 3400
Processing frame: 3600
Processing frame: 3800
Processing frame: 4000
Processing frame: 4200
Processing frame: 4400
Processing frame: 4600
Processing frame: 4800
Processing frame: 5000
