-------------------------------------------------------------------------------
There are messages associated with the following module(s):
-------------------------------------------------------------------------------

python/3.5.2:
   This module is deprecated and will be removed in the future. Please
   upgrade to python/3.5. If you had created virtual environments we
   recommend to recreate them. Ce module est marqué pour être retiré et
   sera supprimé dans le futur. Veuillez utiliser python/3.5. Si vous aviez
   créé un environnement virtuel, nous vous recommandons de le recréer.

-------------------------------------------------------------------------------

sh: openposeEnv_Python3/bin/activate: No such file or directory
OpenPose Library Python Wrapper
Raw frames per second: 21.633973338377928
Frame width:1152, Frame height:972.
Total frame number: 12980.0
Processing frame: 0
Elapsed time: 1.0013580322265625e-05s
Processing frame: 200
Elapsed time: 48.375970125198364s
Processing frame: 400
Elapsed time: 91.96763062477112s
Processing frame: 600
Elapsed time: 134.95915365219116s
Processing frame: 800
Elapsed time: 178.61129927635193s
Processing frame: 1000
Elapsed time: 222.2292823791504s
Processing frame: 1200
Elapsed time: 265.2555627822876s
Processing frame: 1400
Elapsed time: 308.9235291481018s
Processing frame: 1600
Elapsed time: 352.5610330104828s
Processing frame: 1800
Elapsed time: 395.60393500328064s
Processing frame: 2000
Elapsed time: 439.28216314315796s
Processing frame: 2200
Elapsed time: 482.9061722755432s
Processing frame: 2400
Elapsed time: 525.9202716350555s
Processing frame: 2600
Elapsed time: 569.6482770442963s
Processing frame: 2800
Elapsed time: 613.2863972187042s
Processing frame: 3000
Elapsed time: 656.3411636352539s
Processing frame: 3200
Elapsed time: 699.9523024559021s
Processing frame: 3400
Elapsed time: 743.6634094715118s
Processing frame: 3600
Elapsed time: 786.7583074569702s
Processing frame: 3800
Elapsed time: 830.442031621933s
Processing frame: 4000
Elapsed time: 874.161670923233s
Processing frame: 4200
Elapsed time: 917.1628129482269s
Processing frame: 4400
Elapsed time: 960.8655843734741s
Processing frame: 4600
Elapsed time: 1004.5291514396667s
Processing frame: 4800
Elapsed time: 1047.6202900409698s
Processing frame: 5000
Elapsed time: 1091.2470300197601s
Processing frame: 5200
Elapsed time: 1134.940734386444s
Processing frame: 5400
Elapsed time: 1177.9817402362823s
Processing frame: 5600
Elapsed time: 1221.6435706615448s
Processing frame: 5800
Elapsed time: 1265.3815596103668s
Processing frame: 6000
Elapsed time: 1308.486440896988s
Processing frame: 6200
Elapsed time: 1352.1458995342255s
Processing frame: 6400
Elapsed time: 1395.7463908195496s
Processing frame: 6600
Elapsed time: 1438.7350351810455s
Processing frame: 6800
Elapsed time: 1482.3176288604736s
Processing frame: 7000
Elapsed time: 1525.909089565277s
Processing frame: 7200
Elapsed time: 1568.8647246360779s
Processing frame: 7400
Elapsed time: 1612.4564082622528s
Processing frame: 7600
Elapsed time: 1656.002108335495s
Processing frame: 7800
Elapsed time: 1698.959809064865s
Processing frame: 8000
Elapsed time: 1742.5064170360565s
Processing frame: 8200
Elapsed time: 1786.1272945404053s
Processing frame: 8400
Elapsed time: 1829.0967469215393s
Processing frame: 8600
Elapsed time: 1872.6549735069275s
Processing frame: 8800
Elapsed time: 1916.1287107467651s
Processing frame: 9000
Elapsed time: 1959.0871403217316s
Processing frame: 9200
Elapsed time: 2002.6640357971191s
Processing frame: 9400
Elapsed time: 2046.3298008441925s
Processing frame: 9600
Elapsed time: 2089.337033033371s
Processing frame: 9800
Elapsed time: 2132.968985080719s
Processing frame: 10000
Elapsed time: 2176.630601167679s
Processing frame: 10200
Elapsed time: 2219.5939564704895s
Processing frame: 10400
Elapsed time: 2263.1400656700134s
Processing frame: 10600
Elapsed time: 2306.753395795822s
Processing frame: 10800
Elapsed time: 2349.8196742534637s
Processing frame: 11000
Elapsed time: 2393.400003671646s
Processing frame: 11200
Elapsed time: 2436.8914132118225s
Processing frame: 11400
Elapsed time: 2479.8174047470093s
Processing frame: 11600
Elapsed time: 2523.457602262497s
Processing frame: 11800
Elapsed time: 2567.054803609848s
Processing frame: 12000
Elapsed time: 2610.0368218421936s
Processing frame: 12200
Elapsed time: 2653.6685218811035s
Processing frame: 12400
Elapsed time: 2697.2576866149902s
Processing frame: 12600
Elapsed time: 2740.157449245453s
Processing frame: 12800
Elapsed time: 2783.823488473892s
Frame: 12978, grabbed=False and frame=None
Processing frame: 0
Processing frame: 200
Processing frame: 400
Processing frame: 600
Processing frame: 800
Processing frame: 1000
Processing frame: 1200
Processing frame: 1400
Processing frame: 1600
Processing frame: 1800
Processing frame: 2000
Processing frame: 2200
Processing frame: 2400
Processing frame: 2600
Processing frame: 2800
Processing frame: 3000
Processing frame: 3200
Processing frame: 3400
Processing frame: 3600
Processing frame: 3800
Processing frame: 4000
Processing frame: 4200
