-------------------------------------------------------------------------------
There are messages associated with the following module(s):
-------------------------------------------------------------------------------

python/3.5.2:
   This module is deprecated and will be removed in the future. Please
   upgrade to python/3.5. If you had created virtual environments we
   recommend to recreate them. Ce module est marqué pour être retiré et
   sera supprimé dans le futur. Veuillez utiliser python/3.5. Si vous aviez
   créé un environnement virtuel, nous vous recommandons de le recréer.

-------------------------------------------------------------------------------

sh: openposeEnv_Python3/bin/activate: No such file or directory
OpenPose Library Python Wrapper
Raw frames per second: 18.616079205016074
Frame width:960, Frame height:756.
Total frame number: 11168.0
Processing frame: 0
Elapsed time: 9.775161743164062e-06s
Processing frame: 200
Elapsed time: 47.86899781227112s
Processing frame: 400
Elapsed time: 90.89199900627136s
Processing frame: 600
Elapsed time: 133.3679575920105s
Processing frame: 800
Elapsed time: 176.46910762786865s
Processing frame: 1000
Elapsed time: 219.55972123146057s
Processing frame: 1200
Elapsed time: 262.06763982772827s
Processing frame: 1400
Elapsed time: 305.2056095600128s
Processing frame: 1600
Elapsed time: 348.2943592071533s
Processing frame: 1800
Elapsed time: 390.74003076553345s
Processing frame: 2000
Elapsed time: 433.85948061943054s
Processing frame: 2200
Elapsed time: 476.96223187446594s
Processing frame: 2400
Elapsed time: 519.3804361820221s
Processing frame: 2600
Elapsed time: 562.4918076992035s
Processing frame: 2800
Elapsed time: 605.604781627655s
Processing frame: 3000
Elapsed time: 648.1197545528412s
Processing frame: 3200
Elapsed time: 691.1561329364777s
Processing frame: 3400
Elapsed time: 734.1937735080719s
Processing frame: 3600
Elapsed time: 776.6324236392975s
Processing frame: 3800
Elapsed time: 819.7424113750458s
Processing frame: 4000
Elapsed time: 862.9035911560059s
Processing frame: 4200
Elapsed time: 905.2966430187225s
Processing frame: 4400
Elapsed time: 948.349160194397s
Processing frame: 4600
Elapsed time: 991.414178609848s
Processing frame: 4800
Elapsed time: 1033.856230020523s
Processing frame: 5000
Elapsed time: 1077.0059871673584s
Processing frame: 5200
Elapsed time: 1120.0458097457886s
Processing frame: 5400
Elapsed time: 1162.4495701789856s
Processing frame: 5600
Elapsed time: 1205.4928925037384s
Processing frame: 5800
Elapsed time: 1248.5160219669342s
Processing frame: 6000
Elapsed time: 1291.0255839824677s
Processing frame: 6200
Elapsed time: 1334.0596396923065s
Processing frame: 6400
Elapsed time: 1377.037748336792s
Processing frame: 6600
Elapsed time: 1419.3731172084808s
Processing frame: 6800
Elapsed time: 1462.4110279083252s
Processing frame: 7000
Elapsed time: 1505.4274208545685s
Processing frame: 7200
Elapsed time: 1547.7451167106628s
Processing frame: 7400
Elapsed time: 1590.7103402614594s
Processing frame: 7600
Elapsed time: 1633.675921678543s
Processing frame: 7800
Elapsed time: 1676.0658783912659s
Processing frame: 8000
Elapsed time: 1719.068600654602s
Processing frame: 8200
Elapsed time: 1762.0795254707336s
Processing frame: 8400
Elapsed time: 1804.4431869983673s
Processing frame: 8600
Elapsed time: 1847.4124360084534s
Processing frame: 8800
Elapsed time: 1890.4231877326965s
Processing frame: 9000
Elapsed time: 1932.8407406806946s
Processing frame: 9200
Elapsed time: 1975.821671962738s
Processing frame: 9400
Elapsed time: 2018.8258395195007s
Processing frame: 9600
Elapsed time: 2061.1750938892365s
Processing frame: 9800
Elapsed time: 2104.151421070099s
Processing frame: 10000
Elapsed time: 2147.129080057144s
Processing frame: 10200
Elapsed time: 2189.630328655243s
Processing frame: 10400
Elapsed time: 2232.670446872711s
Processing frame: 10600
Elapsed time: 2275.7603344917297s
Processing frame: 10800
Elapsed time: 2318.1022996902466s
Processing frame: 11000
Elapsed time: 2361.0757172107697s
Frame: 11166, grabbed=False and frame=None
Processing frame: 0
Processing frame: 200
Processing frame: 400
Processing frame: 600
Processing frame: 800
Processing frame: 1000
Processing frame: 1200
Processing frame: 1400
Processing frame: 1600
Processing frame: 1800
Processing frame: 2000
Processing frame: 2200
Processing frame: 2400
Processing frame: 2600
Processing frame: 2800
Processing frame: 3000
Processing frame: 3200
Processing frame: 3400
Processing frame: 3600
