-------------------------------------------------------------------------------
There are messages associated with the following module(s):
-------------------------------------------------------------------------------

python/3.5.2:
   This module is deprecated and will be removed in the future. Please
   upgrade to python/3.5. If you had created virtual environments we
   recommend to recreate them. Ce module est marqué pour être retiré et
   sera supprimé dans le futur. Veuillez utiliser python/3.5. Si vous aviez
   créé un environnement virtuel, nous vous recommandons de le recréer.

-------------------------------------------------------------------------------

sh: openposeEnv_Python3/bin/activate: No such file or directory
OpenPose Library Python Wrapper
Raw frames per second: 26.593552793912416
Frame width:960, Frame height:756.
Total frame number: 16021.0
Processing frame: 0
Elapsed time: 9.298324584960938e-06s
Processing frame: 200
Elapsed time: 47.906484842300415s
Processing frame: 400
Elapsed time: 91.10898923873901s
Processing frame: 600
Elapsed time: 133.7969934940338s
Processing frame: 800
Elapsed time: 177.01384735107422s
Processing frame: 1000
Elapsed time: 220.32349634170532s
Processing frame: 1200
Elapsed time: 263.0936279296875s
Processing frame: 1400
Elapsed time: 306.3546402454376s
Processing frame: 1600
Elapsed time: 349.7799470424652s
Processing frame: 1800
Elapsed time: 392.3738548755646s
Processing frame: 2000
Elapsed time: 435.60223031044006s
Processing frame: 2200
Elapsed time: 478.9834957122803s
Processing frame: 2400
Elapsed time: 521.6613192558289s
Processing frame: 2600
Elapsed time: 565.0429446697235s
Processing frame: 2800
Elapsed time: 608.3741114139557s
Processing frame: 3000
Elapsed time: 651.0191729068756s
Processing frame: 3200
Elapsed time: 694.2817220687866s
Processing frame: 3400
Elapsed time: 737.6391599178314s
Processing frame: 3600
Elapsed time: 780.2888686656952s
Processing frame: 3800
Elapsed time: 823.5451483726501s
Processing frame: 4000
Elapsed time: 866.8260624408722s
Processing frame: 4200
Elapsed time: 909.3360297679901s
Processing frame: 4400
Elapsed time: 952.4888472557068s
Processing frame: 4600
Elapsed time: 995.8070456981659s
Processing frame: 4800
Elapsed time: 1038.4179332256317s
Processing frame: 5000
Elapsed time: 1081.5671961307526s
Processing frame: 5200
Elapsed time: 1124.708813905716s
Processing frame: 5400
Elapsed time: 1167.2481381893158s
Processing frame: 5600
Elapsed time: 1210.5910820960999s
Processing frame: 5800
Elapsed time: 1253.8319792747498s
Processing frame: 6000
Elapsed time: 1296.3952746391296s
Processing frame: 6200
Elapsed time: 1339.5765206813812s
Processing frame: 6400
Elapsed time: 1382.8333175182343s
Processing frame: 6600
Elapsed time: 1425.4654288291931s
Processing frame: 6800
Elapsed time: 1468.6696622371674s
Processing frame: 7000
Elapsed time: 1511.8103144168854s
Processing frame: 7200
Elapsed time: 1554.3979759216309s
Processing frame: 7400
Elapsed time: 1597.5416395664215s
Processing frame: 7600
Elapsed time: 1640.69535946846s
Processing frame: 7800
Elapsed time: 1683.2151606082916s
Processing frame: 8000
Elapsed time: 1726.3069171905518s
Processing frame: 8200
Elapsed time: 1769.4185168743134s
Processing frame: 8400
Elapsed time: 1811.8849031925201s
Processing frame: 8600
Elapsed time: 1855.0502183437347s
Processing frame: 8800
Elapsed time: 1898.2940800189972s
Processing frame: 9000
Elapsed time: 1940.8410954475403s
Processing frame: 9200
Elapsed time: 1983.9456717967987s
Processing frame: 9400
Elapsed time: 2027.0242054462433s
Processing frame: 9600
Elapsed time: 2069.5448455810547s
Processing frame: 9800
Elapsed time: 2112.681526660919s
Processing frame: 10000
Elapsed time: 2155.809695005417s
Processing frame: 10200
Elapsed time: 2198.276449203491s
Processing frame: 10400
Elapsed time: 2241.387631893158s
Processing frame: 10600
Elapsed time: 2284.4741559028625s
Processing frame: 10800
Elapsed time: 2327.129403591156s
Processing frame: 11000
Elapsed time: 2370.201879501343s
Processing frame: 11200
Elapsed time: 2413.324812889099s
Processing frame: 11400
Elapsed time: 2455.8648331165314s
Processing frame: 11600
Elapsed time: 2499.0728948116302s
Processing frame: 11800
Elapsed time: 2542.2357099056244s
Processing frame: 12000
Elapsed time: 2584.7951493263245s
Processing frame: 12200
Elapsed time: 2627.9502313137054s
Processing frame: 12400
Elapsed time: 2671.040254831314s
Processing frame: 12600
Elapsed time: 2713.5315613746643s
Processing frame: 12800
Elapsed time: 2756.7124950885773s
Processing frame: 13000
Elapsed time: 2799.8461513519287s
Processing frame: 13200
Elapsed time: 2842.488524913788s
Processing frame: 13400
Elapsed time: 2885.7481968402863s
Processing frame: 13600
Elapsed time: 2929.015525817871s
Processing frame: 13800
Elapsed time: 2971.54319357872s
Processing frame: 14000
Elapsed time: 3014.6808202266693s
Processing frame: 14200
Elapsed time: 3057.8228936195374s
Processing frame: 14400
Elapsed time: 3100.2841958999634s
Processing frame: 14600
Elapsed time: 3143.4244742393494s
Processing frame: 14800
Elapsed time: 3186.5020565986633s
Processing frame: 15000
Elapsed time: 3228.973315000534s
Processing frame: 15200
Elapsed time: 3272.138303041458s
Processing frame: 15400
Elapsed time: 3315.3847029209137s
Processing frame: 15600
Elapsed time: 3357.9080061912537s
Processing frame: 15800
Elapsed time: 3400.9609048366547s
Processing frame: 16000
Elapsed time: 3444.1408264636993s
Frame: 16020, grabbed=False and frame=None
Processing frame: 0
Processing frame: 200
Processing frame: 400
Processing frame: 600
Processing frame: 800
Processing frame: 1000
Processing frame: 1200
Processing frame: 1400
Processing frame: 1600
Processing frame: 1800
Processing frame: 2000
Processing frame: 2200
Processing frame: 2400
Processing frame: 2600
Processing frame: 2800
Processing frame: 3000
Processing frame: 3200
Processing frame: 3400
Processing frame: 3600
Processing frame: 3800
Processing frame: 4000
Processing frame: 4200
Processing frame: 4400
Processing frame: 4600
Processing frame: 4800
Processing frame: 5000
Processing frame: 5200
