-------------------------------------------------------------------------------
There are messages associated with the following module(s):
-------------------------------------------------------------------------------

python/3.5.2:
   This module is deprecated and will be removed in the future. Please
   upgrade to python/3.5. If you had created virtual environments we
   recommend to recreate them. Ce module est marqué pour être retiré et
   sera supprimé dans le futur. Veuillez utiliser python/3.5. Si vous aviez
   créé un environnement virtuel, nous vous recommandons de le recréer.

-------------------------------------------------------------------------------

sh: openposeEnv_Python3/bin/activate: No such file or directory
OpenPose Library Python Wrapper
Raw frames per second: 21.381856334644283
Frame width:1152, Frame height:972.
Total frame number: 12900.0
Processing frame: 0
Elapsed time: 1.0013580322265625e-05s
Processing frame: 200
Elapsed time: 48.767231464385986s
Processing frame: 400
Elapsed time: 92.96719765663147s
Processing frame: 600
Elapsed time: 136.47538876533508s
Processing frame: 800
Elapsed time: 180.62896728515625s
Processing frame: 1000
Elapsed time: 224.93374466896057s
Processing frame: 1200
Elapsed time: 268.5582785606384s
Processing frame: 1400
Elapsed time: 312.77722358703613s
Processing frame: 1600
Elapsed time: 357.0392918586731s
Processing frame: 1800
Elapsed time: 400.5755741596222s
Processing frame: 2000
Elapsed time: 444.8337445259094s
Processing frame: 2200
Elapsed time: 489.02318048477173s
Processing frame: 2400
Elapsed time: 532.5882079601288s
Processing frame: 2600
Elapsed time: 576.676554441452s
Processing frame: 2800
Elapsed time: 620.7642080783844s
Processing frame: 3000
Elapsed time: 664.3834371566772s
Processing frame: 3200
Elapsed time: 708.568051815033s
Processing frame: 3400
Elapsed time: 752.5936834812164s
Processing frame: 3600
Elapsed time: 796.08371925354s
Processing frame: 3800
Elapsed time: 840.2516870498657s
Processing frame: 4000
Elapsed time: 884.4430265426636s
Processing frame: 4200
Elapsed time: 928.025307893753s
Processing frame: 4400
Elapsed time: 972.188004732132s
Processing frame: 4600
Elapsed time: 1016.3578259944916s
Processing frame: 4800
Elapsed time: 1059.8136446475983s
Processing frame: 5000
Elapsed time: 1103.9403128623962s
Processing frame: 5200
Elapsed time: 1148.117885351181s
Processing frame: 5400
Elapsed time: 1191.521859407425s
Processing frame: 5600
Elapsed time: 1235.5558769702911s
Processing frame: 5800
Elapsed time: 1279.5705208778381s
Processing frame: 6000
Elapsed time: 1322.90318775177s
Processing frame: 6200
Elapsed time: 1366.8640367984772s
Processing frame: 6400
Elapsed time: 1410.8884491920471s
Processing frame: 6600
Elapsed time: 1454.198303937912s
Processing frame: 6800
Elapsed time: 1498.20388174057s
Processing frame: 7000
Elapsed time: 1542.2295310497284s
Processing frame: 7200
Elapsed time: 1585.6751682758331s
Processing frame: 7400
Elapsed time: 1629.7249920368195s
Processing frame: 7600
Elapsed time: 1673.7812869548798s
Processing frame: 7800
Elapsed time: 1717.3153703212738s
Processing frame: 8000
Elapsed time: 1761.4529395103455s
Processing frame: 8200
Elapsed time: 1805.5314626693726s
Processing frame: 8400
Elapsed time: 1849.0492708683014s
Processing frame: 8600
Elapsed time: 1893.1879851818085s
Processing frame: 8800
Elapsed time: 1937.358958721161s
Processing frame: 9000
Elapsed time: 1980.8722515106201s
Processing frame: 9200
Elapsed time: 2024.9305732250214s
Processing frame: 9400
Elapsed time: 2069.11421251297s
Processing frame: 9600
Elapsed time: 2112.509611606598s
Processing frame: 9800
Elapsed time: 2156.6505167484283s
Processing frame: 10000
Elapsed time: 2200.6231751441956s
Processing frame: 10200
Elapsed time: 2244.0902848243713s
Processing frame: 10400
Elapsed time: 2288.2231283187866s
Processing frame: 10600
Elapsed time: 2332.3703644275665s
Processing frame: 10800
Elapsed time: 2375.928368330002s
Processing frame: 11000
Elapsed time: 2420.081775188446s
Processing frame: 11200
Elapsed time: 2464.286057472229s
Processing frame: 11400
Elapsed time: 2507.745635509491s
Processing frame: 11600
Elapsed time: 2551.8692824840546s
Processing frame: 11800
Elapsed time: 2596.042168855667s
Processing frame: 12000
Elapsed time: 2639.5066587924957s
Processing frame: 12200
Elapsed time: 2683.5757081508636s
Processing frame: 12400
Elapsed time: 2727.6652505397797s
Processing frame: 12600
Elapsed time: 2771.0987815856934s
Processing frame: 12800
Elapsed time: 2815.1112730503082s
Processing frame: 0
Processing frame: 200
Processing frame: 400
Processing frame: 600
Processing frame: 800
Processing frame: 1000
Processing frame: 1200
Processing frame: 1400
Processing frame: 1600
Processing frame: 1800
Processing frame: 2000
Processing frame: 2200
Processing frame: 2400
Processing frame: 2600
Processing frame: 2800
Processing frame: 3000
Processing frame: 3200
Processing frame: 3400
Processing frame: 3600
Processing frame: 3800
Processing frame: 4000
Processing frame: 4200
