-------------------------------------------------------------------------------
There are messages associated with the following module(s):
-------------------------------------------------------------------------------

python/3.5.2:
   This module is deprecated and will be removed in the future. Please
   upgrade to python/3.5. If you had created virtual environments we
   recommend to recreate them. Ce module est marqué pour être retiré et
   sera supprimé dans le futur. Veuillez utiliser python/3.5. Si vous aviez
   créé un environnement virtuel, nous vous recommandons de le recréer.

-------------------------------------------------------------------------------

sh: openposeEnv_Python3/bin/activate: No such file or directory
OpenPose Library Python Wrapper
Raw frames per second: 26.483845001525136
Frame width:960, Frame height:756.
Total frame number: 15992.0
Processing frame: 0
Elapsed time: 1.1920928955078125e-05s
Processing frame: 200
Elapsed time: 47.571314096450806s
Processing frame: 400
Elapsed time: 90.54110836982727s
Processing frame: 600
Elapsed time: 132.8350534439087s
Processing frame: 800
Elapsed time: 175.66610598564148s
Processing frame: 1000
Elapsed time: 218.6407811641693s
Processing frame: 1200
Elapsed time: 260.9578547477722s
Processing frame: 1400
Elapsed time: 303.8371329307556s
Processing frame: 1600
Elapsed time: 346.7391993999481s
Processing frame: 1800
Elapsed time: 389.04879093170166s
Processing frame: 2000
Elapsed time: 431.91835498809814s
Processing frame: 2200
Elapsed time: 474.84845900535583s
Processing frame: 2400
Elapsed time: 517.098212480545s
Processing frame: 2600
Elapsed time: 559.9965147972107s
Processing frame: 2800
Elapsed time: 602.9009418487549s
Processing frame: 3000
Elapsed time: 645.1919255256653s
Processing frame: 3200
Elapsed time: 688.08140873909s
Processing frame: 3400
Elapsed time: 731.0804975032806s
Processing frame: 3600
Elapsed time: 773.3414597511292s
Processing frame: 3800
Elapsed time: 816.4419469833374s
Processing frame: 4000
Elapsed time: 859.3964548110962s
Processing frame: 4200
Elapsed time: 901.7331411838531s
Processing frame: 4400
Elapsed time: 944.6406502723694s
Processing frame: 4600
Elapsed time: 987.5200591087341s
Processing frame: 4800
Elapsed time: 1029.857355594635s
Processing frame: 5000
Elapsed time: 1072.867015838623s
Processing frame: 5200
Elapsed time: 1115.8200697898865s
Processing frame: 5400
Elapsed time: 1158.1109867095947s
Processing frame: 5600
Elapsed time: 1200.9558715820312s
Processing frame: 5800
Elapsed time: 1243.7768235206604s
Processing frame: 6000
Elapsed time: 1285.9945154190063s
Processing frame: 6200
Elapsed time: 1328.843585729599s
Processing frame: 6400
Elapsed time: 1371.6955037117004s
Processing frame: 6600
Elapsed time: 1413.845854997635s
Processing frame: 6800
Elapsed time: 1456.6345574855804s
Processing frame: 7000
Elapsed time: 1499.424674987793s
Processing frame: 7200
Elapsed time: 1541.5858058929443s
Processing frame: 7400
Elapsed time: 1584.3931798934937s
Processing frame: 7600
Elapsed time: 1627.225867509842s
Processing frame: 7800
Elapsed time: 1669.4689755439758s
Processing frame: 8000
Elapsed time: 1712.2808547019958s
Processing frame: 8200
Elapsed time: 1755.1348059177399s
Processing frame: 8400
Elapsed time: 1797.3294134140015s
Processing frame: 8600
Elapsed time: 1840.2196171283722s
Processing frame: 8800
Elapsed time: 1883.0432167053223s
Processing frame: 9000
Elapsed time: 1925.2734820842743s
Processing frame: 9200
Elapsed time: 1967.9615406990051s
Processing frame: 9400
Elapsed time: 2010.7702822685242s
Processing frame: 9600
Elapsed time: 2052.8988168239594s
Processing frame: 9800
Elapsed time: 2095.6361157894135s
Processing frame: 10000
Elapsed time: 2138.3285133838654s
Processing frame: 10200
Elapsed time: 2180.4299845695496s
Processing frame: 10400
Elapsed time: 2223.1746804714203s
Processing frame: 10600
Elapsed time: 2265.9140615463257s
Processing frame: 10800
Elapsed time: 2308.1581814289093s
Processing frame: 11000
Elapsed time: 2350.9192411899567s
Processing frame: 11200
Elapsed time: 2393.7166550159454s
Processing frame: 11400
Elapsed time: 2435.809539079666s
Processing frame: 11600
Elapsed time: 2478.5901041030884s
Processing frame: 11800
Elapsed time: 2521.3456377983093s
Processing frame: 12000
Elapsed time: 2563.556240797043s
Processing frame: 12200
Elapsed time: 2606.382037639618s
Processing frame: 12400
Elapsed time: 2649.2506580352783s
Processing frame: 12600
Elapsed time: 2691.492301464081s
Processing frame: 12800
Elapsed time: 2734.266113758087s
Processing frame: 13000
Elapsed time: 2776.979002714157s
Processing frame: 13200
Elapsed time: 2819.1573259830475s
Processing frame: 13400
Elapsed time: 2862.029023885727s
Processing frame: 13600
Elapsed time: 2904.8886425495148s
Processing frame: 13800
Elapsed time: 2947.1482887268066s
Processing frame: 14000
Elapsed time: 2990.0029850006104s
Processing frame: 14200
Elapsed time: 3032.8577225208282s
Processing frame: 14400
Elapsed time: 3075.0654232501984s
Processing frame: 14600
Elapsed time: 3117.8717138767242s
Processing frame: 14800
Elapsed time: 3160.6806275844574s
Processing frame: 15000
Elapsed time: 3202.888074874878s
Processing frame: 15200
Elapsed time: 3245.6836647987366s
Processing frame: 15400
Elapsed time: 3288.4646785259247s
Processing frame: 15600
Elapsed time: 3330.6112422943115s
Processing frame: 15800
Elapsed time: 3373.368530511856s
Processing frame: 0
Processing frame: 200
Processing frame: 400
Processing frame: 600
Processing frame: 800
Processing frame: 1000
Processing frame: 1200
Processing frame: 1400
Processing frame: 1600
Processing frame: 1800
Processing frame: 2000
Processing frame: 2200
Processing frame: 2400
Processing frame: 2600
Processing frame: 2800
Processing frame: 3000
Processing frame: 3200
Processing frame: 3400
Processing frame: 3600
Processing frame: 3800
Processing frame: 4000
Processing frame: 4200
Processing frame: 4400
Processing frame: 4600
Processing frame: 4800
Processing frame: 5000
Processing frame: 5200
