-------------------------------------------------------------------------------
There are messages associated with the following module(s):
-------------------------------------------------------------------------------

python/3.5.2:
   This module is deprecated and will be removed in the future. Please
   upgrade to python/3.5. If you had created virtual environments we
   recommend to recreate them. Ce module est marqué pour être retiré et
   sera supprimé dans le futur. Veuillez utiliser python/3.5. Si vous aviez
   créé un environnement virtuel, nous vous recommandons de le recréer.

-------------------------------------------------------------------------------

sh: openposeEnv_Python3/bin/activate: No such file or directory
OpenPose Library Python Wrapper
Raw frames per second: 17.039811772233737
Frame width:960, Frame height:756.
Total frame number: 10226.0
Processing frame: 0
Elapsed time: 1.0967254638671875e-05s
Processing frame: 200
Elapsed time: 47.32248616218567s
Processing frame: 400
Elapsed time: 90.16433024406433s
Processing frame: 600
Elapsed time: 132.3991072177887s
Processing frame: 800
Elapsed time: 175.21609210968018s
Processing frame: 1000
Elapsed time: 218.0861279964447s
Processing frame: 1200
Elapsed time: 260.22898054122925s
Processing frame: 1400
Elapsed time: 303.0471787452698s
Processing frame: 1600
Elapsed time: 345.8435904979706s
Processing frame: 1800
Elapsed time: 387.92281317710876s
Processing frame: 2000
Elapsed time: 430.6933948993683s
Processing frame: 2200
Elapsed time: 473.42025876045227s
Processing frame: 2400
Elapsed time: 515.5830795764923s
Processing frame: 2600
Elapsed time: 558.3269386291504s
Processing frame: 2800
Elapsed time: 601.241227388382s
Processing frame: 3000
Elapsed time: 643.3856225013733s
Processing frame: 3200
Elapsed time: 686.0283236503601s
Processing frame: 3400
Elapsed time: 728.7683341503143s
Processing frame: 3600
Elapsed time: 770.9756326675415s
Processing frame: 3800
Elapsed time: 813.7581315040588s
Processing frame: 4000
Elapsed time: 856.552197933197s
Processing frame: 4200
Elapsed time: 898.735874414444s
Processing frame: 4400
Elapsed time: 941.5098040103912s
Processing frame: 4600
Elapsed time: 984.2267770767212s
Processing frame: 4800
Elapsed time: 1026.3564643859863s
Processing frame: 5000
Elapsed time: 1069.0022294521332s
Processing frame: 5200
Elapsed time: 1111.8245992660522s
Processing frame: 5400
Elapsed time: 1153.9016885757446s
Processing frame: 5600
Elapsed time: 1196.6384880542755s
Processing frame: 5800
Elapsed time: 1239.3483035564423s
Processing frame: 6000
Elapsed time: 1281.540311574936s
Processing frame: 6200
Elapsed time: 1324.333417415619s
Processing frame: 6400
Elapsed time: 1367.2550690174103s
Processing frame: 6600
Elapsed time: 1409.5449538230896s
Processing frame: 6800
Elapsed time: 1452.429648399353s
Processing frame: 7000
Elapsed time: 1495.189834356308s
Processing frame: 7200
Elapsed time: 1537.3465030193329s
Processing frame: 7400
Elapsed time: 1580.1053535938263s
Processing frame: 7600
Elapsed time: 1622.9942610263824s
Processing frame: 7800
Elapsed time: 1665.1733758449554s
Processing frame: 8000
Elapsed time: 1707.853931903839s
Processing frame: 8200
Elapsed time: 1750.418961763382s
Processing frame: 8400
Elapsed time: 1792.4809787273407s
Processing frame: 8600
Elapsed time: 1835.1390783786774s
Processing frame: 8800
Elapsed time: 1877.8498334884644s
Processing frame: 9000
Elapsed time: 1919.9732065200806s
Processing frame: 9200
Elapsed time: 1962.730886220932s
Processing frame: 9400
Elapsed time: 2005.4692673683167s
Processing frame: 9600
Elapsed time: 2047.5931601524353s
Processing frame: 9800
Elapsed time: 2090.28386259079s
Processing frame: 10000
Elapsed time: 2132.9875135421753s
Processing frame: 10200
Elapsed time: 2175.0655002593994s
Processing frame: 0
Processing frame: 200
Processing frame: 400
Processing frame: 600
Processing frame: 800
Processing frame: 1000
Processing frame: 1200
Processing frame: 1400
Processing frame: 1600
Processing frame: 1800
Processing frame: 2000
Processing frame: 2200
Processing frame: 2400
Processing frame: 2600
Processing frame: 2800
Processing frame: 3000
Processing frame: 3200
Processing frame: 3400
