-------------------------------------------------------------------------------
There are messages associated with the following module(s):
-------------------------------------------------------------------------------

python/3.5.2:
   This module is deprecated and will be removed in the future. Please
   upgrade to python/3.5. If you had created virtual environments we
   recommend to recreate them. Ce module est marqué pour être retiré et
   sera supprimé dans le futur. Veuillez utiliser python/3.5. Si vous aviez
   créé un environnement virtuel, nous vous recommandons de le recréer.

-------------------------------------------------------------------------------

sh: openposeEnv_Python3/bin/activate: No such file or directory
OpenPose Library Python Wrapper
Raw frames per second: 16.009020824596792
Frame width:960, Frame height:756.
Total frame number: 9656.0
Processing frame: 0
Elapsed time: 1.0013580322265625e-05s
Processing frame: 200
Elapsed time: 47.723132371902466s
Processing frame: 400
Elapsed time: 90.7676796913147s
Processing frame: 600
Elapsed time: 133.1574194431305s
Processing frame: 800
Elapsed time: 176.28600096702576s
Processing frame: 1000
Elapsed time: 219.3415982723236s
Processing frame: 1200
Elapsed time: 261.85320377349854s
Processing frame: 1400
Elapsed time: 304.98543787002563s
Processing frame: 1600
Elapsed time: 348.04366660118103s
Processing frame: 1800
Elapsed time: 390.51474595069885s
Processing frame: 2000
Elapsed time: 433.54661893844604s
Processing frame: 2200
Elapsed time: 476.5838761329651s
Processing frame: 2400
Elapsed time: 519.0707638263702s
Processing frame: 2600
Elapsed time: 562.1191051006317s
Processing frame: 2800
Elapsed time: 605.1811044216156s
Processing frame: 3000
Elapsed time: 647.7722704410553s
Processing frame: 3200
Elapsed time: 690.8285074234009s
Processing frame: 3400
Elapsed time: 733.7831115722656s
Processing frame: 3600
Elapsed time: 776.2155315876007s
Processing frame: 3800
Elapsed time: 819.2819290161133s
Processing frame: 4000
Elapsed time: 862.3376882076263s
Processing frame: 4200
Elapsed time: 904.7559242248535s
Processing frame: 4400
Elapsed time: 947.7686619758606s
Processing frame: 4600
Elapsed time: 990.8415660858154s
Processing frame: 4800
Elapsed time: 1033.1649174690247s
Processing frame: 5000
Elapsed time: 1076.1276168823242s
Processing frame: 5200
Elapsed time: 1119.1276025772095s
Processing frame: 5400
Elapsed time: 1161.460021495819s
Processing frame: 5600
Elapsed time: 1204.3646247386932s
Processing frame: 5800
Elapsed time: 1247.2854537963867s
Processing frame: 6000
Elapsed time: 1289.585069656372s
Processing frame: 6200
Elapsed time: 1332.5879001617432s
Processing frame: 6400
Elapsed time: 1375.4918944835663s
Processing frame: 6600
Elapsed time: 1417.7846834659576s
Processing frame: 6800
Elapsed time: 1460.6639306545258s
Processing frame: 7000
Elapsed time: 1508.1981985569s
Processing frame: 7200
Elapsed time: 1550.4906249046326s
Processing frame: 7400
Elapsed time: 1593.3513967990875s
Processing frame: 7600
Elapsed time: 1636.1497330665588s
Processing frame: 7800
Elapsed time: 1678.4291470050812s
Processing frame: 8000
Elapsed time: 1721.417154788971s
Processing frame: 8200
Elapsed time: 1764.444138765335s
Processing frame: 8400
Elapsed time: 1806.7402069568634s
Processing frame: 8600
Elapsed time: 1849.6540884971619s
Processing frame: 8800
Elapsed time: 1892.5609152317047s
Processing frame: 9000
Elapsed time: 1934.9011175632477s
Processing frame: 9200
Elapsed time: 1977.8870069980621s
Processing frame: 9400
Elapsed time: 2020.8498575687408s
Processing frame: 9600
Elapsed time: 2063.1823387145996s
Processing frame: 0
Processing frame: 200
Processing frame: 400
Processing frame: 600
Processing frame: 800
Processing frame: 1000
Processing frame: 1200
Processing frame: 1400
Processing frame: 1600
Processing frame: 1800
Processing frame: 2000
Processing frame: 2200
Processing frame: 2400
Processing frame: 2600
Processing frame: 2800
Processing frame: 3000
Processing frame: 3200
