-------------------------------------------------------------------------------
There are messages associated with the following module(s):
-------------------------------------------------------------------------------

python/3.5.2:
   This module is deprecated and will be removed in the future. Please
   upgrade to python/3.5. If you had created virtual environments we
   recommend to recreate them. Ce module est marqué pour être retiré et
   sera supprimé dans le futur. Veuillez utiliser python/3.5. Si vous aviez
   créé un environnement virtuel, nous vous recommandons de le recréer.

-------------------------------------------------------------------------------

sh: openposeEnv_Python3/bin/activate: No such file or directory
OpenPose Library Python Wrapper
Raw frames per second: 22.42454284913646
Crop: Video not from Camera1 or Camera2!
Frame width:1152, Frame height:972.
Polygon: Video not from Camera1 or Camera2!
Total frame number: 13529.0
Processing frame: 0
Elapsed time: 1.0967254638671875e-05s
Processing frame: 200
Elapsed time: 48.533010721206665s
Processing frame: 400
Elapsed time: 92.45989298820496s
Processing frame: 600
Elapsed time: 135.64756560325623s
Processing frame: 800
Elapsed time: 179.54262375831604s
Processing frame: 1000
Elapsed time: 223.3465085029602s
Processing frame: 1200
Elapsed time: 266.55965209007263s
Processing frame: 1400
Elapsed time: 310.51272797584534s
Processing frame: 1600
Elapsed time: 354.2793357372284s
Processing frame: 1800
Elapsed time: 397.51320934295654s
Processing frame: 2000
Elapsed time: 441.26376485824585s
Processing frame: 2200
Elapsed time: 485.139764547348s
Processing frame: 2400
Elapsed time: 528.3057160377502s
Processing frame: 2600
Elapsed time: 572.1615142822266s
Processing frame: 2800
Elapsed time: 616.0598056316376s
Processing frame: 3000
Elapsed time: 659.2778618335724s
Processing frame: 3200
Elapsed time: 703.197286605835s
Processing frame: 3400
Elapsed time: 746.9376394748688s
Processing frame: 3600
Elapsed time: 790.107827425003s
Processing frame: 3800
Elapsed time: 833.9927535057068s
Processing frame: 4000
Elapsed time: 877.8141977787018s
Processing frame: 4200
Elapsed time: 921.0455467700958s
Processing frame: 4400
Elapsed time: 964.9928212165833s
Processing frame: 4600
Elapsed time: 1008.9281671047211s
Processing frame: 4800
Elapsed time: 1052.2201700210571s
Processing frame: 5000
Elapsed time: 1096.0225102901459s
Processing frame: 5200
Elapsed time: 1139.7566013336182s
Processing frame: 5400
Elapsed time: 1183.0626254081726s
Processing frame: 5600
Elapsed time: 1227.0220375061035s
Processing frame: 5800
Elapsed time: 1270.9121050834656s
Processing frame: 6000
Elapsed time: 1314.0979895591736s
Processing frame: 6200
Elapsed time: 1358.0536923408508s
Processing frame: 6400
Elapsed time: 1401.9758293628693s
Processing frame: 6600
Elapsed time: 1445.2442014217377s
Processing frame: 6800
Elapsed time: 1489.136370420456s
Processing frame: 7000
Elapsed time: 1532.9628236293793s
Processing frame: 7200
Elapsed time: 1576.0868504047394s
Processing frame: 7400
Elapsed time: 1619.9811310768127s
Processing frame: 7600
Elapsed time: 1663.827724456787s
Processing frame: 7800
Elapsed time: 1707.0889856815338s
Processing frame: 8000
Elapsed time: 1751.0169515609741s
Processing frame: 8200
Elapsed time: 1794.812087059021s
Processing frame: 8400
Elapsed time: 1838.017634153366s
Processing frame: 8600
Elapsed time: 1881.7693676948547s
Processing frame: 8800
Elapsed time: 1925.4858298301697s
Processing frame: 9000
Elapsed time: 1968.597187280655s
Processing frame: 9200
Elapsed time: 2012.3821964263916s
Processing frame: 9400
Elapsed time: 2056.0960257053375s
Processing frame: 9600
Elapsed time: 2099.2261703014374s
Processing frame: 9800
Elapsed time: 2143.0126638412476s
Processing frame: 10000
Elapsed time: 2186.7055790424347s
Processing frame: 10200
Elapsed time: 2229.7879478931427s
Processing frame: 10400
Elapsed time: 2273.572899580002s
Processing frame: 10600
Elapsed time: 2317.3806433677673s
Processing frame: 10800
Elapsed time: 2360.562982559204s
Processing frame: 11000
Elapsed time: 2404.420701265335s
Processing frame: 11200
Elapsed time: 2448.31565451622s
Processing frame: 11400
Elapsed time: 2491.503026485443s
Processing frame: 11600
Elapsed time: 2535.4818618297577s
Processing frame: 11800
Elapsed time: 2579.311958551407s
Processing frame: 12000
Elapsed time: 2622.3788030147552s
Processing frame: 12200
Elapsed time: 2666.119799375534s
Processing frame: 12400
Elapsed time: 2709.924140930176s
Processing frame: 12600
Elapsed time: 2753.044996023178s
Processing frame: 12800
Elapsed time: 2796.845434188843s
Processing frame: 13000
Elapsed time: 2840.695350408554s
Processing frame: 13200
Elapsed time: 2883.7420315742493s
Processing frame: 13400
Elapsed time: 2927.591541290283s
Processing frame: 0
Processing frame: 200
Processing frame: 400
Processing frame: 600
Processing frame: 800
Processing frame: 1000
Processing frame: 1200
Processing frame: 1400
Processing frame: 1600
Processing frame: 1800
Processing frame: 2000
Processing frame: 2200
Processing frame: 2400
Processing frame: 2600
Processing frame: 2800
Processing frame: 3000
Processing frame: 3200
Processing frame: 3400
Processing frame: 3600
Processing frame: 3800
Processing frame: 4000
Processing frame: 4200
Processing frame: 4400
