-------------------------------------------------------------------------------
There are messages associated with the following module(s):
-------------------------------------------------------------------------------

python/3.5.2:
   This module is deprecated and will be removed in the future. Please
   upgrade to python/3.5. If you had created virtual environments we
   recommend to recreate them. Ce module est marqué pour être retiré et
   sera supprimé dans le futur. Veuillez utiliser python/3.5. Si vous aviez
   créé un environnement virtuel, nous vous recommandons de le recréer.

-------------------------------------------------------------------------------

sh: openposeEnv_Python3/bin/activate: No such file or directory
OpenPose Library Python Wrapper
Raw frames per second: 16.147160061794548
Frame width:1152, Frame height:972.
Total frame number: 9729.0
Processing frame: 0
Elapsed time: 9.5367431640625e-06s
Processing frame: 200
Elapsed time: 48.61666941642761s
Processing frame: 400
Elapsed time: 92.60496520996094s
Processing frame: 600
Elapsed time: 136.00038194656372s
Processing frame: 800
Elapsed time: 179.85564136505127s
Processing frame: 1000
Elapsed time: 223.76126551628113s
Processing frame: 1200
Elapsed time: 267.0188572406769s
Processing frame: 1400
Elapsed time: 311.0729682445526s
Processing frame: 1600
Elapsed time: 355.02297592163086s
Processing frame: 1800
Elapsed time: 398.327264547348s
Processing frame: 2000
Elapsed time: 442.21645998954773s
Processing frame: 2200
Elapsed time: 486.2122161388397s
Processing frame: 2400
Elapsed time: 529.4963667392731s
Processing frame: 2600
Elapsed time: 573.4344108104706s
Processing frame: 2800
Elapsed time: 617.425181388855s
Processing frame: 3000
Elapsed time: 660.6949048042297s
Processing frame: 3200
Elapsed time: 704.6090922355652s
Processing frame: 3400
Elapsed time: 748.6311705112457s
Processing frame: 3600
Elapsed time: 791.8728668689728s
Processing frame: 3800
Elapsed time: 835.7633349895477s
Processing frame: 4000
Elapsed time: 879.6701309680939s
Processing frame: 4200
Elapsed time: 923.0736949443817s
Processing frame: 4400
Elapsed time: 967.0492405891418s
Processing frame: 4600
Elapsed time: 1011.0711951255798s
Processing frame: 4800
Elapsed time: 1054.5184206962585s
Processing frame: 5000
Elapsed time: 1098.7219269275665s
Processing frame: 5200
Elapsed time: 1142.95409989357s
Processing frame: 5400
Elapsed time: 1186.406968832016s
Processing frame: 5600
Elapsed time: 1230.5036823749542s
Processing frame: 5800
Elapsed time: 1274.7308049201965s
Processing frame: 6000
Elapsed time: 1318.2747156620026s
Processing frame: 6200
Elapsed time: 1362.413974761963s
Processing frame: 6400
Elapsed time: 1406.5980050563812s
Processing frame: 6600
Elapsed time: 1450.0961003303528s
Processing frame: 6800
Elapsed time: 1494.2026283740997s
Processing frame: 7000
Elapsed time: 1538.3217437267303s
Processing frame: 7200
Elapsed time: 1581.8230555057526s
Processing frame: 7400
Elapsed time: 1625.8985068798065s
Processing frame: 7600
Elapsed time: 1669.9833736419678s
Processing frame: 7800
Elapsed time: 1713.5327107906342s
Processing frame: 8000
Elapsed time: 1757.624621629715s
Processing frame: 8200
Elapsed time: 1801.778323173523s
Processing frame: 8400
Elapsed time: 1845.2197723388672s
Processing frame: 8600
Elapsed time: 1889.3014039993286s
Processing frame: 8800
Elapsed time: 1933.3380191326141s
Processing frame: 9000
Elapsed time: 1976.8434052467346s
Processing frame: 9200
Elapsed time: 2020.921055316925s
Processing frame: 9400
Elapsed time: 2065.0246460437775s
Processing frame: 9600
Elapsed time: 2108.595381259918s
Processing frame: 0
Processing frame: 200
Processing frame: 400
Processing frame: 600
Processing frame: 800
Processing frame: 1000
Processing frame: 1200
Processing frame: 1400
Processing frame: 1600
Processing frame: 1800
Processing frame: 2000
Processing frame: 2200
Processing frame: 2400
Processing frame: 2600
Processing frame: 2800
Processing frame: 3000
Processing frame: 3200
