-------------------------------------------------------------------------------
There are messages associated with the following module(s):
-------------------------------------------------------------------------------

python/3.5.2:
   This module is deprecated and will be removed in the future. Please
   upgrade to python/3.5. If you had created virtual environments we
   recommend to recreate them. Ce module est marqué pour être retiré et
   sera supprimé dans le futur. Veuillez utiliser python/3.5. Si vous aviez
   créé un environnement virtuel, nous vous recommandons de le recréer.

-------------------------------------------------------------------------------

sh: openposeEnv_Python3/bin/activate: No such file or directory
OpenPose Library Python Wrapper
Raw frames per second: 22.526573603742168
Frame width:960, Frame height:756.
Total frame number: 13565.0
Processing frame: 0
Elapsed time: 1.0967254638671875e-05s
Processing frame: 200
Elapsed time: 47.56044316291809s
Processing frame: 400
Elapsed time: 90.40354371070862s
Processing frame: 600
Elapsed time: 132.56372690200806s
Processing frame: 800
Elapsed time: 175.44314551353455s
Processing frame: 1000
Elapsed time: 218.27763271331787s
Processing frame: 1200
Elapsed time: 260.5175633430481s
Processing frame: 1400
Elapsed time: 303.72952365875244s
Processing frame: 1600
Elapsed time: 346.4687831401825s
Processing frame: 1800
Elapsed time: 388.63591837882996s
Processing frame: 2000
Elapsed time: 431.563658952713s
Processing frame: 2200
Elapsed time: 474.4170129299164s
Processing frame: 2400
Elapsed time: 516.5840742588043s
Processing frame: 2600
Elapsed time: 559.384515285492s
Processing frame: 2800
Elapsed time: 602.2231342792511s
Processing frame: 3000
Elapsed time: 644.5314464569092s
Processing frame: 3200
Elapsed time: 687.3822150230408s
Processing frame: 3400
Elapsed time: 730.2442934513092s
Processing frame: 3600
Elapsed time: 772.5341701507568s
Processing frame: 3800
Elapsed time: 815.4833114147186s
Processing frame: 4000
Elapsed time: 858.3624155521393s
Processing frame: 4200
Elapsed time: 900.6048202514648s
Processing frame: 4400
Elapsed time: 943.4844162464142s
Processing frame: 4600
Elapsed time: 986.2741956710815s
Processing frame: 4800
Elapsed time: 1028.5122666358948s
Processing frame: 5000
Elapsed time: 1071.3922610282898s
Processing frame: 5200
Elapsed time: 1114.2330913543701s
Processing frame: 5400
Elapsed time: 1157.6734488010406s
Processing frame: 5600
Elapsed time: 1200.5959131717682s
Processing frame: 5800
Elapsed time: 1243.5113577842712s
Processing frame: 6000
Elapsed time: 1285.6940746307373s
Processing frame: 6200
Elapsed time: 1328.4724411964417s
Processing frame: 6400
Elapsed time: 1371.353605747223s
Processing frame: 6600
Elapsed time: 1413.5342400074005s
Processing frame: 6800
Elapsed time: 1456.3865194320679s
Processing frame: 7000
Elapsed time: 1499.2037887573242s
Processing frame: 7200
Elapsed time: 1541.5895292758942s
Processing frame: 7400
Elapsed time: 1584.4106450080872s
Processing frame: 7600
Elapsed time: 1627.3473088741302s
Processing frame: 7800
Elapsed time: 1669.5168402194977s
Processing frame: 8000
Elapsed time: 1712.3359010219574s
Processing frame: 8200
Elapsed time: 1755.0481991767883s
Processing frame: 8400
Elapsed time: 1797.2246906757355s
Processing frame: 8600
Elapsed time: 1839.9945359230042s
Processing frame: 8800
Elapsed time: 1882.7933151721954s
Processing frame: 9000
Elapsed time: 1924.9626653194427s
Processing frame: 9200
Elapsed time: 1967.644324541092s
Processing frame: 9400
Elapsed time: 2010.3835163116455s
Processing frame: 9600
Elapsed time: 2052.40762925148s
Processing frame: 9800
Elapsed time: 2095.2281789779663s
Processing frame: 10000
Elapsed time: 2137.9971635341644s
Processing frame: 10200
Elapsed time: 2180.1434302330017s
Processing frame: 10400
Elapsed time: 2222.8791875839233s
Processing frame: 10600
Elapsed time: 2265.6158595085144s
Processing frame: 10800
Elapsed time: 2307.772963285446s
Processing frame: 11000
Elapsed time: 2350.5155906677246s
Processing frame: 11200
Elapsed time: 2393.2936465740204s
Processing frame: 11400
Elapsed time: 2435.522939682007s
Processing frame: 11600
Elapsed time: 2478.335750579834s
Processing frame: 11800
Elapsed time: 2521.2045509815216s
Processing frame: 12000
Elapsed time: 2563.5783598423004s
Processing frame: 12200
Elapsed time: 2606.3118488788605s
Processing frame: 12400
Elapsed time: 2649.0366020202637s
Processing frame: 12600
Elapsed time: 2691.175828933716s
Processing frame: 12800
Elapsed time: 2733.8997514247894s
Processing frame: 13000
Elapsed time: 2776.658163547516s
Processing frame: 13200
Elapsed time: 2818.858986377716s
Processing frame: 13400
Elapsed time: 2861.6591005325317s
Processing frame: 0
Processing frame: 200
Processing frame: 400
Processing frame: 600
Processing frame: 800
Processing frame: 1000
Processing frame: 1200
Processing frame: 1400
Processing frame: 1600
Processing frame: 1800
Processing frame: 2000
Processing frame: 2200
Processing frame: 2400
Processing frame: 2600
Processing frame: 2800
Processing frame: 3000
Processing frame: 3200
Processing frame: 3400
Processing frame: 3600
Processing frame: 3800
Processing frame: 4000
Processing frame: 4200
Processing frame: 4400
