-------------------------------------------------------------------------------
There are messages associated with the following module(s):
-------------------------------------------------------------------------------

python/3.5.2:
   This module is deprecated and will be removed in the future. Please
   upgrade to python/3.5. If you had created virtual environments we
   recommend to recreate them. Ce module est marqué pour être retiré et
   sera supprimé dans le futur. Veuillez utiliser python/3.5. Si vous aviez
   créé un environnement virtuel, nous vous recommandons de le recréer.

-------------------------------------------------------------------------------

sh: openposeEnv_Python3/bin/activate: No such file or directory
OpenPose Library Python Wrapper
Raw frames per second: 18.196410240457897
Frame width:960, Frame height:756.
Total frame number: 10968.0
Processing frame: 0
Elapsed time: 1.049041748046875e-05s
Processing frame: 200
Elapsed time: 47.62643909454346s
Processing frame: 400
Elapsed time: 90.61540818214417s
Processing frame: 600
Elapsed time: 133.10158824920654s
Processing frame: 800
Elapsed time: 176.4755823612213s
Processing frame: 1000
Elapsed time: 220.92319011688232s
Processing frame: 1200
Elapsed time: 263.3573143482208s
Processing frame: 1400
Elapsed time: 306.5772135257721s
Processing frame: 1600
Elapsed time: 349.7251536846161s
Processing frame: 1800
Elapsed time: 392.1585865020752s
Processing frame: 2000
Elapsed time: 435.0945723056793s
Processing frame: 2200
Elapsed time: 478.05315470695496s
Processing frame: 2400
Elapsed time: 520.5131540298462s
Processing frame: 2600
Elapsed time: 563.5409071445465s
Processing frame: 2800
Elapsed time: 606.508838891983s
Processing frame: 3000
Elapsed time: 648.8989098072052s
Processing frame: 3200
Elapsed time: 692.1286270618439s
Processing frame: 3400
Elapsed time: 735.2758345603943s
Processing frame: 3600
Elapsed time: 777.8636467456818s
Processing frame: 3800
Elapsed time: 821.0415172576904s
Processing frame: 4000
Elapsed time: 864.3222041130066s
Processing frame: 4200
Elapsed time: 907.005707025528s
Processing frame: 4400
Elapsed time: 950.13982629776s
Processing frame: 4600
Elapsed time: 993.2463653087616s
Processing frame: 4800
Elapsed time: 1035.751137495041s
Processing frame: 5000
Elapsed time: 1078.8895015716553s
Processing frame: 5200
Elapsed time: 1122.1164503097534s
Processing frame: 5400
Elapsed time: 1164.7181632518768s
Processing frame: 5600
Elapsed time: 1207.9812161922455s
Processing frame: 5800
Elapsed time: 1251.1416940689087s
Processing frame: 6000
Elapsed time: 1293.6467382907867s
Processing frame: 6200
Elapsed time: 1336.810943365097s
Processing frame: 6400
Elapsed time: 1379.9050905704498s
Processing frame: 6600
Elapsed time: 1422.5150442123413s
Processing frame: 6800
Elapsed time: 1465.792181968689s
Processing frame: 7000
Elapsed time: 1508.9948778152466s
Processing frame: 7200
Elapsed time: 1551.6283166408539s
Processing frame: 7400
Elapsed time: 1594.7748470306396s
Processing frame: 7600
Elapsed time: 1637.8343255519867s
Processing frame: 7800
Elapsed time: 1680.0733892917633s
Processing frame: 8000
Elapsed time: 1723.038242340088s
Processing frame: 8200
Elapsed time: 1766.1467747688293s
Processing frame: 8400
Elapsed time: 1808.395227432251s
Processing frame: 8600
Elapsed time: 1851.3807427883148s
Processing frame: 8800
Elapsed time: 1894.3824474811554s
Processing frame: 9000
Elapsed time: 1936.7565841674805s
Processing frame: 9200
Elapsed time: 1979.7901825904846s
Processing frame: 9400
Elapsed time: 2022.9038636684418s
Processing frame: 9600
Elapsed time: 2065.1882276535034s
Processing frame: 9800
Elapsed time: 2108.3208129405975s
Processing frame: 10000
Elapsed time: 2151.3502480983734s
Processing frame: 10200
Elapsed time: 2193.886955022812s
Processing frame: 10400
Elapsed time: 2236.8639118671417s
Processing frame: 10600
Elapsed time: 2279.748857975006s
Processing frame: 10800
Elapsed time: 2322.101898431778s
Processing frame: 0
Processing frame: 200
Processing frame: 400
Processing frame: 600
Processing frame: 800
Processing frame: 1000
Processing frame: 1200
Processing frame: 1400
Processing frame: 1600
Processing frame: 1800
Processing frame: 2000
Processing frame: 2200
Processing frame: 2400
Processing frame: 2600
Processing frame: 2800
Processing frame: 3000
Processing frame: 3200
Processing frame: 3400
Processing frame: 3600
