-------------------------------------------------------------------------------
There are messages associated with the following module(s):
-------------------------------------------------------------------------------

python/3.5.2:
   This module is deprecated and will be removed in the future. Please
   upgrade to python/3.5. If you had created virtual environments we
   recommend to recreate them. Ce module est marqué pour être retiré et
   sera supprimé dans le futur. Veuillez utiliser python/3.5. Si vous aviez
   créé un environnement virtuel, nous vous recommandons de le recréer.

-------------------------------------------------------------------------------

sh: openposeEnv_Python3/bin/activate: No such file or directory
OpenPose Library Python Wrapper
Raw frames per second: 17.053633310230847
Frame width:960, Frame height:756.
Total frame number: 10236.0
Processing frame: 0
Elapsed time: 9.5367431640625e-06s
Processing frame: 200
Elapsed time: 47.6727499961853s
Processing frame: 400
Elapsed time: 90.71626424789429s
Processing frame: 600
Elapsed time: 133.20659637451172s
Processing frame: 800
Elapsed time: 176.25507044792175s
Processing frame: 1000
Elapsed time: 219.3794174194336s
Processing frame: 1200
Elapsed time: 261.94476675987244s
Processing frame: 1400
Elapsed time: 305.06894636154175s
Processing frame: 1600
Elapsed time: 348.1133985519409s
Processing frame: 1800
Elapsed time: 390.6069049835205s
Processing frame: 2000
Elapsed time: 433.6835901737213s
Processing frame: 2200
Elapsed time: 476.7647578716278s
Processing frame: 2400
Elapsed time: 519.2337188720703s
Processing frame: 2600
Elapsed time: 562.2792859077454s
Processing frame: 2800
Elapsed time: 605.3087873458862s
Processing frame: 3000
Elapsed time: 647.7549591064453s
Processing frame: 3200
Elapsed time: 690.7740182876587s
Processing frame: 3400
Elapsed time: 733.8138790130615s
Processing frame: 3600
Elapsed time: 776.2675235271454s
Processing frame: 3800
Elapsed time: 819.3374309539795s
Processing frame: 4000
Elapsed time: 862.4507086277008s
Processing frame: 4200
Elapsed time: 904.9109284877777s
Processing frame: 4400
Elapsed time: 948.0621919631958s
Processing frame: 4600
Elapsed time: 991.2262651920319s
Processing frame: 4800
Elapsed time: 1033.7218804359436s
Processing frame: 5000
Elapsed time: 1076.7482433319092s
Processing frame: 5200
Elapsed time: 1119.8536019325256s
Processing frame: 5400
Elapsed time: 1162.3016600608826s
Processing frame: 5600
Elapsed time: 1205.3074235916138s
Processing frame: 5800
Elapsed time: 1248.3727090358734s
Processing frame: 6000
Elapsed time: 1290.808871269226s
Processing frame: 6200
Elapsed time: 1333.8640673160553s
Processing frame: 6400
Elapsed time: 1376.9438393115997s
Processing frame: 6600
Elapsed time: 1419.2738885879517s
Processing frame: 6800
Elapsed time: 1462.2777144908905s
Processing frame: 7000
Elapsed time: 1505.3568904399872s
Processing frame: 7200
Elapsed time: 1547.781530380249s
Processing frame: 7400
Elapsed time: 1590.7466888427734s
Processing frame: 7600
Elapsed time: 1633.7099783420563s
Processing frame: 7800
Elapsed time: 1676.0872662067413s
Processing frame: 8000
Elapsed time: 1718.9467794895172s
Processing frame: 8200
Elapsed time: 1761.9510107040405s
Processing frame: 8400
Elapsed time: 1804.329353094101s
Processing frame: 8600
Elapsed time: 1847.3109982013702s
Processing frame: 8800
Elapsed time: 1890.3240776062012s
Processing frame: 9000
Elapsed time: 1932.748196363449s
Processing frame: 9200
Elapsed time: 1975.7600002288818s
Processing frame: 9400
Elapsed time: 2018.7808921337128s
Processing frame: 9600
Elapsed time: 2061.209491968155s
Processing frame: 9800
Elapsed time: 2104.3862018585205s
Processing frame: 10000
Elapsed time: 2147.421131849289s
Processing frame: 10200
Elapsed time: 2189.7520151138306s
Processing frame: 0
Processing frame: 200
Processing frame: 400
Processing frame: 600
Processing frame: 800
Processing frame: 1000
Processing frame: 1200
Processing frame: 1400
Processing frame: 1600
Processing frame: 1800
Processing frame: 2000
Processing frame: 2200
Processing frame: 2400
Processing frame: 2600
Processing frame: 2800
Processing frame: 3000
Processing frame: 3200
Processing frame: 3400
