-------------------------------------------------------------------------------
There are messages associated with the following module(s):
-------------------------------------------------------------------------------

python/3.5.2:
   This module is deprecated and will be removed in the future. Please
   upgrade to python/3.5. If you had created virtual environments we
   recommend to recreate them. Ce module est marqué pour être retiré et
   sera supprimé dans le futur. Veuillez utiliser python/3.5. Si vous aviez
   créé un environnement virtuel, nous vous recommandons de le recréer.

-------------------------------------------------------------------------------

sh: openposeEnv_Python3/bin/activate: No such file or directory
OpenPose Library Python Wrapper
Raw frames per second: 19.381038801763818
Frame width:960, Frame height:756.
Total frame number: 11629.0
Processing frame: 0
Elapsed time: 9.298324584960938e-06s
Processing frame: 200
Elapsed time: 47.71149921417236s
Processing frame: 400
Elapsed time: 90.71057057380676s
Processing frame: 600
Elapsed time: 133.0920217037201s
Processing frame: 800
Elapsed time: 176.20360589027405s
Processing frame: 1000
Elapsed time: 219.17977571487427s
Processing frame: 1200
Elapsed time: 261.5869460105896s
Processing frame: 1400
Elapsed time: 304.5900638103485s
Processing frame: 1600
Elapsed time: 347.8135802745819s
Processing frame: 1800
Elapsed time: 390.388720035553s
Processing frame: 2000
Elapsed time: 433.39603996276855s
Processing frame: 2200
Elapsed time: 476.4186441898346s
Processing frame: 2400
Elapsed time: 518.8378992080688s
Processing frame: 2600
Elapsed time: 561.8829596042633s
Processing frame: 2800
Elapsed time: 604.8805346488953s
Processing frame: 3000
Elapsed time: 647.3347616195679s
Processing frame: 3200
Elapsed time: 690.3952128887177s
Processing frame: 3400
Elapsed time: 733.439843416214s
Processing frame: 3600
Elapsed time: 775.9450073242188s
Processing frame: 3800
Elapsed time: 819.1358373165131s
Processing frame: 4000
Elapsed time: 862.4698178768158s
Processing frame: 4200
Elapsed time: 905.0855622291565s
Processing frame: 4400
Elapsed time: 948.1013865470886s
Processing frame: 4600
Elapsed time: 991.069344997406s
Processing frame: 4800
Elapsed time: 1033.4151585102081s
Processing frame: 5000
Elapsed time: 1076.4145131111145s
Processing frame: 5200
Elapsed time: 1119.4449758529663s
Processing frame: 5400
Elapsed time: 1161.7681198120117s
Processing frame: 5600
Elapsed time: 1204.8023035526276s
Processing frame: 5800
Elapsed time: 1247.9086966514587s
Processing frame: 6000
Elapsed time: 1290.3801591396332s
Processing frame: 6200
Elapsed time: 1333.3562908172607s
Processing frame: 6400
Elapsed time: 1376.4795804023743s
Processing frame: 6600
Elapsed time: 1418.8358223438263s
Processing frame: 6800
Elapsed time: 1461.7683854103088s
Processing frame: 7000
Elapsed time: 1504.7120735645294s
Processing frame: 7200
Elapsed time: 1547.1549105644226s
Processing frame: 7400
Elapsed time: 1590.2891488075256s
Processing frame: 7600
Elapsed time: 1633.3764069080353s
Processing frame: 7800
Elapsed time: 1675.7619712352753s
Processing frame: 8000
Elapsed time: 1718.745003938675s
Processing frame: 8200
Elapsed time: 1761.7345645427704s
Processing frame: 8400
Elapsed time: 1804.1261348724365s
Processing frame: 8600
Elapsed time: 1847.2312033176422s
Processing frame: 8800
Elapsed time: 1890.351215839386s
Processing frame: 9000
Elapsed time: 1932.8343551158905s
Processing frame: 9200
Elapsed time: 1975.975893497467s
Processing frame: 9400
Elapsed time: 2018.9321086406708s
Processing frame: 9600
Elapsed time: 2061.258994579315s
Processing frame: 9800
Elapsed time: 2104.166891336441s
Processing frame: 10000
Elapsed time: 2147.1470408439636s
Processing frame: 10200
Elapsed time: 2189.5712678432465s
Processing frame: 10400
Elapsed time: 2232.65314078331s
Processing frame: 10600
Elapsed time: 2275.86483669281s
Processing frame: 10800
Elapsed time: 2318.35174536705s
Processing frame: 11000
Elapsed time: 2361.3369324207306s
Processing frame: 11200
Elapsed time: 2404.348423719406s
Processing frame: 11400
Elapsed time: 2446.804629802704s
Processing frame: 11600
Elapsed time: 2489.908102273941s
Frame: 11628, grabbed=False and frame=None
Processing frame: 0
Processing frame: 200
Processing frame: 400
Processing frame: 600
Processing frame: 800
Processing frame: 1000
Processing frame: 1200
Processing frame: 1400
Processing frame: 1600
Processing frame: 1800
Processing frame: 2000
Processing frame: 2200
Processing frame: 2400
Processing frame: 2600
Processing frame: 2800
Processing frame: 3000
Processing frame: 3200
Processing frame: 3400
Processing frame: 3600
Processing frame: 3800
