-------------------------------------------------------------------------------
There are messages associated with the following module(s):
-------------------------------------------------------------------------------

python/3.5.2:
   This module is deprecated and will be removed in the future. Please
   upgrade to python/3.5. If you had created virtual environments we
   recommend to recreate them. Ce module est marqué pour être retiré et
   sera supprimé dans le futur. Veuillez utiliser python/3.5. Si vous aviez
   créé un environnement virtuel, nous vous recommandons de le recréer.

-------------------------------------------------------------------------------

sh: openposeEnv_Python3/bin/activate: No such file or directory
OpenPose Library Python Wrapper
Raw frames per second: 21.966765640464654
Frame width:960, Frame height:756.
Total frame number: 13178.0
Processing frame: 0
Elapsed time: 9.5367431640625e-06s
Processing frame: 200
Elapsed time: 47.59788131713867s
Processing frame: 400
Elapsed time: 90.656733751297s
Processing frame: 600
Elapsed time: 133.12903141975403s
Processing frame: 800
Elapsed time: 176.24956107139587s
Processing frame: 1000
Elapsed time: 219.35082530975342s
Processing frame: 1200
Elapsed time: 261.9046628475189s
Processing frame: 1400
Elapsed time: 305.0060250759125s
Processing frame: 1600
Elapsed time: 348.0999035835266s
Processing frame: 1800
Elapsed time: 390.62709760665894s
Processing frame: 2000
Elapsed time: 433.68797183036804s
Processing frame: 2200
Elapsed time: 476.7022931575775s
Processing frame: 2400
Elapsed time: 519.086710691452s
Processing frame: 2600
Elapsed time: 562.1267099380493s
Processing frame: 2800
Elapsed time: 605.1757473945618s
Processing frame: 3000
Elapsed time: 647.5348348617554s
Processing frame: 3200
Elapsed time: 690.568633556366s
Processing frame: 3400
Elapsed time: 733.6601762771606s
Processing frame: 3600
Elapsed time: 776.0490622520447s
Processing frame: 3800
Elapsed time: 819.0331771373749s
Processing frame: 4000
Elapsed time: 862.1665155887604s
Processing frame: 4200
Elapsed time: 904.5333430767059s
Processing frame: 4400
Elapsed time: 947.5072281360626s
Processing frame: 4600
Elapsed time: 990.5950043201447s
Processing frame: 4800
Elapsed time: 1032.9742069244385s
Processing frame: 5000
Elapsed time: 1076.0195679664612s
Processing frame: 5200
Elapsed time: 1119.0965316295624s
Processing frame: 5400
Elapsed time: 1161.5188465118408s
Processing frame: 5600
Elapsed time: 1204.5613601207733s
Processing frame: 5800
Elapsed time: 1247.6417515277863s
Processing frame: 6000
Elapsed time: 1290.0221011638641s
Processing frame: 6200
Elapsed time: 1333.0335834026337s
Processing frame: 6400
Elapsed time: 1376.028784275055s
Processing frame: 6600
Elapsed time: 1418.3230855464935s
Processing frame: 6800
Elapsed time: 1461.2805624008179s
Processing frame: 7000
Elapsed time: 1504.2542078495026s
Processing frame: 7200
Elapsed time: 1546.7371904850006s
Processing frame: 7400
Elapsed time: 1589.75222158432s
Processing frame: 7600
Elapsed time: 1632.8058197498322s
Processing frame: 7800
Elapsed time: 1675.185759305954s
Processing frame: 8000
Elapsed time: 1718.1679084300995s
Processing frame: 8200
Elapsed time: 1761.1859929561615s
Processing frame: 8400
Elapsed time: 1803.585886001587s
Processing frame: 8600
Elapsed time: 1846.5153613090515s
Processing frame: 8800
Elapsed time: 1889.5305223464966s
Processing frame: 9000
Elapsed time: 1931.800978422165s
Processing frame: 9200
Elapsed time: 1974.7249817848206s
Processing frame: 9400
Elapsed time: 2017.676500082016s
Processing frame: 9600
Elapsed time: 2060.0120046138763s
Processing frame: 9800
Elapsed time: 2102.889122247696s
Processing frame: 10000
Elapsed time: 2145.9448006153107s
Processing frame: 10200
Elapsed time: 2188.3880462646484s
Processing frame: 10400
Elapsed time: 2231.3696868419647s
Processing frame: 10600
Elapsed time: 2274.4084193706512s
Processing frame: 10800
Elapsed time: 2316.858073234558s
Processing frame: 11000
Elapsed time: 2360.118544816971s
Processing frame: 11200
Elapsed time: 2403.1439187526703s
Processing frame: 11400
Elapsed time: 2445.559072494507s
Processing frame: 11600
Elapsed time: 2488.564468860626s
Processing frame: 11800
Elapsed time: 2531.5772070884705s
Processing frame: 12000
Elapsed time: 2574.0176372528076s
Processing frame: 12200
Elapsed time: 2617.006205558777s
Processing frame: 12400
Elapsed time: 2659.9295070171356s
Processing frame: 12600
Elapsed time: 2702.2940311431885s
Processing frame: 12800
Elapsed time: 2745.2555499076843s
Processing frame: 13000
Elapsed time: 2788.1989312171936s
Frame: 13176, grabbed=False and frame=None
Processing frame: 0
Processing frame: 200
Processing frame: 400
Processing frame: 600
Processing frame: 800
Processing frame: 1000
Processing frame: 1200
Processing frame: 1400
Processing frame: 1600
Processing frame: 1800
Processing frame: 2000
Processing frame: 2200
Processing frame: 2400
Processing frame: 2600
Processing frame: 2800
Processing frame: 3000
Processing frame: 3200
Processing frame: 3400
Processing frame: 3600
Processing frame: 3800
Processing frame: 4000
Processing frame: 4200
