-------------------------------------------------------------------------------
There are messages associated with the following module(s):
-------------------------------------------------------------------------------

python/3.5.2:
   This module is deprecated and will be removed in the future. Please
   upgrade to python/3.5. If you had created virtual environments we
   recommend to recreate them. Ce module est marqué pour être retiré et
   sera supprimé dans le futur. Veuillez utiliser python/3.5. Si vous aviez
   créé un environnement virtuel, nous vous recommandons de le recréer.

-------------------------------------------------------------------------------

sh: openposeEnv_Python3/bin/activate: No such file or directory
OpenPose Library Python Wrapper
Raw frames per second: 24.222272634693752
Crop: Video not from Camera1 or Camera2!
Frame width:1152, Frame height:972.
Polygon: Video not from Camera1 or Camera2!
Total frame number: 14628.0
Processing frame: 0
Elapsed time: 1.1205673217773438e-05s
Processing frame: 200
Elapsed time: 48.81195330619812s
Processing frame: 400
Elapsed time: 92.96774888038635s
Processing frame: 600
Elapsed time: 136.49300694465637s
Processing frame: 800
Elapsed time: 180.67821288108826s
Processing frame: 1000
Elapsed time: 224.813006401062s
Processing frame: 1200
Elapsed time: 268.3958914279938s
Processing frame: 1400
Elapsed time: 312.60499811172485s
Processing frame: 1600
Elapsed time: 356.8689455986023s
Processing frame: 1800
Elapsed time: 400.4235062599182s
Processing frame: 2000
Elapsed time: 444.5440945625305s
Processing frame: 2200
Elapsed time: 488.74028062820435s
Processing frame: 2400
Elapsed time: 532.2374970912933s
Processing frame: 2600
Elapsed time: 576.3378670215607s
Processing frame: 2800
Elapsed time: 620.4405715465546s
Processing frame: 3000
Elapsed time: 663.9442090988159s
Processing frame: 3200
Elapsed time: 708.1215207576752s
Processing frame: 3400
Elapsed time: 752.152991771698s
Processing frame: 3600
Elapsed time: 795.6705613136292s
Processing frame: 3800
Elapsed time: 839.7383272647858s
Processing frame: 4000
Elapsed time: 883.806857585907s
Processing frame: 4200
Elapsed time: 927.2081801891327s
Processing frame: 4400
Elapsed time: 971.2996435165405s
Processing frame: 4600
Elapsed time: 1015.3656494617462s
Processing frame: 4800
Elapsed time: 1058.7220270633698s
Processing frame: 5000
Elapsed time: 1102.751959323883s
Processing frame: 5200
Elapsed time: 1146.7854018211365s
Processing frame: 5400
Elapsed time: 1190.20281457901s
Processing frame: 5600
Elapsed time: 1234.321335554123s
Processing frame: 5800
Elapsed time: 1278.4500858783722s
Processing frame: 6000
Elapsed time: 1321.968715429306s
Processing frame: 6200
Elapsed time: 1366.1785109043121s
Processing frame: 6400
Elapsed time: 1410.3400135040283s
Processing frame: 6600
Elapsed time: 1453.9161882400513s
Processing frame: 6800
Elapsed time: 1498.04971408844s
Processing frame: 7000
Elapsed time: 1542.1602437496185s
Processing frame: 7200
Elapsed time: 1585.6239268779755s
Processing frame: 7400
Elapsed time: 1629.8093812465668s
Processing frame: 7600
Elapsed time: 1673.8442447185516s
Processing frame: 7800
Elapsed time: 1717.32133603096s
Processing frame: 8000
Elapsed time: 1761.4435980319977s
Processing frame: 8200
Elapsed time: 1805.4212617874146s
Processing frame: 8400
Elapsed time: 1848.873908996582s
Processing frame: 8600
Elapsed time: 1892.8500044345856s
Processing frame: 8800
Elapsed time: 1936.8877987861633s
Processing frame: 9000
Elapsed time: 1980.298742055893s
Processing frame: 9200
Elapsed time: 2024.4410502910614s
Processing frame: 9400
Elapsed time: 2068.491940498352s
Processing frame: 9600
Elapsed time: 2111.853985309601s
Processing frame: 9800
Elapsed time: 2155.8895404338837s
Processing frame: 10000
Elapsed time: 2199.805881500244s
Processing frame: 10200
Elapsed time: 2243.144817352295s
Processing frame: 10400
Elapsed time: 2287.153142929077s
Processing frame: 10600
Elapsed time: 2331.1800351142883s
Processing frame: 10800
Elapsed time: 2374.5474774837494s
Processing frame: 11000
Elapsed time: 2418.5945706367493s
Processing frame: 11200
Elapsed time: 2462.6651129722595s
Processing frame: 11400
Elapsed time: 2506.1440258026123s
Processing frame: 11600
Elapsed time: 2550.3171260356903s
Processing frame: 11800
Elapsed time: 2594.478847026825s
Processing frame: 12000
Elapsed time: 2637.975389480591s
Processing frame: 12200
Elapsed time: 2682.1191835403442s
Processing frame: 12400
Elapsed time: 2726.1638236045837s
Processing frame: 12600
Elapsed time: 2769.586514234543s
Processing frame: 12800
Elapsed time: 2813.6995599269867s
Processing frame: 13000
Elapsed time: 2857.735837459564s
Processing frame: 13200
Elapsed time: 2901.0905532836914s
Processing frame: 13400
Elapsed time: 2945.0994131565094s
Processing frame: 13600
Elapsed time: 2989.1189370155334s
Processing frame: 13800
Elapsed time: 3032.5187129974365s
Processing frame: 14000
Elapsed time: 3076.672468185425s
Processing frame: 14200
Elapsed time: 3120.8268406391144s
Processing frame: 14400
Elapsed time: 3164.270122051239s
Processing frame: 14600
Elapsed time: 3208.495281934738s
Processing frame: 0
Processing frame: 200
Processing frame: 400
Processing frame: 600
Processing frame: 800
Processing frame: 1000
Processing frame: 1200
Processing frame: 1400
Processing frame: 1600
Processing frame: 1800
Processing frame: 2000
Processing frame: 2200
Processing frame: 2400
Processing frame: 2600
Processing frame: 2800
Processing frame: 3000
Processing frame: 3200
Processing frame: 3400
Processing frame: 3600
Processing frame: 3800
Processing frame: 4000
Processing frame: 4200
Processing frame: 4400
Processing frame: 4600
Processing frame: 4800
