-------------------------------------------------------------------------------
There are messages associated with the following module(s):
-------------------------------------------------------------------------------

python/3.5.2:
   This module is deprecated and will be removed in the future. Please
   upgrade to python/3.5. If you had created virtual environments we
   recommend to recreate them. Ce module est marqué pour être retiré et
   sera supprimé dans le futur. Veuillez utiliser python/3.5. Si vous aviez
   créé un environnement virtuel, nous vous recommandons de le recréer.

-------------------------------------------------------------------------------

sh: openposeEnv_Python3/bin/activate: No such file or directory
OpenPose Library Python Wrapper
Raw frames per second: 17.053633310230847
Frame width:960, Frame height:756.
Total frame number: 10236.0
Processing frame: 0
Elapsed time: 9.298324584960938e-06s
Processing frame: 200
Elapsed time: 47.7475848197937s
Processing frame: 400
Elapsed time: 90.79368376731873s
Processing frame: 600
Elapsed time: 133.29730558395386s
Processing frame: 800
Elapsed time: 176.3740999698639s
Processing frame: 1000
Elapsed time: 219.49804377555847s
Processing frame: 1200
Elapsed time: 262.0590183734894s
Processing frame: 1400
Elapsed time: 305.16849279403687s
Processing frame: 1600
Elapsed time: 348.32605600357056s
Processing frame: 1800
Elapsed time: 390.88379764556885s
Processing frame: 2000
Elapsed time: 434.0925908088684s
Processing frame: 2200
Elapsed time: 477.27131605148315s
Processing frame: 2400
Elapsed time: 519.8631591796875s
Processing frame: 2600
Elapsed time: 563.0872418880463s
Processing frame: 2800
Elapsed time: 606.2493679523468s
Processing frame: 3000
Elapsed time: 648.7955749034882s
Processing frame: 3200
Elapsed time: 691.8506669998169s
Processing frame: 3400
Elapsed time: 734.9830722808838s
Processing frame: 3600
Elapsed time: 777.4686121940613s
Processing frame: 3800
Elapsed time: 820.5835046768188s
Processing frame: 4000
Elapsed time: 863.7831673622131s
Processing frame: 4200
Elapsed time: 906.3298616409302s
Processing frame: 4400
Elapsed time: 949.5491154193878s
Processing frame: 4600
Elapsed time: 992.7973444461823s
Processing frame: 4800
Elapsed time: 1035.3526701927185s
Processing frame: 5000
Elapsed time: 1078.525771856308s
Processing frame: 5200
Elapsed time: 1121.6806700229645s
Processing frame: 5400
Elapsed time: 1164.2352182865143s
Processing frame: 5600
Elapsed time: 1207.4089696407318s
Processing frame: 5800
Elapsed time: 1250.5612304210663s
Processing frame: 6000
Elapsed time: 1293.117678642273s
Processing frame: 6200
Elapsed time: 1336.3085849285126s
Processing frame: 6400
Elapsed time: 1379.5147187709808s
Processing frame: 6600
Elapsed time: 1422.0972537994385s
Processing frame: 6800
Elapsed time: 1465.2855784893036s
Processing frame: 7000
Elapsed time: 1508.4688861370087s
Processing frame: 7200
Elapsed time: 1551.0433559417725s
Processing frame: 7400
Elapsed time: 1594.1306862831116s
Processing frame: 7600
Elapsed time: 1637.2184109687805s
Processing frame: 7800
Elapsed time: 1679.6720623970032s
Processing frame: 8000
Elapsed time: 1722.6682629585266s
Processing frame: 8200
Elapsed time: 1765.8329224586487s
Processing frame: 8400
Elapsed time: 1808.3338668346405s
Processing frame: 8600
Elapsed time: 1851.3697485923767s
Processing frame: 8800
Elapsed time: 1894.4854199886322s
Processing frame: 9000
Elapsed time: 1937.0118517875671s
Processing frame: 9200
Elapsed time: 1980.155698299408s
Processing frame: 9400
Elapsed time: 2023.313236951828s
Processing frame: 9600
Elapsed time: 2065.9299387931824s
Processing frame: 9800
Elapsed time: 2109.102064847946s
Processing frame: 10000
Elapsed time: 2152.212675333023s
Processing frame: 10200
Elapsed time: 2194.726188182831s
Processing frame: 0
Processing frame: 200
Processing frame: 400
Processing frame: 600
Processing frame: 800
Processing frame: 1000
Processing frame: 1200
Processing frame: 1400
Processing frame: 1600
Processing frame: 1800
Processing frame: 2000
Processing frame: 2200
Processing frame: 2400
Processing frame: 2600
Processing frame: 2800
Processing frame: 3000
Processing frame: 3200
Processing frame: 3400
