-------------------------------------------------------------------------------
There are messages associated with the following module(s):
-------------------------------------------------------------------------------

python/3.5.2:
   This module is deprecated and will be removed in the future. Please
   upgrade to python/3.5. If you had created virtual environments we
   recommend to recreate them. Ce module est marqué pour être retiré et
   sera supprimé dans le futur. Veuillez utiliser python/3.5. Si vous aviez
   créé un environnement virtuel, nous vous recommandons de le recréer.

-------------------------------------------------------------------------------

sh: openposeEnv_Python3/bin/activate: No such file or directory
OpenPose Library Python Wrapper
Raw frames per second: 22.658350188876874
Frame width:960, Frame height:756.
Total frame number: 13596.0
Processing frame: 0
Elapsed time: 1.1444091796875e-05s
Processing frame: 200
Elapsed time: 47.61466598510742s
Processing frame: 400
Elapsed time: 90.63271570205688s
Processing frame: 600
Elapsed time: 133.08026099205017s
Processing frame: 800
Elapsed time: 176.08459734916687s
Processing frame: 1000
Elapsed time: 219.03303933143616s
Processing frame: 1200
Elapsed time: 261.4700040817261s
Processing frame: 1400
Elapsed time: 304.2893068790436s
Processing frame: 1600
Elapsed time: 347.93088555336s
Processing frame: 1800
Elapsed time: 390.39171624183655s
Processing frame: 2000
Elapsed time: 433.3289158344269s
Processing frame: 2200
Elapsed time: 476.2803273200989s
Processing frame: 2400
Elapsed time: 518.7590796947479s
Processing frame: 2600
Elapsed time: 561.962245464325s
Processing frame: 2800
Elapsed time: 605.1205184459686s
Processing frame: 3000
Elapsed time: 647.5451991558075s
Processing frame: 3200
Elapsed time: 690.5774464607239s
Processing frame: 3400
Elapsed time: 733.5585811138153s
Processing frame: 3600
Elapsed time: 775.9605646133423s
Processing frame: 3800
Elapsed time: 819.0156800746918s
Processing frame: 4000
Elapsed time: 862.1515607833862s
Processing frame: 4200
Elapsed time: 904.5534062385559s
Processing frame: 4400
Elapsed time: 947.5945103168488s
Processing frame: 4600
Elapsed time: 990.6312072277069s
Processing frame: 4800
Elapsed time: 1033.0305185317993s
Processing frame: 5000
Elapsed time: 1076.0914607048035s
Processing frame: 5200
Elapsed time: 1119.2591335773468s
Processing frame: 5400
Elapsed time: 1161.6706902980804s
Processing frame: 5600
Elapsed time: 1204.8233423233032s
Processing frame: 5800
Elapsed time: 1249.1934833526611s
Processing frame: 6000
Elapsed time: 1291.6542489528656s
Processing frame: 6200
Elapsed time: 1334.6924316883087s
Processing frame: 6400
Elapsed time: 1377.6921002864838s
Processing frame: 6600
Elapsed time: 1420.025818347931s
Processing frame: 6800
Elapsed time: 1463.0971641540527s
Processing frame: 7000
Elapsed time: 1506.218685388565s
Processing frame: 7200
Elapsed time: 1548.614155292511s
Processing frame: 7400
Elapsed time: 1591.585361480713s
Processing frame: 7600
Elapsed time: 1634.5780975818634s
Processing frame: 7800
Elapsed time: 1676.9269740581512s
Processing frame: 8000
Elapsed time: 1719.9470138549805s
Processing frame: 8200
Elapsed time: 1762.9085478782654s
Processing frame: 8400
Elapsed time: 1805.244356393814s
Processing frame: 8600
Elapsed time: 1848.2125005722046s
Processing frame: 8800
Elapsed time: 1891.153933763504s
Processing frame: 9000
Elapsed time: 1933.493019104004s
Processing frame: 9200
Elapsed time: 1976.5252630710602s
Processing frame: 9400
Elapsed time: 2019.5258121490479s
Processing frame: 9600
Elapsed time: 2061.994608640671s
Processing frame: 9800
Elapsed time: 2105.070387840271s
Processing frame: 10000
Elapsed time: 2148.0824160575867s
Processing frame: 10200
Elapsed time: 2190.2899684906006s
Processing frame: 10400
Elapsed time: 2233.086443424225s
Processing frame: 10600
Elapsed time: 2275.9424526691437s
Processing frame: 10800
Elapsed time: 2318.1505358219147s
Processing frame: 11000
Elapsed time: 2360.9416148662567s
Processing frame: 11200
Elapsed time: 2403.8421823978424s
Processing frame: 11400
Elapsed time: 2446.2364761829376s
Processing frame: 11600
Elapsed time: 2489.2447962760925s
Processing frame: 11800
Elapsed time: 2532.1786983013153s
Processing frame: 12000
Elapsed time: 2574.579170227051s
Processing frame: 12200
Elapsed time: 2617.529021501541s
Processing frame: 12400
Elapsed time: 2660.4795010089874s
Processing frame: 12600
Elapsed time: 2702.7596259117126s
Processing frame: 12800
Elapsed time: 2745.5691068172455s
Processing frame: 13000
Elapsed time: 2788.606389760971s
Processing frame: 13200
Elapsed time: 2831.011165380478s
Processing frame: 13400
Elapsed time: 2873.994663000107s
Processing frame: 0
Processing frame: 200
Processing frame: 400
Processing frame: 600
Processing frame: 800
Processing frame: 1000
Processing frame: 1200
Processing frame: 1400
Processing frame: 1600
Processing frame: 1800
Processing frame: 2000
Processing frame: 2200
Processing frame: 2400
Processing frame: 2600
Processing frame: 2800
Processing frame: 3000
Processing frame: 3200
Processing frame: 3400
Processing frame: 3600
Processing frame: 3800
Processing frame: 4000
Processing frame: 4200
Processing frame: 4400
