-------------------------------------------------------------------------------
There are messages associated with the following module(s):
-------------------------------------------------------------------------------

python/3.5.2:
   This module is deprecated and will be removed in the future. Please
   upgrade to python/3.5. If you had created virtual environments we
   recommend to recreate them. Ce module est marqué pour être retiré et
   sera supprimé dans le futur. Veuillez utiliser python/3.5. Si vous aviez
   créé un environnement virtuel, nous vous recommandons de le recréer.

-------------------------------------------------------------------------------

sh: openposeEnv_Python3/bin/activate: No such file or directory
OpenPose Library Python Wrapper
Raw frames per second: 21.658106397814095
Crop: Video not from Camera1 or Camera2!
Frame width:1152, Frame height:972.
Polygon: Video not from Camera1 or Camera2!
Total frame number: 13042.0
Processing frame: 0
Elapsed time: 1.1444091796875e-05s
Processing frame: 200
Elapsed time: 48.92360520362854s
Processing frame: 400
Elapsed time: 93.17384552955627s
Processing frame: 600
Elapsed time: 136.64976286888123s
Processing frame: 800
Elapsed time: 180.7009334564209s
Processing frame: 1000
Elapsed time: 224.8041422367096s
Processing frame: 1200
Elapsed time: 268.19533944129944s
Processing frame: 1400
Elapsed time: 312.2743139266968s
Processing frame: 1600
Elapsed time: 356.29878759384155s
Processing frame: 1800
Elapsed time: 399.6373608112335s
Processing frame: 2000
Elapsed time: 443.59134125709534s
Processing frame: 2200
Elapsed time: 487.52594780921936s
Processing frame: 2400
Elapsed time: 530.9174661636353s
Processing frame: 2600
Elapsed time: 574.9597792625427s
Processing frame: 2800
Elapsed time: 619.0150072574615s
Processing frame: 3000
Elapsed time: 662.4213910102844s
Processing frame: 3200
Elapsed time: 706.2695624828339s
Processing frame: 3400
Elapsed time: 750.1322610378265s
Processing frame: 3600
Elapsed time: 793.368673324585s
Processing frame: 3800
Elapsed time: 837.138866186142s
Processing frame: 4000
Elapsed time: 880.901880979538s
Processing frame: 4200
Elapsed time: 923.9135773181915s
Processing frame: 4400
Elapsed time: 967.6534492969513s
Processing frame: 4600
Elapsed time: 1011.3802814483643s
Processing frame: 4800
Elapsed time: 1054.5238993167877s
Processing frame: 5000
Elapsed time: 1098.3366739749908s
Processing frame: 5200
Elapsed time: 1142.0913829803467s
Processing frame: 5400
Elapsed time: 1185.1557083129883s
Processing frame: 5600
Elapsed time: 1228.8412499427795s
Processing frame: 5800
Elapsed time: 1272.5921568870544s
Processing frame: 6000
Elapsed time: 1315.6353442668915s
Processing frame: 6200
Elapsed time: 1359.9835641384125s
Processing frame: 6400
Elapsed time: 1403.648639202118s
Processing frame: 6600
Elapsed time: 1446.909670829773s
Processing frame: 6800
Elapsed time: 1490.5888686180115s
Processing frame: 7000
Elapsed time: 1534.2346694469452s
Processing frame: 7200
Elapsed time: 1577.301638841629s
Processing frame: 7400
Elapsed time: 1621.1600708961487s
Processing frame: 7600
Elapsed time: 1664.9806151390076s
Processing frame: 7800
Elapsed time: 1708.0967915058136s
Processing frame: 8000
Elapsed time: 1751.9308528900146s
Processing frame: 8200
Elapsed time: 1795.7530291080475s
Processing frame: 8400
Elapsed time: 1838.8862075805664s
Processing frame: 8600
Elapsed time: 1882.6238105297089s
Processing frame: 8800
Elapsed time: 1926.4637582302094s
Processing frame: 9000
Elapsed time: 1969.6573469638824s
Processing frame: 9200
Elapsed time: 2013.993763923645s
Processing frame: 9400
Elapsed time: 2057.763311624527s
Processing frame: 9600
Elapsed time: 2100.9906113147736s
Processing frame: 9800
Elapsed time: 2144.807273864746s
Processing frame: 10000
Elapsed time: 2188.5800292491913s
Processing frame: 10200
Elapsed time: 2231.872155189514s
Processing frame: 10400
Elapsed time: 2275.876051902771s
Processing frame: 10600
Elapsed time: 2319.7090129852295s
Processing frame: 10800
Elapsed time: 2363.0015230178833s
Processing frame: 11000
Elapsed time: 2406.8920645713806s
Processing frame: 11200
Elapsed time: 2450.710722208023s
Processing frame: 11400
Elapsed time: 2493.954393386841s
Processing frame: 11600
Elapsed time: 2537.795918941498s
Processing frame: 11800
Elapsed time: 2581.6799173355103s
Processing frame: 12000
Elapsed time: 2624.919323205948s
Processing frame: 12200
Elapsed time: 2668.781955718994s
Processing frame: 12400
Elapsed time: 2712.756655931473s
Processing frame: 12600
Elapsed time: 2755.922899246216s
Processing frame: 12800
Elapsed time: 2799.794456243515s
Processing frame: 13000
Elapsed time: 2843.7508203983307s
Frame: 13041, grabbed=False and frame=None
Processing frame: 0
Processing frame: 200
Processing frame: 400
Processing frame: 600
Processing frame: 800
Processing frame: 1000
Processing frame: 1200
Processing frame: 1400
Processing frame: 1600
Processing frame: 1800
Processing frame: 2000
Processing frame: 2200
Processing frame: 2400
Processing frame: 2600
Processing frame: 2800
Processing frame: 3000
Processing frame: 3200
Processing frame: 3400
Processing frame: 3600
Processing frame: 3800
Processing frame: 4000
Processing frame: 4200
