-------------------------------------------------------------------------------
There are messages associated with the following module(s):
-------------------------------------------------------------------------------

python/3.5.2:
   This module is deprecated and will be removed in the future. Please
   upgrade to python/3.5. If you had created virtual environments we
   recommend to recreate them. Ce module est marqué pour être retiré et
   sera supprimé dans le futur. Veuillez utiliser python/3.5. Si vous aviez
   créé un environnement virtuel, nous vous recommandons de le recréer.

-------------------------------------------------------------------------------

sh: openposeEnv_Python3/bin/activate: No such file or directory
OpenPose Library Python Wrapper
Raw frames per second: 26.85787730895819
Crop: Video not from Camera1 or Camera2!
Frame width:1152, Frame height:972.
Polygon: Video not from Camera1 or Camera2!
Total frame number: 16115.0
Processing frame: 0
Elapsed time: 1.0967254638671875e-05s
Processing frame: 200
Elapsed time: 48.697026014328s
Processing frame: 400
Elapsed time: 92.68987536430359s
Processing frame: 600
Elapsed time: 136.12851309776306s
Processing frame: 800
Elapsed time: 180.15497398376465s
Processing frame: 1000
Elapsed time: 224.198992729187s
Processing frame: 1200
Elapsed time: 267.52148365974426s
Processing frame: 1400
Elapsed time: 311.56464672088623s
Processing frame: 1600
Elapsed time: 355.664404630661s
Processing frame: 1800
Elapsed time: 399.02073526382446s
Processing frame: 2000
Elapsed time: 443.032653093338s
Processing frame: 2200
Elapsed time: 486.9782814979553s
Processing frame: 2400
Elapsed time: 530.3383412361145s
Processing frame: 2600
Elapsed time: 574.3906333446503s
Processing frame: 2800
Elapsed time: 618.4126403331757s
Processing frame: 3000
Elapsed time: 661.8538162708282s
Processing frame: 3200
Elapsed time: 705.9147152900696s
Processing frame: 3400
Elapsed time: 749.9036839008331s
Processing frame: 3600
Elapsed time: 793.2973659038544s
Processing frame: 3800
Elapsed time: 837.2963860034943s
Processing frame: 4000
Elapsed time: 881.2989704608917s
Processing frame: 4200
Elapsed time: 924.6320521831512s
Processing frame: 4400
Elapsed time: 968.589647769928s
Processing frame: 4600
Elapsed time: 1012.6320035457611s
Processing frame: 4800
Elapsed time: 1055.9869797229767s
Processing frame: 5000
Elapsed time: 1099.858675479889s
Processing frame: 5200
Elapsed time: 1143.8644943237305s
Processing frame: 5400
Elapsed time: 1187.2936584949493s
Processing frame: 5600
Elapsed time: 1231.2744762897491s
Processing frame: 5800
Elapsed time: 1275.2142786979675s
Processing frame: 6000
Elapsed time: 1318.440765619278s
Processing frame: 6200
Elapsed time: 1362.4003791809082s
Processing frame: 6400
Elapsed time: 1406.388292312622s
Processing frame: 6600
Elapsed time: 1449.734385251999s
Processing frame: 6800
Elapsed time: 1493.6184837818146s
Processing frame: 7000
Elapsed time: 1537.5584554672241s
Processing frame: 7200
Elapsed time: 1580.771297454834s
Processing frame: 7400
Elapsed time: 1624.6689755916595s
Processing frame: 7600
Elapsed time: 1668.6363627910614s
Processing frame: 7800
Elapsed time: 1711.9363627433777s
Processing frame: 8000
Elapsed time: 1755.8736593723297s
Processing frame: 8200
Elapsed time: 1799.7889771461487s
Processing frame: 8400
Elapsed time: 1843.1200828552246s
Processing frame: 8600
Elapsed time: 1887.1394937038422s
Processing frame: 8800
Elapsed time: 1931.1390635967255s
Processing frame: 9000
Elapsed time: 1974.4894280433655s
Processing frame: 9200
Elapsed time: 2018.4091534614563s
Processing frame: 9400
Elapsed time: 2062.3874123096466s
Processing frame: 9600
Elapsed time: 2105.7438340187073s
Processing frame: 9800
Elapsed time: 2149.7027575969696s
Processing frame: 10000
Elapsed time: 2193.55512714386s
Processing frame: 10200
Elapsed time: 2236.798023223877s
Processing frame: 10400
Elapsed time: 2280.715312242508s
Processing frame: 10600
Elapsed time: 2324.671154499054s
Processing frame: 10800
Elapsed time: 2368.092931032181s
Processing frame: 11000
Elapsed time: 2412.0236582756042s
Processing frame: 11200
Elapsed time: 2455.93736243248s
Processing frame: 11400
Elapsed time: 2499.264251947403s
Processing frame: 11600
Elapsed time: 2543.181398630142s
Processing frame: 11800
Elapsed time: 2587.1266090869904s
Processing frame: 12000
Elapsed time: 2630.326366662979s
Processing frame: 12200
Elapsed time: 2674.2255918979645s
Processing frame: 12400
Elapsed time: 2718.1106317043304s
Processing frame: 12600
Elapsed time: 2761.3735263347626s
Processing frame: 12800
Elapsed time: 2805.329689502716s
Processing frame: 13000
Elapsed time: 2849.2819533348083s
Processing frame: 13200
Elapsed time: 2892.5301473140717s
Processing frame: 13400
Elapsed time: 2936.426435470581s
Processing frame: 13600
Elapsed time: 2980.316593170166s
Processing frame: 13800
Elapsed time: 3023.602727651596s
Processing frame: 14000
Elapsed time: 3067.56724858284s
Processing frame: 14200
Elapsed time: 3111.4524030685425s
Processing frame: 14400
Elapsed time: 3154.6965959072113s
Processing frame: 14600
Elapsed time: 3198.7027344703674s
Processing frame: 14800
Elapsed time: 3242.631379365921s
Processing frame: 15000
Elapsed time: 3285.934652328491s
Processing frame: 15200
Elapsed time: 3329.8266570568085s
Processing frame: 15400
Elapsed time: 3373.76415681839s
Processing frame: 15600
Elapsed time: 3417.0796976089478s
Processing frame: 15800
Elapsed time: 3461.0203387737274s
Processing frame: 16000
Elapsed time: 3504.9890055656433s
Frame: 16113, grabbed=False and frame=None
Processing frame: 0
Processing frame: 200
Processing frame: 400
Processing frame: 600
Processing frame: 800
Processing frame: 1000
Processing frame: 1200
Processing frame: 1400
Processing frame: 1600
Processing frame: 1800
Processing frame: 2000
Processing frame: 2200
Processing frame: 2400
Processing frame: 2600
Processing frame: 2800
Processing frame: 3000
Processing frame: 3200
Processing frame: 3400
Processing frame: 3600
Processing frame: 3800
Processing frame: 4000
Processing frame: 4200
Processing frame: 4400
Processing frame: 4600
Processing frame: 4800
Processing frame: 5000
Processing frame: 5200
