-------------------------------------------------------------------------------
There are messages associated with the following module(s):
-------------------------------------------------------------------------------

python/3.5.2:
   This module is deprecated and will be removed in the future. Please
   upgrade to python/3.5. If you had created virtual environments we
   recommend to recreate them. Ce module est marqué pour être retiré et
   sera supprimé dans le futur. Veuillez utiliser python/3.5. Si vous aviez
   créé un environnement virtuel, nous vous recommandons de le recréer.

-------------------------------------------------------------------------------

sh: openposeEnv_Python3/bin/activate: No such file or directory
OpenPose Library Python Wrapper
Raw frames per second: 16.72413422094881
Frame width:960, Frame height:756.
Total frame number: 10055.0
Processing frame: 0
Elapsed time: 9.059906005859375e-06s
Processing frame: 200
Elapsed time: 47.525280237197876s
Processing frame: 400
Elapsed time: 90.33948349952698s
Processing frame: 600
Elapsed time: 132.57926154136658s
Processing frame: 800
Elapsed time: 175.50076603889465s
Processing frame: 1000
Elapsed time: 218.39174723625183s
Processing frame: 1200
Elapsed time: 260.59092020988464s
Processing frame: 1400
Elapsed time: 303.507937669754s
Processing frame: 1600
Elapsed time: 346.3408432006836s
Processing frame: 1800
Elapsed time: 388.5356752872467s
Processing frame: 2000
Elapsed time: 431.4645404815674s
Processing frame: 2200
Elapsed time: 474.325795173645s
Processing frame: 2400
Elapsed time: 516.553891658783s
Processing frame: 2600
Elapsed time: 559.6263446807861s
Processing frame: 2800
Elapsed time: 602.5198271274567s
Processing frame: 3000
Elapsed time: 644.8258802890778s
Processing frame: 3200
Elapsed time: 687.6500751972198s
Processing frame: 3400
Elapsed time: 730.4282746315002s
Processing frame: 3600
Elapsed time: 772.6529266834259s
Processing frame: 3800
Elapsed time: 815.4885005950928s
Processing frame: 4000
Elapsed time: 858.3689205646515s
Processing frame: 4200
Elapsed time: 900.6873648166656s
Processing frame: 4400
Elapsed time: 943.5241448879242s
Processing frame: 4600
Elapsed time: 986.4032778739929s
Processing frame: 4800
Elapsed time: 1028.6015014648438s
Processing frame: 5000
Elapsed time: 1071.3099296092987s
Processing frame: 5200
Elapsed time: 1114.0662915706635s
Processing frame: 5400
Elapsed time: 1156.2283713817596s
Processing frame: 5600
Elapsed time: 1198.9750709533691s
Processing frame: 5800
Elapsed time: 1241.7651646137238s
Processing frame: 6000
Elapsed time: 1283.8920562267303s
Processing frame: 6200
Elapsed time: 1326.635048866272s
Processing frame: 6400
Elapsed time: 1369.4922268390656s
Processing frame: 6600
Elapsed time: 1411.5365297794342s
Processing frame: 6800
Elapsed time: 1454.2290396690369s
Processing frame: 7000
Elapsed time: 1497.033620595932s
Processing frame: 7200
Elapsed time: 1539.1669540405273s
Processing frame: 7400
Elapsed time: 1581.94007396698s
Processing frame: 7600
Elapsed time: 1624.7536578178406s
Processing frame: 7800
Elapsed time: 1666.879676103592s
Processing frame: 8000
Elapsed time: 1709.5968244075775s
Processing frame: 8200
Elapsed time: 1752.4220652580261s
Processing frame: 8400
Elapsed time: 1794.6077597141266s
Processing frame: 8600
Elapsed time: 1837.3634357452393s
Processing frame: 8800
Elapsed time: 1880.1904351711273s
Processing frame: 9000
Elapsed time: 1922.3119530677795s
Processing frame: 9200
Elapsed time: 1965.0085878372192s
Processing frame: 9400
Elapsed time: 2007.6736204624176s
Processing frame: 9600
Elapsed time: 2049.7344620227814s
Processing frame: 9800
Elapsed time: 2092.4442760944366s
Processing frame: 10000
Elapsed time: 2135.244676589966s
Processing frame: 0
Processing frame: 200
Processing frame: 400
Processing frame: 600
Processing frame: 800
Processing frame: 1000
Processing frame: 1200
Processing frame: 1400
Processing frame: 1600
Processing frame: 1800
Processing frame: 2000
Processing frame: 2200
Processing frame: 2400
Processing frame: 2600
Processing frame: 2800
Processing frame: 3000
Processing frame: 3200
