-------------------------------------------------------------------------------
There are messages associated with the following module(s):
-------------------------------------------------------------------------------

python/3.5.2:
   This module is deprecated and will be removed in the future. Please
   upgrade to python/3.5. If you had created virtual environments we
   recommend to recreate them. Ce module est marqué pour être retiré et
   sera supprimé dans le futur. Veuillez utiliser python/3.5. Si vous aviez
   créé un environnement virtuel, nous vous recommandons de le recréer.

-------------------------------------------------------------------------------

sh: openposeEnv_Python3/bin/activate: No such file or directory
OpenPose Library Python Wrapper
Raw frames per second: 23.77889841536169
Crop: Video not from Camera1 or Camera2!
Frame width:1152, Frame height:972.
Polygon: Video not from Camera1 or Camera2!
Total frame number: 14266.0
Processing frame: 0
Elapsed time: 1.0013580322265625e-05s
Processing frame: 200
Elapsed time: 48.457420110702515s
Processing frame: 400
Elapsed time: 92.17807817459106s
Processing frame: 600
Elapsed time: 135.28323006629944s
Processing frame: 800
Elapsed time: 179.0445909500122s
Processing frame: 1000
Elapsed time: 222.8679003715515s
Processing frame: 1200
Elapsed time: 265.9649314880371s
Processing frame: 1400
Elapsed time: 309.6906518936157s
Processing frame: 1600
Elapsed time: 353.42948031425476s
Processing frame: 1800
Elapsed time: 396.4841275215149s
Processing frame: 2000
Elapsed time: 440.1594078540802s
Processing frame: 2200
Elapsed time: 483.8195114135742s
Processing frame: 2400
Elapsed time: 526.8348658084869s
Processing frame: 2600
Elapsed time: 570.534261226654s
Processing frame: 2800
Elapsed time: 614.2521512508392s
Processing frame: 3000
Elapsed time: 657.3763952255249s
Processing frame: 3200
Elapsed time: 701.2207243442535s
Processing frame: 3400
Elapsed time: 744.9857797622681s
Processing frame: 3600
Elapsed time: 788.1194219589233s
Processing frame: 3800
Elapsed time: 831.8477294445038s
Processing frame: 4000
Elapsed time: 875.6445662975311s
Processing frame: 4200
Elapsed time: 918.7308793067932s
Processing frame: 4400
Elapsed time: 962.5156579017639s
Processing frame: 4600
Elapsed time: 1006.2775163650513s
Processing frame: 4800
Elapsed time: 1049.44628739357s
Processing frame: 5000
Elapsed time: 1093.1506280899048s
Processing frame: 5200
Elapsed time: 1136.8947870731354s
Processing frame: 5400
Elapsed time: 1180.0206227302551s
Processing frame: 5600
Elapsed time: 1223.7075939178467s
Processing frame: 5800
Elapsed time: 1267.3996522426605s
Processing frame: 6000
Elapsed time: 1310.5210976600647s
Processing frame: 6200
Elapsed time: 1354.1811165809631s
Processing frame: 6400
Elapsed time: 1397.8525388240814s
Processing frame: 6600
Elapsed time: 1440.9241209030151s
Processing frame: 6800
Elapsed time: 1484.5535707473755s
Processing frame: 7000
Elapsed time: 1528.23943567276s
Processing frame: 7200
Elapsed time: 1571.330828666687s
Processing frame: 7400
Elapsed time: 1614.9835295677185s
Processing frame: 7600
Elapsed time: 1658.5799288749695s
Processing frame: 7800
Elapsed time: 1701.6847326755524s
Processing frame: 8000
Elapsed time: 1745.3009660243988s
Processing frame: 8200
Elapsed time: 1788.927630662918s
Processing frame: 8400
Elapsed time: 1831.8873977661133s
Processing frame: 8600
Elapsed time: 1875.4983503818512s
Processing frame: 8800
Elapsed time: 1919.0550229549408s
Processing frame: 9000
Elapsed time: 1962.0568075180054s
Processing frame: 9200
Elapsed time: 2005.5718612670898s
Processing frame: 9400
Elapsed time: 2049.0866355895996s
Processing frame: 9600
Elapsed time: 2092.050572872162s
Processing frame: 9800
Elapsed time: 2135.6484167575836s
Processing frame: 10000
Elapsed time: 2179.232109069824s
Processing frame: 10200
Elapsed time: 2222.1627447605133s
Processing frame: 10400
Elapsed time: 2265.8040931224823s
Processing frame: 10600
Elapsed time: 2309.34206032753s
Processing frame: 10800
Elapsed time: 2352.279458284378s
Processing frame: 11000
Elapsed time: 2395.789281129837s
Processing frame: 11200
Elapsed time: 2439.293388605118s
Processing frame: 11400
Elapsed time: 2482.149550676346s
Processing frame: 11600
Elapsed time: 2525.695783138275s
Processing frame: 11800
Elapsed time: 2569.2477498054504s
Processing frame: 12000
Elapsed time: 2612.1929547786713s
Processing frame: 12200
Elapsed time: 2655.7672266960144s
Processing frame: 12400
Elapsed time: 2699.3258743286133s
Processing frame: 12600
Elapsed time: 2742.150250673294s
Processing frame: 12800
Elapsed time: 2785.710433483124s
Processing frame: 13000
Elapsed time: 2829.273992061615s
Processing frame: 13200
Elapsed time: 2872.2455966472626s
Processing frame: 13400
Elapsed time: 2915.752932548523s
Processing frame: 13600
Elapsed time: 2959.279855489731s
Processing frame: 13800
Elapsed time: 3002.177060842514s
Processing frame: 14000
Elapsed time: 3045.6735451221466s
Processing frame: 14200
Elapsed time: 3089.203113555908s
Frame: 14265, grabbed=False and frame=None
Processing frame: 0
Processing frame: 200
Processing frame: 400
Processing frame: 600
Processing frame: 800
Processing frame: 1000
Processing frame: 1200
Processing frame: 1400
Processing frame: 1600
Processing frame: 1800
Processing frame: 2000
Processing frame: 2200
Processing frame: 2400
Processing frame: 2600
Processing frame: 2800
Processing frame: 3000
Processing frame: 3200
Processing frame: 3400
Processing frame: 3600
Processing frame: 3800
Processing frame: 4000
Processing frame: 4200
Processing frame: 4400
Processing frame: 4600
