-------------------------------------------------------------------------------
There are messages associated with the following module(s):
-------------------------------------------------------------------------------

python/3.5.2:
   This module is deprecated and will be removed in the future. Please
   upgrade to python/3.5. If you had created virtual environments we
   recommend to recreate them. Ce module est marqué pour être retiré et
   sera supprimé dans le futur. Veuillez utiliser python/3.5. Si vous aviez
   créé un environnement virtuel, nous vous recommandons de le recréer.

-------------------------------------------------------------------------------

sh: openposeEnv_Python3/bin/activate: No such file or directory
OpenPose Library Python Wrapper
Raw frames per second: 24.12955754592356
Frame width:960, Frame height:756.
Total frame number: 14535.0
Processing frame: 0
Elapsed time: 1.1920928955078125e-05s
Processing frame: 200
Elapsed time: 47.786458015441895s
Processing frame: 400
Elapsed time: 90.99673533439636s
Processing frame: 600
Elapsed time: 133.4704930782318s
Processing frame: 800
Elapsed time: 176.48664712905884s
Processing frame: 1000
Elapsed time: 219.72714710235596s
Processing frame: 1200
Elapsed time: 262.3469560146332s
Processing frame: 1400
Elapsed time: 305.5092113018036s
Processing frame: 1600
Elapsed time: 348.64288234710693s
Processing frame: 1800
Elapsed time: 391.10468196868896s
Processing frame: 2000
Elapsed time: 434.1959774494171s
Processing frame: 2200
Elapsed time: 477.39622163772583s
Processing frame: 2400
Elapsed time: 519.8558914661407s
Processing frame: 2600
Elapsed time: 563.1076021194458s
Processing frame: 2800
Elapsed time: 606.2403979301453s
Processing frame: 3000
Elapsed time: 648.7333054542542s
Processing frame: 3200
Elapsed time: 691.7206094264984s
Processing frame: 3400
Elapsed time: 734.8674113750458s
Processing frame: 3600
Elapsed time: 777.3983175754547s
Processing frame: 3800
Elapsed time: 820.4582283496857s
Processing frame: 4000
Elapsed time: 863.4209485054016s
Processing frame: 4200
Elapsed time: 905.7865378856659s
Processing frame: 4400
Elapsed time: 948.8041388988495s
Processing frame: 4600
Elapsed time: 991.8104176521301s
Processing frame: 4800
Elapsed time: 1034.1999576091766s
Processing frame: 5000
Elapsed time: 1077.1999292373657s
Processing frame: 5200
Elapsed time: 1120.1347589492798s
Processing frame: 5400
Elapsed time: 1162.4245884418488s
Processing frame: 5600
Elapsed time: 1205.3425540924072s
Processing frame: 5800
Elapsed time: 1248.250917673111s
Processing frame: 6000
Elapsed time: 1290.5776581764221s
Processing frame: 6200
Elapsed time: 1333.4891183376312s
Processing frame: 6400
Elapsed time: 1376.4843032360077s
Processing frame: 6600
Elapsed time: 1418.8282098770142s
Processing frame: 6800
Elapsed time: 1461.7417075634003s
Processing frame: 7000
Elapsed time: 1504.7646970748901s
Processing frame: 7200
Elapsed time: 1547.14870095253s
Processing frame: 7400
Elapsed time: 1590.189766407013s
Processing frame: 7600
Elapsed time: 1633.2787065505981s
Processing frame: 7800
Elapsed time: 1675.6318845748901s
Processing frame: 8000
Elapsed time: 1718.556075334549s
Processing frame: 8200
Elapsed time: 1761.4632639884949s
Processing frame: 8400
Elapsed time: 1803.7752079963684s
Processing frame: 8600
Elapsed time: 1846.681571483612s
Processing frame: 8800
Elapsed time: 1889.5438611507416s
Processing frame: 9000
Elapsed time: 1931.8409841060638s
Processing frame: 9200
Elapsed time: 1974.7468404769897s
Processing frame: 9400
Elapsed time: 2017.8093597888947s
Processing frame: 9600
Elapsed time: 2060.1712391376495s
Processing frame: 9800
Elapsed time: 2103.132438659668s
Processing frame: 10000
Elapsed time: 2146.0689992904663s
Processing frame: 10200
Elapsed time: 2188.382704257965s
Processing frame: 10400
Elapsed time: 2231.2508108615875s
Processing frame: 10600
Elapsed time: 2274.259732723236s
Processing frame: 10800
Elapsed time: 2316.6421825885773s
Processing frame: 11000
Elapsed time: 2359.7155203819275s
Processing frame: 11200
Elapsed time: 2402.745954990387s
Processing frame: 11400
Elapsed time: 2445.1358773708344s
Processing frame: 11600
Elapsed time: 2488.2070655822754s
Processing frame: 11800
Elapsed time: 2531.233560562134s
Processing frame: 12000
Elapsed time: 2573.690108060837s
Processing frame: 12200
Elapsed time: 2616.819551229477s
Processing frame: 12400
Elapsed time: 2659.8686497211456s
Processing frame: 12600
Elapsed time: 2702.190537929535s
Processing frame: 12800
Elapsed time: 2745.2550230026245s
Processing frame: 13000
Elapsed time: 2788.3280720710754s
Processing frame: 13200
Elapsed time: 2830.7831778526306s
Processing frame: 13400
Elapsed time: 2873.8766288757324s
Processing frame: 13600
Elapsed time: 2917.100147008896s
Processing frame: 13800
Elapsed time: 2959.6241352558136s
Processing frame: 14000
Elapsed time: 3002.81037068367s
Processing frame: 14200
Elapsed time: 3045.870444536209s
Processing frame: 14400
Elapsed time: 3088.33647608757s
Processing frame: 0
Processing frame: 200
Processing frame: 400
Processing frame: 600
Processing frame: 800
Processing frame: 1000
Processing frame: 1200
Processing frame: 1400
Processing frame: 1600
Processing frame: 1800
Processing frame: 2000
Processing frame: 2200
Processing frame: 2400
Processing frame: 2600
Processing frame: 2800
Processing frame: 3000
Processing frame: 3200
Processing frame: 3400
Processing frame: 3600
Processing frame: 3800
Processing frame: 4000
Processing frame: 4200
Processing frame: 4400
Processing frame: 4600
Processing frame: 4800
