-------------------------------------------------------------------------------
There are messages associated with the following module(s):
-------------------------------------------------------------------------------

python/3.5.2:
   This module is deprecated and will be removed in the future. Please
   upgrade to python/3.5. If you had created virtual environments we
   recommend to recreate them. Ce module est marqué pour être retiré et
   sera supprimé dans le futur. Veuillez utiliser python/3.5. Si vous aviez
   créé un environnement virtuel, nous vous recommandons de le recréer.

-------------------------------------------------------------------------------

sh: openposeEnv_Python3/bin/activate: No such file or directory
OpenPose Library Python Wrapper
Raw frames per second: 23.048412232093277
Crop: Video not from Camera1 or Camera2!
Frame width:1152, Frame height:972.
Polygon: Video not from Camera1 or Camera2!
Total frame number: 13933.0
Processing frame: 0
Elapsed time: 1.1920928955078125e-05s
Processing frame: 200
Elapsed time: 48.60595726966858s
Processing frame: 400
Elapsed time: 92.72089099884033s
Processing frame: 600
Elapsed time: 136.21176981925964s
Processing frame: 800
Elapsed time: 180.2914092540741s
Processing frame: 1000
Elapsed time: 224.43556261062622s
Processing frame: 1200
Elapsed time: 267.9238119125366s
Processing frame: 1400
Elapsed time: 311.9536454677582s
Processing frame: 1600
Elapsed time: 356.0256538391113s
Processing frame: 1800
Elapsed time: 399.5269296169281s
Processing frame: 2000
Elapsed time: 443.61416459083557s
Processing frame: 2200
Elapsed time: 487.75793075561523s
Processing frame: 2400
Elapsed time: 531.2974543571472s
Processing frame: 2600
Elapsed time: 575.4937880039215s
Processing frame: 2800
Elapsed time: 619.5625891685486s
Processing frame: 3000
Elapsed time: 662.9881172180176s
Processing frame: 3200
Elapsed time: 707.0670485496521s
Processing frame: 3400
Elapsed time: 751.132251739502s
Processing frame: 3600
Elapsed time: 794.6414420604706s
Processing frame: 3800
Elapsed time: 838.8140110969543s
Processing frame: 4000
Elapsed time: 882.9543750286102s
Processing frame: 4200
Elapsed time: 926.3699893951416s
Processing frame: 4400
Elapsed time: 970.4825155735016s
Processing frame: 4600
Elapsed time: 1014.5619325637817s
Processing frame: 4800
Elapsed time: 1057.9561409950256s
Processing frame: 5000
Elapsed time: 1101.9898056983948s
Processing frame: 5200
Elapsed time: 1145.998523235321s
Processing frame: 5400
Elapsed time: 1189.4986667633057s
Processing frame: 5600
Elapsed time: 1233.5092327594757s
Processing frame: 5800
Elapsed time: 1277.4932687282562s
Processing frame: 6000
Elapsed time: 1320.8947145938873s
Processing frame: 6200
Elapsed time: 1364.7727265357971s
Processing frame: 6400
Elapsed time: 1409.0656492710114s
Processing frame: 6600
Elapsed time: 1452.3578922748566s
Processing frame: 6800
Elapsed time: 1496.3876643180847s
Processing frame: 7000
Elapsed time: 1540.515644311905s
Processing frame: 7200
Elapsed time: 1583.917328596115s
Processing frame: 7400
Elapsed time: 1627.9266364574432s
Processing frame: 7600
Elapsed time: 1671.829781293869s
Processing frame: 7800
Elapsed time: 1715.1596219539642s
Processing frame: 8000
Elapsed time: 1759.1873123645782s
Processing frame: 8200
Elapsed time: 1803.329181432724s
Processing frame: 8400
Elapsed time: 1846.668930053711s
Processing frame: 8600
Elapsed time: 1890.655101299286s
Processing frame: 8800
Elapsed time: 1934.7004778385162s
Processing frame: 9000
Elapsed time: 1978.4134631156921s
Processing frame: 9200
Elapsed time: 2022.3903439044952s
Processing frame: 9400
Elapsed time: 2066.441237926483s
Processing frame: 9600
Elapsed time: 2109.826110601425s
Processing frame: 9800
Elapsed time: 2153.8436274528503s
Processing frame: 10000
Elapsed time: 2197.87247300148s
Processing frame: 10200
Elapsed time: 2241.360944032669s
Processing frame: 10400
Elapsed time: 2285.515964984894s
Processing frame: 10600
Elapsed time: 2329.6006393432617s
Processing frame: 10800
Elapsed time: 2373.0722019672394s
Processing frame: 11000
Elapsed time: 2417.199040412903s
Processing frame: 11200
Elapsed time: 2461.3899495601654s
Processing frame: 11400
Elapsed time: 2505.0050101280212s
Processing frame: 11600
Elapsed time: 2549.1217222213745s
Processing frame: 11800
Elapsed time: 2593.314597129822s
Processing frame: 12000
Elapsed time: 2636.8417365550995s
Processing frame: 12200
Elapsed time: 2681.060248851776s
Processing frame: 12400
Elapsed time: 2725.2503917217255s
Processing frame: 12600
Elapsed time: 2768.9099383354187s
Processing frame: 12800
Elapsed time: 2813.1893076896667s
Processing frame: 13000
Elapsed time: 2857.306012392044s
Processing frame: 13200
Elapsed time: 2900.819881439209s
Processing frame: 13400
Elapsed time: 2945.01899266243s
Processing frame: 13600
Elapsed time: 2989.1486687660217s
Processing frame: 13800
Elapsed time: 3032.631272315979s
Frame: 13932, grabbed=False and frame=None
Processing frame: 0
Processing frame: 200
Processing frame: 400
Processing frame: 600
Processing frame: 800
Processing frame: 1000
Processing frame: 1200
Processing frame: 1400
Processing frame: 1600
Processing frame: 1800
Processing frame: 2000
Processing frame: 2200
Processing frame: 2400
Processing frame: 2600
Processing frame: 2800
Processing frame: 3000
Processing frame: 3200
Processing frame: 3400
Processing frame: 3600
Processing frame: 3800
Processing frame: 4000
Processing frame: 4200
Processing frame: 4400
Processing frame: 4600
