-------------------------------------------------------------------------------
There are messages associated with the following module(s):
-------------------------------------------------------------------------------

python/3.5.2:
   This module is deprecated and will be removed in the future. Please
   upgrade to python/3.5. If you had created virtual environments we
   recommend to recreate them. Ce module est marqué pour être retiré et
   sera supprimé dans le futur. Veuillez utiliser python/3.5. Si vous aviez
   créé un environnement virtuel, nous vous recommandons de le recréer.

-------------------------------------------------------------------------------

sh: openposeEnv_Python3/bin/activate: No such file or directory
OpenPose Library Python Wrapper
Raw frames per second: 24.172649910121464
Frame width:960, Frame height:756.
Total frame number: 14540.0
Processing frame: 0
Elapsed time: 1.0728836059570312e-05s
Processing frame: 200
Elapsed time: 47.82270264625549s
Processing frame: 400
Elapsed time: 91.0645444393158s
Processing frame: 600
Elapsed time: 133.64914512634277s
Processing frame: 800
Elapsed time: 176.68189191818237s
Processing frame: 1000
Elapsed time: 219.77491688728333s
Processing frame: 1200
Elapsed time: 262.1014413833618s
Processing frame: 1400
Elapsed time: 305.29764699935913s
Processing frame: 1600
Elapsed time: 348.4431185722351s
Processing frame: 1800
Elapsed time: 390.8201656341553s
Processing frame: 2000
Elapsed time: 433.829617023468s
Processing frame: 2200
Elapsed time: 476.7746706008911s
Processing frame: 2400
Elapsed time: 519.2276332378387s
Processing frame: 2600
Elapsed time: 562.351135969162s
Processing frame: 2800
Elapsed time: 605.3295176029205s
Processing frame: 3000
Elapsed time: 647.7005305290222s
Processing frame: 3200
Elapsed time: 690.703289270401s
Processing frame: 3400
Elapsed time: 733.7024960517883s
Processing frame: 3600
Elapsed time: 776.0762822628021s
Processing frame: 3800
Elapsed time: 819.1310567855835s
Processing frame: 4000
Elapsed time: 862.2002491950989s
Processing frame: 4200
Elapsed time: 904.7318074703217s
Processing frame: 4400
Elapsed time: 947.7108247280121s
Processing frame: 4600
Elapsed time: 990.7119181156158s
Processing frame: 4800
Elapsed time: 1033.0810685157776s
Processing frame: 5000
Elapsed time: 1076.1051506996155s
Processing frame: 5200
Elapsed time: 1119.1466038227081s
Processing frame: 5400
Elapsed time: 1161.6046373844147s
Processing frame: 5600
Elapsed time: 1204.7359082698822s
Processing frame: 5800
Elapsed time: 1247.7450733184814s
Processing frame: 6000
Elapsed time: 1290.1459090709686s
Processing frame: 6200
Elapsed time: 1333.1934866905212s
Processing frame: 6400
Elapsed time: 1376.2763607501984s
Processing frame: 6600
Elapsed time: 1418.6311910152435s
Processing frame: 6800
Elapsed time: 1461.7569596767426s
Processing frame: 7000
Elapsed time: 1504.9421939849854s
Processing frame: 7200
Elapsed time: 1547.504085302353s
Processing frame: 7400
Elapsed time: 1590.7006752490997s
Processing frame: 7600
Elapsed time: 1633.8331542015076s
Processing frame: 7800
Elapsed time: 1676.254889011383s
Processing frame: 8000
Elapsed time: 1719.3959953784943s
Processing frame: 8200
Elapsed time: 1762.430982351303s
Processing frame: 8400
Elapsed time: 1804.8253445625305s
Processing frame: 8600
Elapsed time: 1847.9426717758179s
Processing frame: 8800
Elapsed time: 1890.9802205562592s
Processing frame: 9000
Elapsed time: 1933.4010434150696s
Processing frame: 9200
Elapsed time: 1976.4053671360016s
Processing frame: 9400
Elapsed time: 2019.3740072250366s
Processing frame: 9600
Elapsed time: 2061.7586278915405s
Processing frame: 9800
Elapsed time: 2104.67316198349s
Processing frame: 10000
Elapsed time: 2147.5724754333496s
Processing frame: 10200
Elapsed time: 2189.900443315506s
Processing frame: 10400
Elapsed time: 2232.734811782837s
Processing frame: 10600
Elapsed time: 2275.6403551101685s
Processing frame: 10800
Elapsed time: 2317.8959629535675s
Processing frame: 11000
Elapsed time: 2360.9676682949066s
Processing frame: 11200
Elapsed time: 2403.963603258133s
Processing frame: 11400
Elapsed time: 2446.1903989315033s
Processing frame: 11600
Elapsed time: 2489.117615699768s
Processing frame: 11800
Elapsed time: 2532.128129720688s
Processing frame: 12000
Elapsed time: 2574.4429211616516s
Processing frame: 12200
Elapsed time: 2617.4835352897644s
Processing frame: 12400
Elapsed time: 2660.595803499222s
Processing frame: 12600
Elapsed time: 2703.1012241840363s
Processing frame: 12800
Elapsed time: 2746.0920531749725s
Processing frame: 13000
Elapsed time: 2789.1019082069397s
Processing frame: 13200
Elapsed time: 2831.417249441147s
Processing frame: 13400
Elapsed time: 2874.4737133979797s
Processing frame: 13600
Elapsed time: 2917.5283818244934s
Processing frame: 13800
Elapsed time: 2960.052519798279s
Processing frame: 14000
Elapsed time: 3003.170074939728s
Processing frame: 14200
Elapsed time: 3046.198333501816s
Processing frame: 14400
Elapsed time: 3088.4422657489777s
Processing frame: 0
Processing frame: 200
Processing frame: 400
Processing frame: 600
Processing frame: 800
Processing frame: 1000
Processing frame: 1200
Processing frame: 1400
Processing frame: 1600
Processing frame: 1800
Processing frame: 2000
Processing frame: 2200
Processing frame: 2400
Processing frame: 2600
Processing frame: 2800
Processing frame: 3000
Processing frame: 3200
Processing frame: 3400
Processing frame: 3600
Processing frame: 3800
Processing frame: 4000
Processing frame: 4200
Processing frame: 4400
Processing frame: 4600
Processing frame: 4800
