-------------------------------------------------------------------------------
There are messages associated with the following module(s):
-------------------------------------------------------------------------------

python/3.5.2:
   This module is deprecated and will be removed in the future. Please
   upgrade to python/3.5. If you had created virtual environments we
   recommend to recreate them. Ce module est marqué pour être retiré et
   sera supprimé dans le futur. Veuillez utiliser python/3.5. Si vous aviez
   créé un environnement virtuel, nous vous recommandons de le recréer.

-------------------------------------------------------------------------------

sh: openposeEnv_Python3/bin/activate: No such file or directory
OpenPose Library Python Wrapper
Raw frames per second: 19.56461161146042
Frame width:1152, Frame height:972.
Total frame number: 11747.0
Processing frame: 0
Elapsed time: 1.1444091796875e-05s
Processing frame: 200
Elapsed time: 48.92181324958801s
Processing frame: 400
Elapsed time: 93.1503553390503s
Processing frame: 600
Elapsed time: 136.69906187057495s
Processing frame: 800
Elapsed time: 180.89029479026794s
Processing frame: 1000
Elapsed time: 225.16111135482788s
Processing frame: 1200
Elapsed time: 268.73724389076233s
Processing frame: 1400
Elapsed time: 312.9827377796173s
Processing frame: 1600
Elapsed time: 357.17977690696716s
Processing frame: 1800
Elapsed time: 400.72732424736023s
Processing frame: 2000
Elapsed time: 444.9417588710785s
Processing frame: 2200
Elapsed time: 488.98545479774475s
Processing frame: 2400
Elapsed time: 532.4809150695801s
Processing frame: 2600
Elapsed time: 576.6468105316162s
Processing frame: 2800
Elapsed time: 620.8229360580444s
Processing frame: 3000
Elapsed time: 664.3378493785858s
Processing frame: 3200
Elapsed time: 708.4769515991211s
Processing frame: 3400
Elapsed time: 752.6261560916901s
Processing frame: 3600
Elapsed time: 796.1797924041748s
Processing frame: 3800
Elapsed time: 840.3732299804688s
Processing frame: 4000
Elapsed time: 884.4790863990784s
Processing frame: 4200
Elapsed time: 927.9191586971283s
Processing frame: 4400
Elapsed time: 972.1107187271118s
Processing frame: 4600
Elapsed time: 1016.264032125473s
Processing frame: 4800
Elapsed time: 1059.7451820373535s
Processing frame: 5000
Elapsed time: 1103.9149656295776s
Processing frame: 5200
Elapsed time: 1148.0512351989746s
Processing frame: 5400
Elapsed time: 1191.6339151859283s
Processing frame: 5600
Elapsed time: 1235.7446732521057s
Processing frame: 5800
Elapsed time: 1279.8817584514618s
Processing frame: 6000
Elapsed time: 1323.334946155548s
Processing frame: 6200
Elapsed time: 1367.4239420890808s
Processing frame: 6400
Elapsed time: 1411.4457042217255s
Processing frame: 6600
Elapsed time: 1454.9731647968292s
Processing frame: 6800
Elapsed time: 1498.9859192371368s
Processing frame: 7000
Elapsed time: 1542.9773726463318s
Processing frame: 7200
Elapsed time: 1586.3350756168365s
Processing frame: 7400
Elapsed time: 1630.231811285019s
Processing frame: 7600
Elapsed time: 1674.202517747879s
Processing frame: 7800
Elapsed time: 1717.575445652008s
Processing frame: 8000
Elapsed time: 1761.4715571403503s
Processing frame: 8200
Elapsed time: 1805.5023293495178s
Processing frame: 8400
Elapsed time: 1848.8447666168213s
Processing frame: 8600
Elapsed time: 1892.8002133369446s
Processing frame: 8800
Elapsed time: 1936.9501888751984s
Processing frame: 9000
Elapsed time: 1980.337643146515s
Processing frame: 9200
Elapsed time: 2024.3953366279602s
Processing frame: 9400
Elapsed time: 2068.4346776008606s
Processing frame: 9600
Elapsed time: 2111.8312480449677s
Processing frame: 9800
Elapsed time: 2155.8628792762756s
Processing frame: 10000
Elapsed time: 2199.8495919704437s
Processing frame: 10200
Elapsed time: 2243.2007110118866s
Processing frame: 10400
Elapsed time: 2287.306432247162s
Processing frame: 10600
Elapsed time: 2331.393335342407s
Processing frame: 10800
Elapsed time: 2374.898070335388s
Processing frame: 11000
Elapsed time: 2419.102274656296s
Processing frame: 11200
Elapsed time: 2463.2609786987305s
Processing frame: 11400
Elapsed time: 2506.851781129837s
Processing frame: 11600
Elapsed time: 2551.0326533317566s
Processing frame: 0
Processing frame: 200
Processing frame: 400
Processing frame: 600
Processing frame: 800
Processing frame: 1000
Processing frame: 1200
Processing frame: 1400
Processing frame: 1600
Processing frame: 1800
Processing frame: 2000
Processing frame: 2200
Processing frame: 2400
Processing frame: 2600
Processing frame: 2800
Processing frame: 3000
Processing frame: 3200
Processing frame: 3400
Processing frame: 3600
Processing frame: 3800
