-------------------------------------------------------------------------------
There are messages associated with the following module(s):
-------------------------------------------------------------------------------

python/3.5.2:
   This module is deprecated and will be removed in the future. Please
   upgrade to python/3.5. If you had created virtual environments we
   recommend to recreate them. Ce module est marqué pour être retiré et
   sera supprimé dans le futur. Veuillez utiliser python/3.5. Si vous aviez
   créé un environnement virtuel, nous vous recommandons de le recréer.

-------------------------------------------------------------------------------

sh: openposeEnv_Python3/bin/activate: No such file or directory
OpenPose Library Python Wrapper
Raw frames per second: 25.432118528317638
Frame width:960, Frame height:756.
Total frame number: 15351.0
Processing frame: 0
Elapsed time: 1.0728836059570312e-05s
Processing frame: 200
Elapsed time: 48.04896283149719s
Processing frame: 400
Elapsed time: 91.3104898929596s
Processing frame: 600
Elapsed time: 133.88785815238953s
Processing frame: 800
Elapsed time: 177.0685122013092s
Processing frame: 1000
Elapsed time: 220.30108785629272s
Processing frame: 1200
Elapsed time: 262.8883852958679s
Processing frame: 1400
Elapsed time: 306.1276366710663s
Processing frame: 1600
Elapsed time: 349.4087255001068s
Processing frame: 1800
Elapsed time: 392.104505777359s
Processing frame: 2000
Elapsed time: 435.2469484806061s
Processing frame: 2200
Elapsed time: 478.33598613739014s
Processing frame: 2400
Elapsed time: 520.9026114940643s
Processing frame: 2600
Elapsed time: 564.0451986789703s
Processing frame: 2800
Elapsed time: 607.2375221252441s
Processing frame: 3000
Elapsed time: 649.8099784851074s
Processing frame: 3200
Elapsed time: 692.9566864967346s
Processing frame: 3400
Elapsed time: 736.0888161659241s
Processing frame: 3600
Elapsed time: 778.6045155525208s
Processing frame: 3800
Elapsed time: 821.9106116294861s
Processing frame: 4000
Elapsed time: 865.0768358707428s
Processing frame: 4200
Elapsed time: 907.5321607589722s
Processing frame: 4400
Elapsed time: 950.5681836605072s
Processing frame: 4600
Elapsed time: 993.7330369949341s
Processing frame: 4800
Elapsed time: 1036.221771478653s
Processing frame: 5000
Elapsed time: 1079.312786579132s
Processing frame: 5200
Elapsed time: 1122.3914518356323s
Processing frame: 5400
Elapsed time: 1164.8434255123138s
Processing frame: 5600
Elapsed time: 1207.930144071579s
Processing frame: 5800
Elapsed time: 1251.0224981307983s
Processing frame: 6000
Elapsed time: 1293.4370164871216s
Processing frame: 6200
Elapsed time: 1336.479801416397s
Processing frame: 6400
Elapsed time: 1379.5524723529816s
Processing frame: 6600
Elapsed time: 1422.0376715660095s
Processing frame: 6800
Elapsed time: 1465.1154007911682s
Processing frame: 7000
Elapsed time: 1508.2133042812347s
Processing frame: 7200
Elapsed time: 1550.7885177135468s
Processing frame: 7400
Elapsed time: 1593.9326467514038s
Processing frame: 7600
Elapsed time: 1637.0124716758728s
Processing frame: 7800
Elapsed time: 1679.3920364379883s
Processing frame: 8000
Elapsed time: 1722.5182311534882s
Processing frame: 8200
Elapsed time: 1765.5743856430054s
Processing frame: 8400
Elapsed time: 1808.0416359901428s
Processing frame: 8600
Elapsed time: 1851.0825266838074s
Processing frame: 8800
Elapsed time: 1894.090807914734s
Processing frame: 9000
Elapsed time: 1936.6265029907227s
Processing frame: 9200
Elapsed time: 1979.6801257133484s
Processing frame: 9400
Elapsed time: 2022.7310633659363s
Processing frame: 9600
Elapsed time: 2065.1402797698975s
Processing frame: 9800
Elapsed time: 2108.2594108581543s
Processing frame: 10000
Elapsed time: 2151.378566980362s
Processing frame: 10200
Elapsed time: 2193.8716282844543s
Processing frame: 10400
Elapsed time: 2236.876939058304s
Processing frame: 10600
Elapsed time: 2279.8974030017853s
Processing frame: 10800
Elapsed time: 2322.3286967277527s
Processing frame: 11000
Elapsed time: 2365.4562454223633s
Processing frame: 11200
Elapsed time: 2408.5958688259125s
Processing frame: 11400
Elapsed time: 2451.001813650131s
Processing frame: 11600
Elapsed time: 2494.081732273102s
Processing frame: 11800
Elapsed time: 2537.1247277259827s
Processing frame: 12000
Elapsed time: 2579.616947412491s
Processing frame: 12200
Elapsed time: 2622.6760878562927s
Processing frame: 12400
Elapsed time: 2665.7791414260864s
Processing frame: 12600
Elapsed time: 2708.1913974285126s
Processing frame: 12800
Elapsed time: 2751.2624278068542s
Processing frame: 13000
Elapsed time: 2794.2851917743683s
Processing frame: 13200
Elapsed time: 2836.803364753723s
Processing frame: 13400
Elapsed time: 2879.9797151088715s
Processing frame: 13600
Elapsed time: 2923.0272448062897s
Processing frame: 13800
Elapsed time: 2965.490164041519s
Processing frame: 14000
Elapsed time: 3008.5144126415253s
Processing frame: 14200
Elapsed time: 3051.54541349411s
Processing frame: 14400
Elapsed time: 3093.960014820099s
Processing frame: 14600
Elapsed time: 3136.994560241699s
Processing frame: 14800
Elapsed time: 3179.9853835105896s
Processing frame: 15000
Elapsed time: 3222.405903816223s
Processing frame: 15200
Elapsed time: 3265.5196640491486s
Processing frame: 0
Processing frame: 200
Processing frame: 400
Processing frame: 600
Processing frame: 800
Processing frame: 1000
Processing frame: 1200
Processing frame: 1400
Processing frame: 1600
Processing frame: 1800
Processing frame: 2000
Processing frame: 2200
Processing frame: 2400
Processing frame: 2600
Processing frame: 2800
Processing frame: 3000
Processing frame: 3200
Processing frame: 3400
Processing frame: 3600
Processing frame: 3800
Processing frame: 4000
Processing frame: 4200
Processing frame: 4400
Processing frame: 4600
Processing frame: 4800
Processing frame: 5000
