-------------------------------------------------------------------------------
There are messages associated with the following module(s):
-------------------------------------------------------------------------------

python/3.5.2:
   This module is deprecated and will be removed in the future. Please
   upgrade to python/3.5. If you had created virtual environments we
   recommend to recreate them. Ce module est marqué pour être retiré et
   sera supprimé dans le futur. Veuillez utiliser python/3.5. Si vous aviez
   créé un environnement virtuel, nous vous recommandons de le recréer.

-------------------------------------------------------------------------------

sh: openposeEnv_Python3/bin/activate: No such file or directory
OpenPose Library Python Wrapper
Raw frames per second: 14.914328663979461
Crop: Video not from Camera1 or Camera2!
Frame width:1152, Frame height:972.
Polygon: Video not from Camera1 or Camera2!
Total frame number: 8969.0
Processing frame: 0
Elapsed time: 1.7642974853515625e-05s
Processing frame: 200
Elapsed time: 49.244640588760376s
Processing frame: 400
Elapsed time: 93.48668503761292s
Processing frame: 600
Elapsed time: 137.27220225334167s
Processing frame: 800
Elapsed time: 181.65118622779846s
Processing frame: 1000
Elapsed time: 225.99814558029175s
Processing frame: 1200
Elapsed time: 269.78540325164795s
Processing frame: 1400
Elapsed time: 314.0939517021179s
Processing frame: 1600
Elapsed time: 359.5068266391754s
Processing frame: 1800
Elapsed time: 403.0845127105713s
Processing frame: 2000
Elapsed time: 447.320871591568s
Processing frame: 2200
Elapsed time: 491.6743047237396s
Processing frame: 2400
Elapsed time: 535.3338596820831s
Processing frame: 2600
Elapsed time: 579.6084432601929s
Processing frame: 2800
Elapsed time: 623.9781920909882s
Processing frame: 3000
Elapsed time: 667.7513606548309s
Processing frame: 3200
Elapsed time: 712.1607341766357s
Processing frame: 3400
Elapsed time: 756.6083407402039s
Processing frame: 3600
Elapsed time: 800.326899766922s
Processing frame: 3800
Elapsed time: 844.8220775127411s
Processing frame: 4000
Elapsed time: 889.3055427074432s
Processing frame: 4200
Elapsed time: 933.0346686840057s
Processing frame: 4400
Elapsed time: 977.4045231342316s
Processing frame: 4600
Elapsed time: 1021.7567143440247s
Processing frame: 4800
Elapsed time: 1065.508296251297s
Processing frame: 5000
Elapsed time: 1110.0234401226044s
Processing frame: 5200
Elapsed time: 1154.4374659061432s
Processing frame: 5400
Elapsed time: 1198.1789920330048s
Processing frame: 5600
Elapsed time: 1242.5284712314606s
Processing frame: 5800
Elapsed time: 1286.9569323062897s
Processing frame: 6000
Elapsed time: 1330.701611995697s
Processing frame: 6200
Elapsed time: 1375.210373878479s
Processing frame: 6400
Elapsed time: 1419.5534331798553s
Processing frame: 6600
Elapsed time: 1463.1230638027191s
Processing frame: 6800
Elapsed time: 1507.4953079223633s
Processing frame: 7000
Elapsed time: 1551.8120367527008s
Processing frame: 7200
Elapsed time: 1595.5238726139069s
Processing frame: 7400
Elapsed time: 1639.906744003296s
Processing frame: 7600
Elapsed time: 1684.4188106060028s
Processing frame: 7800
Elapsed time: 1728.1726772785187s
Processing frame: 8000
Elapsed time: 1772.5585300922394s
Processing frame: 8200
Elapsed time: 1816.9529979228973s
Processing frame: 8400
Elapsed time: 1860.7416174411774s
Processing frame: 8600
Elapsed time: 1905.184607744217s
Processing frame: 8800
Elapsed time: 1949.5223796367645s
Processing frame: 0
Processing frame: 200
Processing frame: 400
Processing frame: 600
Processing frame: 800
Processing frame: 1000
Processing frame: 1200
Processing frame: 1400
Processing frame: 1600
Processing frame: 1800
Processing frame: 2000
Processing frame: 2200
Processing frame: 2400
Processing frame: 2600
Processing frame: 2800
