-------------------------------------------------------------------------------
There are messages associated with the following module(s):
-------------------------------------------------------------------------------

python/3.5.2:
   This module is deprecated and will be removed in the future. Please
   upgrade to python/3.5. If you had created virtual environments we
   recommend to recreate them. Ce module est marqué pour être retiré et
   sera supprimé dans le futur. Veuillez utiliser python/3.5. Si vous aviez
   créé un environnement virtuel, nous vous recommandons de le recréer.

-------------------------------------------------------------------------------

sh: openposeEnv_Python3/bin/activate: No such file or directory
OpenPose Library Python Wrapper
Raw frames per second: 24.239181704692996
Frame width:960, Frame height:756.
Total frame number: 14543.0
Processing frame: 0
Elapsed time: 1.1444091796875e-05s
Processing frame: 200
Elapsed time: 47.54933977127075s
Processing frame: 400
Elapsed time: 90.36882209777832s
Processing frame: 600
Elapsed time: 132.64105916023254s
Processing frame: 800
Elapsed time: 175.45620393753052s
Processing frame: 1000
Elapsed time: 218.32103514671326s
Processing frame: 1200
Elapsed time: 260.6109652519226s
Processing frame: 1400
Elapsed time: 303.627165555954s
Processing frame: 1600
Elapsed time: 346.50520968437195s
Processing frame: 1800
Elapsed time: 388.6931598186493s
Processing frame: 2000
Elapsed time: 431.5640790462494s
Processing frame: 2200
Elapsed time: 474.4466247558594s
Processing frame: 2400
Elapsed time: 516.6927664279938s
Processing frame: 2600
Elapsed time: 559.5110518932343s
Processing frame: 2800
Elapsed time: 602.3659975528717s
Processing frame: 3000
Elapsed time: 644.5983486175537s
Processing frame: 3200
Elapsed time: 687.5252573490143s
Processing frame: 3400
Elapsed time: 730.4057235717773s
Processing frame: 3600
Elapsed time: 772.6091272830963s
Processing frame: 3800
Elapsed time: 815.4854612350464s
Processing frame: 4000
Elapsed time: 858.35937666893s
Processing frame: 4200
Elapsed time: 900.6042745113373s
Processing frame: 4400
Elapsed time: 943.3821737766266s
Processing frame: 4600
Elapsed time: 986.186377286911s
Processing frame: 4800
Elapsed time: 1028.4148347377777s
Processing frame: 5000
Elapsed time: 1071.2433803081512s
Processing frame: 5200
Elapsed time: 1114.029671907425s
Processing frame: 5400
Elapsed time: 1156.201912164688s
Processing frame: 5600
Elapsed time: 1199.0075211524963s
Processing frame: 5800
Elapsed time: 1241.8611731529236s
Processing frame: 6000
Elapsed time: 1284.0647299289703s
Processing frame: 6200
Elapsed time: 1326.8736951351166s
Processing frame: 6400
Elapsed time: 1369.6870319843292s
Processing frame: 6600
Elapsed time: 1411.9080092906952s
Processing frame: 6800
Elapsed time: 1454.8188989162445s
Processing frame: 7000
Elapsed time: 1497.6759750843048s
Processing frame: 7200
Elapsed time: 1539.8922312259674s
Processing frame: 7400
Elapsed time: 1582.7515161037445s
Processing frame: 7600
Elapsed time: 1625.5957720279694s
Processing frame: 7800
Elapsed time: 1667.8116352558136s
Processing frame: 8000
Elapsed time: 1710.5662128925323s
Processing frame: 8200
Elapsed time: 1753.2776429653168s
Processing frame: 8400
Elapsed time: 1795.416265964508s
Processing frame: 8600
Elapsed time: 1838.2940661907196s
Processing frame: 8800
Elapsed time: 1881.0701973438263s
Processing frame: 9000
Elapsed time: 1923.2513439655304s
Processing frame: 9200
Elapsed time: 1966.098087310791s
Processing frame: 9400
Elapsed time: 2008.9487709999084s
Processing frame: 9600
Elapsed time: 2051.1408569812775s
Processing frame: 9800
Elapsed time: 2093.907304286957s
Processing frame: 10000
Elapsed time: 2136.6291058063507s
Processing frame: 10200
Elapsed time: 2178.8197679519653s
Processing frame: 10400
Elapsed time: 2221.5896933078766s
Processing frame: 10600
Elapsed time: 2264.405488729477s
Processing frame: 10800
Elapsed time: 2306.6360008716583s
Processing frame: 11000
Elapsed time: 2349.501053094864s
Processing frame: 11200
Elapsed time: 2392.409554719925s
Processing frame: 11400
Elapsed time: 2434.701331138611s
Processing frame: 11600
Elapsed time: 2477.5462517738342s
Processing frame: 11800
Elapsed time: 2520.3895921707153s
Processing frame: 12000
Elapsed time: 2562.56631565094s
Processing frame: 12200
Elapsed time: 2605.362879514694s
Processing frame: 12400
Elapsed time: 2648.1407182216644s
Processing frame: 12600
Elapsed time: 2690.3351633548737s
Processing frame: 12800
Elapsed time: 2733.233798980713s
Processing frame: 13000
Elapsed time: 2776.039535522461s
Processing frame: 13200
Elapsed time: 2818.1660108566284s
Processing frame: 13400
Elapsed time: 2861.0059752464294s
Processing frame: 13600
Elapsed time: 2903.82098197937s
Processing frame: 13800
Elapsed time: 2945.9818375110626s
Processing frame: 14000
Elapsed time: 2988.7510855197906s
Processing frame: 14200
Elapsed time: 3031.5863723754883s
Processing frame: 14400
Elapsed time: 3073.8120250701904s
Frame: 14541, grabbed=False and frame=None
Processing frame: 0
Processing frame: 200
Processing frame: 400
Processing frame: 600
Processing frame: 800
Processing frame: 1000
Processing frame: 1200
Processing frame: 1400
Processing frame: 1600
Processing frame: 1800
Processing frame: 2000
Processing frame: 2200
Processing frame: 2400
Processing frame: 2600
Processing frame: 2800
Processing frame: 3000
Processing frame: 3200
Processing frame: 3400
Processing frame: 3600
Processing frame: 3800
Processing frame: 4000
Processing frame: 4200
Processing frame: 4400
Processing frame: 4600
Processing frame: 4800
