-------------------------------------------------------------------------------
There are messages associated with the following module(s):
-------------------------------------------------------------------------------

python/3.5.2:
   This module is deprecated and will be removed in the future. Please
   upgrade to python/3.5. If you had created virtual environments we
   recommend to recreate them. Ce module est marqué pour être retiré et
   sera supprimé dans le futur. Veuillez utiliser python/3.5. Si vous aviez
   créé un environnement virtuel, nous vous recommandons de le recréer.

-------------------------------------------------------------------------------

sh: openposeEnv_Python3/bin/activate: No such file or directory
OpenPose Library Python Wrapper
Raw frames per second: 26.256419445678453
Crop: Video not from Camera1 or Camera2!
Frame width:1152, Frame height:972.
Polygon: Video not from Camera1 or Camera2!
Total frame number: 15825.0
Processing frame: 0
Elapsed time: 1.1682510375976562e-05s
Processing frame: 200
Elapsed time: 48.72413635253906s
Processing frame: 400
Elapsed time: 92.92072463035583s
Processing frame: 600
Elapsed time: 136.48142170906067s
Processing frame: 800
Elapsed time: 180.6792333126068s
Processing frame: 1000
Elapsed time: 224.9647364616394s
Processing frame: 1200
Elapsed time: 268.4539477825165s
Processing frame: 1400
Elapsed time: 312.72233843803406s
Processing frame: 1600
Elapsed time: 356.90611600875854s
Processing frame: 1800
Elapsed time: 400.4474847316742s
Processing frame: 2000
Elapsed time: 444.63853669166565s
Processing frame: 2200
Elapsed time: 488.7339355945587s
Processing frame: 2400
Elapsed time: 532.2483620643616s
Processing frame: 2600
Elapsed time: 576.4451994895935s
Processing frame: 2800
Elapsed time: 620.5279002189636s
Processing frame: 3000
Elapsed time: 664.0556058883667s
Processing frame: 3200
Elapsed time: 708.2673683166504s
Processing frame: 3400
Elapsed time: 752.5455844402313s
Processing frame: 3600
Elapsed time: 796.1792829036713s
Processing frame: 3800
Elapsed time: 840.494236946106s
Processing frame: 4000
Elapsed time: 884.7279744148254s
Processing frame: 4200
Elapsed time: 928.2104198932648s
Processing frame: 4400
Elapsed time: 972.4225816726685s
Processing frame: 4600
Elapsed time: 1016.6059324741364s
Processing frame: 4800
Elapsed time: 1060.259004354477s
Processing frame: 5000
Elapsed time: 1104.508017539978s
Processing frame: 5200
Elapsed time: 1148.7892832756042s
Processing frame: 5400
Elapsed time: 1192.425794839859s
Processing frame: 5600
Elapsed time: 1236.677351474762s
Processing frame: 5800
Elapsed time: 1280.9945857524872s
Processing frame: 6000
Elapsed time: 1324.619476556778s
Processing frame: 6200
Elapsed time: 1368.839507818222s
Processing frame: 6400
Elapsed time: 1413.037941455841s
Processing frame: 6600
Elapsed time: 1456.6865813732147s
Processing frame: 6800
Elapsed time: 1500.8756086826324s
Processing frame: 7000
Elapsed time: 1545.0160627365112s
Processing frame: 7200
Elapsed time: 1588.4859864711761s
Processing frame: 7400
Elapsed time: 1632.5565629005432s
Processing frame: 7600
Elapsed time: 1676.5878133773804s
Processing frame: 7800
Elapsed time: 1719.9669468402863s
Processing frame: 8000
Elapsed time: 1764.0577383041382s
Processing frame: 8200
Elapsed time: 1808.1745059490204s
Processing frame: 8400
Elapsed time: 1851.6796040534973s
Processing frame: 8600
Elapsed time: 1895.7294163703918s
Processing frame: 8800
Elapsed time: 1939.7961688041687s
Processing frame: 9000
Elapsed time: 1983.3809056282043s
Processing frame: 9200
Elapsed time: 2027.44775724411s
Processing frame: 9400
Elapsed time: 2071.595891714096s
Processing frame: 9600
Elapsed time: 2115.158719778061s
Processing frame: 9800
Elapsed time: 2159.2581532001495s
Processing frame: 10000
Elapsed time: 2203.2679250240326s
Processing frame: 10200
Elapsed time: 2246.797158241272s
Processing frame: 10400
Elapsed time: 2290.931172132492s
Processing frame: 10600
Elapsed time: 2334.9984226226807s
Processing frame: 10800
Elapsed time: 2378.413980484009s
Processing frame: 11000
Elapsed time: 2422.406735420227s
Processing frame: 11200
Elapsed time: 2466.472795724869s
Processing frame: 11400
Elapsed time: 2509.8903999328613s
Processing frame: 11600
Elapsed time: 2553.946553468704s
Processing frame: 11800
Elapsed time: 2598.1078267097473s
Processing frame: 12000
Elapsed time: 2641.4982731342316s
Processing frame: 12200
Elapsed time: 2685.581334590912s
Processing frame: 12400
Elapsed time: 2729.711468219757s
Processing frame: 12600
Elapsed time: 2773.166868686676s
Processing frame: 12800
Elapsed time: 2817.3143837451935s
Processing frame: 13000
Elapsed time: 2861.3334443569183s
Processing frame: 13200
Elapsed time: 2904.7945609092712s
Processing frame: 13400
Elapsed time: 2949.009954929352s
Processing frame: 13600
Elapsed time: 2993.1471662521362s
Processing frame: 13800
Elapsed time: 3036.682714700699s
Processing frame: 14000
Elapsed time: 3080.8736131191254s
Processing frame: 14200
Elapsed time: 3125.048982143402s
Processing frame: 14400
Elapsed time: 3168.609851360321s
Processing frame: 14600
Elapsed time: 3212.8185954093933s
Processing frame: 14800
Elapsed time: 3256.972463607788s
Processing frame: 15000
Elapsed time: 3300.4862139225006s
Processing frame: 15200
Elapsed time: 3344.6002938747406s
Processing frame: 15400
Elapsed time: 3388.6877596378326s
Processing frame: 15600
Elapsed time: 3432.1822102069855s
Processing frame: 15800
Elapsed time: 3476.296450138092s
Processing frame: 0
Processing frame: 200
Processing frame: 400
Processing frame: 600
Processing frame: 800
Processing frame: 1000
Processing frame: 1200
Processing frame: 1400
Processing frame: 1600
Processing frame: 1800
Processing frame: 2000
Processing frame: 2200
Processing frame: 2400
Processing frame: 2600
Processing frame: 2800
Processing frame: 3000
Processing frame: 3200
Processing frame: 3400
Processing frame: 3600
Processing frame: 3800
Processing frame: 4000
Processing frame: 4200
Processing frame: 4400
Processing frame: 4600
Processing frame: 4800
Processing frame: 5000
Processing frame: 5200
