-------------------------------------------------------------------------------
There are messages associated with the following module(s):
-------------------------------------------------------------------------------

python/3.5.2:
   This module is deprecated and will be removed in the future. Please
   upgrade to python/3.5. If you had created virtual environments we
   recommend to recreate them. Ce module est marqué pour être retiré et
   sera supprimé dans le futur. Veuillez utiliser python/3.5. Si vous aviez
   créé un environnement virtuel, nous vous recommandons de le recréer.

-------------------------------------------------------------------------------

sh: openposeEnv_Python3/bin/activate: No such file or directory
OpenPose Library Python Wrapper
Raw frames per second: 14.586781350432393
Crop: Video not from Camera1 or Camera2!
Frame width:1152, Frame height:972.
Polygon: Video not from Camera1 or Camera2!
Total frame number: 8808.0
Processing frame: 0
Elapsed time: 1.0967254638671875e-05s
Processing frame: 200
Elapsed time: 48.73892545700073s
Processing frame: 400
Elapsed time: 92.80940961837769s
Processing frame: 600
Elapsed time: 136.34711861610413s
Processing frame: 800
Elapsed time: 180.5804693698883s
Processing frame: 1000
Elapsed time: 224.88197207450867s
Processing frame: 1200
Elapsed time: 268.33589363098145s
Processing frame: 1400
Elapsed time: 312.61197805404663s
Processing frame: 1600
Elapsed time: 356.7481834888458s
Processing frame: 1800
Elapsed time: 400.3250675201416s
Processing frame: 2000
Elapsed time: 444.51273822784424s
Processing frame: 2200
Elapsed time: 488.74064683914185s
Processing frame: 2400
Elapsed time: 532.2566087245941s
Processing frame: 2600
Elapsed time: 576.573239326477s
Processing frame: 2800
Elapsed time: 620.6365177631378s
Processing frame: 3000
Elapsed time: 664.1335413455963s
Processing frame: 3200
Elapsed time: 708.2289805412292s
Processing frame: 3400
Elapsed time: 752.4792904853821s
Processing frame: 3600
Elapsed time: 796.0038495063782s
Processing frame: 3800
Elapsed time: 840.2565529346466s
Processing frame: 4000
Elapsed time: 884.4854166507721s
Processing frame: 4200
Elapsed time: 928.1978106498718s
Processing frame: 4400
Elapsed time: 972.5237984657288s
Processing frame: 4600
Elapsed time: 1016.9580097198486s
Processing frame: 4800
Elapsed time: 1060.7011981010437s
Processing frame: 5000
Elapsed time: 1105.1907374858856s
Processing frame: 5200
Elapsed time: 1149.4880714416504s
Processing frame: 5400
Elapsed time: 1193.3269455432892s
Processing frame: 5600
Elapsed time: 1237.647066116333s
Processing frame: 5800
Elapsed time: 1281.7430584430695s
Processing frame: 6000
Elapsed time: 1325.3251659870148s
Processing frame: 6200
Elapsed time: 1369.565804719925s
Processing frame: 6400
Elapsed time: 1413.866108417511s
Processing frame: 6600
Elapsed time: 1457.428165435791s
Processing frame: 6800
Elapsed time: 1501.7049551010132s
Processing frame: 7000
Elapsed time: 1545.9845278263092s
Processing frame: 7200
Elapsed time: 1589.6467280387878s
Processing frame: 7400
Elapsed time: 1633.8900637626648s
Processing frame: 7600
Elapsed time: 1678.1153075695038s
Processing frame: 7800
Elapsed time: 1721.937593460083s
Processing frame: 8000
Elapsed time: 1766.3222465515137s
Processing frame: 8200
Elapsed time: 1810.6302995681763s
Processing frame: 8400
Elapsed time: 1854.0963551998138s
Processing frame: 8600
Elapsed time: 1898.2706038951874s
Processing frame: 8800
Elapsed time: 1942.5164828300476s
Processing frame: 0
Processing frame: 200
Processing frame: 400
Processing frame: 600
Processing frame: 800
Processing frame: 1000
Processing frame: 1200
Processing frame: 1400
Processing frame: 1600
Processing frame: 1800
Processing frame: 2000
Processing frame: 2200
Processing frame: 2400
Processing frame: 2600
Processing frame: 2800
