-------------------------------------------------------------------------------
There are messages associated with the following module(s):
-------------------------------------------------------------------------------

python/3.5.2:
   This module is deprecated and will be removed in the future. Please
   upgrade to python/3.5. If you had created virtual environments we
   recommend to recreate them. Ce module est marqué pour être retiré et
   sera supprimé dans le futur. Veuillez utiliser python/3.5. Si vous aviez
   créé un environnement virtuel, nous vous recommandons de le recréer.

-------------------------------------------------------------------------------

sh: openposeEnv_Python3/bin/activate: No such file or directory
OpenPose Library Python Wrapper
Raw frames per second: 16.871088534134483
Frame width:960, Frame height:756.
Total frame number: 10172.0
Processing frame: 0
Elapsed time: 1.6450881958007812e-05s
Processing frame: 200
Elapsed time: 47.5151162147522s
Processing frame: 400
Elapsed time: 90.51885151863098s
Processing frame: 600
Elapsed time: 132.84586691856384s
Processing frame: 800
Elapsed time: 175.90018105506897s
Processing frame: 1000
Elapsed time: 218.69759392738342s
Processing frame: 1200
Elapsed time: 260.98674988746643s
Processing frame: 1400
Elapsed time: 303.8706269264221s
Processing frame: 1600
Elapsed time: 346.7475128173828s
Processing frame: 1800
Elapsed time: 389.04158639907837s
Processing frame: 2000
Elapsed time: 432.000212430954s
Processing frame: 2200
Elapsed time: 474.8905084133148s
Processing frame: 2400
Elapsed time: 517.2258810997009s
Processing frame: 2600
Elapsed time: 560.0621583461761s
Processing frame: 2800
Elapsed time: 603.0556643009186s
Processing frame: 3000
Elapsed time: 645.3214218616486s
Processing frame: 3200
Elapsed time: 688.4001789093018s
Processing frame: 3400
Elapsed time: 731.3088335990906s
Processing frame: 3600
Elapsed time: 773.5172529220581s
Processing frame: 3800
Elapsed time: 816.3360924720764s
Processing frame: 4000
Elapsed time: 859.2314109802246s
Processing frame: 4200
Elapsed time: 901.5718665122986s
Processing frame: 4400
Elapsed time: 944.557984828949s
Processing frame: 4600
Elapsed time: 987.5846817493439s
Processing frame: 4800
Elapsed time: 1030.0191812515259s
Processing frame: 5000
Elapsed time: 1073.0037717819214s
Processing frame: 5200
Elapsed time: 1115.8818004131317s
Processing frame: 5400
Elapsed time: 1158.257188796997s
Processing frame: 5600
Elapsed time: 1201.131897687912s
Processing frame: 5800
Elapsed time: 1243.952571630478s
Processing frame: 6000
Elapsed time: 1286.165453195572s
Processing frame: 6200
Elapsed time: 1329.1523895263672s
Processing frame: 6400
Elapsed time: 1371.9769723415375s
Processing frame: 6600
Elapsed time: 1414.1621496677399s
Processing frame: 6800
Elapsed time: 1456.9568302631378s
Processing frame: 7000
Elapsed time: 1499.6711869239807s
Processing frame: 7200
Elapsed time: 1541.834341287613s
Processing frame: 7400
Elapsed time: 1584.5465478897095s
Processing frame: 7600
Elapsed time: 1627.2771692276s
Processing frame: 7800
Elapsed time: 1669.5489258766174s
Processing frame: 8000
Elapsed time: 1712.2682001590729s
Processing frame: 8200
Elapsed time: 1754.9721338748932s
Processing frame: 8400
Elapsed time: 1797.1312119960785s
Processing frame: 8600
Elapsed time: 1839.9670541286469s
Processing frame: 8800
Elapsed time: 1882.822707414627s
Processing frame: 9000
Elapsed time: 1925.0743856430054s
Processing frame: 9200
Elapsed time: 1967.8714909553528s
Processing frame: 9400
Elapsed time: 2010.6355743408203s
Processing frame: 9600
Elapsed time: 2052.7764518260956s
Processing frame: 9800
Elapsed time: 2095.48801445961s
Processing frame: 10000
Elapsed time: 2138.145981311798s
Processing frame: 0
Processing frame: 200
Processing frame: 400
Processing frame: 600
Processing frame: 800
Processing frame: 1000
Processing frame: 1200
Processing frame: 1400
Processing frame: 1600
Processing frame: 1800
Processing frame: 2000
Processing frame: 2200
Processing frame: 2400
Processing frame: 2600
Processing frame: 2800
Processing frame: 3000
Processing frame: 3200
