-------------------------------------------------------------------------------
There are messages associated with the following module(s):
-------------------------------------------------------------------------------

python/3.5.2:
   This module is deprecated and will be removed in the future. Please
   upgrade to python/3.5. If you had created virtual environments we
   recommend to recreate them. Ce module est marqué pour être retiré et
   sera supprimé dans le futur. Veuillez utiliser python/3.5. Si vous aviez
   créé un environnement virtuel, nous vous recommandons de le recréer.

-------------------------------------------------------------------------------

sh: openposeEnv_Python3/bin/activate: No such file or directory
OpenPose Library Python Wrapper
Raw frames per second: 23.858816445440137
Crop: Video not from Camera1 or Camera2!
Frame width:1152, Frame height:972.
Polygon: Video not from Camera1 or Camera2!
Total frame number: 14314.0
Processing frame: 0
Elapsed time: 1.1682510375976562e-05s
Processing frame: 200
Elapsed time: 48.91176915168762s
Processing frame: 400
Elapsed time: 92.9444842338562s
Processing frame: 600
Elapsed time: 136.49013328552246s
Processing frame: 800
Elapsed time: 180.67720317840576s
Processing frame: 1000
Elapsed time: 224.89742183685303s
Processing frame: 1200
Elapsed time: 268.52266240119934s
Processing frame: 1400
Elapsed time: 312.71328926086426s
Processing frame: 1600
Elapsed time: 356.86193919181824s
Processing frame: 1800
Elapsed time: 400.3365955352783s
Processing frame: 2000
Elapsed time: 444.50574111938477s
Processing frame: 2200
Elapsed time: 488.61097168922424s
Processing frame: 2400
Elapsed time: 532.1179342269897s
Processing frame: 2600
Elapsed time: 576.2296552658081s
Processing frame: 2800
Elapsed time: 620.353467464447s
Processing frame: 3000
Elapsed time: 663.8306148052216s
Processing frame: 3200
Elapsed time: 708.162611246109s
Processing frame: 3400
Elapsed time: 752.2432997226715s
Processing frame: 3600
Elapsed time: 795.85972905159s
Processing frame: 3800
Elapsed time: 839.966105222702s
Processing frame: 4000
Elapsed time: 884.0195395946503s
Processing frame: 4200
Elapsed time: 927.440247297287s
Processing frame: 4400
Elapsed time: 971.4399893283844s
Processing frame: 4600
Elapsed time: 1015.4286544322968s
Processing frame: 4800
Elapsed time: 1058.7621636390686s
Processing frame: 5000
Elapsed time: 1102.802573442459s
Processing frame: 5200
Elapsed time: 1146.8646492958069s
Processing frame: 5400
Elapsed time: 1190.242733001709s
Processing frame: 5600
Elapsed time: 1234.1950783729553s
Processing frame: 5800
Elapsed time: 1278.2132966518402s
Processing frame: 6000
Elapsed time: 1321.6369261741638s
Processing frame: 6200
Elapsed time: 1366.27294921875s
Processing frame: 6400
Elapsed time: 1410.2969074249268s
Processing frame: 6600
Elapsed time: 1453.7065393924713s
Processing frame: 6800
Elapsed time: 1497.717541694641s
Processing frame: 7000
Elapsed time: 1541.7983462810516s
Processing frame: 7200
Elapsed time: 1585.2505893707275s
Processing frame: 7400
Elapsed time: 1629.3037388324738s
Processing frame: 7600
Elapsed time: 1673.2546961307526s
Processing frame: 7800
Elapsed time: 1716.613897562027s
Processing frame: 8000
Elapsed time: 1760.5919289588928s
Processing frame: 8200
Elapsed time: 1804.54146027565s
Processing frame: 8400
Elapsed time: 1847.8619756698608s
Processing frame: 8600
Elapsed time: 1891.7692840099335s
Processing frame: 8800
Elapsed time: 1935.767263174057s
Processing frame: 9000
Elapsed time: 1979.1030876636505s
Processing frame: 9200
Elapsed time: 2023.1329507827759s
Processing frame: 9400
Elapsed time: 2067.191344022751s
Processing frame: 9600
Elapsed time: 2110.474102973938s
Processing frame: 9800
Elapsed time: 2154.4998729228973s
Processing frame: 10000
Elapsed time: 2198.5092368125916s
Processing frame: 10200
Elapsed time: 2241.787922859192s
Processing frame: 10400
Elapsed time: 2285.7776811122894s
Processing frame: 10600
Elapsed time: 2329.7838270664215s
Processing frame: 10800
Elapsed time: 2373.144520998001s
Processing frame: 11000
Elapsed time: 2417.144062280655s
Processing frame: 11200
Elapsed time: 2461.151216506958s
Processing frame: 11400
Elapsed time: 2504.5827009677887s
Processing frame: 11600
Elapsed time: 2548.688001871109s
Processing frame: 11800
Elapsed time: 2592.7937037944794s
Processing frame: 12000
Elapsed time: 2636.075860977173s
Processing frame: 12200
Elapsed time: 2680.125957965851s
Processing frame: 12400
Elapsed time: 2724.1887278556824s
Processing frame: 12600
Elapsed time: 2767.5972695350647s
Processing frame: 12800
Elapsed time: 2811.5620481967926s
Processing frame: 13000
Elapsed time: 2855.5654349327087s
Processing frame: 13200
Elapsed time: 2898.8568198680878s
Processing frame: 13400
Elapsed time: 2942.8194439411163s
Processing frame: 13600
Elapsed time: 2986.8109800815582s
Processing frame: 13800
Elapsed time: 3030.2280859947205s
Processing frame: 14000
Elapsed time: 3074.2071692943573s
Processing frame: 14200
Elapsed time: 3118.1242623329163s
Frame: 14313, grabbed=False and frame=None
Processing frame: 0
Processing frame: 200
Processing frame: 400
Processing frame: 600
Processing frame: 800
Processing frame: 1000
Processing frame: 1200
Processing frame: 1400
Processing frame: 1600
Processing frame: 1800
Processing frame: 2000
Processing frame: 2200
Processing frame: 2400
Processing frame: 2600
Processing frame: 2800
Processing frame: 3000
Processing frame: 3200
Processing frame: 3400
Processing frame: 3600
Processing frame: 3800
Processing frame: 4000
Processing frame: 4200
Processing frame: 4400
Processing frame: 4600
