-------------------------------------------------------------------------------
There are messages associated with the following module(s):
-------------------------------------------------------------------------------

python/3.5.2:
   This module is deprecated and will be removed in the future. Please
   upgrade to python/3.5. If you had created virtual environments we
   recommend to recreate them. Ce module est marqué pour être retiré et
   sera supprimé dans le futur. Veuillez utiliser python/3.5. Si vous aviez
   créé un environnement virtuel, nous vous recommandons de le recréer.

-------------------------------------------------------------------------------

sh: openposeEnv_Python3/bin/activate: No such file or directory
OpenPose Library Python Wrapper
Raw frames per second: 28.084426033782872
Frame width:960, Frame height:756.
Total frame number: 16907.0
Processing frame: 0
Elapsed time: 1.239776611328125e-05s
Processing frame: 200
Elapsed time: 47.72913956642151s
Processing frame: 400
Elapsed time: 90.87866115570068s
Processing frame: 600
Elapsed time: 133.28604316711426s
Processing frame: 800
Elapsed time: 176.38046741485596s
Processing frame: 1000
Elapsed time: 219.45803332328796s
Processing frame: 1200
Elapsed time: 261.9783790111542s
Processing frame: 1400
Elapsed time: 305.1094181537628s
Processing frame: 1600
Elapsed time: 348.2658429145813s
Processing frame: 1800
Elapsed time: 390.81882190704346s
Processing frame: 2000
Elapsed time: 434.06556010246277s
Processing frame: 2200
Elapsed time: 477.2939281463623s
Processing frame: 2400
Elapsed time: 519.7924427986145s
Processing frame: 2600
Elapsed time: 562.9122281074524s
Processing frame: 2800
Elapsed time: 606.0706958770752s
Processing frame: 3000
Elapsed time: 648.6395754814148s
Processing frame: 3200
Elapsed time: 691.8122024536133s
Processing frame: 3400
Elapsed time: 735.0156059265137s
Processing frame: 3600
Elapsed time: 777.6293601989746s
Processing frame: 3800
Elapsed time: 820.9163799285889s
Processing frame: 4000
Elapsed time: 864.2251989841461s
Processing frame: 4200
Elapsed time: 906.8134021759033s
Processing frame: 4400
Elapsed time: 949.9883432388306s
Processing frame: 4600
Elapsed time: 993.1924877166748s
Processing frame: 4800
Elapsed time: 1035.8432877063751s
Processing frame: 5000
Elapsed time: 1079.0296051502228s
Processing frame: 5200
Elapsed time: 1122.187530040741s
Processing frame: 5400
Elapsed time: 1164.8476662635803s
Processing frame: 5600
Elapsed time: 1207.9679267406464s
Processing frame: 5800
Elapsed time: 1251.219568490982s
Processing frame: 6000
Elapsed time: 1293.7136843204498s
Processing frame: 6200
Elapsed time: 1336.8803074359894s
Processing frame: 6400
Elapsed time: 1380.1461613178253s
Processing frame: 6600
Elapsed time: 1422.773580789566s
Processing frame: 6800
Elapsed time: 1466.0251851081848s
Processing frame: 7000
Elapsed time: 1509.3045225143433s
Processing frame: 7200
Elapsed time: 1551.9160268306732s
Processing frame: 7400
Elapsed time: 1595.1068348884583s
Processing frame: 7600
Elapsed time: 1638.2848534584045s
Processing frame: 7800
Elapsed time: 1680.8714051246643s
Processing frame: 8000
Elapsed time: 1723.9836311340332s
Processing frame: 8200
Elapsed time: 1767.1434133052826s
Processing frame: 8400
Elapsed time: 1809.6015174388885s
Processing frame: 8600
Elapsed time: 1852.7277619838715s
Processing frame: 8800
Elapsed time: 1895.855328321457s
Processing frame: 9000
Elapsed time: 1938.4270091056824s
Processing frame: 9200
Elapsed time: 1981.6023128032684s
Processing frame: 9400
Elapsed time: 2024.870198249817s
Processing frame: 9600
Elapsed time: 2067.4130074977875s
Processing frame: 9800
Elapsed time: 2110.5198831558228s
Processing frame: 10000
Elapsed time: 2153.7033910751343s
Processing frame: 10200
Elapsed time: 2196.160977125168s
Processing frame: 10400
Elapsed time: 2239.3064250946045s
Processing frame: 10600
Elapsed time: 2282.44162940979s
Processing frame: 10800
Elapsed time: 2324.9957072734833s
Processing frame: 11000
Elapsed time: 2368.113832950592s
Processing frame: 11200
Elapsed time: 2411.1744956970215s
Processing frame: 11400
Elapsed time: 2453.593815803528s
Processing frame: 11600
Elapsed time: 2496.591207742691s
Processing frame: 11800
Elapsed time: 2539.492579460144s
Processing frame: 12000
Elapsed time: 2581.817715406418s
Processing frame: 12200
Elapsed time: 2624.7956454753876s
Processing frame: 12400
Elapsed time: 2667.8292388916016s
Processing frame: 12600
Elapsed time: 2710.2620685100555s
Processing frame: 12800
Elapsed time: 2753.3354892730713s
Processing frame: 13000
Elapsed time: 2796.381332874298s
Processing frame: 13200
Elapsed time: 2838.859399318695s
Processing frame: 13400
Elapsed time: 2882.1520812511444s
Processing frame: 13600
Elapsed time: 2925.2255160808563s
Processing frame: 13800
Elapsed time: 2967.6718230247498s
Processing frame: 14000
Elapsed time: 3010.6959784030914s
Processing frame: 14200
Elapsed time: 3053.7333261966705s
Processing frame: 14400
Elapsed time: 3096.2279171943665s
Processing frame: 14600
Elapsed time: 3139.310434818268s
Processing frame: 14800
Elapsed time: 3182.383693218231s
Processing frame: 15000
Elapsed time: 3224.783704519272s
Processing frame: 15200
Elapsed time: 3267.8406975269318s
Processing frame: 15400
Elapsed time: 3310.898439645767s
Processing frame: 15600
Elapsed time: 3353.351378917694s
Processing frame: 15800
Elapsed time: 3396.405608654022s
Processing frame: 16000
Elapsed time: 3439.5132706165314s
Processing frame: 16200
Elapsed time: 3481.971601963043s
Processing frame: 16400
Elapsed time: 3525.021042585373s
Processing frame: 16600
Elapsed time: 3568.0953068733215s
Processing frame: 16800
Elapsed time: 3610.4946706295013s
Processing frame: 0
Processing frame: 200
Processing frame: 400
Processing frame: 600
Processing frame: 800
Processing frame: 1000
Processing frame: 1200
Processing frame: 1400
Processing frame: 1600
Processing frame: 1800
Processing frame: 2000
Processing frame: 2200
Processing frame: 2400
Processing frame: 2600
Processing frame: 2800
Processing frame: 3000
Processing frame: 3200
Processing frame: 3400
Processing frame: 3600
Processing frame: 3800
Processing frame: 4000
Processing frame: 4200
Processing frame: 4400
Processing frame: 4600
Processing frame: 4800
Processing frame: 5000
Processing frame: 5200
Processing frame: 5400
Processing frame: 5600
