-------------------------------------------------------------------------------
There are messages associated with the following module(s):
-------------------------------------------------------------------------------

python/3.5.2:
   This module is deprecated and will be removed in the future. Please
   upgrade to python/3.5. If you had created virtual environments we
   recommend to recreate them. Ce module est marqué pour être retiré et
   sera supprimé dans le futur. Veuillez utiliser python/3.5. Si vous aviez
   créé un environnement virtuel, nous vous recommandons de le recréer.

-------------------------------------------------------------------------------

sh: openposeEnv_Python3/bin/activate: No such file or directory
OpenPose Library Python Wrapper
Raw frames per second: 21.207426300689672
Crop: Video not from Camera1 or Camera2!
Frame width:1152, Frame height:972.
Polygon: Video not from Camera1 or Camera2!
Total frame number: 12748.0
Processing frame: 0
Elapsed time: 1.0013580322265625e-05s
Processing frame: 200
Elapsed time: 49.043235063552856s
Processing frame: 400
Elapsed time: 93.17881798744202s
Processing frame: 600
Elapsed time: 136.62849760055542s
Processing frame: 800
Elapsed time: 180.76504778862s
Processing frame: 1000
Elapsed time: 224.8875367641449s
Processing frame: 1200
Elapsed time: 268.2988193035126s
Processing frame: 1400
Elapsed time: 312.40742564201355s
Processing frame: 1600
Elapsed time: 356.4064431190491s
Processing frame: 1800
Elapsed time: 399.74459171295166s
Processing frame: 2000
Elapsed time: 443.7101879119873s
Processing frame: 2200
Elapsed time: 487.7271776199341s
Processing frame: 2400
Elapsed time: 531.1580564975739s
Processing frame: 2600
Elapsed time: 575.21999168396s
Processing frame: 2800
Elapsed time: 619.2110583782196s
Processing frame: 3000
Elapsed time: 662.556202173233s
Processing frame: 3200
Elapsed time: 706.5495953559875s
Processing frame: 3400
Elapsed time: 750.5512943267822s
Processing frame: 3600
Elapsed time: 793.9883468151093s
Processing frame: 3800
Elapsed time: 838.0954113006592s
Processing frame: 4000
Elapsed time: 882.2591624259949s
Processing frame: 4200
Elapsed time: 925.6965100765228s
Processing frame: 4400
Elapsed time: 969.8012993335724s
Processing frame: 4600
Elapsed time: 1013.8463432788849s
Processing frame: 4800
Elapsed time: 1057.1459772586823s
Processing frame: 5000
Elapsed time: 1101.1490926742554s
Processing frame: 5200
Elapsed time: 1145.1995177268982s
Processing frame: 5400
Elapsed time: 1188.5579934120178s
Processing frame: 5600
Elapsed time: 1232.3903119564056s
Processing frame: 5800
Elapsed time: 1276.362725019455s
Processing frame: 6000
Elapsed time: 1319.6604809761047s
Processing frame: 6200
Elapsed time: 1363.5865972042084s
Processing frame: 6400
Elapsed time: 1407.5801599025726s
Processing frame: 6600
Elapsed time: 1450.776960849762s
Processing frame: 6800
Elapsed time: 1494.755954504013s
Processing frame: 7000
Elapsed time: 1538.7648706436157s
Processing frame: 7200
Elapsed time: 1582.0893149375916s
Processing frame: 7400
Elapsed time: 1626.0565559864044s
Processing frame: 7600
Elapsed time: 1670.0163476467133s
Processing frame: 7800
Elapsed time: 1713.3034036159515s
Processing frame: 8000
Elapsed time: 1757.3199481964111s
Processing frame: 8200
Elapsed time: 1801.3168182373047s
Processing frame: 8400
Elapsed time: 1844.6393821239471s
Processing frame: 8600
Elapsed time: 1888.5751857757568s
Processing frame: 8800
Elapsed time: 1932.503051519394s
Processing frame: 9000
Elapsed time: 1975.839025735855s
Processing frame: 9200
Elapsed time: 2019.9207847118378s
Processing frame: 9400
Elapsed time: 2063.9520144462585s
Processing frame: 9600
Elapsed time: 2107.256598711014s
Processing frame: 9800
Elapsed time: 2151.2525782585144s
Processing frame: 10000
Elapsed time: 2195.1875219345093s
Processing frame: 10200
Elapsed time: 2238.515070915222s
Processing frame: 10400
Elapsed time: 2282.3184690475464s
Processing frame: 10600
Elapsed time: 2326.3464539051056s
Processing frame: 10800
Elapsed time: 2369.6818039417267s
Processing frame: 11000
Elapsed time: 2413.637792825699s
Processing frame: 11200
Elapsed time: 2457.638385295868s
Processing frame: 11400
Elapsed time: 2501.018277168274s
Processing frame: 11600
Elapsed time: 2545.039808988571s
Processing frame: 11800
Elapsed time: 2588.966087579727s
Processing frame: 12000
Elapsed time: 2632.2212224006653s
Processing frame: 12200
Elapsed time: 2676.1821110248566s
Processing frame: 12400
Elapsed time: 2720.483384847641s
Processing frame: 12600
Elapsed time: 2763.7880005836487s
Frame: 12747, grabbed=False and frame=None
Processing frame: 0
Processing frame: 200
Processing frame: 400
Processing frame: 600
Processing frame: 800
Processing frame: 1000
Processing frame: 1200
Processing frame: 1400
Processing frame: 1600
Processing frame: 1800
Processing frame: 2000
Processing frame: 2200
Processing frame: 2400
Processing frame: 2600
Processing frame: 2800
Processing frame: 3000
Processing frame: 3200
Processing frame: 3400
Processing frame: 3600
Processing frame: 3800
Processing frame: 4000
Processing frame: 4200
