-------------------------------------------------------------------------------
There are messages associated with the following module(s):
-------------------------------------------------------------------------------

python/3.5.2:
   This module is deprecated and will be removed in the future. Please
   upgrade to python/3.5. If you had created virtual environments we
   recommend to recreate them. Ce module est marqué pour être retiré et
   sera supprimé dans le futur. Veuillez utiliser python/3.5. Si vous aviez
   créé un environnement virtuel, nous vous recommandons de le recréer.

-------------------------------------------------------------------------------

sh: openposeEnv_Python3/bin/activate: No such file or directory
OpenPose Library Python Wrapper
Raw frames per second: 19.80336750659723
Frame width:1152, Frame height:972.
Total frame number: 11978.0
Processing frame: 0
Elapsed time: 1.0251998901367188e-05s
Processing frame: 200
Elapsed time: 48.44856333732605s
Processing frame: 400
Elapsed time: 92.36936068534851s
Processing frame: 600
Elapsed time: 135.58504557609558s
Processing frame: 800
Elapsed time: 179.45062637329102s
Processing frame: 1000
Elapsed time: 223.33173727989197s
Processing frame: 1200
Elapsed time: 266.66975593566895s
Processing frame: 1400
Elapsed time: 310.6786856651306s
Processing frame: 1600
Elapsed time: 354.8146724700928s
Processing frame: 1800
Elapsed time: 398.5350649356842s
Processing frame: 2000
Elapsed time: 442.96564173698425s
Processing frame: 2200
Elapsed time: 487.47644233703613s
Processing frame: 2400
Elapsed time: 531.2761781215668s
Processing frame: 2600
Elapsed time: 575.7362706661224s
Processing frame: 2800
Elapsed time: 620.2164206504822s
Processing frame: 3000
Elapsed time: 664.0702638626099s
Processing frame: 3200
Elapsed time: 708.2630696296692s
Processing frame: 3400
Elapsed time: 752.5437369346619s
Processing frame: 3600
Elapsed time: 796.2157521247864s
Processing frame: 3800
Elapsed time: 840.609941482544s
Processing frame: 4000
Elapsed time: 885.0062627792358s
Processing frame: 4200
Elapsed time: 928.7245519161224s
Processing frame: 4400
Elapsed time: 973.0282602310181s
Processing frame: 4600
Elapsed time: 1017.3187739849091s
Processing frame: 4800
Elapsed time: 1060.9086005687714s
Processing frame: 5000
Elapsed time: 1105.1888823509216s
Processing frame: 5200
Elapsed time: 1149.582882642746s
Processing frame: 5400
Elapsed time: 1193.35302901268s
Processing frame: 5600
Elapsed time: 1237.7150444984436s
Processing frame: 5800
Elapsed time: 1282.0415647029877s
Processing frame: 6000
Elapsed time: 1325.6408982276917s
Processing frame: 6200
Elapsed time: 1369.8633770942688s
Processing frame: 6400
Elapsed time: 1414.107097864151s
Processing frame: 6600
Elapsed time: 1457.9256329536438s
Processing frame: 6800
Elapsed time: 1502.2572169303894s
Processing frame: 7000
Elapsed time: 1546.5841817855835s
Processing frame: 7200
Elapsed time: 1590.2599470615387s
Processing frame: 7400
Elapsed time: 1634.5538399219513s
Processing frame: 7600
Elapsed time: 1678.7603347301483s
Processing frame: 7800
Elapsed time: 1722.3149333000183s
Processing frame: 8000
Elapsed time: 1766.543182849884s
Processing frame: 8200
Elapsed time: 1810.856603860855s
Processing frame: 8400
Elapsed time: 1854.5605962276459s
Processing frame: 8600
Elapsed time: 1898.7593052387238s
Processing frame: 8800
Elapsed time: 1943.0617802143097s
Processing frame: 9000
Elapsed time: 1986.6535782814026s
Processing frame: 9200
Elapsed time: 2030.961746454239s
Processing frame: 9400
Elapsed time: 2075.313811779022s
Processing frame: 9600
Elapsed time: 2119.039983510971s
Processing frame: 9800
Elapsed time: 2163.4740028381348s
Processing frame: 10000
Elapsed time: 2207.7606768608093s
Processing frame: 10200
Elapsed time: 2251.3798327445984s
Processing frame: 10400
Elapsed time: 2295.690439939499s
Processing frame: 10600
Elapsed time: 2339.9665875434875s
Processing frame: 10800
Elapsed time: 2383.569525241852s
Processing frame: 11000
Elapsed time: 2427.8563590049744s
Processing frame: 11200
Elapsed time: 2472.1230278015137s
Processing frame: 11400
Elapsed time: 2515.7565433979034s
Processing frame: 11600
Elapsed time: 2559.932329416275s
Processing frame: 11800
Elapsed time: 2604.0670664310455s
Processing frame: 0
Processing frame: 200
Processing frame: 400
Processing frame: 600
Processing frame: 800
Processing frame: 1000
Processing frame: 1200
Processing frame: 1400
Processing frame: 1600
Processing frame: 1800
Processing frame: 2000
Processing frame: 2200
Processing frame: 2400
Processing frame: 2600
Processing frame: 2800
Processing frame: 3000
Processing frame: 3200
Processing frame: 3400
Processing frame: 3600
Processing frame: 3800
