-------------------------------------------------------------------------------
There are messages associated with the following module(s):
-------------------------------------------------------------------------------

python/3.5.2:
   This module is deprecated and will be removed in the future. Please
   upgrade to python/3.5. If you had created virtual environments we
   recommend to recreate them. Ce module est marqué pour être retiré et
   sera supprimé dans le futur. Veuillez utiliser python/3.5. Si vous aviez
   créé un environnement virtuel, nous vous recommandons de le recréer.

-------------------------------------------------------------------------------

sh: openposeEnv_Python3/bin/activate: No such file or directory
OpenPose Library Python Wrapper
Raw frames per second: 18.487929233248302
Frame width:960, Frame height:756.
Total frame number: 11119.0
Processing frame: 0
Elapsed time: 1.0251998901367188e-05s
Processing frame: 200
Elapsed time: 47.64283347129822s
Processing frame: 400
Elapsed time: 90.81876683235168s
Processing frame: 600
Elapsed time: 133.37883687019348s
Processing frame: 800
Elapsed time: 176.48105311393738s
Processing frame: 1000
Elapsed time: 219.6642894744873s
Processing frame: 1200
Elapsed time: 262.2511432170868s
Processing frame: 1400
Elapsed time: 305.38346695899963s
Processing frame: 1600
Elapsed time: 348.63830375671387s
Processing frame: 1800
Elapsed time: 391.267529964447s
Processing frame: 2000
Elapsed time: 434.50453090667725s
Processing frame: 2200
Elapsed time: 477.64562916755676s
Processing frame: 2400
Elapsed time: 520.1630566120148s
Processing frame: 2600
Elapsed time: 563.2443838119507s
Processing frame: 2800
Elapsed time: 606.4257452487946s
Processing frame: 3000
Elapsed time: 648.8588027954102s
Processing frame: 3200
Elapsed time: 691.9782476425171s
Processing frame: 3400
Elapsed time: 735.173100233078s
Processing frame: 3600
Elapsed time: 777.8634743690491s
Processing frame: 3800
Elapsed time: 821.1790564060211s
Processing frame: 4000
Elapsed time: 864.4132578372955s
Processing frame: 4200
Elapsed time: 907.0944716930389s
Processing frame: 4400
Elapsed time: 950.3530883789062s
Processing frame: 4600
Elapsed time: 993.5414724349976s
Processing frame: 4800
Elapsed time: 1036.185088634491s
Processing frame: 5000
Elapsed time: 1079.449390888214s
Processing frame: 5200
Elapsed time: 1122.7016139030457s
Processing frame: 5400
Elapsed time: 1165.2551090717316s
Processing frame: 5600
Elapsed time: 1208.4234800338745s
Processing frame: 5800
Elapsed time: 1251.4849905967712s
Processing frame: 6000
Elapsed time: 1294.0793390274048s
Processing frame: 6200
Elapsed time: 1337.3254754543304s
Processing frame: 6400
Elapsed time: 1380.377010345459s
Processing frame: 6600
Elapsed time: 1422.8083322048187s
Processing frame: 6800
Elapsed time: 1465.8566644191742s
Processing frame: 7000
Elapsed time: 1508.9377427101135s
Processing frame: 7200
Elapsed time: 1551.4156095981598s
Processing frame: 7400
Elapsed time: 1594.4941017627716s
Processing frame: 7600
Elapsed time: 1637.5779254436493s
Processing frame: 7800
Elapsed time: 1680.015653848648s
Processing frame: 8000
Elapsed time: 1723.058577299118s
Processing frame: 8200
Elapsed time: 1766.1101195812225s
Processing frame: 8400
Elapsed time: 1808.5301551818848s
Processing frame: 8600
Elapsed time: 1851.651025056839s
Processing frame: 8800
Elapsed time: 1894.7549154758453s
Processing frame: 9000
Elapsed time: 1937.1796293258667s
Processing frame: 9200
Elapsed time: 1980.209634065628s
Processing frame: 9400
Elapsed time: 2023.273556470871s
Processing frame: 9600
Elapsed time: 2065.6817405223846s
Processing frame: 9800
Elapsed time: 2108.7650620937347s
Processing frame: 10000
Elapsed time: 2151.7640323638916s
Processing frame: 10200
Elapsed time: 2194.1146392822266s
Processing frame: 10400
Elapsed time: 2237.113174676895s
Processing frame: 10600
Elapsed time: 2280.20622754097s
Processing frame: 10800
Elapsed time: 2322.5638494491577s
Processing frame: 11000
Elapsed time: 2365.678656578064s
Frame: 11118, grabbed=False and frame=None
Processing frame: 0
Processing frame: 200
Processing frame: 400
Processing frame: 600
Processing frame: 800
Processing frame: 1000
Processing frame: 1200
Processing frame: 1400
Processing frame: 1600
Processing frame: 1800
Processing frame: 2000
Processing frame: 2200
Processing frame: 2400
Processing frame: 2600
Processing frame: 2800
Processing frame: 3000
Processing frame: 3200
Processing frame: 3400
Processing frame: 3600
