-------------------------------------------------------------------------------
There are messages associated with the following module(s):
-------------------------------------------------------------------------------

python/3.5.2:
   This module is deprecated and will be removed in the future. Please
   upgrade to python/3.5. If you had created virtual environments we
   recommend to recreate them. Ce module est marqué pour être retiré et
   sera supprimé dans le futur. Veuillez utiliser python/3.5. Si vous aviez
   créé un environnement virtuel, nous vous recommandons de le recréer.

-------------------------------------------------------------------------------

sh: openposeEnv_Python3/bin/activate: No such file or directory
OpenPose Library Python Wrapper
Raw frames per second: 14.625228519195613
Crop: Video not from Camera1 or Camera2!
Frame width:1152, Frame height:972.
Polygon: Video not from Camera1 or Camera2!
Total frame number: 8801.0
Processing frame: 0
Elapsed time: 1.3113021850585938e-05s
Processing frame: 200
Elapsed time: 50.04586577415466s
Processing frame: 400
Elapsed time: 94.29542398452759s
Processing frame: 600
Elapsed time: 138.18073081970215s
Processing frame: 800
Elapsed time: 182.48652935028076s
Processing frame: 1000
Elapsed time: 226.73014402389526s
Processing frame: 1200
Elapsed time: 270.5257878303528s
Processing frame: 1400
Elapsed time: 314.6387689113617s
Processing frame: 1600
Elapsed time: 358.8298463821411s
Processing frame: 1800
Elapsed time: 403.46202063560486s
Processing frame: 2000
Elapsed time: 447.7325520515442s
Processing frame: 2200
Elapsed time: 491.9469780921936s
Processing frame: 2400
Elapsed time: 535.4143190383911s
Processing frame: 2600
Elapsed time: 579.6423103809357s
Processing frame: 2800
Elapsed time: 623.7659111022949s
Processing frame: 3000
Elapsed time: 667.6688942909241s
Processing frame: 3200
Elapsed time: 711.9889404773712s
Processing frame: 3400
Elapsed time: 756.2213532924652s
Processing frame: 3600
Elapsed time: 799.8305945396423s
Processing frame: 3800
Elapsed time: 844.0022463798523s
Processing frame: 4000
Elapsed time: 888.1646189689636s
Processing frame: 4200
Elapsed time: 931.77658867836s
Processing frame: 4400
Elapsed time: 975.9545495510101s
Processing frame: 4600
Elapsed time: 1020.1601805686951s
Processing frame: 4800
Elapsed time: 1063.6967601776123s
Processing frame: 5000
Elapsed time: 1107.829072713852s
Processing frame: 5200
Elapsed time: 1152.12851023674s
Processing frame: 5400
Elapsed time: 1195.7146470546722s
Processing frame: 5600
Elapsed time: 1239.8861565589905s
Processing frame: 5800
Elapsed time: 1284.042420387268s
Processing frame: 6000
Elapsed time: 1327.7609786987305s
Processing frame: 6200
Elapsed time: 1371.9987869262695s
Processing frame: 6400
Elapsed time: 1416.2167129516602s
Processing frame: 6600
Elapsed time: 1459.6120870113373s
Processing frame: 6800
Elapsed time: 1503.7967941761017s
Processing frame: 7000
Elapsed time: 1548.0381393432617s
Processing frame: 7200
Elapsed time: 1591.6140911579132s
Processing frame: 7400
Elapsed time: 1635.7816593647003s
Processing frame: 7600
Elapsed time: 1679.928949356079s
Processing frame: 7800
Elapsed time: 1723.568959236145s
Processing frame: 8000
Elapsed time: 1767.7913143634796s
Processing frame: 8200
Elapsed time: 1811.9680738449097s
Processing frame: 8400
Elapsed time: 1855.5344908237457s
Processing frame: 8600
Elapsed time: 1899.6981899738312s
Processing frame: 8800
Elapsed time: 1943.6201658248901s
Processing frame: 0
Processing frame: 200
Processing frame: 400
Processing frame: 600
Processing frame: 800
Processing frame: 1000
Processing frame: 1200
Processing frame: 1400
Processing frame: 1600
Processing frame: 1800
Processing frame: 2000
Processing frame: 2200
Processing frame: 2400
Processing frame: 2600
Processing frame: 2800
