-------------------------------------------------------------------------------
There are messages associated with the following module(s):
-------------------------------------------------------------------------------

python/3.5.2:
   This module is deprecated and will be removed in the future. Please
   upgrade to python/3.5. If you had created virtual environments we
   recommend to recreate them. Ce module est marqué pour être retiré et
   sera supprimé dans le futur. Veuillez utiliser python/3.5. Si vous aviez
   créé un environnement virtuel, nous vous recommandons de le recréer.

-------------------------------------------------------------------------------

sh: openposeEnv_Python3/bin/activate: No such file or directory
OpenPose Library Python Wrapper
Raw frames per second: 17.08544473776199
Frame width:960, Frame height:756.
Total frame number: 10304.0
Processing frame: 0
Elapsed time: 1.0013580322265625e-05s
Processing frame: 200
Elapsed time: 47.37721276283264s
Processing frame: 400
Elapsed time: 90.39789509773254s
Processing frame: 600
Elapsed time: 132.65208649635315s
Processing frame: 800
Elapsed time: 175.3624997138977s
Processing frame: 1000
Elapsed time: 218.1931607723236s
Processing frame: 1200
Elapsed time: 260.4646255970001s
Processing frame: 1400
Elapsed time: 303.2938928604126s
Processing frame: 1600
Elapsed time: 346.07887744903564s
Processing frame: 1800
Elapsed time: 388.33047103881836s
Processing frame: 2000
Elapsed time: 431.196462392807s
Processing frame: 2200
Elapsed time: 474.0432596206665s
Processing frame: 2400
Elapsed time: 516.1591770648956s
Processing frame: 2600
Elapsed time: 558.7942295074463s
Processing frame: 2800
Elapsed time: 601.5830450057983s
Processing frame: 3000
Elapsed time: 643.7606883049011s
Processing frame: 3200
Elapsed time: 686.5838797092438s
Processing frame: 3400
Elapsed time: 729.3771216869354s
Processing frame: 3600
Elapsed time: 771.6082565784454s
Processing frame: 3800
Elapsed time: 814.4153373241425s
Processing frame: 4000
Elapsed time: 857.3458969593048s
Processing frame: 4200
Elapsed time: 899.596400976181s
Processing frame: 4400
Elapsed time: 942.4757885932922s
Processing frame: 4600
Elapsed time: 985.3551399707794s
Processing frame: 4800
Elapsed time: 1027.5433208942413s
Processing frame: 5000
Elapsed time: 1070.38329911232s
Processing frame: 5200
Elapsed time: 1113.306806087494s
Processing frame: 5400
Elapsed time: 1155.5885982513428s
Processing frame: 5600
Elapsed time: 1198.5183472633362s
Processing frame: 5800
Elapsed time: 1241.4748072624207s
Processing frame: 6000
Elapsed time: 1283.5872781276703s
Processing frame: 6200
Elapsed time: 1326.3528425693512s
Processing frame: 6400
Elapsed time: 1368.9698705673218s
Processing frame: 6600
Elapsed time: 1411.0005276203156s
Processing frame: 6800
Elapsed time: 1453.6219935417175s
Processing frame: 7000
Elapsed time: 1496.347613811493s
Processing frame: 7200
Elapsed time: 1538.511376619339s
Processing frame: 7400
Elapsed time: 1581.2430081367493s
Processing frame: 7600
Elapsed time: 1623.893346786499s
Processing frame: 7800
Elapsed time: 1665.8372056484222s
Processing frame: 8000
Elapsed time: 1708.494302034378s
Processing frame: 8200
Elapsed time: 1751.222055196762s
Processing frame: 8400
Elapsed time: 1793.4441509246826s
Processing frame: 8600
Elapsed time: 1836.2156658172607s
Processing frame: 8800
Elapsed time: 1878.989593744278s
Processing frame: 9000
Elapsed time: 1921.1853404045105s
Processing frame: 9200
Elapsed time: 1963.8406386375427s
Processing frame: 9400
Elapsed time: 2006.5416085720062s
Processing frame: 9600
Elapsed time: 2048.5507373809814s
Processing frame: 9800
Elapsed time: 2091.2605113983154s
Processing frame: 10000
Elapsed time: 2134.029135942459s
Processing frame: 10200
Elapsed time: 2176.1948120594025s
Processing frame: 0
Processing frame: 200
Processing frame: 400
Processing frame: 600
Processing frame: 800
Processing frame: 1000
Processing frame: 1200
Processing frame: 1400
Processing frame: 1600
Processing frame: 1800
Processing frame: 2000
Processing frame: 2200
Processing frame: 2400
Processing frame: 2600
Processing frame: 2800
Processing frame: 3000
Processing frame: 3200
Processing frame: 3400
