-------------------------------------------------------------------------------
There are messages associated with the following module(s):
-------------------------------------------------------------------------------

python/3.5.2:
   This module is deprecated and will be removed in the future. Please
   upgrade to python/3.5. If you had created virtual environments we
   recommend to recreate them. Ce module est marqué pour être retiré et
   sera supprimé dans le futur. Veuillez utiliser python/3.5. Si vous aviez
   créé un environnement virtuel, nous vous recommandons de le recréer.

-------------------------------------------------------------------------------

sh: openposeEnv_Python3/bin/activate: No such file or directory
OpenPose Library Python Wrapper
Raw frames per second: 21.45106024192177
Crop: Video not from Camera1 or Camera2!
Frame width:1152, Frame height:972.
Polygon: Video not from Camera1 or Camera2!
Total frame number: 12883.0
Processing frame: 0
Elapsed time: 9.5367431640625e-06s
Processing frame: 200
Elapsed time: 48.609156131744385s
Processing frame: 400
Elapsed time: 92.72892260551453s
Processing frame: 600
Elapsed time: 136.2117247581482s
Processing frame: 800
Elapsed time: 180.334082365036s
Processing frame: 1000
Elapsed time: 224.4369421005249s
Processing frame: 1200
Elapsed time: 267.9818277359009s
Processing frame: 1400
Elapsed time: 312.2740581035614s
Processing frame: 1600
Elapsed time: 356.49749398231506s
Processing frame: 1800
Elapsed time: 400.01040029525757s
Processing frame: 2000
Elapsed time: 444.13013529777527s
Processing frame: 2200
Elapsed time: 488.26748156547546s
Processing frame: 2400
Elapsed time: 531.8211560249329s
Processing frame: 2600
Elapsed time: 575.8902220726013s
Processing frame: 2800
Elapsed time: 620.0363156795502s
Processing frame: 3000
Elapsed time: 663.4945645332336s
Processing frame: 3200
Elapsed time: 707.5415740013123s
Processing frame: 3400
Elapsed time: 751.5186638832092s
Processing frame: 3600
Elapsed time: 795.0172212123871s
Processing frame: 3800
Elapsed time: 839.1199889183044s
Processing frame: 4000
Elapsed time: 883.2048439979553s
Processing frame: 4200
Elapsed time: 927.024674654007s
Processing frame: 4400
Elapsed time: 971.117082118988s
Processing frame: 4600
Elapsed time: 1015.1645328998566s
Processing frame: 4800
Elapsed time: 1058.5697736740112s
Processing frame: 5000
Elapsed time: 1102.5199959278107s
Processing frame: 5200
Elapsed time: 1146.453775882721s
Processing frame: 5400
Elapsed time: 1189.8126995563507s
Processing frame: 5600
Elapsed time: 1233.8043456077576s
Processing frame: 5800
Elapsed time: 1277.8147549629211s
Processing frame: 6000
Elapsed time: 1321.093976020813s
Processing frame: 6200
Elapsed time: 1364.9110550880432s
Processing frame: 6400
Elapsed time: 1408.7789688110352s
Processing frame: 6600
Elapsed time: 1452.0698339939117s
Processing frame: 6800
Elapsed time: 1496.0486526489258s
Processing frame: 7000
Elapsed time: 1540.0740365982056s
Processing frame: 7200
Elapsed time: 1583.3639876842499s
Processing frame: 7400
Elapsed time: 1627.3468623161316s
Processing frame: 7600
Elapsed time: 1671.412489414215s
Processing frame: 7800
Elapsed time: 1714.791966676712s
Processing frame: 8000
Elapsed time: 1758.7990531921387s
Processing frame: 8200
Elapsed time: 1802.8170051574707s
Processing frame: 8400
Elapsed time: 1846.29004073143s
Processing frame: 8600
Elapsed time: 1890.3902325630188s
Processing frame: 8800
Elapsed time: 1934.5308701992035s
Processing frame: 9000
Elapsed time: 1977.8040671348572s
Processing frame: 9200
Elapsed time: 2021.8740808963776s
Processing frame: 9400
Elapsed time: 2065.798122406006s
Processing frame: 9600
Elapsed time: 2108.9880917072296s
Processing frame: 9800
Elapsed time: 2153.1153588294983s
Processing frame: 10000
Elapsed time: 2197.2940702438354s
Processing frame: 10200
Elapsed time: 2240.671709060669s
Processing frame: 10400
Elapsed time: 2284.7496945858s
Processing frame: 10600
Elapsed time: 2328.8006823062897s
Processing frame: 10800
Elapsed time: 2372.1981449127197s
Processing frame: 11000
Elapsed time: 2416.3746933937073s
Processing frame: 11200
Elapsed time: 2460.4919984340668s
Processing frame: 11400
Elapsed time: 2504.0527164936066s
Processing frame: 11600
Elapsed time: 2548.171839237213s
Processing frame: 11800
Elapsed time: 2592.4067375659943s
Processing frame: 12000
Elapsed time: 2635.908847808838s
Processing frame: 12200
Elapsed time: 2680.031329870224s
Processing frame: 12400
Elapsed time: 2724.0731976032257s
Processing frame: 12600
Elapsed time: 2767.5370099544525s
Processing frame: 12800
Elapsed time: 2811.603266477585s
Frame: 12882, grabbed=False and frame=None
Processing frame: 0
Processing frame: 200
Processing frame: 400
Processing frame: 600
Processing frame: 800
Processing frame: 1000
Processing frame: 1200
Processing frame: 1400
Processing frame: 1600
Processing frame: 1800
Processing frame: 2000
Processing frame: 2200
Processing frame: 2400
Processing frame: 2600
Processing frame: 2800
Processing frame: 3000
Processing frame: 3200
Processing frame: 3400
Processing frame: 3600
Processing frame: 3800
Processing frame: 4000
Processing frame: 4200
