-------------------------------------------------------------------------------
There are messages associated with the following module(s):
-------------------------------------------------------------------------------

python/3.5.2:
   This module is deprecated and will be removed in the future. Please
   upgrade to python/3.5. If you had created virtual environments we
   recommend to recreate them. Ce module est marqué pour être retiré et
   sera supprimé dans le futur. Veuillez utiliser python/3.5. Si vous aviez
   créé un environnement virtuel, nous vous recommandons de le recréer.

-------------------------------------------------------------------------------

sh: openposeEnv_Python3/bin/activate: No such file or directory
OpenPose Library Python Wrapper
Raw frames per second: 18.463287113538048
Frame width:1152, Frame height:972.
Total frame number: 11119.0
Processing frame: 0
Elapsed time: 1.1205673217773438e-05s
Processing frame: 200
Elapsed time: 49.09305667877197s
Processing frame: 400
Elapsed time: 93.38474249839783s
Processing frame: 600
Elapsed time: 137.013121843338s
Processing frame: 800
Elapsed time: 181.16427493095398s
Processing frame: 1000
Elapsed time: 225.2333357334137s
Processing frame: 1200
Elapsed time: 268.7873868942261s
Processing frame: 1400
Elapsed time: 313.12140250205994s
Processing frame: 1600
Elapsed time: 357.25756573677063s
Processing frame: 1800
Elapsed time: 400.9028811454773s
Processing frame: 2000
Elapsed time: 445.03713369369507s
Processing frame: 2200
Elapsed time: 489.3119225502014s
Processing frame: 2400
Elapsed time: 532.8597509860992s
Processing frame: 2600
Elapsed time: 577.0948395729065s
Processing frame: 2800
Elapsed time: 621.3792016506195s
Processing frame: 3000
Elapsed time: 664.8973622322083s
Processing frame: 3200
Elapsed time: 709.0686573982239s
Processing frame: 3400
Elapsed time: 753.2879581451416s
Processing frame: 3600
Elapsed time: 796.8694386482239s
Processing frame: 3800
Elapsed time: 841.1369683742523s
Processing frame: 4000
Elapsed time: 885.2821249961853s
Processing frame: 4200
Elapsed time: 928.9570002555847s
Processing frame: 4400
Elapsed time: 973.2625644207001s
Processing frame: 4600
Elapsed time: 1017.5419397354126s
Processing frame: 4800
Elapsed time: 1060.9564299583435s
Processing frame: 5000
Elapsed time: 1105.0998799800873s
Processing frame: 5200
Elapsed time: 1149.1904547214508s
Processing frame: 5400
Elapsed time: 1192.6022408008575s
Processing frame: 5600
Elapsed time: 1236.6787168979645s
Processing frame: 5800
Elapsed time: 1280.7843086719513s
Processing frame: 6000
Elapsed time: 1324.0437762737274s
Processing frame: 6200
Elapsed time: 1368.0683391094208s
Processing frame: 6400
Elapsed time: 1412.1590058803558s
Processing frame: 6600
Elapsed time: 1455.6124079227448s
Processing frame: 6800
Elapsed time: 1499.748603105545s
Processing frame: 7000
Elapsed time: 1543.8389542102814s
Processing frame: 7200
Elapsed time: 1587.2201590538025s
Processing frame: 7400
Elapsed time: 1631.2227001190186s
Processing frame: 7600
Elapsed time: 1675.307495355606s
Processing frame: 7800
Elapsed time: 1718.6923463344574s
Processing frame: 8000
Elapsed time: 1762.715806722641s
Processing frame: 8200
Elapsed time: 1806.7326278686523s
Processing frame: 8400
Elapsed time: 1850.2061350345612s
Processing frame: 8600
Elapsed time: 1894.3154311180115s
Processing frame: 8800
Elapsed time: 1938.4183058738708s
Processing frame: 9000
Elapsed time: 1981.7309410572052s
Processing frame: 9200
Elapsed time: 2025.7346358299255s
Processing frame: 9400
Elapsed time: 2069.786041736603s
Processing frame: 9600
Elapsed time: 2113.129766702652s
Processing frame: 9800
Elapsed time: 2157.0608921051025s
Processing frame: 10000
Elapsed time: 2201.1359066963196s
Processing frame: 10200
Elapsed time: 2244.4746239185333s
Processing frame: 10400
Elapsed time: 2288.471124649048s
Processing frame: 10600
Elapsed time: 2332.6062347888947s
Processing frame: 10800
Elapsed time: 2376.0367846488953s
Processing frame: 11000
Elapsed time: 2420.0824530124664s
Frame: 11118, grabbed=False and frame=None
Processing frame: 0
Processing frame: 200
Processing frame: 400
Processing frame: 600
Processing frame: 800
Processing frame: 1000
Processing frame: 1200
Processing frame: 1400
Processing frame: 1600
Processing frame: 1800
Processing frame: 2000
Processing frame: 2200
Processing frame: 2400
Processing frame: 2600
Processing frame: 2800
Processing frame: 3000
Processing frame: 3200
Processing frame: 3400
Processing frame: 3600
