-------------------------------------------------------------------------------
There are messages associated with the following module(s):
-------------------------------------------------------------------------------

python/3.5.2:
   This module is deprecated and will be removed in the future. Please
   upgrade to python/3.5. If you had created virtual environments we
   recommend to recreate them. Ce module est marqué pour être retiré et
   sera supprimé dans le futur. Veuillez utiliser python/3.5. Si vous aviez
   créé un environnement virtuel, nous vous recommandons de le recréer.

-------------------------------------------------------------------------------

sh: openposeEnv_Python3/bin/activate: No such file or directory
OpenPose Library Python Wrapper
Raw frames per second: 20.553853173430394
Crop: Video not from Camera1 or Camera2!
Frame width:1152, Frame height:972.
Polygon: Video not from Camera1 or Camera2!
Total frame number: 12388.0
Processing frame: 0
Elapsed time: 9.5367431640625e-06s
Processing frame: 200
Elapsed time: 48.80104446411133s
Processing frame: 400
Elapsed time: 93.24353241920471s
Processing frame: 600
Elapsed time: 137.20485019683838s
Processing frame: 800
Elapsed time: 181.73921298980713s
Processing frame: 1000
Elapsed time: 226.24172711372375s
Processing frame: 1200
Elapsed time: 270.16890025138855s
Processing frame: 1400
Elapsed time: 314.71146512031555s
Processing frame: 1600
Elapsed time: 359.34357476234436s
Processing frame: 1800
Elapsed time: 403.22178387641907s
Processing frame: 2000
Elapsed time: 447.6451487541199s
Processing frame: 2200
Elapsed time: 492.1981055736542s
Processing frame: 2400
Elapsed time: 536.2168579101562s
Processing frame: 2600
Elapsed time: 580.7886927127838s
Processing frame: 2800
Elapsed time: 625.2930619716644s
Processing frame: 3000
Elapsed time: 669.26060962677s
Processing frame: 3200
Elapsed time: 713.8876693248749s
Processing frame: 3400
Elapsed time: 758.4075994491577s
Processing frame: 3600
Elapsed time: 802.5066387653351s
Processing frame: 3800
Elapsed time: 847.0438845157623s
Processing frame: 4000
Elapsed time: 891.5903537273407s
Processing frame: 4200
Elapsed time: 935.4792642593384s
Processing frame: 4400
Elapsed time: 979.976863861084s
Processing frame: 4600
Elapsed time: 1024.4777188301086s
Processing frame: 4800
Elapsed time: 1068.4021899700165s
Processing frame: 5000
Elapsed time: 1112.8755841255188s
Processing frame: 5200
Elapsed time: 1157.4286363124847s
Processing frame: 5400
Elapsed time: 1201.357234954834s
Processing frame: 5600
Elapsed time: 1245.9323046207428s
Processing frame: 5800
Elapsed time: 1290.399852514267s
Processing frame: 6000
Elapsed time: 1334.2809450626373s
Processing frame: 6200
Elapsed time: 1378.7390687465668s
Processing frame: 6400
Elapsed time: 1423.1251130104065s
Processing frame: 6600
Elapsed time: 1466.8195235729218s
Processing frame: 6800
Elapsed time: 1511.174738407135s
Processing frame: 7000
Elapsed time: 1555.6129462718964s
Processing frame: 7200
Elapsed time: 1599.294792175293s
Processing frame: 7400
Elapsed time: 1643.6746628284454s
Processing frame: 7600
Elapsed time: 1687.954176902771s
Processing frame: 7800
Elapsed time: 1731.618983745575s
Processing frame: 8000
Elapsed time: 1775.9344394207s
Processing frame: 8200
Elapsed time: 1820.4084403514862s
Processing frame: 8400
Elapsed time: 1864.2554941177368s
Processing frame: 8600
Elapsed time: 1908.7610540390015s
Processing frame: 8800
Elapsed time: 1953.252554655075s
Processing frame: 9000
Elapsed time: 1997.1675457954407s
Processing frame: 9200
Elapsed time: 2041.4969928264618s
Processing frame: 9400
Elapsed time: 2085.833954334259s
Processing frame: 9600
Elapsed time: 2129.448712348938s
Processing frame: 9800
Elapsed time: 2173.853096008301s
Processing frame: 10000
Elapsed time: 2218.351727247238s
Processing frame: 10200
Elapsed time: 2262.085241317749s
Processing frame: 10400
Elapsed time: 2306.485761165619s
Processing frame: 10600
Elapsed time: 2350.9607362747192s
Processing frame: 10800
Elapsed time: 2394.7474875450134s
Processing frame: 11000
Elapsed time: 2439.163337469101s
Processing frame: 11200
Elapsed time: 2483.5295474529266s
Processing frame: 11400
Elapsed time: 2527.3229620456696s
Processing frame: 11600
Elapsed time: 2571.737778902054s
Processing frame: 11800
Elapsed time: 2616.0093100070953s
Processing frame: 12000
Elapsed time: 2659.615205526352s
Processing frame: 12200
Elapsed time: 2703.9489681720734s
Frame: 12387, grabbed=False and frame=None
Processing frame: 0
Processing frame: 200
Processing frame: 400
Processing frame: 600
Processing frame: 800
Processing frame: 1000
Processing frame: 1200
Processing frame: 1400
Processing frame: 1600
Processing frame: 1800
Processing frame: 2000
Processing frame: 2200
Processing frame: 2400
Processing frame: 2600
Processing frame: 2800
Processing frame: 3000
Processing frame: 3200
Processing frame: 3400
Processing frame: 3600
Processing frame: 3800
Processing frame: 4000
