-------------------------------------------------------------------------------
There are messages associated with the following module(s):
-------------------------------------------------------------------------------

python/3.5.2:
   This module is deprecated and will be removed in the future. Please
   upgrade to python/3.5. If you had created virtual environments we
   recommend to recreate them. Ce module est marqué pour être retiré et
   sera supprimé dans le futur. Veuillez utiliser python/3.5. Si vous aviez
   créé un environnement virtuel, nous vous recommandons de le recréer.

-------------------------------------------------------------------------------

sh: openposeEnv_Python3/bin/activate: No such file or directory
OpenPose Library Python Wrapper
Raw frames per second: 18.778163671140945
Frame width:1152, Frame height:972.
Total frame number: 11328.0
Processing frame: 0
Elapsed time: 1.0967254638671875e-05s
Processing frame: 200
Elapsed time: 48.82885241508484s
Processing frame: 400
Elapsed time: 92.90618538856506s
Processing frame: 600
Elapsed time: 136.32984066009521s
Processing frame: 800
Elapsed time: 180.41797041893005s
Processing frame: 1000
Elapsed time: 224.53818726539612s
Processing frame: 1200
Elapsed time: 268.0045118331909s
Processing frame: 1400
Elapsed time: 312.3363015651703s
Processing frame: 1600
Elapsed time: 356.5266261100769s
Processing frame: 1800
Elapsed time: 400.11813044548035s
Processing frame: 2000
Elapsed time: 444.2503230571747s
Processing frame: 2200
Elapsed time: 488.3368594646454s
Processing frame: 2400
Elapsed time: 531.7882781028748s
Processing frame: 2600
Elapsed time: 575.9461088180542s
Processing frame: 2800
Elapsed time: 620.1666321754456s
Processing frame: 3000
Elapsed time: 663.7232551574707s
Processing frame: 3200
Elapsed time: 707.9542491436005s
Processing frame: 3400
Elapsed time: 752.240805387497s
Processing frame: 3600
Elapsed time: 795.9011220932007s
Processing frame: 3800
Elapsed time: 840.231128692627s
Processing frame: 4000
Elapsed time: 884.5162789821625s
Processing frame: 4200
Elapsed time: 927.9735717773438s
Processing frame: 4400
Elapsed time: 972.0019717216492s
Processing frame: 4600
Elapsed time: 1016.0751314163208s
Processing frame: 4800
Elapsed time: 1059.563708782196s
Processing frame: 5000
Elapsed time: 1103.7235698699951s
Processing frame: 5200
Elapsed time: 1147.7963962554932s
Processing frame: 5400
Elapsed time: 1191.1197443008423s
Processing frame: 5600
Elapsed time: 1235.1135911941528s
Processing frame: 5800
Elapsed time: 1279.0941824913025s
Processing frame: 6000
Elapsed time: 1322.4937160015106s
Processing frame: 6200
Elapsed time: 1366.5018272399902s
Processing frame: 6400
Elapsed time: 1410.6130003929138s
Processing frame: 6600
Elapsed time: 1454.0508077144623s
Processing frame: 6800
Elapsed time: 1498.3743708133698s
Processing frame: 7000
Elapsed time: 1542.5360214710236s
Processing frame: 7200
Elapsed time: 1585.9724144935608s
Processing frame: 7400
Elapsed time: 1629.950541973114s
Processing frame: 7600
Elapsed time: 1674.0503306388855s
Processing frame: 7800
Elapsed time: 1717.5280616283417s
Processing frame: 8000
Elapsed time: 1761.516522884369s
Processing frame: 8200
Elapsed time: 1805.688155412674s
Processing frame: 8400
Elapsed time: 1849.1864867210388s
Processing frame: 8600
Elapsed time: 1893.2745788097382s
Processing frame: 8800
Elapsed time: 1937.3075654506683s
Processing frame: 9000
Elapsed time: 1980.7516145706177s
Processing frame: 9200
Elapsed time: 2024.8335859775543s
Processing frame: 9400
Elapsed time: 2069.0096564292908s
Processing frame: 9600
Elapsed time: 2112.4758377075195s
Processing frame: 9800
Elapsed time: 2156.541253089905s
Processing frame: 10000
Elapsed time: 2200.4533252716064s
Processing frame: 10200
Elapsed time: 2243.8088533878326s
Processing frame: 10400
Elapsed time: 2287.9387035369873s
Processing frame: 10600
Elapsed time: 2331.9682631492615s
Processing frame: 10800
Elapsed time: 2375.4882938861847s
Processing frame: 11000
Elapsed time: 2419.6584055423737s
Processing frame: 11200
Elapsed time: 2463.8891785144806s
Processing frame: 0
Processing frame: 200
Processing frame: 400
Processing frame: 600
Processing frame: 800
Processing frame: 1000
Processing frame: 1200
Processing frame: 1400
Processing frame: 1600
Processing frame: 1800
Processing frame: 2000
Processing frame: 2200
Processing frame: 2400
Processing frame: 2600
Processing frame: 2800
Processing frame: 3000
Processing frame: 3200
Processing frame: 3400
Processing frame: 3600
