-------------------------------------------------------------------------------
There are messages associated with the following module(s):
-------------------------------------------------------------------------------

python/3.5.2:
   This module is deprecated and will be removed in the future. Please
   upgrade to python/3.5. If you had created virtual environments we
   recommend to recreate them. Ce module est marqué pour être retiré et
   sera supprimé dans le futur. Veuillez utiliser python/3.5. Si vous aviez
   créé un environnement virtuel, nous vous recommandons de le recréer.

-------------------------------------------------------------------------------

sh: openposeEnv_Python3/bin/activate: No such file or directory
OpenPose Library Python Wrapper
Raw frames per second: 24.483377183734394
Frame width:1152, Frame height:972.
Total frame number: 14732.0
Processing frame: 0
Elapsed time: 1.1205673217773438e-05s
Processing frame: 200
Elapsed time: 48.66590404510498s
Processing frame: 400
Elapsed time: 92.83460974693298s
Processing frame: 600
Elapsed time: 136.40076971054077s
Processing frame: 800
Elapsed time: 180.54809594154358s
Processing frame: 1000
Elapsed time: 224.70953392982483s
Processing frame: 1200
Elapsed time: 268.23902320861816s
Processing frame: 1400
Elapsed time: 312.3151378631592s
Processing frame: 1600
Elapsed time: 356.4323699474335s
Processing frame: 1800
Elapsed time: 400.0902376174927s
Processing frame: 2000
Elapsed time: 444.2633364200592s
Processing frame: 2200
Elapsed time: 488.407372713089s
Processing frame: 2400
Elapsed time: 531.928350687027s
Processing frame: 2600
Elapsed time: 576.1823396682739s
Processing frame: 2800
Elapsed time: 620.4261453151703s
Processing frame: 3000
Elapsed time: 664.0447266101837s
Processing frame: 3200
Elapsed time: 708.3908743858337s
Processing frame: 3400
Elapsed time: 752.5082588195801s
Processing frame: 3600
Elapsed time: 796.0231764316559s
Processing frame: 3800
Elapsed time: 840.1853921413422s
Processing frame: 4000
Elapsed time: 884.3348913192749s
Processing frame: 4200
Elapsed time: 928.1216058731079s
Processing frame: 4400
Elapsed time: 972.4642353057861s
Processing frame: 4600
Elapsed time: 1016.7093534469604s
Processing frame: 4800
Elapsed time: 1060.2519416809082s
Processing frame: 5000
Elapsed time: 1104.3375706672668s
Processing frame: 5200
Elapsed time: 1148.5449709892273s
Processing frame: 5400
Elapsed time: 1191.9898612499237s
Processing frame: 5600
Elapsed time: 1236.1353302001953s
Processing frame: 5800
Elapsed time: 1280.3297145366669s
Processing frame: 6000
Elapsed time: 1323.9262013435364s
Processing frame: 6200
Elapsed time: 1368.0429503917694s
Processing frame: 6400
Elapsed time: 1412.219321489334s
Processing frame: 6600
Elapsed time: 1455.5108587741852s
Processing frame: 6800
Elapsed time: 1499.5779356956482s
Processing frame: 7000
Elapsed time: 1543.6257638931274s
Processing frame: 7200
Elapsed time: 1586.9864330291748s
Processing frame: 7400
Elapsed time: 1631.0590329170227s
Processing frame: 7600
Elapsed time: 1675.2057676315308s
Processing frame: 7800
Elapsed time: 1718.6049094200134s
Processing frame: 8000
Elapsed time: 1762.7240900993347s
Processing frame: 8200
Elapsed time: 1806.690152645111s
Processing frame: 8400
Elapsed time: 1850.0582945346832s
Processing frame: 8600
Elapsed time: 1894.029729604721s
Processing frame: 8800
Elapsed time: 1938.100879907608s
Processing frame: 9000
Elapsed time: 1981.428852558136s
Processing frame: 9200
Elapsed time: 2025.4615211486816s
Processing frame: 9400
Elapsed time: 2069.5685007572174s
Processing frame: 9600
Elapsed time: 2113.0871641635895s
Processing frame: 9800
Elapsed time: 2157.3560960292816s
Processing frame: 10000
Elapsed time: 2201.43554186821s
Processing frame: 10200
Elapsed time: 2244.882055282593s
Processing frame: 10400
Elapsed time: 2288.9557554721832s
Processing frame: 10600
Elapsed time: 2333.0513339042664s
Processing frame: 10800
Elapsed time: 2376.5738871097565s
Processing frame: 11000
Elapsed time: 2420.7028501033783s
Processing frame: 11200
Elapsed time: 2464.7379009723663s
Processing frame: 11400
Elapsed time: 2508.771968126297s
Processing frame: 11600
Elapsed time: 2552.835057735443s
Processing frame: 11800
Elapsed time: 2596.9867594242096s
Processing frame: 12000
Elapsed time: 2640.304336309433s
Processing frame: 12200
Elapsed time: 2684.3547616004944s
Processing frame: 12400
Elapsed time: 2728.4203073978424s
Processing frame: 12600
Elapsed time: 2771.7807705402374s
Processing frame: 12800
Elapsed time: 2815.75155210495s
Processing frame: 13000
Elapsed time: 2859.6999826431274s
Processing frame: 13200
Elapsed time: 2903.0861892700195s
Processing frame: 13400
Elapsed time: 2947.0371220111847s
Processing frame: 13600
Elapsed time: 2991.013072490692s
Processing frame: 13800
Elapsed time: 3034.4349162578583s
Processing frame: 14000
Elapsed time: 3078.4473950862885s
Processing frame: 14200
Elapsed time: 3122.369076490402s
Processing frame: 14400
Elapsed time: 3165.8427298069s
Processing frame: 14600
Elapsed time: 3209.9159071445465s
Processing frame: 0
Processing frame: 200
Processing frame: 400
Processing frame: 600
Processing frame: 800
Processing frame: 1000
Processing frame: 1200
Processing frame: 1400
Processing frame: 1600
Processing frame: 1800
Processing frame: 2000
Processing frame: 2200
Processing frame: 2400
Processing frame: 2600
Processing frame: 2800
Processing frame: 3000
Processing frame: 3200
Processing frame: 3400
Processing frame: 3600
Processing frame: 3800
Processing frame: 4000
Processing frame: 4200
Processing frame: 4400
Processing frame: 4600
Processing frame: 4800
