-------------------------------------------------------------------------------
There are messages associated with the following module(s):
-------------------------------------------------------------------------------

python/3.5.2:
   This module is deprecated and will be removed in the future. Please
   upgrade to python/3.5. If you had created virtual environments we
   recommend to recreate them. Ce module est marqué pour être retiré et
   sera supprimé dans le futur. Veuillez utiliser python/3.5. Si vous aviez
   créé un environnement virtuel, nous vous recommandons de le recréer.

-------------------------------------------------------------------------------

sh: openposeEnv_Python3/bin/activate: No such file or directory
OpenPose Library Python Wrapper
Raw frames per second: 18.56759510191036
Frame width:960, Frame height:756.
Total frame number: 11154.0
Processing frame: 0
Elapsed time: 1.0251998901367188e-05s
Processing frame: 200
Elapsed time: 47.776793241500854s
Processing frame: 400
Elapsed time: 90.82478976249695s
Processing frame: 600
Elapsed time: 133.21856212615967s
Processing frame: 800
Elapsed time: 176.11897325515747s
Processing frame: 1000
Elapsed time: 219.06571865081787s
Processing frame: 1200
Elapsed time: 261.41154527664185s
Processing frame: 1400
Elapsed time: 304.31318640708923s
Processing frame: 1600
Elapsed time: 347.27244544029236s
Processing frame: 1800
Elapsed time: 389.57512855529785s
Processing frame: 2000
Elapsed time: 432.6345012187958s
Processing frame: 2200
Elapsed time: 475.5768005847931s
Processing frame: 2400
Elapsed time: 517.8626465797424s
Processing frame: 2600
Elapsed time: 560.8043642044067s
Processing frame: 2800
Elapsed time: 603.7464377880096s
Processing frame: 3000
Elapsed time: 646.0783479213715s
Processing frame: 3200
Elapsed time: 689.025780916214s
Processing frame: 3400
Elapsed time: 732.1176450252533s
Processing frame: 3600
Elapsed time: 774.5397284030914s
Processing frame: 3800
Elapsed time: 817.5136494636536s
Processing frame: 4000
Elapsed time: 860.531195640564s
Processing frame: 4200
Elapsed time: 902.9418427944183s
Processing frame: 4400
Elapsed time: 945.8863499164581s
Processing frame: 4600
Elapsed time: 988.9577248096466s
Processing frame: 4800
Elapsed time: 1031.365031003952s
Processing frame: 5000
Elapsed time: 1074.3079488277435s
Processing frame: 5200
Elapsed time: 1117.2399435043335s
Processing frame: 5400
Elapsed time: 1159.5207016468048s
Processing frame: 5600
Elapsed time: 1202.3915448188782s
Processing frame: 5800
Elapsed time: 1245.2881081104279s
Processing frame: 6000
Elapsed time: 1287.6343820095062s
Processing frame: 6200
Elapsed time: 1330.603143453598s
Processing frame: 6400
Elapsed time: 1373.684603691101s
Processing frame: 6600
Elapsed time: 1415.9844069480896s
Processing frame: 6800
Elapsed time: 1458.9223146438599s
Processing frame: 7000
Elapsed time: 1501.9008231163025s
Processing frame: 7200
Elapsed time: 1544.3910925388336s
Processing frame: 7400
Elapsed time: 1587.3770871162415s
Processing frame: 7600
Elapsed time: 1630.237319469452s
Processing frame: 7800
Elapsed time: 1672.5959606170654s
Processing frame: 8000
Elapsed time: 1715.5508499145508s
Processing frame: 8200
Elapsed time: 1758.4991552829742s
Processing frame: 8400
Elapsed time: 1800.8237798213959s
Processing frame: 8600
Elapsed time: 1843.8023164272308s
Processing frame: 8800
Elapsed time: 1886.7948882579803s
Processing frame: 9000
Elapsed time: 1929.0915565490723s
Processing frame: 9200
Elapsed time: 1971.9134225845337s
Processing frame: 9400
Elapsed time: 2014.7815709114075s
Processing frame: 9600
Elapsed time: 2057.1377713680267s
Processing frame: 9800
Elapsed time: 2100.011069059372s
Processing frame: 10000
Elapsed time: 2142.9647784233093s
Processing frame: 10200
Elapsed time: 2185.393298149109s
Processing frame: 10400
Elapsed time: 2228.4685530662537s
Processing frame: 10600
Elapsed time: 2271.3489866256714s
Processing frame: 10800
Elapsed time: 2313.610189437866s
Processing frame: 11000
Elapsed time: 2356.4883003234863s
Processing frame: 0
Processing frame: 200
Processing frame: 400
Processing frame: 600
Processing frame: 800
Processing frame: 1000
Processing frame: 1200
Processing frame: 1400
Processing frame: 1600
Processing frame: 1800
Processing frame: 2000
Processing frame: 2200
Processing frame: 2400
Processing frame: 2600
Processing frame: 2800
Processing frame: 3000
Processing frame: 3200
Processing frame: 3400
Processing frame: 3600
