-------------------------------------------------------------------------------
There are messages associated with the following module(s):
-------------------------------------------------------------------------------

python/3.5.2:
   This module is deprecated and will be removed in the future. Please
   upgrade to python/3.5. If you had created virtual environments we
   recommend to recreate them. Ce module est marqué pour être retiré et
   sera supprimé dans le futur. Veuillez utiliser python/3.5. Si vous aviez
   créé un environnement virtuel, nous vous recommandons de le recréer.

-------------------------------------------------------------------------------

sh: openposeEnv_Python3/bin/activate: No such file or directory
OpenPose Library Python Wrapper
Raw frames per second: 20.79134968983408
Frame width:960, Frame height:756.
Total frame number: 12527.0
Processing frame: 0
Elapsed time: 1.1205673217773438e-05s
Processing frame: 200
Elapsed time: 47.66307473182678s
Processing frame: 400
Elapsed time: 90.51644110679626s
Processing frame: 600
Elapsed time: 132.84400177001953s
Processing frame: 800
Elapsed time: 175.66362881660461s
Processing frame: 1000
Elapsed time: 218.54484248161316s
Processing frame: 1200
Elapsed time: 260.8314108848572s
Processing frame: 1400
Elapsed time: 303.77690863609314s
Processing frame: 1600
Elapsed time: 346.7524244785309s
Processing frame: 1800
Elapsed time: 389.0676519870758s
Processing frame: 2000
Elapsed time: 431.92483496665955s
Processing frame: 2200
Elapsed time: 474.76933121681213s
Processing frame: 2400
Elapsed time: 517.3877520561218s
Processing frame: 2600
Elapsed time: 560.3461329936981s
Processing frame: 2800
Elapsed time: 603.2886838912964s
Processing frame: 3000
Elapsed time: 645.6257500648499s
Processing frame: 3200
Elapsed time: 688.6492295265198s
Processing frame: 3400
Elapsed time: 731.5667500495911s
Processing frame: 3600
Elapsed time: 773.7805943489075s
Processing frame: 3800
Elapsed time: 816.5870921611786s
Processing frame: 4000
Elapsed time: 859.5149171352386s
Processing frame: 4200
Elapsed time: 901.8034105300903s
Processing frame: 4400
Elapsed time: 944.6369476318359s
Processing frame: 4600
Elapsed time: 987.6309609413147s
Processing frame: 4800
Elapsed time: 1029.9420528411865s
Processing frame: 5000
Elapsed time: 1072.8231081962585s
Processing frame: 5200
Elapsed time: 1115.7952456474304s
Processing frame: 5400
Elapsed time: 1158.132863521576s
Processing frame: 5600
Elapsed time: 1201.1099691390991s
Processing frame: 5800
Elapsed time: 1243.8813788890839s
Processing frame: 6000
Elapsed time: 1286.1097750663757s
Processing frame: 6200
Elapsed time: 1329.000994682312s
Processing frame: 6400
Elapsed time: 1371.8558180332184s
Processing frame: 6600
Elapsed time: 1414.1453144550323s
Processing frame: 6800
Elapsed time: 1457.0691800117493s
Processing frame: 7000
Elapsed time: 1500.045776605606s
Processing frame: 7200
Elapsed time: 1542.2519056797028s
Processing frame: 7400
Elapsed time: 1585.1636199951172s
Processing frame: 7600
Elapsed time: 1627.9679107666016s
Processing frame: 7800
Elapsed time: 1670.1696498394012s
Processing frame: 8000
Elapsed time: 1712.9876680374146s
Processing frame: 8200
Elapsed time: 1755.8195822238922s
Processing frame: 8400
Elapsed time: 1797.923096895218s
Processing frame: 8600
Elapsed time: 1840.747409582138s
Processing frame: 8800
Elapsed time: 1883.5288960933685s
Processing frame: 9000
Elapsed time: 1925.7834963798523s
Processing frame: 9200
Elapsed time: 1968.665932416916s
Processing frame: 9400
Elapsed time: 2011.6962745189667s
Processing frame: 9600
Elapsed time: 2054.003513097763s
Processing frame: 9800
Elapsed time: 2096.90727519989s
Processing frame: 10000
Elapsed time: 2139.6537086963654s
Processing frame: 10200
Elapsed time: 2181.903644323349s
Processing frame: 10400
Elapsed time: 2224.7519199848175s
Processing frame: 10600
Elapsed time: 2267.6130335330963s
Processing frame: 10800
Elapsed time: 2309.83424448967s
Processing frame: 11000
Elapsed time: 2352.6539437770844s
Processing frame: 11200
Elapsed time: 2395.461148262024s
Processing frame: 11400
Elapsed time: 2437.5792605876923s
Processing frame: 11600
Elapsed time: 2480.2892756462097s
Processing frame: 11800
Elapsed time: 2523.120239496231s
Processing frame: 12000
Elapsed time: 2565.305722475052s
Processing frame: 12200
Elapsed time: 2608.1675684452057s
Processing frame: 12400
Elapsed time: 2650.9495589733124s
Processing frame: 0
Processing frame: 200
Processing frame: 400
Processing frame: 600
Processing frame: 800
Processing frame: 1000
Processing frame: 1200
Processing frame: 1400
Processing frame: 1600
Processing frame: 1800
Processing frame: 2000
Processing frame: 2200
Processing frame: 2400
Processing frame: 2600
Processing frame: 2800
Processing frame: 3000
Processing frame: 3200
Processing frame: 3400
Processing frame: 3600
Processing frame: 3800
Processing frame: 4000
