-------------------------------------------------------------------------------
There are messages associated with the following module(s):
-------------------------------------------------------------------------------

python/3.5.2:
   This module is deprecated and will be removed in the future. Please
   upgrade to python/3.5. If you had created virtual environments we
   recommend to recreate them. Ce module est marqué pour être retiré et
   sera supprimé dans le futur. Veuillez utiliser python/3.5. Si vous aviez
   créé un environnement virtuel, nous vous recommandons de le recréer.

-------------------------------------------------------------------------------

sh: openposeEnv_Python3/bin/activate: No such file or directory
OpenPose Library Python Wrapper
Raw frames per second: 21.774219176608334
Frame width:1152, Frame height:972.
Total frame number: 13104.0
Processing frame: 0
Elapsed time: 1.1205673217773438e-05s
Processing frame: 200
Elapsed time: 48.61076092720032s
Processing frame: 400
Elapsed time: 92.79549169540405s
Processing frame: 600
Elapsed time: 136.36653685569763s
Processing frame: 800
Elapsed time: 180.52847003936768s
Processing frame: 1000
Elapsed time: 224.75875425338745s
Processing frame: 1200
Elapsed time: 268.2384121417999s
Processing frame: 1400
Elapsed time: 312.41112780570984s
Processing frame: 1600
Elapsed time: 356.63651967048645s
Processing frame: 1800
Elapsed time: 400.2029483318329s
Processing frame: 2000
Elapsed time: 444.3920900821686s
Processing frame: 2200
Elapsed time: 488.4886796474457s
Processing frame: 2400
Elapsed time: 532.068728685379s
Processing frame: 2600
Elapsed time: 576.1695351600647s
Processing frame: 2800
Elapsed time: 620.2149381637573s
Processing frame: 3000
Elapsed time: 663.7480158805847s
Processing frame: 3200
Elapsed time: 707.9716684818268s
Processing frame: 3400
Elapsed time: 752.2709889411926s
Processing frame: 3600
Elapsed time: 795.9658114910126s
Processing frame: 3800
Elapsed time: 840.0435042381287s
Processing frame: 4000
Elapsed time: 884.1156296730042s
Processing frame: 4200
Elapsed time: 927.5346467494965s
Processing frame: 4400
Elapsed time: 971.5591840744019s
Processing frame: 4600
Elapsed time: 1015.5576310157776s
Processing frame: 4800
Elapsed time: 1058.9684777259827s
Processing frame: 5000
Elapsed time: 1102.978179216385s
Processing frame: 5200
Elapsed time: 1146.9684662818909s
Processing frame: 5400
Elapsed time: 1190.3144195079803s
Processing frame: 5600
Elapsed time: 1234.3065922260284s
Processing frame: 5800
Elapsed time: 1278.2717776298523s
Processing frame: 6000
Elapsed time: 1321.7365267276764s
Processing frame: 6200
Elapsed time: 1365.7417752742767s
Processing frame: 6400
Elapsed time: 1409.9193274974823s
Processing frame: 6600
Elapsed time: 1453.2669868469238s
Processing frame: 6800
Elapsed time: 1497.2172267436981s
Processing frame: 7000
Elapsed time: 1541.2108042240143s
Processing frame: 7200
Elapsed time: 1584.630345582962s
Processing frame: 7400
Elapsed time: 1628.676088809967s
Processing frame: 7600
Elapsed time: 1672.6622941493988s
Processing frame: 7800
Elapsed time: 1716.0618269443512s
Processing frame: 8000
Elapsed time: 1760.1000182628632s
Processing frame: 8200
Elapsed time: 1803.992294549942s
Processing frame: 8400
Elapsed time: 1847.3129093647003s
Processing frame: 8600
Elapsed time: 1891.2317740917206s
Processing frame: 8800
Elapsed time: 1935.1151523590088s
Processing frame: 9000
Elapsed time: 1978.4176025390625s
Processing frame: 9200
Elapsed time: 2022.4274260997772s
Processing frame: 9400
Elapsed time: 2066.4341757297516s
Processing frame: 9600
Elapsed time: 2109.787522315979s
Processing frame: 9800
Elapsed time: 2153.8592760562897s
Processing frame: 10000
Elapsed time: 2197.9986906051636s
Processing frame: 10200
Elapsed time: 2241.437108516693s
Processing frame: 10400
Elapsed time: 2285.5524373054504s
Processing frame: 10600
Elapsed time: 2329.7092156410217s
Processing frame: 10800
Elapsed time: 2373.1758983135223s
Processing frame: 11000
Elapsed time: 2417.334105014801s
Processing frame: 11200
Elapsed time: 2461.4331793785095s
Processing frame: 11400
Elapsed time: 2504.8892135620117s
Processing frame: 11600
Elapsed time: 2549.0551238059998s
Processing frame: 11800
Elapsed time: 2593.245584487915s
Processing frame: 12000
Elapsed time: 2636.7636744976044s
Processing frame: 12200
Elapsed time: 2680.8730738162994s
Processing frame: 12400
Elapsed time: 2724.9627678394318s
Processing frame: 12600
Elapsed time: 2768.4610419273376s
Processing frame: 12800
Elapsed time: 2812.6756875514984s
Processing frame: 13000
Elapsed time: 2856.878897190094s
Processing frame: 0
Processing frame: 200
Processing frame: 400
Processing frame: 600
Processing frame: 800
Processing frame: 1000
Processing frame: 1200
Processing frame: 1400
Processing frame: 1600
Processing frame: 1800
Processing frame: 2000
Processing frame: 2200
Processing frame: 2400
Processing frame: 2600
Processing frame: 2800
Processing frame: 3000
Processing frame: 3200
Processing frame: 3400
Processing frame: 3600
Processing frame: 3800
Processing frame: 4000
Processing frame: 4200
