-------------------------------------------------------------------------------
There are messages associated with the following module(s):
-------------------------------------------------------------------------------

python/3.5.2:
   This module is deprecated and will be removed in the future. Please
   upgrade to python/3.5. If you had created virtual environments we
   recommend to recreate them. Ce module est marqué pour être retiré et
   sera supprimé dans le futur. Veuillez utiliser python/3.5. Si vous aviez
   créé un environnement virtuel, nous vous recommandons de le recréer.

-------------------------------------------------------------------------------

sh: openposeEnv_Python3/bin/activate: No such file or directory
OpenPose Library Python Wrapper
Raw frames per second: 19.272568050186038
Frame width:960, Frame height:756.
Total frame number: 11609.0
Processing frame: 0
Elapsed time: 9.775161743164062e-06s
Processing frame: 200
Elapsed time: 47.880346059799194s
Processing frame: 400
Elapsed time: 91.1432991027832s
Processing frame: 600
Elapsed time: 133.60257363319397s
Processing frame: 800
Elapsed time: 178.80092644691467s
Processing frame: 1000
Elapsed time: 222.5336298942566s
Processing frame: 1200
Elapsed time: 265.0138247013092s
Processing frame: 1400
Elapsed time: 308.2020707130432s
Processing frame: 1600
Elapsed time: 351.4048345088959s
Processing frame: 1800
Elapsed time: 393.9059681892395s
Processing frame: 2000
Elapsed time: 437.0183696746826s
Processing frame: 2200
Elapsed time: 480.13998222351074s
Processing frame: 2400
Elapsed time: 523.0165219306946s
Processing frame: 2600
Elapsed time: 566.1360192298889s
Processing frame: 2800
Elapsed time: 609.291323184967s
Processing frame: 3000
Elapsed time: 651.7999985218048s
Processing frame: 3200
Elapsed time: 695.0418462753296s
Processing frame: 3400
Elapsed time: 738.1864516735077s
Processing frame: 3600
Elapsed time: 780.7365770339966s
Processing frame: 3800
Elapsed time: 823.9325034618378s
Processing frame: 4000
Elapsed time: 867.0930635929108s
Processing frame: 4200
Elapsed time: 909.6444807052612s
Processing frame: 4400
Elapsed time: 952.7853243350983s
Processing frame: 4600
Elapsed time: 995.9645311832428s
Processing frame: 4800
Elapsed time: 1038.5326952934265s
Processing frame: 5000
Elapsed time: 1081.6697399616241s
Processing frame: 5200
Elapsed time: 1124.8397121429443s
Processing frame: 5400
Elapsed time: 1167.3038585186005s
Processing frame: 5600
Elapsed time: 1210.3745555877686s
Processing frame: 5800
Elapsed time: 1253.5553529262543s
Processing frame: 6000
Elapsed time: 1296.0983319282532s
Processing frame: 6200
Elapsed time: 1339.2764410972595s
Processing frame: 6400
Elapsed time: 1382.4429860115051s
Processing frame: 6600
Elapsed time: 1425.0516018867493s
Processing frame: 6800
Elapsed time: 1468.2096009254456s
Processing frame: 7000
Elapsed time: 1511.4121606349945s
Processing frame: 7200
Elapsed time: 1553.9817306995392s
Processing frame: 7400
Elapsed time: 1597.1067707538605s
Processing frame: 7600
Elapsed time: 1640.1758184432983s
Processing frame: 7800
Elapsed time: 1682.7615427970886s
Processing frame: 8000
Elapsed time: 1725.938827753067s
Processing frame: 8200
Elapsed time: 1768.9953756332397s
Processing frame: 8400
Elapsed time: 1811.367371082306s
Processing frame: 8600
Elapsed time: 1854.4391453266144s
Processing frame: 8800
Elapsed time: 1897.5333478450775s
Processing frame: 9000
Elapsed time: 1939.9942350387573s
Processing frame: 9200
Elapsed time: 1983.1127848625183s
Processing frame: 9400
Elapsed time: 2026.2234473228455s
Processing frame: 9600
Elapsed time: 2068.761790037155s
Processing frame: 9800
Elapsed time: 2111.961822748184s
Processing frame: 10000
Elapsed time: 2155.1658914089203s
Processing frame: 10200
Elapsed time: 2197.797022819519s
Processing frame: 10400
Elapsed time: 2240.931827068329s
Processing frame: 10600
Elapsed time: 2284.058649301529s
Processing frame: 10800
Elapsed time: 2326.5441076755524s
Processing frame: 11000
Elapsed time: 2369.7486226558685s
Processing frame: 11200
Elapsed time: 2412.8888833522797s
Processing frame: 11400
Elapsed time: 2455.359365463257s
Processing frame: 11600
Elapsed time: 2498.349375486374s
Processing frame: 0
Processing frame: 200
Processing frame: 400
Processing frame: 600
Processing frame: 800
Processing frame: 1000
Processing frame: 1200
Processing frame: 1400
Processing frame: 1600
Processing frame: 1800
Processing frame: 2000
Processing frame: 2200
Processing frame: 2400
Processing frame: 2600
Processing frame: 2800
Processing frame: 3000
Processing frame: 3200
Processing frame: 3400
Processing frame: 3600
Processing frame: 3800
