-------------------------------------------------------------------------------
There are messages associated with the following module(s):
-------------------------------------------------------------------------------

python/3.5.2:
   This module is deprecated and will be removed in the future. Please
   upgrade to python/3.5. If you had created virtual environments we
   recommend to recreate them. Ce module est marqué pour être retiré et
   sera supprimé dans le futur. Veuillez utiliser python/3.5. Si vous aviez
   créé un environnement virtuel, nous vous recommandons de le recréer.

-------------------------------------------------------------------------------

sh: openposeEnv_Python3/bin/activate: No such file or directory
OpenPose Library Python Wrapper
Raw frames per second: 26.483845001525136
Frame width:960, Frame height:756.
Total frame number: 15992.0
Processing frame: 0
Elapsed time: 1.0728836059570312e-05s
Processing frame: 200
Elapsed time: 47.78248953819275s
Processing frame: 400
Elapsed time: 90.99518847465515s
Processing frame: 600
Elapsed time: 133.2561686038971s
Processing frame: 800
Elapsed time: 176.0948224067688s
Processing frame: 1000
Elapsed time: 219.11040115356445s
Processing frame: 1200
Elapsed time: 261.44652700424194s
Processing frame: 1400
Elapsed time: 304.3200807571411s
Processing frame: 1600
Elapsed time: 347.30716133117676s
Processing frame: 1800
Elapsed time: 389.66261076927185s
Processing frame: 2000
Elapsed time: 432.59177470207214s
Processing frame: 2200
Elapsed time: 475.51463627815247s
Processing frame: 2400
Elapsed time: 517.9081385135651s
Processing frame: 2600
Elapsed time: 560.9068522453308s
Processing frame: 2800
Elapsed time: 603.8693068027496s
Processing frame: 3000
Elapsed time: 646.2486886978149s
Processing frame: 3200
Elapsed time: 689.1742553710938s
Processing frame: 3400
Elapsed time: 732.1525738239288s
Processing frame: 3600
Elapsed time: 774.4730386734009s
Processing frame: 3800
Elapsed time: 817.5352780818939s
Processing frame: 4000
Elapsed time: 860.6904981136322s
Processing frame: 4200
Elapsed time: 902.9706406593323s
Processing frame: 4400
Elapsed time: 945.8400664329529s
Processing frame: 4600
Elapsed time: 988.6411933898926s
Processing frame: 4800
Elapsed time: 1030.9754147529602s
Processing frame: 5000
Elapsed time: 1073.8322060108185s
Processing frame: 5200
Elapsed time: 1116.7168929576874s
Processing frame: 5400
Elapsed time: 1158.960999250412s
Processing frame: 5600
Elapsed time: 1201.8229174613953s
Processing frame: 5800
Elapsed time: 1244.6631731987s
Processing frame: 6000
Elapsed time: 1286.83540558815s
Processing frame: 6200
Elapsed time: 1329.6672990322113s
Processing frame: 6400
Elapsed time: 1372.5408461093903s
Processing frame: 6600
Elapsed time: 1414.7872920036316s
Processing frame: 6800
Elapsed time: 1457.647848367691s
Processing frame: 7000
Elapsed time: 1500.4873940944672s
Processing frame: 7200
Elapsed time: 1542.7152109146118s
Processing frame: 7400
Elapsed time: 1585.6042158603668s
Processing frame: 7600
Elapsed time: 1628.536126613617s
Processing frame: 7800
Elapsed time: 1670.7598822116852s
Processing frame: 8000
Elapsed time: 1713.5991368293762s
Processing frame: 8200
Elapsed time: 1756.4952063560486s
Processing frame: 8400
Elapsed time: 1798.7761898040771s
Processing frame: 8600
Elapsed time: 1841.6430780887604s
Processing frame: 8800
Elapsed time: 1884.4822053909302s
Processing frame: 9000
Elapsed time: 1926.8070619106293s
Processing frame: 9200
Elapsed time: 1969.6090621948242s
Processing frame: 9400
Elapsed time: 2012.472886800766s
Processing frame: 9600
Elapsed time: 2054.7139892578125s
Processing frame: 9800
Elapsed time: 2097.5791335105896s
Processing frame: 10000
Elapsed time: 2140.362576007843s
Processing frame: 10200
Elapsed time: 2182.5709018707275s
Processing frame: 10400
Elapsed time: 2225.4639108181s
Processing frame: 10600
Elapsed time: 2268.2780187129974s
Processing frame: 10800
Elapsed time: 2310.5824530124664s
Processing frame: 11000
Elapsed time: 2353.433116674423s
Processing frame: 11200
Elapsed time: 2396.2554547786713s
Processing frame: 11400
Elapsed time: 2438.51304769516s
Processing frame: 11600
Elapsed time: 2481.352963209152s
Processing frame: 11800
Elapsed time: 2524.224232673645s
Processing frame: 12000
Elapsed time: 2566.4887385368347s
Processing frame: 12200
Elapsed time: 2609.3319883346558s
Processing frame: 12400
Elapsed time: 2652.292478084564s
Processing frame: 12600
Elapsed time: 2694.5166306495667s
Processing frame: 12800
Elapsed time: 2737.361370563507s
Processing frame: 13000
Elapsed time: 2780.1134853363037s
Processing frame: 13200
Elapsed time: 2822.4002430438995s
Processing frame: 13400
Elapsed time: 2865.2836141586304s
Processing frame: 13600
Elapsed time: 2908.123859167099s
Processing frame: 13800
Elapsed time: 2950.3784034252167s
Processing frame: 14000
Elapsed time: 2993.2026522159576s
Processing frame: 14200
Elapsed time: 3036.0832040309906s
Processing frame: 14400
Elapsed time: 3078.3686459064484s
Processing frame: 14600
Elapsed time: 3121.3039467334747s
Processing frame: 14800
Elapsed time: 3164.230767726898s
Processing frame: 15000
Elapsed time: 3206.5089614391327s
Processing frame: 15200
Elapsed time: 3249.383715867996s
Processing frame: 15400
Elapsed time: 3292.22136759758s
Processing frame: 15600
Elapsed time: 3334.3794972896576s
Processing frame: 15800
Elapsed time: 3377.1710562705994s
Processing frame: 0
Processing frame: 200
Processing frame: 400
Processing frame: 600
Processing frame: 800
Processing frame: 1000
Processing frame: 1200
Processing frame: 1400
Processing frame: 1600
Processing frame: 1800
Processing frame: 2000
Processing frame: 2200
Processing frame: 2400
Processing frame: 2600
Processing frame: 2800
Processing frame: 3000
Processing frame: 3200
Processing frame: 3400
Processing frame: 3600
Processing frame: 3800
Processing frame: 4000
Processing frame: 4200
Processing frame: 4400
Processing frame: 4600
Processing frame: 4800
Processing frame: 5000
Processing frame: 5200
