-------------------------------------------------------------------------------
There are messages associated with the following module(s):
-------------------------------------------------------------------------------

python/3.5.2:
   This module is deprecated and will be removed in the future. Please
   upgrade to python/3.5. If you had created virtual environments we
   recommend to recreate them. Ce module est marqué pour être retiré et
   sera supprimé dans le futur. Veuillez utiliser python/3.5. Si vous aviez
   créé un environnement virtuel, nous vous recommandons de le recréer.

-------------------------------------------------------------------------------

sh: openposeEnv_Python3/bin/activate: No such file or directory
OpenPose Library Python Wrapper
Raw frames per second: 19.456436329924678
Frame width:960, Frame height:756.
Total frame number: 11695.0
Processing frame: 0
Elapsed time: 1.049041748046875e-05s
Processing frame: 200
Elapsed time: 48.07170534133911s
Processing frame: 400
Elapsed time: 91.26015830039978s
Processing frame: 600
Elapsed time: 133.7237584590912s
Processing frame: 800
Elapsed time: 176.84550523757935s
Processing frame: 1000
Elapsed time: 220.0399751663208s
Processing frame: 1200
Elapsed time: 262.67125511169434s
Processing frame: 1400
Elapsed time: 305.9322934150696s
Processing frame: 1600
Elapsed time: 349.18261671066284s
Processing frame: 1800
Elapsed time: 391.7996635437012s
Processing frame: 2000
Elapsed time: 434.90274953842163s
Processing frame: 2200
Elapsed time: 478.0740599632263s
Processing frame: 2400
Elapsed time: 520.5675578117371s
Processing frame: 2600
Elapsed time: 563.6792075634003s
Processing frame: 2800
Elapsed time: 606.8466989994049s
Processing frame: 3000
Elapsed time: 649.471066236496s
Processing frame: 3200
Elapsed time: 692.7844970226288s
Processing frame: 3400
Elapsed time: 735.997584104538s
Processing frame: 3600
Elapsed time: 778.7109999656677s
Processing frame: 3800
Elapsed time: 822.0314705371857s
Processing frame: 4000
Elapsed time: 865.3165407180786s
Processing frame: 4200
Elapsed time: 907.9369513988495s
Processing frame: 4400
Elapsed time: 951.0899655818939s
Processing frame: 4600
Elapsed time: 994.295494556427s
Processing frame: 4800
Elapsed time: 1036.8980028629303s
Processing frame: 5000
Elapsed time: 1080.1470460891724s
Processing frame: 5200
Elapsed time: 1123.3688004016876s
Processing frame: 5400
Elapsed time: 1165.957931280136s
Processing frame: 5600
Elapsed time: 1209.1908032894135s
Processing frame: 5800
Elapsed time: 1252.4472501277924s
Processing frame: 6000
Elapsed time: 1295.0330030918121s
Processing frame: 6200
Elapsed time: 1338.2216229438782s
Processing frame: 6400
Elapsed time: 1381.3161416053772s
Processing frame: 6600
Elapsed time: 1423.7364761829376s
Processing frame: 6800
Elapsed time: 1466.8024678230286s
Processing frame: 7000
Elapsed time: 1509.952134847641s
Processing frame: 7200
Elapsed time: 1552.4472670555115s
Processing frame: 7400
Elapsed time: 1595.5406835079193s
Processing frame: 7600
Elapsed time: 1638.7016608715057s
Processing frame: 7800
Elapsed time: 1681.1819505691528s
Processing frame: 8000
Elapsed time: 1724.288152217865s
Processing frame: 8200
Elapsed time: 1767.4038500785828s
Processing frame: 8400
Elapsed time: 1809.719711780548s
Processing frame: 8600
Elapsed time: 1852.6811265945435s
Processing frame: 8800
Elapsed time: 1895.6432077884674s
Processing frame: 9000
Elapsed time: 1938.0584697723389s
Processing frame: 9200
Elapsed time: 1981.0877666473389s
Processing frame: 9400
Elapsed time: 2024.10768866539s
Processing frame: 9600
Elapsed time: 2066.4935686588287s
Processing frame: 9800
Elapsed time: 2109.447612762451s
Processing frame: 10000
Elapsed time: 2152.421031475067s
Processing frame: 10200
Elapsed time: 2194.9601168632507s
Processing frame: 10400
Elapsed time: 2238.1252732276917s
Processing frame: 10600
Elapsed time: 2281.3238339424133s
Processing frame: 10800
Elapsed time: 2323.823839902878s
Processing frame: 11000
Elapsed time: 2366.972979068756s
Processing frame: 11200
Elapsed time: 2409.9666821956635s
Processing frame: 11400
Elapsed time: 2452.3940699100494s
Processing frame: 11600
Elapsed time: 2495.411957025528s
Frame: 11694, grabbed=False and frame=None
Processing frame: 0
Processing frame: 200
Processing frame: 400
Processing frame: 600
Processing frame: 800
Processing frame: 1000
Processing frame: 1200
Processing frame: 1400
Processing frame: 1600
Processing frame: 1800
Processing frame: 2000
Processing frame: 2200
Processing frame: 2400
Processing frame: 2600
Processing frame: 2800
Processing frame: 3000
Processing frame: 3200
Processing frame: 3400
Processing frame: 3600
Processing frame: 3800
