-------------------------------------------------------------------------------
There are messages associated with the following module(s):
-------------------------------------------------------------------------------

python/3.5.2:
   This module is deprecated and will be removed in the future. Please
   upgrade to python/3.5. If you had created virtual environments we
   recommend to recreate them. Ce module est marqué pour être retiré et
   sera supprimé dans le futur. Veuillez utiliser python/3.5. Si vous aviez
   créé un environnement virtuel, nous vous recommandons de le recréer.

-------------------------------------------------------------------------------

sh: openposeEnv_Python3/bin/activate: No such file or directory
OpenPose Library Python Wrapper
Raw frames per second: 24.023799464337568
Frame width:960, Frame height:756.
Total frame number: 14457.0
Processing frame: 0
Elapsed time: 1.1920928955078125e-05s
Processing frame: 200
Elapsed time: 45.834930181503296s
Processing frame: 400
Elapsed time: 87.65116930007935s
Processing frame: 600
Elapsed time: 128.91511225700378s
Processing frame: 800
Elapsed time: 170.7898609638214s
Processing frame: 1000
Elapsed time: 212.67909717559814s
Processing frame: 1200
Elapsed time: 253.88683462142944s
Processing frame: 1400
Elapsed time: 295.80948400497437s
Processing frame: 1600
Elapsed time: 337.6701285839081s
Processing frame: 1800
Elapsed time: 378.8326621055603s
Processing frame: 2000
Elapsed time: 420.6799011230469s
Processing frame: 2200
Elapsed time: 462.7063217163086s
Processing frame: 2400
Elapsed time: 504.0837998390198s
Processing frame: 2600
Elapsed time: 546.020340681076s
Processing frame: 2800
Elapsed time: 587.9246907234192s
Processing frame: 3000
Elapsed time: 629.3034098148346s
Processing frame: 3200
Elapsed time: 671.3169090747833s
Processing frame: 3400
Elapsed time: 713.2658829689026s
Processing frame: 3600
Elapsed time: 754.6085910797119s
Processing frame: 3800
Elapsed time: 796.5028321743011s
Processing frame: 4000
Elapsed time: 838.3680260181427s
Processing frame: 4200
Elapsed time: 879.6199760437012s
Processing frame: 4400
Elapsed time: 921.5795018672943s
Processing frame: 4600
Elapsed time: 963.4322440624237s
Processing frame: 4800
Elapsed time: 1004.6251423358917s
Processing frame: 5000
Elapsed time: 1046.533490896225s
Processing frame: 5200
Elapsed time: 1088.4497261047363s
Processing frame: 5400
Elapsed time: 1129.7664623260498s
Processing frame: 5600
Elapsed time: 1171.673805475235s
Processing frame: 5800
Elapsed time: 1213.5518152713776s
Processing frame: 6000
Elapsed time: 1254.8740696907043s
Processing frame: 6200
Elapsed time: 1296.7880120277405s
Processing frame: 6400
Elapsed time: 1338.7077057361603s
Processing frame: 6600
Elapsed time: 1380.0738816261292s
Processing frame: 6800
Elapsed time: 1422.0167036056519s
Processing frame: 7000
Elapsed time: 1463.8678119182587s
Processing frame: 7200
Elapsed time: 1505.1576025485992s
Processing frame: 7400
Elapsed time: 1547.1749296188354s
Processing frame: 7600
Elapsed time: 1589.1161258220673s
Processing frame: 7800
Elapsed time: 1630.4304058551788s
Processing frame: 8000
Elapsed time: 1672.4329793453217s
Processing frame: 8200
Elapsed time: 1714.464698791504s
Processing frame: 8400
Elapsed time: 1755.6980454921722s
Processing frame: 8600
Elapsed time: 1797.5436613559723s
Processing frame: 8800
Elapsed time: 1839.4833669662476s
Processing frame: 9000
Elapsed time: 1880.7826693058014s
Processing frame: 9200
Elapsed time: 1922.6802730560303s
Processing frame: 9400
Elapsed time: 1964.5450518131256s
Processing frame: 9600
Elapsed time: 2005.7779581546783s
Processing frame: 9800
Elapsed time: 2047.5942153930664s
Processing frame: 10000
Elapsed time: 2089.3643198013306s
Processing frame: 10200
Elapsed time: 2130.6282386779785s
Processing frame: 10400
Elapsed time: 2172.4329628944397s
Processing frame: 10600
Elapsed time: 2214.3722286224365s
Processing frame: 10800
Elapsed time: 2255.63320851326s
Processing frame: 11000
Elapsed time: 2297.5397720336914s
Processing frame: 11200
Elapsed time: 2339.383735179901s
Processing frame: 11400
Elapsed time: 2380.69508767128s
Processing frame: 11600
Elapsed time: 2422.512061357498s
Processing frame: 11800
Elapsed time: 2464.249721765518s
Processing frame: 12000
Elapsed time: 2505.3795096874237s
Processing frame: 12200
Elapsed time: 2547.1815826892853s
Processing frame: 12400
Elapsed time: 2588.9483325481415s
Processing frame: 12600
Elapsed time: 2630.185551404953s
Processing frame: 12800
Elapsed time: 2672.189932823181s
Processing frame: 13000
Elapsed time: 2714.135096311569s
Processing frame: 13200
Elapsed time: 2755.3491308689117s
Processing frame: 13400
Elapsed time: 2797.0840966701508s
Processing frame: 13600
Elapsed time: 2838.8421154022217s
Processing frame: 13800
Elapsed time: 2880.1445899009705s
Processing frame: 14000
Elapsed time: 2921.989781141281s
Processing frame: 14200
Elapsed time: 2963.88635802269s
Processing frame: 14400
Elapsed time: 3005.241853952408s
Processing frame: 0
Processing frame: 200
Processing frame: 400
Processing frame: 600
Processing frame: 800
Processing frame: 1000
Processing frame: 1200
Processing frame: 1400
Processing frame: 1600
Processing frame: 1800
Processing frame: 2000
Processing frame: 2200
Processing frame: 2400
Processing frame: 2600
Processing frame: 2800
Processing frame: 3000
Processing frame: 3200
Processing frame: 3400
Processing frame: 3600
Processing frame: 3800
Processing frame: 4000
Processing frame: 4200
Processing frame: 4400
Processing frame: 4600
Processing frame: 4800
