-------------------------------------------------------------------------------
There are messages associated with the following module(s):
-------------------------------------------------------------------------------

python/3.5.2:
   This module is deprecated and will be removed in the future. Please
   upgrade to python/3.5. If you had created virtual environments we
   recommend to recreate them. Ce module est marqué pour être retiré et
   sera supprimé dans le futur. Veuillez utiliser python/3.5. Si vous aviez
   créé un environnement virtuel, nous vous recommandons de le recréer.

-------------------------------------------------------------------------------

sh: openposeEnv_Python3/bin/activate: No such file or directory
OpenPose Library Python Wrapper
Raw frames per second: 22.60918866881734
Crop: Video not from Camera1 or Camera2!
Frame width:1152, Frame height:972.
Polygon: Video not from Camera1 or Camera2!
Total frame number: 13648.0
Processing frame: 0
Elapsed time: 1.1444091796875e-05s
Processing frame: 200
Elapsed time: 48.9585177898407s
Processing frame: 400
Elapsed time: 92.79593896865845s
Processing frame: 600
Elapsed time: 136.0320794582367s
Processing frame: 800
Elapsed time: 179.89830613136292s
Processing frame: 1000
Elapsed time: 223.79909896850586s
Processing frame: 1200
Elapsed time: 267.02460837364197s
Processing frame: 1400
Elapsed time: 310.8860926628113s
Processing frame: 1600
Elapsed time: 354.7998447418213s
Processing frame: 1800
Elapsed time: 398.0189034938812s
Processing frame: 2000
Elapsed time: 441.83558559417725s
Processing frame: 2200
Elapsed time: 485.65669202804565s
Processing frame: 2400
Elapsed time: 528.8380382061005s
Processing frame: 2600
Elapsed time: 572.6609086990356s
Processing frame: 2800
Elapsed time: 616.5657248497009s
Processing frame: 3000
Elapsed time: 659.8653662204742s
Processing frame: 3200
Elapsed time: 703.8203542232513s
Processing frame: 3400
Elapsed time: 747.7657914161682s
Processing frame: 3600
Elapsed time: 790.9272878170013s
Processing frame: 3800
Elapsed time: 834.7773814201355s
Processing frame: 4000
Elapsed time: 878.5632529258728s
Processing frame: 4200
Elapsed time: 921.6756699085236s
Processing frame: 4400
Elapsed time: 965.4270446300507s
Processing frame: 4600
Elapsed time: 1009.3271625041962s
Processing frame: 4800
Elapsed time: 1052.57967877388s
Processing frame: 5000
Elapsed time: 1096.4099345207214s
Processing frame: 5200
Elapsed time: 1140.2351818084717s
Processing frame: 5400
Elapsed time: 1183.5516929626465s
Processing frame: 5600
Elapsed time: 1227.3936100006104s
Processing frame: 5800
Elapsed time: 1271.2069232463837s
Processing frame: 6000
Elapsed time: 1314.461049079895s
Processing frame: 6200
Elapsed time: 1358.336452960968s
Processing frame: 6400
Elapsed time: 1402.2433321475983s
Processing frame: 6600
Elapsed time: 1445.5265295505524s
Processing frame: 6800
Elapsed time: 1489.4618890285492s
Processing frame: 7000
Elapsed time: 1533.364403963089s
Processing frame: 7200
Elapsed time: 1576.6048619747162s
Processing frame: 7400
Elapsed time: 1620.4566478729248s
Processing frame: 7600
Elapsed time: 1664.361080646515s
Processing frame: 7800
Elapsed time: 1707.5039281845093s
Processing frame: 8000
Elapsed time: 1751.5246014595032s
Processing frame: 8200
Elapsed time: 1795.3330755233765s
Processing frame: 8400
Elapsed time: 1838.5180523395538s
Processing frame: 8600
Elapsed time: 1882.3052225112915s
Processing frame: 8800
Elapsed time: 1926.20480966568s
Processing frame: 9000
Elapsed time: 1969.4486198425293s
Processing frame: 9200
Elapsed time: 2013.2986335754395s
Processing frame: 9400
Elapsed time: 2057.125736951828s
Processing frame: 9600
Elapsed time: 2100.429286003113s
Processing frame: 9800
Elapsed time: 2144.3206527233124s
Processing frame: 10000
Elapsed time: 2188.09592795372s
Processing frame: 10200
Elapsed time: 2231.197326898575s
Processing frame: 10400
Elapsed time: 2275.0995202064514s
Processing frame: 10600
Elapsed time: 2318.996896982193s
Processing frame: 10800
Elapsed time: 2362.2316670417786s
Processing frame: 11000
Elapsed time: 2406.1141262054443s
Processing frame: 11200
Elapsed time: 2449.979032754898s
Processing frame: 11400
Elapsed time: 2493.2128751277924s
Processing frame: 11600
Elapsed time: 2536.985701084137s
Processing frame: 11800
Elapsed time: 2580.951765060425s
Processing frame: 12000
Elapsed time: 2624.1208169460297s
Processing frame: 12200
Elapsed time: 2667.8484466075897s
Processing frame: 12400
Elapsed time: 2711.707608938217s
Processing frame: 12600
Elapsed time: 2754.8751089572906s
Processing frame: 12800
Elapsed time: 2798.6876831054688s
Processing frame: 13000
Elapsed time: 2842.5256485939026s
Processing frame: 13200
Elapsed time: 2885.6921491622925s
Processing frame: 13400
Elapsed time: 2929.604103088379s
Processing frame: 13600
Elapsed time: 2973.51300573349s
Frame: 13647, grabbed=False and frame=None
Processing frame: 0
Processing frame: 200
Processing frame: 400
Processing frame: 600
Processing frame: 800
Processing frame: 1000
Processing frame: 1200
Processing frame: 1400
Processing frame: 1600
Processing frame: 1800
Processing frame: 2000
Processing frame: 2200
Processing frame: 2400
Processing frame: 2600
Processing frame: 2800
Processing frame: 3000
Processing frame: 3200
Processing frame: 3400
Processing frame: 3600
Processing frame: 3800
Processing frame: 4000
Processing frame: 4200
Processing frame: 4400
