-------------------------------------------------------------------------------
There are messages associated with the following module(s):
-------------------------------------------------------------------------------

python/3.5.2:
   This module is deprecated and will be removed in the future. Please
   upgrade to python/3.5. If you had created virtual environments we
   recommend to recreate them. Ce module est marqué pour être retiré et
   sera supprimé dans le futur. Veuillez utiliser python/3.5. Si vous aviez
   créé un environnement virtuel, nous vous recommandons de le recréer.

-------------------------------------------------------------------------------

sh: openposeEnv_Python3/bin/activate: No such file or directory
OpenPose Library Python Wrapper
Raw frames per second: 24.344150009114912
Frame width:960, Frame height:756.
Total frame number: 14631.0
Processing frame: 0
Elapsed time: 1.0728836059570312e-05s
Processing frame: 200
Elapsed time: 47.7288932800293s
Processing frame: 400
Elapsed time: 90.83630037307739s
Processing frame: 600
Elapsed time: 133.3322160243988s
Processing frame: 800
Elapsed time: 176.35915446281433s
Processing frame: 1000
Elapsed time: 219.43724083900452s
Processing frame: 1200
Elapsed time: 261.88157892227173s
Processing frame: 1400
Elapsed time: 305.02596616744995s
Processing frame: 1600
Elapsed time: 348.1812217235565s
Processing frame: 1800
Elapsed time: 390.65003657341003s
Processing frame: 2000
Elapsed time: 433.7422318458557s
Processing frame: 2200
Elapsed time: 476.76677680015564s
Processing frame: 2400
Elapsed time: 519.210643529892s
Processing frame: 2600
Elapsed time: 562.2762467861176s
Processing frame: 2800
Elapsed time: 605.3193147182465s
Processing frame: 3000
Elapsed time: 647.7940952777863s
Processing frame: 3200
Elapsed time: 690.8616366386414s
Processing frame: 3400
Elapsed time: 733.891998052597s
Processing frame: 3600
Elapsed time: 776.2993075847626s
Processing frame: 3800
Elapsed time: 819.2951424121857s
Processing frame: 4000
Elapsed time: 862.313441991806s
Processing frame: 4200
Elapsed time: 904.6173324584961s
Processing frame: 4400
Elapsed time: 947.5635468959808s
Processing frame: 4600
Elapsed time: 990.5501382350922s
Processing frame: 4800
Elapsed time: 1032.9123964309692s
Processing frame: 5000
Elapsed time: 1076.004635810852s
Processing frame: 5200
Elapsed time: 1118.916366815567s
Processing frame: 5400
Elapsed time: 1161.289400100708s
Processing frame: 5600
Elapsed time: 1204.219075679779s
Processing frame: 5800
Elapsed time: 1247.2117428779602s
Processing frame: 6000
Elapsed time: 1289.6537599563599s
Processing frame: 6200
Elapsed time: 1332.7236804962158s
Processing frame: 6400
Elapsed time: 1375.7754392623901s
Processing frame: 6600
Elapsed time: 1418.2550508975983s
Processing frame: 6800
Elapsed time: 1461.3384635448456s
Processing frame: 7000
Elapsed time: 1504.43013381958s
Processing frame: 7200
Elapsed time: 1546.880773305893s
Processing frame: 7400
Elapsed time: 1590.0166792869568s
Processing frame: 7600
Elapsed time: 1633.2711107730865s
Processing frame: 7800
Elapsed time: 1675.765333890915s
Processing frame: 8000
Elapsed time: 1718.7550971508026s
Processing frame: 8200
Elapsed time: 1761.7828359603882s
Processing frame: 8400
Elapsed time: 1804.1357595920563s
Processing frame: 8600
Elapsed time: 1847.1822361946106s
Processing frame: 8800
Elapsed time: 1890.2849006652832s
Processing frame: 9000
Elapsed time: 1932.7908844947815s
Processing frame: 9200
Elapsed time: 1975.8876905441284s
Processing frame: 9400
Elapsed time: 2019.1151185035706s
Processing frame: 9600
Elapsed time: 2061.4433977603912s
Processing frame: 9800
Elapsed time: 2104.421054124832s
Processing frame: 10000
Elapsed time: 2147.4420189857483s
Processing frame: 10200
Elapsed time: 2189.783702611923s
Processing frame: 10400
Elapsed time: 2232.829951286316s
Processing frame: 10600
Elapsed time: 2275.8628368377686s
Processing frame: 10800
Elapsed time: 2318.3089060783386s
Processing frame: 11000
Elapsed time: 2361.390125274658s
Processing frame: 11200
Elapsed time: 2404.5879697799683s
Processing frame: 11400
Elapsed time: 2447.0978615283966s
Processing frame: 11600
Elapsed time: 2490.278207063675s
Processing frame: 11800
Elapsed time: 2533.362855911255s
Processing frame: 12000
Elapsed time: 2575.7289283275604s
Processing frame: 12200
Elapsed time: 2618.7742052078247s
Processing frame: 12400
Elapsed time: 2661.891748905182s
Processing frame: 12600
Elapsed time: 2704.4349868297577s
Processing frame: 12800
Elapsed time: 2747.5281212329865s
Processing frame: 13000
Elapsed time: 2790.8117232322693s
Processing frame: 13200
Elapsed time: 2833.3343386650085s
Processing frame: 13400
Elapsed time: 2876.3683223724365s
Processing frame: 13600
Elapsed time: 2919.478402853012s
Processing frame: 13800
Elapsed time: 2961.8847658634186s
Processing frame: 14000
Elapsed time: 3004.9585773944855s
Processing frame: 14200
Elapsed time: 3048.0756669044495s
Processing frame: 14400
Elapsed time: 3090.5507028102875s
Processing frame: 14600
Elapsed time: 3133.665274143219s
Processing frame: 0
Processing frame: 200
Processing frame: 400
Processing frame: 600
Processing frame: 800
Processing frame: 1000
Processing frame: 1200
Processing frame: 1400
Processing frame: 1600
Processing frame: 1800
Processing frame: 2000
Processing frame: 2200
Processing frame: 2400
Processing frame: 2600
Processing frame: 2800
Processing frame: 3000
Processing frame: 3200
Processing frame: 3400
Processing frame: 3600
Processing frame: 3800
Processing frame: 4000
Processing frame: 4200
Processing frame: 4400
Processing frame: 4600
Processing frame: 4800
