-------------------------------------------------------------------------------
There are messages associated with the following module(s):
-------------------------------------------------------------------------------

python/3.5.2:
   This module is deprecated and will be removed in the future. Please
   upgrade to python/3.5. If you had created virtual environments we
   recommend to recreate them. Ce module est marqué pour être retiré et
   sera supprimé dans le futur. Veuillez utiliser python/3.5. Si vous aviez
   créé un environnement virtuel, nous vous recommandons de le recréer.

-------------------------------------------------------------------------------

sh: openposeEnv_Python3/bin/activate: No such file or directory
OpenPose Library Python Wrapper
Raw frames per second: 22.60918866881734
Frame width:1152, Frame height:972.
Total frame number: 13648.0
Processing frame: 0
Elapsed time: 2.6226043701171875e-05s
Processing frame: 200
Elapsed time: 48.760486125946045s
Processing frame: 400
Elapsed time: 92.88364291191101s
Processing frame: 600
Elapsed time: 136.33680891990662s
Processing frame: 800
Elapsed time: 180.4530885219574s
Processing frame: 1000
Elapsed time: 224.54630041122437s
Processing frame: 1200
Elapsed time: 267.96304845809937s
Processing frame: 1400
Elapsed time: 312.01710414886475s
Processing frame: 1600
Elapsed time: 356.21587228775024s
Processing frame: 1800
Elapsed time: 399.668363571167s
Processing frame: 2000
Elapsed time: 443.74731492996216s
Processing frame: 2200
Elapsed time: 487.8385736942291s
Processing frame: 2400
Elapsed time: 531.2618441581726s
Processing frame: 2600
Elapsed time: 575.3107168674469s
Processing frame: 2800
Elapsed time: 619.4891002178192s
Processing frame: 3000
Elapsed time: 662.8930010795593s
Processing frame: 3200
Elapsed time: 707.142067193985s
Processing frame: 3400
Elapsed time: 751.3349568843842s
Processing frame: 3600
Elapsed time: 794.8026835918427s
Processing frame: 3800
Elapsed time: 838.8881635665894s
Processing frame: 4000
Elapsed time: 882.9650347232819s
Processing frame: 4200
Elapsed time: 926.3875484466553s
Processing frame: 4400
Elapsed time: 970.4023661613464s
Processing frame: 4600
Elapsed time: 1014.4829812049866s
Processing frame: 4800
Elapsed time: 1058.0255250930786s
Processing frame: 5000
Elapsed time: 1102.0980145931244s
Processing frame: 5200
Elapsed time: 1146.1594669818878s
Processing frame: 5400
Elapsed time: 1189.6873881816864s
Processing frame: 5600
Elapsed time: 1233.7515404224396s
Processing frame: 5800
Elapsed time: 1277.7226395606995s
Processing frame: 6000
Elapsed time: 1321.1340401172638s
Processing frame: 6200
Elapsed time: 1365.2259802818298s
Processing frame: 6400
Elapsed time: 1409.3654844760895s
Processing frame: 6600
Elapsed time: 1452.8924541473389s
Processing frame: 6800
Elapsed time: 1497.131422996521s
Processing frame: 7000
Elapsed time: 1541.2344827651978s
Processing frame: 7200
Elapsed time: 1584.6311728954315s
Processing frame: 7400
Elapsed time: 1628.6296186447144s
Processing frame: 7600
Elapsed time: 1672.645794391632s
Processing frame: 7800
Elapsed time: 1716.1343960762024s
Processing frame: 8000
Elapsed time: 1760.2335398197174s
Processing frame: 8200
Elapsed time: 1804.2196624279022s
Processing frame: 8400
Elapsed time: 1847.6579432487488s
Processing frame: 8600
Elapsed time: 1891.7237808704376s
Processing frame: 8800
Elapsed time: 1935.8758881092072s
Processing frame: 9000
Elapsed time: 1979.3027303218842s
Processing frame: 9200
Elapsed time: 2023.4692242145538s
Processing frame: 9400
Elapsed time: 2067.579346179962s
Processing frame: 9600
Elapsed time: 2111.0478913784027s
Processing frame: 9800
Elapsed time: 2155.100040912628s
Processing frame: 10000
Elapsed time: 2199.147141456604s
Processing frame: 10200
Elapsed time: 2242.555061340332s
Processing frame: 10400
Elapsed time: 2286.69389295578s
Processing frame: 10600
Elapsed time: 2330.7690494060516s
Processing frame: 10800
Elapsed time: 2374.171927690506s
Processing frame: 11000
Elapsed time: 2418.219546556473s
Processing frame: 11200
Elapsed time: 2462.285803079605s
Processing frame: 11400
Elapsed time: 2505.8381366729736s
Processing frame: 11600
Elapsed time: 2549.91046333313s
Processing frame: 11800
Elapsed time: 2594.074280500412s
Processing frame: 12000
Elapsed time: 2637.523186445236s
Processing frame: 12200
Elapsed time: 2681.4959359169006s
Processing frame: 12400
Elapsed time: 2725.437823534012s
Processing frame: 12600
Elapsed time: 2768.8838510513306s
Processing frame: 12800
Elapsed time: 2812.9411911964417s
Processing frame: 13000
Elapsed time: 2856.992780685425s
Processing frame: 13200
Elapsed time: 2900.307079553604s
Processing frame: 13400
Elapsed time: 2944.524693250656s
Processing frame: 13600
Elapsed time: 2988.6615204811096s
Frame: 13647, grabbed=False and frame=None
Processing frame: 0
Processing frame: 200
Processing frame: 400
Processing frame: 600
Processing frame: 800
Processing frame: 1000
Processing frame: 1200
Processing frame: 1400
Processing frame: 1600
Processing frame: 1800
Processing frame: 2000
Processing frame: 2200
Processing frame: 2400
Processing frame: 2600
Processing frame: 2800
Processing frame: 3000
Processing frame: 3200
Processing frame: 3400
Processing frame: 3600
Processing frame: 3800
Processing frame: 4000
Processing frame: 4200
Processing frame: 4400
