-------------------------------------------------------------------------------
There are messages associated with the following module(s):
-------------------------------------------------------------------------------

python/3.5.2:
   This module is deprecated and will be removed in the future. Please
   upgrade to python/3.5. If you had created virtual environments we
   recommend to recreate them. Ce module est marqué pour être retiré et
   sera supprimé dans le futur. Veuillez utiliser python/3.5. Si vous aviez
   créé un environnement virtuel, nous vous recommandons de le recréer.

-------------------------------------------------------------------------------

sh: openposeEnv_Python3/bin/activate: No such file or directory
OpenPose Library Python Wrapper
Raw frames per second: 19.272568050186038
Crop: Video not from Camera1 or Camera2!
Frame width:1152, Frame height:972.
Polygon: Video not from Camera1 or Camera2!
Total frame number: 11609.0
Processing frame: 0
Elapsed time: 1.1920928955078125e-05s
Processing frame: 200
Elapsed time: 48.70746636390686s
Processing frame: 400
Elapsed time: 92.86525583267212s
Processing frame: 600
Elapsed time: 136.3502974510193s
Processing frame: 800
Elapsed time: 180.55064415931702s
Processing frame: 1000
Elapsed time: 224.63052463531494s
Processing frame: 1200
Elapsed time: 268.06221652030945s
Processing frame: 1400
Elapsed time: 312.2383015155792s
Processing frame: 1600
Elapsed time: 356.35996294021606s
Processing frame: 1800
Elapsed time: 399.84110260009766s
Processing frame: 2000
Elapsed time: 444.0514106750488s
Processing frame: 2200
Elapsed time: 488.2048888206482s
Processing frame: 2400
Elapsed time: 531.8198916912079s
Processing frame: 2600
Elapsed time: 576.1481094360352s
Processing frame: 2800
Elapsed time: 620.5090620517731s
Processing frame: 3000
Elapsed time: 664.1706585884094s
Processing frame: 3200
Elapsed time: 708.469929933548s
Processing frame: 3400
Elapsed time: 752.7818641662598s
Processing frame: 3600
Elapsed time: 796.3788921833038s
Processing frame: 3800
Elapsed time: 840.5443360805511s
Processing frame: 4000
Elapsed time: 884.8736090660095s
Processing frame: 4200
Elapsed time: 928.4756906032562s
Processing frame: 4400
Elapsed time: 972.8158702850342s
Processing frame: 4600
Elapsed time: 1017.1811065673828s
Processing frame: 4800
Elapsed time: 1060.858279466629s
Processing frame: 5000
Elapsed time: 1105.0721950531006s
Processing frame: 5200
Elapsed time: 1149.3588073253632s
Processing frame: 5400
Elapsed time: 1192.9858276844025s
Processing frame: 5600
Elapsed time: 1237.2582156658173s
Processing frame: 5800
Elapsed time: 1281.504090309143s
Processing frame: 6000
Elapsed time: 1325.156852722168s
Processing frame: 6200
Elapsed time: 1369.417121887207s
Processing frame: 6400
Elapsed time: 1413.7981586456299s
Processing frame: 6600
Elapsed time: 1457.4721052646637s
Processing frame: 6800
Elapsed time: 1501.8190207481384s
Processing frame: 7000
Elapsed time: 1546.1544053554535s
Processing frame: 7200
Elapsed time: 1589.7775180339813s
Processing frame: 7400
Elapsed time: 1634.0343844890594s
Processing frame: 7600
Elapsed time: 1678.314129114151s
Processing frame: 7800
Elapsed time: 1721.9817333221436s
Processing frame: 8000
Elapsed time: 1766.247059583664s
Processing frame: 8200
Elapsed time: 1810.412626504898s
Processing frame: 8400
Elapsed time: 1853.9121532440186s
Processing frame: 8600
Elapsed time: 1898.0105893611908s
Processing frame: 8800
Elapsed time: 1942.2081980705261s
Processing frame: 9000
Elapsed time: 1985.7499685287476s
Processing frame: 9200
Elapsed time: 2029.900783777237s
Processing frame: 9400
Elapsed time: 2074.037048816681s
Processing frame: 9600
Elapsed time: 2117.590250015259s
Processing frame: 9800
Elapsed time: 2161.791517019272s
Processing frame: 10000
Elapsed time: 2205.969502687454s
Processing frame: 10200
Elapsed time: 2249.533305644989s
Processing frame: 10400
Elapsed time: 2293.6745975017548s
Processing frame: 10600
Elapsed time: 2337.8586978912354s
Processing frame: 10800
Elapsed time: 2381.410167455673s
Processing frame: 11000
Elapsed time: 2425.616720676422s
Processing frame: 11200
Elapsed time: 2469.851206302643s
Processing frame: 11400
Elapsed time: 2513.30606842041s
Processing frame: 11600
Elapsed time: 2557.3243815898895s
Processing frame: 0
Processing frame: 200
Processing frame: 400
Processing frame: 600
Processing frame: 800
Processing frame: 1000
Processing frame: 1200
Processing frame: 1400
Processing frame: 1600
Processing frame: 1800
Processing frame: 2000
Processing frame: 2200
Processing frame: 2400
Processing frame: 2600
Processing frame: 2800
Processing frame: 3000
Processing frame: 3200
Processing frame: 3400
Processing frame: 3600
Processing frame: 3800
