-------------------------------------------------------------------------------
There are messages associated with the following module(s):
-------------------------------------------------------------------------------

python/3.5.2:
   This module is deprecated and will be removed in the future. Please
   upgrade to python/3.5. If you had created virtual environments we
   recommend to recreate them. Ce module est marqué pour être retiré et
   sera supprimé dans le futur. Veuillez utiliser python/3.5. Si vous aviez
   créé un environnement virtuel, nous vous recommandons de le recréer.

-------------------------------------------------------------------------------

sh: openposeEnv_Python3/bin/activate: No such file or directory
OpenPose Library Python Wrapper
Raw frames per second: 27.38439871684532
Crop: Video not from Camera1 or Camera2!
Frame width:1152, Frame height:972.
Polygon: Video not from Camera1 or Camera2!
Total frame number: 16450.0
Processing frame: 0
Elapsed time: 1.1920928955078125e-05s
Processing frame: 200
Elapsed time: 48.66677474975586s
Processing frame: 400
Elapsed time: 92.70421814918518s
Processing frame: 600
Elapsed time: 136.2626645565033s
Processing frame: 800
Elapsed time: 180.30392146110535s
Processing frame: 1000
Elapsed time: 224.3368136882782s
Processing frame: 1200
Elapsed time: 267.6790328025818s
Processing frame: 1400
Elapsed time: 311.75968837738037s
Processing frame: 1600
Elapsed time: 355.773020029068s
Processing frame: 1800
Elapsed time: 399.2569513320923s
Processing frame: 2000
Elapsed time: 443.30350732803345s
Processing frame: 2200
Elapsed time: 487.434020280838s
Processing frame: 2400
Elapsed time: 530.8431260585785s
Processing frame: 2600
Elapsed time: 574.7605891227722s
Processing frame: 2800
Elapsed time: 618.771650314331s
Processing frame: 3000
Elapsed time: 662.0482356548309s
Processing frame: 3200
Elapsed time: 706.1631097793579s
Processing frame: 3400
Elapsed time: 750.1718864440918s
Processing frame: 3600
Elapsed time: 793.5033671855927s
Processing frame: 3800
Elapsed time: 837.5227019786835s
Processing frame: 4000
Elapsed time: 881.55806183815s
Processing frame: 4200
Elapsed time: 924.9494783878326s
Processing frame: 4400
Elapsed time: 969.0084822177887s
Processing frame: 4600
Elapsed time: 1013.083420753479s
Processing frame: 4800
Elapsed time: 1056.4934360980988s
Processing frame: 5000
Elapsed time: 1100.4300978183746s
Processing frame: 5200
Elapsed time: 1144.4262461662292s
Processing frame: 5400
Elapsed time: 1187.8123712539673s
Processing frame: 5600
Elapsed time: 1231.857230424881s
Processing frame: 5800
Elapsed time: 1275.871428012848s
Processing frame: 6000
Elapsed time: 1319.3268320560455s
Processing frame: 6200
Elapsed time: 1363.3974483013153s
Processing frame: 6400
Elapsed time: 1407.3303225040436s
Processing frame: 6600
Elapsed time: 1450.631606578827s
Processing frame: 6800
Elapsed time: 1494.5714917182922s
Processing frame: 7000
Elapsed time: 1538.5119161605835s
Processing frame: 7200
Elapsed time: 1581.8352963924408s
Processing frame: 7400
Elapsed time: 1625.8446826934814s
Processing frame: 7600
Elapsed time: 1669.833803653717s
Processing frame: 7800
Elapsed time: 1713.0795948505402s
Processing frame: 8000
Elapsed time: 1757.061002254486s
Processing frame: 8200
Elapsed time: 1800.9289684295654s
Processing frame: 8400
Elapsed time: 1844.236335992813s
Processing frame: 8600
Elapsed time: 1888.2753176689148s
Processing frame: 8800
Elapsed time: 1932.2970027923584s
Processing frame: 9000
Elapsed time: 1975.6289494037628s
Processing frame: 9200
Elapsed time: 2019.6188457012177s
Processing frame: 9400
Elapsed time: 2063.6710844039917s
Processing frame: 9600
Elapsed time: 2106.944482088089s
Processing frame: 9800
Elapsed time: 2150.9428148269653s
Processing frame: 10000
Elapsed time: 2194.9837684631348s
Processing frame: 10200
Elapsed time: 2238.3253698349s
Processing frame: 10400
Elapsed time: 2282.3136546611786s
Processing frame: 10600
Elapsed time: 2326.3758420944214s
Processing frame: 10800
Elapsed time: 2369.8073976039886s
Processing frame: 11000
Elapsed time: 2413.804416179657s
Processing frame: 11200
Elapsed time: 2457.7516644001007s
Processing frame: 11400
Elapsed time: 2501.0970027446747s
Processing frame: 11600
Elapsed time: 2545.1053943634033s
Processing frame: 11800
Elapsed time: 2589.106666326523s
Processing frame: 12000
Elapsed time: 2632.4037697315216s
Processing frame: 12200
Elapsed time: 2676.364025115967s
Processing frame: 12400
Elapsed time: 2720.3764142990112s
Processing frame: 12600
Elapsed time: 2763.7188568115234s
Processing frame: 12800
Elapsed time: 2807.6666157245636s
Processing frame: 13000
Elapsed time: 2851.6091737747192s
Processing frame: 13200
Elapsed time: 2895.0003979206085s
Processing frame: 13400
Elapsed time: 2939.0317142009735s
Processing frame: 13600
Elapsed time: 2983.089107990265s
Processing frame: 13800
Elapsed time: 3026.4970157146454s
Processing frame: 14000
Elapsed time: 3070.5168039798737s
Processing frame: 14200
Elapsed time: 3114.58243727684s
Processing frame: 14400
Elapsed time: 3157.9958696365356s
Processing frame: 14600
Elapsed time: 3202.0485014915466s
Processing frame: 14800
Elapsed time: 3246.1505801677704s
Processing frame: 15000
Elapsed time: 3289.52299618721s
Processing frame: 15200
Elapsed time: 3333.4108748435974s
Processing frame: 15400
Elapsed time: 3377.323303461075s
Processing frame: 15600
Elapsed time: 3420.6224715709686s
Processing frame: 15800
Elapsed time: 3464.675565958023s
Processing frame: 16000
Elapsed time: 3508.681816339493s
Processing frame: 16200
Elapsed time: 3552.0389108657837s
Processing frame: 16400
Elapsed time: 3596.08057308197s
Frame: 16449, grabbed=False and frame=None
Processing frame: 0
Processing frame: 200
Processing frame: 400
Processing frame: 600
Processing frame: 800
Processing frame: 1000
Processing frame: 1200
Processing frame: 1400
Processing frame: 1600
Processing frame: 1800
Processing frame: 2000
Processing frame: 2200
Processing frame: 2400
Processing frame: 2600
Processing frame: 2800
Processing frame: 3000
Processing frame: 3200
Processing frame: 3400
Processing frame: 3600
Processing frame: 3800
Processing frame: 4000
Processing frame: 4200
Processing frame: 4400
Processing frame: 4600
Processing frame: 4800
Processing frame: 5000
Processing frame: 5200
Processing frame: 5400
