-------------------------------------------------------------------------------
There are messages associated with the following module(s):
-------------------------------------------------------------------------------

python/3.5.2:
   This module is deprecated and will be removed in the future. Please
   upgrade to python/3.5. If you had created virtual environments we
   recommend to recreate them. Ce module est marqué pour être retiré et
   sera supprimé dans le futur. Veuillez utiliser python/3.5. Si vous aviez
   créé un environnement virtuel, nous vous recommandons de le recréer.

-------------------------------------------------------------------------------

sh: openposeEnv_Python3/bin/activate: No such file or directory
OpenPose Library Python Wrapper
Raw frames per second: 24.021072511965578
Frame width:960, Frame height:756.
Total frame number: 14493.0
Processing frame: 0
Elapsed time: 1.1444091796875e-05s
Processing frame: 200
Elapsed time: 45.80969595909119s
Processing frame: 400
Elapsed time: 87.7685706615448s
Processing frame: 600
Elapsed time: 129.21482753753662s
Processing frame: 800
Elapsed time: 171.2387809753418s
Processing frame: 1000
Elapsed time: 213.18748354911804s
Processing frame: 1200
Elapsed time: 254.56081914901733s
Processing frame: 1400
Elapsed time: 296.6039345264435s
Processing frame: 1600
Elapsed time: 338.5177323818207s
Processing frame: 1800
Elapsed time: 379.81829166412354s
Processing frame: 2000
Elapsed time: 421.7453739643097s
Processing frame: 2200
Elapsed time: 463.77686524391174s
Processing frame: 2400
Elapsed time: 505.17452216148376s
Processing frame: 2600
Elapsed time: 547.1652269363403s
Processing frame: 2800
Elapsed time: 589.1647505760193s
Processing frame: 3000
Elapsed time: 630.5802416801453s
Processing frame: 3200
Elapsed time: 672.6105074882507s
Processing frame: 3400
Elapsed time: 714.721705198288s
Processing frame: 3600
Elapsed time: 756.0657608509064s
Processing frame: 3800
Elapsed time: 798.064836025238s
Processing frame: 4000
Elapsed time: 840.1950163841248s
Processing frame: 4200
Elapsed time: 881.6677877902985s
Processing frame: 4400
Elapsed time: 923.728385925293s
Processing frame: 4600
Elapsed time: 965.5987277030945s
Processing frame: 4800
Elapsed time: 1007.0694870948792s
Processing frame: 5000
Elapsed time: 1049.171011686325s
Processing frame: 5200
Elapsed time: 1091.246574163437s
Processing frame: 5400
Elapsed time: 1132.6617503166199s
Processing frame: 5600
Elapsed time: 1174.820855140686s
Processing frame: 5800
Elapsed time: 1216.8762998580933s
Processing frame: 6000
Elapsed time: 1258.2208688259125s
Processing frame: 6200
Elapsed time: 1300.38818192482s
Processing frame: 6400
Elapsed time: 1342.536052942276s
Processing frame: 6600
Elapsed time: 1384.1195237636566s
Processing frame: 6800
Elapsed time: 1426.242075920105s
Processing frame: 7000
Elapsed time: 1468.1957273483276s
Processing frame: 7200
Elapsed time: 1509.618590593338s
Processing frame: 7400
Elapsed time: 1551.6672875881195s
Processing frame: 7600
Elapsed time: 1593.7468671798706s
Processing frame: 7800
Elapsed time: 1635.2763526439667s
Processing frame: 8000
Elapsed time: 1677.3080224990845s
Processing frame: 8200
Elapsed time: 1719.3093938827515s
Processing frame: 8400
Elapsed time: 1760.724586725235s
Processing frame: 8600
Elapsed time: 1802.7654509544373s
Processing frame: 8800
Elapsed time: 1844.8551065921783s
Processing frame: 9000
Elapsed time: 1886.2928001880646s
Processing frame: 9200
Elapsed time: 1928.1584248542786s
Processing frame: 9400
Elapsed time: 1970.1117017269135s
Processing frame: 9600
Elapsed time: 2011.4950904846191s
Processing frame: 9800
Elapsed time: 2053.3790826797485s
Processing frame: 10000
Elapsed time: 2095.3541209697723s
Processing frame: 10200
Elapsed time: 2136.707189798355s
Processing frame: 10400
Elapsed time: 2178.6479756832123s
Processing frame: 10600
Elapsed time: 2220.756641149521s
Processing frame: 10800
Elapsed time: 2262.1639199256897s
Processing frame: 11000
Elapsed time: 2304.0748205184937s
Processing frame: 11200
Elapsed time: 2345.9932000637054s
Processing frame: 11400
Elapsed time: 2387.4257810115814s
Processing frame: 11600
Elapsed time: 2429.383062362671s
Processing frame: 11800
Elapsed time: 2471.333084821701s
Processing frame: 12000
Elapsed time: 2512.7419171333313s
Processing frame: 12200
Elapsed time: 2554.7185916900635s
Processing frame: 12400
Elapsed time: 2596.7129368782043s
Processing frame: 12600
Elapsed time: 2637.9884622097015s
Processing frame: 12800
Elapsed time: 2679.884377479553s
Processing frame: 13000
Elapsed time: 2721.678549528122s
Processing frame: 13200
Elapsed time: 2763.0170974731445s
Processing frame: 13400
Elapsed time: 2805.039082765579s
Processing frame: 13600
Elapsed time: 2847.072046279907s
Processing frame: 13800
Elapsed time: 2888.602139234543s
Processing frame: 14000
Elapsed time: 2930.6468019485474s
Processing frame: 14200
Elapsed time: 2972.7296385765076s
Processing frame: 14400
Elapsed time: 3014.2004432678223s
Processing frame: 0
Processing frame: 200
Processing frame: 400
Processing frame: 600
Processing frame: 800
Processing frame: 1000
Processing frame: 1200
Processing frame: 1400
Processing frame: 1600
Processing frame: 1800
Processing frame: 2000
Processing frame: 2200
Processing frame: 2400
Processing frame: 2600
Processing frame: 2800
Processing frame: 3000
Processing frame: 3200
Processing frame: 3400
Processing frame: 3600
Processing frame: 3800
Processing frame: 4000
Processing frame: 4200
Processing frame: 4400
Processing frame: 4600
Processing frame: 4800
