-------------------------------------------------------------------------------
There are messages associated with the following module(s):
-------------------------------------------------------------------------------

python/3.5.2:
   This module is deprecated and will be removed in the future. Please
   upgrade to python/3.5. If you had created virtual environments we
   recommend to recreate them. Ce module est marqué pour être retiré et
   sera supprimé dans le futur. Veuillez utiliser python/3.5. Si vous aviez
   créé un environnement virtuel, nous vous recommandons de le recréer.

-------------------------------------------------------------------------------

sh: openposeEnv_Python3/bin/activate: No such file or directory
OpenPose Library Python Wrapper
Raw frames per second: 26.85787730895819
Frame width:960, Frame height:756.
Total frame number: 16115.0
Processing frame: 0
Elapsed time: 1.1920928955078125e-05s
Processing frame: 200
Elapsed time: 47.5284628868103s
Processing frame: 400
Elapsed time: 90.31004238128662s
Processing frame: 600
Elapsed time: 132.4941325187683s
Processing frame: 800
Elapsed time: 175.43256306648254s
Processing frame: 1000
Elapsed time: 218.34810090065002s
Processing frame: 1200
Elapsed time: 260.6816701889038s
Processing frame: 1400
Elapsed time: 303.606404542923s
Processing frame: 1600
Elapsed time: 346.6202669143677s
Processing frame: 1800
Elapsed time: 388.80496621131897s
Processing frame: 2000
Elapsed time: 431.53839921951294s
Processing frame: 2200
Elapsed time: 474.36492800712585s
Processing frame: 2400
Elapsed time: 516.5829863548279s
Processing frame: 2600
Elapsed time: 559.4178586006165s
Processing frame: 2800
Elapsed time: 602.2332990169525s
Processing frame: 3000
Elapsed time: 644.3812637329102s
Processing frame: 3200
Elapsed time: 687.2653105258942s
Processing frame: 3400
Elapsed time: 730.1323206424713s
Processing frame: 3600
Elapsed time: 772.3234267234802s
Processing frame: 3800
Elapsed time: 815.0970149040222s
Processing frame: 4000
Elapsed time: 858.0308856964111s
Processing frame: 4200
Elapsed time: 900.2375068664551s
Processing frame: 4400
Elapsed time: 943.0602486133575s
Processing frame: 4600
Elapsed time: 985.9459416866302s
Processing frame: 4800
Elapsed time: 1028.122921705246s
Processing frame: 5000
Elapsed time: 1070.9532737731934s
Processing frame: 5200
Elapsed time: 1113.8245561122894s
Processing frame: 5400
Elapsed time: 1155.9884848594666s
Processing frame: 5600
Elapsed time: 1198.8843762874603s
Processing frame: 5800
Elapsed time: 1241.7126145362854s
Processing frame: 6000
Elapsed time: 1283.9240658283234s
Processing frame: 6200
Elapsed time: 1326.7038969993591s
Processing frame: 6400
Elapsed time: 1369.5132584571838s
Processing frame: 6600
Elapsed time: 1411.749550819397s
Processing frame: 6800
Elapsed time: 1454.6210651397705s
Processing frame: 7000
Elapsed time: 1497.533617258072s
Processing frame: 7200
Elapsed time: 1539.7682247161865s
Processing frame: 7400
Elapsed time: 1582.612187385559s
Processing frame: 7600
Elapsed time: 1625.3800780773163s
Processing frame: 7800
Elapsed time: 1667.5380058288574s
Processing frame: 8000
Elapsed time: 1710.345460176468s
Processing frame: 8200
Elapsed time: 1753.155771970749s
Processing frame: 8400
Elapsed time: 1795.3533811569214s
Processing frame: 8600
Elapsed time: 1838.140289068222s
Processing frame: 8800
Elapsed time: 1881.030160188675s
Processing frame: 9000
Elapsed time: 1923.2151458263397s
Processing frame: 9200
Elapsed time: 1965.9226875305176s
Processing frame: 9400
Elapsed time: 2008.6270320415497s
Processing frame: 9600
Elapsed time: 2050.7851395606995s
Processing frame: 9800
Elapsed time: 2093.537355184555s
Processing frame: 10000
Elapsed time: 2136.2823452949524s
Processing frame: 10200
Elapsed time: 2178.391678571701s
Processing frame: 10400
Elapsed time: 2221.077548265457s
Processing frame: 10600
Elapsed time: 2263.8511996269226s
Processing frame: 10800
Elapsed time: 2306.04097700119s
Processing frame: 11000
Elapsed time: 2348.833251476288s
Processing frame: 11200
Elapsed time: 2391.5944316387177s
Processing frame: 11400
Elapsed time: 2433.796158313751s
Processing frame: 11600
Elapsed time: 2476.540927886963s
Processing frame: 11800
Elapsed time: 2519.3092184066772s
Processing frame: 12000
Elapsed time: 2561.4449269771576s
Processing frame: 12200
Elapsed time: 2604.1647877693176s
Processing frame: 12400
Elapsed time: 2647.0111441612244s
Processing frame: 12600
Elapsed time: 2689.192749977112s
Processing frame: 12800
Elapsed time: 2731.978567838669s
Processing frame: 13000
Elapsed time: 2774.888783931732s
Processing frame: 13200
Elapsed time: 2817.114114522934s
Processing frame: 13400
Elapsed time: 2859.8879311084747s
Processing frame: 13600
Elapsed time: 2902.7313690185547s
Processing frame: 13800
Elapsed time: 2944.8813693523407s
Processing frame: 14000
Elapsed time: 2987.593106031418s
Processing frame: 14200
Elapsed time: 3030.3802688121796s
Processing frame: 14400
Elapsed time: 3072.635485649109s
Processing frame: 14600
Elapsed time: 3115.5076570510864s
Processing frame: 14800
Elapsed time: 3158.309222459793s
Processing frame: 15000
Elapsed time: 3200.612544298172s
Processing frame: 15200
Elapsed time: 3243.491868495941s
Processing frame: 15400
Elapsed time: 3286.855626344681s
Processing frame: 15600
Elapsed time: 3329.059003353119s
Processing frame: 15800
Elapsed time: 3371.8752987384796s
Processing frame: 16000
Elapsed time: 3414.7416598796844s
Frame: 16113, grabbed=False and frame=None
Processing frame: 0
Processing frame: 200
Processing frame: 400
Processing frame: 600
Processing frame: 800
Processing frame: 1000
Processing frame: 1200
Processing frame: 1400
Processing frame: 1600
Processing frame: 1800
Processing frame: 2000
Processing frame: 2200
Processing frame: 2400
Processing frame: 2600
Processing frame: 2800
Processing frame: 3000
Processing frame: 3200
Processing frame: 3400
Processing frame: 3600
Processing frame: 3800
Processing frame: 4000
Processing frame: 4200
Processing frame: 4400
Processing frame: 4600
Processing frame: 4800
Processing frame: 5000
Processing frame: 5200
