-------------------------------------------------------------------------------
There are messages associated with the following module(s):
-------------------------------------------------------------------------------

python/3.5.2:
   This module is deprecated and will be removed in the future. Please
   upgrade to python/3.5. If you had created virtual environments we
   recommend to recreate them. Ce module est marqué pour être retiré et
   sera supprimé dans le futur. Veuillez utiliser python/3.5. Si vous aviez
   créé un environnement virtuel, nous vous recommandons de le recréer.

-------------------------------------------------------------------------------

sh: openposeEnv_Python3/bin/activate: No such file or directory
OpenPose Library Python Wrapper
Raw frames per second: 15.099984894181134
Crop: Video not from Camera1 or Camera2!
Frame width:1152, Frame height:972.
Polygon: Video not from Camera1 or Camera2!
Total frame number: 9059.0
Processing frame: 0
Elapsed time: 1.2874603271484375e-05s
Processing frame: 200
Elapsed time: 48.96212291717529s
Processing frame: 400
Elapsed time: 92.8964626789093s
Processing frame: 600
Elapsed time: 136.15100359916687s
Processing frame: 800
Elapsed time: 180.13983416557312s
Processing frame: 1000
Elapsed time: 224.26380586624146s
Processing frame: 1200
Elapsed time: 267.7594401836395s
Processing frame: 1400
Elapsed time: 311.95444440841675s
Processing frame: 1600
Elapsed time: 356.18320751190186s
Processing frame: 1800
Elapsed time: 400.3329646587372s
Processing frame: 2000
Elapsed time: 444.7198247909546s
Processing frame: 2200
Elapsed time: 489.1161723136902s
Processing frame: 2400
Elapsed time: 532.754311800003s
Processing frame: 2600
Elapsed time: 577.0724301338196s
Processing frame: 2800
Elapsed time: 621.4057397842407s
Processing frame: 3000
Elapsed time: 665.1262888908386s
Processing frame: 3200
Elapsed time: 709.6258525848389s
Processing frame: 3400
Elapsed time: 753.9784579277039s
Processing frame: 3600
Elapsed time: 797.8243608474731s
Processing frame: 3800
Elapsed time: 842.327258348465s
Processing frame: 4000
Elapsed time: 886.6647057533264s
Processing frame: 4200
Elapsed time: 930.3758265972137s
Processing frame: 4400
Elapsed time: 974.8081724643707s
Processing frame: 4600
Elapsed time: 1019.0168571472168s
Processing frame: 4800
Elapsed time: 1062.7443616390228s
Processing frame: 5000
Elapsed time: 1107.0678913593292s
Processing frame: 5200
Elapsed time: 1151.3450655937195s
Processing frame: 5400
Elapsed time: 1195.0341384410858s
Processing frame: 5600
Elapsed time: 1239.823895931244s
Processing frame: 5800
Elapsed time: 1284.1510934829712s
Processing frame: 6000
Elapsed time: 1327.8424713611603s
Processing frame: 6200
Elapsed time: 1372.3220698833466s
Processing frame: 6400
Elapsed time: 1416.7824485301971s
Processing frame: 6600
Elapsed time: 1460.7340204715729s
Processing frame: 6800
Elapsed time: 1505.1231954097748s
Processing frame: 7000
Elapsed time: 1549.2664473056793s
Processing frame: 7200
Elapsed time: 1592.9879863262177s
Processing frame: 7400
Elapsed time: 1637.3438663482666s
Processing frame: 7600
Elapsed time: 1681.6013185977936s
Processing frame: 7800
Elapsed time: 1725.538592338562s
Processing frame: 8000
Elapsed time: 1769.7927787303925s
Processing frame: 8200
Elapsed time: 1814.2750990390778s
Processing frame: 8400
Elapsed time: 1857.854486465454s
Processing frame: 8600
Elapsed time: 1902.1462774276733s
Processing frame: 8800
Elapsed time: 1946.4724400043488s
Processing frame: 9000
Elapsed time: 1990.042866230011s
Processing frame: 0
Processing frame: 200
Processing frame: 400
Processing frame: 600
Processing frame: 800
Processing frame: 1000
Processing frame: 1200
Processing frame: 1400
Processing frame: 1600
Processing frame: 1800
Processing frame: 2000
Processing frame: 2200
Processing frame: 2400
Processing frame: 2600
Processing frame: 2800
Processing frame: 3000
