-------------------------------------------------------------------------------
There are messages associated with the following module(s):
-------------------------------------------------------------------------------

python/3.5.2:
   This module is deprecated and will be removed in the future. Please
   upgrade to python/3.5. If you had created virtual environments we
   recommend to recreate them. Ce module est marqué pour être retiré et
   sera supprimé dans le futur. Veuillez utiliser python/3.5. Si vous aviez
   créé un environnement virtuel, nous vous recommandons de le recréer.

-------------------------------------------------------------------------------

sh: openposeEnv_Python3/bin/activate: No such file or directory
OpenPose Library Python Wrapper
Raw frames per second: 22.016672662151805
Crop: Video not from Camera1 or Camera2!
Frame width:1152, Frame height:972.
Polygon: Video not from Camera1 or Camera2!
Total frame number: 13197.0
Processing frame: 0
Elapsed time: 1.5735626220703125e-05s
Processing frame: 200
Elapsed time: 48.71749210357666s
Processing frame: 400
Elapsed time: 92.57171320915222s
Processing frame: 600
Elapsed time: 135.82098770141602s
Processing frame: 800
Elapsed time: 179.68397331237793s
Processing frame: 1000
Elapsed time: 223.52322697639465s
Processing frame: 1200
Elapsed time: 266.65730261802673s
Processing frame: 1400
Elapsed time: 310.39737486839294s
Processing frame: 1600
Elapsed time: 354.2576484680176s
Processing frame: 1800
Elapsed time: 397.38239216804504s
Processing frame: 2000
Elapsed time: 441.2102484703064s
Processing frame: 2200
Elapsed time: 485.0255208015442s
Processing frame: 2400
Elapsed time: 528.2145092487335s
Processing frame: 2600
Elapsed time: 571.9533493518829s
Processing frame: 2800
Elapsed time: 615.7806475162506s
Processing frame: 3000
Elapsed time: 658.86696434021s
Processing frame: 3200
Elapsed time: 702.6907584667206s
Processing frame: 3400
Elapsed time: 746.3733615875244s
Processing frame: 3600
Elapsed time: 789.394453048706s
Processing frame: 3800
Elapsed time: 833.2417061328888s
Processing frame: 4000
Elapsed time: 876.9523732662201s
Processing frame: 4200
Elapsed time: 920.0407979488373s
Processing frame: 4400
Elapsed time: 963.6634011268616s
Processing frame: 4600
Elapsed time: 1007.6349289417267s
Processing frame: 4800
Elapsed time: 1050.7778441905975s
Processing frame: 5000
Elapsed time: 1094.530692100525s
Processing frame: 5200
Elapsed time: 1138.3018510341644s
Processing frame: 5400
Elapsed time: 1181.364342212677s
Processing frame: 5600
Elapsed time: 1225.5007486343384s
Processing frame: 5800
Elapsed time: 1269.1102578639984s
Processing frame: 6000
Elapsed time: 1312.4408869743347s
Processing frame: 6200
Elapsed time: 1356.1615827083588s
Processing frame: 6400
Elapsed time: 1399.8791093826294s
Processing frame: 6600
Elapsed time: 1443.0462112426758s
Processing frame: 6800
Elapsed time: 1486.737356185913s
Processing frame: 7000
Elapsed time: 1530.3198506832123s
Processing frame: 7200
Elapsed time: 1573.373506784439s
Processing frame: 7400
Elapsed time: 1616.9931967258453s
Processing frame: 7600
Elapsed time: 1660.607144832611s
Processing frame: 7800
Elapsed time: 1703.648325920105s
Processing frame: 8000
Elapsed time: 1747.3796446323395s
Processing frame: 8200
Elapsed time: 1791.0959680080414s
Processing frame: 8400
Elapsed time: 1834.057624578476s
Processing frame: 8600
Elapsed time: 1877.7024250030518s
Processing frame: 8800
Elapsed time: 1921.8910593986511s
Processing frame: 9000
Elapsed time: 1965.011777639389s
Processing frame: 9200
Elapsed time: 2008.7187747955322s
Processing frame: 9400
Elapsed time: 2052.432745218277s
Processing frame: 9600
Elapsed time: 2095.7893242836s
Processing frame: 9800
Elapsed time: 2139.4354243278503s
Processing frame: 10000
Elapsed time: 2183.22186088562s
Processing frame: 10200
Elapsed time: 2226.4074103832245s
Processing frame: 10400
Elapsed time: 2270.1130793094635s
Processing frame: 10600
Elapsed time: 2313.809472799301s
Processing frame: 10800
Elapsed time: 2356.934201002121s
Processing frame: 11000
Elapsed time: 2400.5392711162567s
Processing frame: 11200
Elapsed time: 2444.1763622760773s
Processing frame: 11400
Elapsed time: 2487.365261077881s
Processing frame: 11600
Elapsed time: 2531.1503670215607s
Processing frame: 11800
Elapsed time: 2574.823207139969s
Processing frame: 12000
Elapsed time: 2617.868503808975s
Processing frame: 12200
Elapsed time: 2661.671915769577s
Processing frame: 12400
Elapsed time: 2705.465809106827s
Processing frame: 12600
Elapsed time: 2748.5771930217743s
Processing frame: 12800
Elapsed time: 2792.397799015045s
Processing frame: 13000
Elapsed time: 2836.0867505073547s
Processing frame: 0
Processing frame: 200
Processing frame: 400
Processing frame: 600
Processing frame: 800
Processing frame: 1000
Processing frame: 1200
Processing frame: 1400
Processing frame: 1600
Processing frame: 1800
Processing frame: 2000
Processing frame: 2200
Processing frame: 2400
Processing frame: 2600
Processing frame: 2800
Processing frame: 3000
Processing frame: 3200
Processing frame: 3400
Processing frame: 3600
Processing frame: 3800
Processing frame: 4000
Processing frame: 4200
