-------------------------------------------------------------------------------
There are messages associated with the following module(s):
-------------------------------------------------------------------------------

python/3.5.2:
   This module is deprecated and will be removed in the future. Please
   upgrade to python/3.5. If you had created virtual environments we
   recommend to recreate them. Ce module est marqué pour être retiré et
   sera supprimé dans le futur. Veuillez utiliser python/3.5. Si vous aviez
   créé un environnement virtuel, nous vous recommandons de le recréer.

-------------------------------------------------------------------------------

sh: openposeEnv_Python3/bin/activate: No such file or directory
OpenPose Library Python Wrapper
Raw frames per second: 14.695199790899
Crop: Video not from Camera1 or Camera2!
Frame width:1152, Frame height:972.
Polygon: Video not from Camera1 or Camera2!
Total frame number: 8848.0
Processing frame: 0
Elapsed time: 1.1682510375976562e-05s
Processing frame: 200
Elapsed time: 49.982969522476196s
Processing frame: 400
Elapsed time: 94.11448431015015s
Processing frame: 600
Elapsed time: 137.57021021842957s
Processing frame: 800
Elapsed time: 181.7346076965332s
Processing frame: 1000
Elapsed time: 226.0638828277588s
Processing frame: 1200
Elapsed time: 269.9090225696564s
Processing frame: 1400
Elapsed time: 314.1810111999512s
Processing frame: 1600
Elapsed time: 358.2683193683624s
Processing frame: 1800
Elapsed time: 402.70637559890747s
Processing frame: 2000
Elapsed time: 446.8996229171753s
Processing frame: 2200
Elapsed time: 491.04995012283325s
Processing frame: 2400
Elapsed time: 534.5166022777557s
Processing frame: 2600
Elapsed time: 578.5852115154266s
Processing frame: 2800
Elapsed time: 622.8008043766022s
Processing frame: 3000
Elapsed time: 666.4027223587036s
Processing frame: 3200
Elapsed time: 710.689403295517s
Processing frame: 3400
Elapsed time: 755.0065307617188s
Processing frame: 3600
Elapsed time: 798.600429058075s
Processing frame: 3800
Elapsed time: 842.8722610473633s
Processing frame: 4000
Elapsed time: 887.1182084083557s
Processing frame: 4200
Elapsed time: 930.5811669826508s
Processing frame: 4400
Elapsed time: 974.8182353973389s
Processing frame: 4600
Elapsed time: 1018.9051549434662s
Processing frame: 4800
Elapsed time: 1062.3726501464844s
Processing frame: 5000
Elapsed time: 1106.321986913681s
Processing frame: 5200
Elapsed time: 1150.339102268219s
Processing frame: 5400
Elapsed time: 1193.8582737445831s
Processing frame: 5600
Elapsed time: 1237.9619266986847s
Processing frame: 5800
Elapsed time: 1282.0874285697937s
Processing frame: 6000
Elapsed time: 1325.486891746521s
Processing frame: 6200
Elapsed time: 1369.6443512439728s
Processing frame: 6400
Elapsed time: 1413.6994750499725s
Processing frame: 6600
Elapsed time: 1457.2571907043457s
Processing frame: 6800
Elapsed time: 1501.4114270210266s
Processing frame: 7000
Elapsed time: 1545.5130755901337s
Processing frame: 7200
Elapsed time: 1588.857340335846s
Processing frame: 7400
Elapsed time: 1632.8410911560059s
Processing frame: 7600
Elapsed time: 1676.957008600235s
Processing frame: 7800
Elapsed time: 1720.349548816681s
Processing frame: 8000
Elapsed time: 1764.4852204322815s
Processing frame: 8200
Elapsed time: 1808.6453204154968s
Processing frame: 8400
Elapsed time: 1852.2336266040802s
Processing frame: 8600
Elapsed time: 1896.3171195983887s
Processing frame: 8800
Elapsed time: 1940.4571537971497s
Frame: 8847, grabbed=False and frame=None
Processing frame: 0
Processing frame: 200
Processing frame: 400
Processing frame: 600
Processing frame: 800
Processing frame: 1000
Processing frame: 1200
Processing frame: 1400
Processing frame: 1600
Processing frame: 1800
Processing frame: 2000
Processing frame: 2200
Processing frame: 2400
Processing frame: 2600
Processing frame: 2800
