-------------------------------------------------------------------------------
There are messages associated with the following module(s):
-------------------------------------------------------------------------------

python/3.5.2:
   This module is deprecated and will be removed in the future. Please
   upgrade to python/3.5. If you had created virtual environments we
   recommend to recreate them. Ce module est marqué pour être retiré et
   sera supprimé dans le futur. Veuillez utiliser python/3.5. Si vous aviez
   créé un environnement virtuel, nous vous recommandons de le recréer.

-------------------------------------------------------------------------------

sh: openposeEnv_Python3/bin/activate: No such file or directory
OpenPose Library Python Wrapper
Raw frames per second: 21.855354271056235
Frame width:1152, Frame height:972.
Total frame number: 13155.0
Processing frame: 0
Elapsed time: 1.0251998901367188e-05s
Processing frame: 200
Elapsed time: 48.68476319313049s
Processing frame: 400
Elapsed time: 92.70263409614563s
Processing frame: 600
Elapsed time: 136.06847262382507s
Processing frame: 800
Elapsed time: 180.04090094566345s
Processing frame: 1000
Elapsed time: 224.12805819511414s
Processing frame: 1200
Elapsed time: 267.53652691841125s
Processing frame: 1400
Elapsed time: 311.69917130470276s
Processing frame: 1600
Elapsed time: 355.87120294570923s
Processing frame: 1800
Elapsed time: 399.3752417564392s
Processing frame: 2000
Elapsed time: 443.5235993862152s
Processing frame: 2200
Elapsed time: 487.7457597255707s
Processing frame: 2400
Elapsed time: 531.1270821094513s
Processing frame: 2600
Elapsed time: 575.1930618286133s
Processing frame: 2800
Elapsed time: 619.2425446510315s
Processing frame: 3000
Elapsed time: 662.7930159568787s
Processing frame: 3200
Elapsed time: 706.8615708351135s
Processing frame: 3400
Elapsed time: 750.8878908157349s
Processing frame: 3600
Elapsed time: 794.3297643661499s
Processing frame: 3800
Elapsed time: 838.3666715621948s
Processing frame: 4000
Elapsed time: 882.4628798961639s
Processing frame: 4200
Elapsed time: 925.7643029689789s
Processing frame: 4400
Elapsed time: 969.8538808822632s
Processing frame: 4600
Elapsed time: 1013.9649579524994s
Processing frame: 4800
Elapsed time: 1057.4427587985992s
Processing frame: 5000
Elapsed time: 1101.540090560913s
Processing frame: 5200
Elapsed time: 1145.5388691425323s
Processing frame: 5400
Elapsed time: 1189.0745656490326s
Processing frame: 5600
Elapsed time: 1233.172026872635s
Processing frame: 5800
Elapsed time: 1277.2232537269592s
Processing frame: 6000
Elapsed time: 1320.6817955970764s
Processing frame: 6200
Elapsed time: 1364.7321588993073s
Processing frame: 6400
Elapsed time: 1408.7364695072174s
Processing frame: 6600
Elapsed time: 1452.0942964553833s
Processing frame: 6800
Elapsed time: 1496.025800704956s
Processing frame: 7000
Elapsed time: 1540.1321365833282s
Processing frame: 7200
Elapsed time: 1583.506427526474s
Processing frame: 7400
Elapsed time: 1627.524598121643s
Processing frame: 7600
Elapsed time: 1671.4534595012665s
Processing frame: 7800
Elapsed time: 1714.8259143829346s
Processing frame: 8000
Elapsed time: 1758.824422121048s
Processing frame: 8200
Elapsed time: 1802.9012014865875s
Processing frame: 8400
Elapsed time: 1846.2411823272705s
Processing frame: 8600
Elapsed time: 1890.279263973236s
Processing frame: 8800
Elapsed time: 1934.2429821491241s
Processing frame: 9000
Elapsed time: 1977.5867552757263s
Processing frame: 9200
Elapsed time: 2021.5676851272583s
Processing frame: 9400
Elapsed time: 2065.672048330307s
Processing frame: 9600
Elapsed time: 2109.1381199359894s
Processing frame: 9800
Elapsed time: 2153.2966985702515s
Processing frame: 10000
Elapsed time: 2197.3716299533844s
Processing frame: 10200
Elapsed time: 2240.789604663849s
Processing frame: 10400
Elapsed time: 2284.7254180908203s
Processing frame: 10600
Elapsed time: 2328.6586904525757s
Processing frame: 10800
Elapsed time: 2371.982703924179s
Processing frame: 11000
Elapsed time: 2415.890097141266s
Processing frame: 11200
Elapsed time: 2459.745090007782s
Processing frame: 11400
Elapsed time: 2503.0567536354065s
Processing frame: 11600
Elapsed time: 2546.947080373764s
Processing frame: 11800
Elapsed time: 2590.9972491264343s
Processing frame: 12000
Elapsed time: 2634.3448259830475s
Processing frame: 12200
Elapsed time: 2678.3222818374634s
Processing frame: 12400
Elapsed time: 2722.296579837799s
Processing frame: 12600
Elapsed time: 2765.66641998291s
Processing frame: 12800
Elapsed time: 2809.647794485092s
Processing frame: 13000
Elapsed time: 2853.74129652977s
Processing frame: 0
Processing frame: 200
Processing frame: 400
Processing frame: 600
Processing frame: 800
Processing frame: 1000
Processing frame: 1200
Processing frame: 1400
Processing frame: 1600
Processing frame: 1800
Processing frame: 2000
Processing frame: 2200
Processing frame: 2400
Processing frame: 2600
Processing frame: 2800
Processing frame: 3000
Processing frame: 3200
Processing frame: 3400
Processing frame: 3600
Processing frame: 3800
Processing frame: 4000
Processing frame: 4200
