-------------------------------------------------------------------------------
There are messages associated with the following module(s):
-------------------------------------------------------------------------------

python/3.5.2:
   This module is deprecated and will be removed in the future. Please
   upgrade to python/3.5. If you had created virtual environments we
   recommend to recreate them. Ce module est marqué pour être retiré et
   sera supprimé dans le futur. Veuillez utiliser python/3.5. Si vous aviez
   créé un environnement virtuel, nous vous recommandons de le recréer.

-------------------------------------------------------------------------------

sh: openposeEnv_Python3/bin/activate: No such file or directory
OpenPose Library Python Wrapper
Raw frames per second: 22.009311808128647
Crop: Video not from Camera1 or Camera2!
Frame width:1152, Frame height:972.
Polygon: Video not from Camera1 or Camera2!
Total frame number: 13211.0
Processing frame: 0
Elapsed time: 1.0967254638671875e-05s
Processing frame: 200
Elapsed time: 48.5079448223114s
Processing frame: 400
Elapsed time: 92.58416724205017s
Processing frame: 600
Elapsed time: 135.97828722000122s
Processing frame: 800
Elapsed time: 180.05396437644958s
Processing frame: 1000
Elapsed time: 224.2038869857788s
Processing frame: 1200
Elapsed time: 267.68855237960815s
Processing frame: 1400
Elapsed time: 311.93984627723694s
Processing frame: 1600
Elapsed time: 356.1370062828064s
Processing frame: 1800
Elapsed time: 399.6827962398529s
Processing frame: 2000
Elapsed time: 443.7734808921814s
Processing frame: 2200
Elapsed time: 487.90700912475586s
Processing frame: 2400
Elapsed time: 531.4214162826538s
Processing frame: 2600
Elapsed time: 575.6209344863892s
Processing frame: 2800
Elapsed time: 619.8504931926727s
Processing frame: 3000
Elapsed time: 663.32297706604s
Processing frame: 3200
Elapsed time: 707.3381280899048s
Processing frame: 3400
Elapsed time: 751.4916951656342s
Processing frame: 3600
Elapsed time: 794.9131765365601s
Processing frame: 3800
Elapsed time: 838.9836151599884s
Processing frame: 4000
Elapsed time: 883.1429281234741s
Processing frame: 4200
Elapsed time: 926.5733335018158s
Processing frame: 4400
Elapsed time: 970.6423788070679s
Processing frame: 4600
Elapsed time: 1014.60302901268s
Processing frame: 4800
Elapsed time: 1058.0649242401123s
Processing frame: 5000
Elapsed time: 1102.0282866954803s
Processing frame: 5200
Elapsed time: 1146.01078748703s
Processing frame: 5400
Elapsed time: 1189.311334848404s
Processing frame: 5600
Elapsed time: 1233.3883526325226s
Processing frame: 5800
Elapsed time: 1277.426598072052s
Processing frame: 6000
Elapsed time: 1320.8258965015411s
Processing frame: 6200
Elapsed time: 1364.8679966926575s
Processing frame: 6400
Elapsed time: 1408.8509047031403s
Processing frame: 6600
Elapsed time: 1452.2702097892761s
Processing frame: 6800
Elapsed time: 1496.233510017395s
Processing frame: 7000
Elapsed time: 1540.2376081943512s
Processing frame: 7200
Elapsed time: 1583.5052347183228s
Processing frame: 7400
Elapsed time: 1627.4891300201416s
Processing frame: 7600
Elapsed time: 1671.4237203598022s
Processing frame: 7800
Elapsed time: 1714.7660415172577s
Processing frame: 8000
Elapsed time: 1758.8085696697235s
Processing frame: 8200
Elapsed time: 1802.8792831897736s
Processing frame: 8400
Elapsed time: 1846.3552436828613s
Processing frame: 8600
Elapsed time: 1890.471355676651s
Processing frame: 8800
Elapsed time: 1934.5718824863434s
Processing frame: 9000
Elapsed time: 1977.9063038825989s
Processing frame: 9200
Elapsed time: 2021.8093674182892s
Processing frame: 9400
Elapsed time: 2065.7243978977203s
Processing frame: 9600
Elapsed time: 2109.100729227066s
Processing frame: 9800
Elapsed time: 2153.0812714099884s
Processing frame: 10000
Elapsed time: 2197.0460770130157s
Processing frame: 10200
Elapsed time: 2240.31089758873s
Processing frame: 10400
Elapsed time: 2284.2689945697784s
Processing frame: 10600
Elapsed time: 2328.1413695812225s
Processing frame: 10800
Elapsed time: 2371.4502625465393s
Processing frame: 11000
Elapsed time: 2415.3531494140625s
Processing frame: 11200
Elapsed time: 2459.3173089027405s
Processing frame: 11400
Elapsed time: 2502.753133058548s
Processing frame: 11600
Elapsed time: 2546.814615249634s
Processing frame: 11800
Elapsed time: 2590.9462747573853s
Processing frame: 12000
Elapsed time: 2634.425943374634s
Processing frame: 12200
Elapsed time: 2678.4555644989014s
Processing frame: 12400
Elapsed time: 2722.5287914276123s
Processing frame: 12600
Elapsed time: 2765.932028532028s
Processing frame: 12800
Elapsed time: 2810.0547795295715s
Processing frame: 13000
Elapsed time: 2853.98832654953s
Processing frame: 13200
Elapsed time: 2897.3181931972504s
Processing frame: 0
Processing frame: 200
Processing frame: 400
Processing frame: 600
Processing frame: 800
Processing frame: 1000
Processing frame: 1200
Processing frame: 1400
Processing frame: 1600
Processing frame: 1800
Processing frame: 2000
Processing frame: 2200
Processing frame: 2400
Processing frame: 2600
Processing frame: 2800
Processing frame: 3000
Processing frame: 3200
Processing frame: 3400
Processing frame: 3600
Processing frame: 3800
Processing frame: 4000
Processing frame: 4200
Processing frame: 4400
