-------------------------------------------------------------------------------
There are messages associated with the following module(s):
-------------------------------------------------------------------------------

python/3.5.2:
   This module is deprecated and will be removed in the future. Please
   upgrade to python/3.5. If you had created virtual environments we
   recommend to recreate them. Ce module est marqué pour être retiré et
   sera supprimé dans le futur. Veuillez utiliser python/3.5. Si vous aviez
   créé un environnement virtuel, nous vous recommandons de le recréer.

-------------------------------------------------------------------------------

sh: openposeEnv_Python3/bin/activate: No such file or directory
OpenPose Library Python Wrapper
Raw frames per second: 22.659039256069295
Frame width:960, Frame height:756.
Total frame number: 13604.0
Processing frame: 0
Elapsed time: 1.1205673217773438e-05s
Processing frame: 200
Elapsed time: 47.84791851043701s
Processing frame: 400
Elapsed time: 90.92687797546387s
Processing frame: 600
Elapsed time: 133.34946060180664s
Processing frame: 800
Elapsed time: 176.2775239944458s
Processing frame: 1000
Elapsed time: 219.18383693695068s
Processing frame: 1200
Elapsed time: 261.5968029499054s
Processing frame: 1400
Elapsed time: 304.5474407672882s
Processing frame: 1600
Elapsed time: 347.5749480724335s
Processing frame: 1800
Elapsed time: 389.96440839767456s
Processing frame: 2000
Elapsed time: 432.9953467845917s
Processing frame: 2200
Elapsed time: 475.99133467674255s
Processing frame: 2400
Elapsed time: 518.468829870224s
Processing frame: 2600
Elapsed time: 561.425482749939s
Processing frame: 2800
Elapsed time: 604.4122879505157s
Processing frame: 3000
Elapsed time: 646.7735238075256s
Processing frame: 3200
Elapsed time: 689.8435559272766s
Processing frame: 3400
Elapsed time: 732.7891852855682s
Processing frame: 3600
Elapsed time: 775.2014119625092s
Processing frame: 3800
Elapsed time: 818.2193596363068s
Processing frame: 4000
Elapsed time: 861.2797615528107s
Processing frame: 4200
Elapsed time: 903.6418571472168s
Processing frame: 4400
Elapsed time: 946.7108657360077s
Processing frame: 4600
Elapsed time: 989.6662747859955s
Processing frame: 4800
Elapsed time: 1031.9668653011322s
Processing frame: 5000
Elapsed time: 1074.9445235729218s
Processing frame: 5200
Elapsed time: 1117.8607895374298s
Processing frame: 5400
Elapsed time: 1160.1384015083313s
Processing frame: 5600
Elapsed time: 1203.0404379367828s
Processing frame: 5800
Elapsed time: 1245.947330713272s
Processing frame: 6000
Elapsed time: 1288.2458021640778s
Processing frame: 6200
Elapsed time: 1331.173103094101s
Processing frame: 6400
Elapsed time: 1374.132197380066s
Processing frame: 6600
Elapsed time: 1416.4720084667206s
Processing frame: 6800
Elapsed time: 1459.5694398880005s
Processing frame: 7000
Elapsed time: 1502.657583475113s
Processing frame: 7200
Elapsed time: 1545.0518000125885s
Processing frame: 7400
Elapsed time: 1588.098354101181s
Processing frame: 7600
Elapsed time: 1631.1661875247955s
Processing frame: 7800
Elapsed time: 1673.5863926410675s
Processing frame: 8000
Elapsed time: 1716.557077407837s
Processing frame: 8200
Elapsed time: 1759.5790271759033s
Processing frame: 8400
Elapsed time: 1801.9962265491486s
Processing frame: 8600
Elapsed time: 1845.0585689544678s
Processing frame: 8800
Elapsed time: 1887.9902911186218s
Processing frame: 9000
Elapsed time: 1930.3505821228027s
Processing frame: 9200
Elapsed time: 1973.2101871967316s
Processing frame: 9400
Elapsed time: 2016.136688709259s
Processing frame: 9600
Elapsed time: 2058.481965303421s
Processing frame: 9800
Elapsed time: 2101.428909301758s
Processing frame: 10000
Elapsed time: 2144.443878889084s
Processing frame: 10200
Elapsed time: 2186.880391597748s
Processing frame: 10400
Elapsed time: 2229.967400074005s
Processing frame: 10600
Elapsed time: 2273.004231452942s
Processing frame: 10800
Elapsed time: 2315.4296827316284s
Processing frame: 11000
Elapsed time: 2358.3030412197113s
Processing frame: 11200
Elapsed time: 2401.3028542995453s
Processing frame: 11400
Elapsed time: 2443.580172777176s
Processing frame: 11600
Elapsed time: 2486.5651388168335s
Processing frame: 11800
Elapsed time: 2529.52131152153s
Processing frame: 12000
Elapsed time: 2571.7915210723877s
Processing frame: 12200
Elapsed time: 2614.6771943569183s
Processing frame: 12400
Elapsed time: 2657.6350214481354s
Processing frame: 12600
Elapsed time: 2699.9624178409576s
Processing frame: 12800
Elapsed time: 2742.9135348796844s
Processing frame: 13000
Elapsed time: 2785.8623909950256s
Processing frame: 13200
Elapsed time: 2828.329810857773s
Processing frame: 13400
Elapsed time: 2871.349049091339s
Processing frame: 13600
Elapsed time: 2914.254922389984s
Processing frame: 0
Processing frame: 200
Processing frame: 400
Processing frame: 600
Processing frame: 800
Processing frame: 1000
Processing frame: 1200
Processing frame: 1400
Processing frame: 1600
Processing frame: 1800
Processing frame: 2000
Processing frame: 2200
Processing frame: 2400
Processing frame: 2600
Processing frame: 2800
Processing frame: 3000
Processing frame: 3200
Processing frame: 3400
Processing frame: 3600
Processing frame: 3800
Processing frame: 4000
Processing frame: 4200
Processing frame: 4400
