-------------------------------------------------------------------------------
There are messages associated with the following module(s):
-------------------------------------------------------------------------------

python/3.5.2:
   This module is deprecated and will be removed in the future. Please
   upgrade to python/3.5. If you had created virtual environments we
   recommend to recreate them. Ce module est marqué pour être retiré et
   sera supprimé dans le futur. Veuillez utiliser python/3.5. Si vous aviez
   créé un environnement virtuel, nous vous recommandons de le recréer.

-------------------------------------------------------------------------------

sh: openposeEnv_Python3/bin/activate: No such file or directory
OpenPose Library Python Wrapper
Raw frames per second: 24.483377183734394
Crop: Video not from Camera1 or Camera2!
Frame width:1152, Frame height:972.
Polygon: Video not from Camera1 or Camera2!
Total frame number: 14732.0
Processing frame: 0
Elapsed time: 1.1682510375976562e-05s
Processing frame: 200
Elapsed time: 49.05723237991333s
Processing frame: 400
Elapsed time: 93.2165174484253s
Processing frame: 600
Elapsed time: 136.80586743354797s
Processing frame: 800
Elapsed time: 181.0788369178772s
Processing frame: 1000
Elapsed time: 225.2730553150177s
Processing frame: 1200
Elapsed time: 268.8620479106903s
Processing frame: 1400
Elapsed time: 313.0892791748047s
Processing frame: 1600
Elapsed time: 357.26509404182434s
Processing frame: 1800
Elapsed time: 401.0102627277374s
Processing frame: 2000
Elapsed time: 445.33147287368774s
Processing frame: 2200
Elapsed time: 489.4595375061035s
Processing frame: 2400
Elapsed time: 533.0292048454285s
Processing frame: 2600
Elapsed time: 577.3263640403748s
Processing frame: 2800
Elapsed time: 621.5882403850555s
Processing frame: 3000
Elapsed time: 665.2633590698242s
Processing frame: 3200
Elapsed time: 709.5706357955933s
Processing frame: 3400
Elapsed time: 753.9156830310822s
Processing frame: 3600
Elapsed time: 797.5263948440552s
Processing frame: 3800
Elapsed time: 841.893577337265s
Processing frame: 4000
Elapsed time: 886.249009847641s
Processing frame: 4200
Elapsed time: 930.1058366298676s
Processing frame: 4400
Elapsed time: 974.4455950260162s
Processing frame: 4600
Elapsed time: 1018.6767380237579s
Processing frame: 4800
Elapsed time: 1062.254688501358s
Processing frame: 5000
Elapsed time: 1106.4821264743805s
Processing frame: 5200
Elapsed time: 1150.7783915996552s
Processing frame: 5400
Elapsed time: 1194.4626812934875s
Processing frame: 5600
Elapsed time: 1238.665446281433s
Processing frame: 5800
Elapsed time: 1282.9610409736633s
Processing frame: 6000
Elapsed time: 1326.5684158802032s
Processing frame: 6200
Elapsed time: 1370.89572763443s
Processing frame: 6400
Elapsed time: 1415.1466109752655s
Processing frame: 6600
Elapsed time: 1458.8700940608978s
Processing frame: 6800
Elapsed time: 1503.0957384109497s
Processing frame: 7000
Elapsed time: 1547.3032410144806s
Processing frame: 7200
Elapsed time: 1590.8361666202545s
Processing frame: 7400
Elapsed time: 1634.9866530895233s
Processing frame: 7600
Elapsed time: 1679.1658155918121s
Processing frame: 7800
Elapsed time: 1722.774483203888s
Processing frame: 8000
Elapsed time: 1766.925404548645s
Processing frame: 8200
Elapsed time: 1810.9560797214508s
Processing frame: 8400
Elapsed time: 1854.3485174179077s
Processing frame: 8600
Elapsed time: 1898.3948011398315s
Processing frame: 8800
Elapsed time: 1942.591825246811s
Processing frame: 9000
Elapsed time: 1986.07683634758s
Processing frame: 9200
Elapsed time: 2030.260864496231s
Processing frame: 9400
Elapsed time: 2074.350070476532s
Processing frame: 9600
Elapsed time: 2117.9029412269592s
Processing frame: 9800
Elapsed time: 2162.144855260849s
Processing frame: 10000
Elapsed time: 2206.2604565620422s
Processing frame: 10200
Elapsed time: 2249.7994544506073s
Processing frame: 10400
Elapsed time: 2293.9169747829437s
Processing frame: 10600
Elapsed time: 2338.0464112758636s
Processing frame: 10800
Elapsed time: 2381.5756919384003s
Processing frame: 11000
Elapsed time: 2425.7491245269775s
Processing frame: 11200
Elapsed time: 2469.9629929065704s
Processing frame: 11400
Elapsed time: 2513.3899443149567s
Processing frame: 11600
Elapsed time: 2557.579449892044s
Processing frame: 11800
Elapsed time: 2601.640654563904s
Processing frame: 12000
Elapsed time: 2645.0572764873505s
Processing frame: 12200
Elapsed time: 2689.153341770172s
Processing frame: 12400
Elapsed time: 2733.286402463913s
Processing frame: 12600
Elapsed time: 2776.6465480327606s
Processing frame: 12800
Elapsed time: 2820.7769932746887s
Processing frame: 13000
Elapsed time: 2864.8817570209503s
Processing frame: 13200
Elapsed time: 2908.3813638687134s
Processing frame: 13400
Elapsed time: 2952.521383047104s
Processing frame: 13600
Elapsed time: 2996.5870378017426s
Processing frame: 13800
Elapsed time: 3040.0706689357758s
Processing frame: 14000
Elapsed time: 3084.177055835724s
Processing frame: 14200
Elapsed time: 3128.354622364044s
Processing frame: 14400
Elapsed time: 3171.857962846756s
Processing frame: 14600
Elapsed time: 3216.1199004650116s
Processing frame: 0
Processing frame: 200
Processing frame: 400
Processing frame: 600
Processing frame: 800
Processing frame: 1000
Processing frame: 1200
Processing frame: 1400
Processing frame: 1600
Processing frame: 1800
Processing frame: 2000
Processing frame: 2200
Processing frame: 2400
Processing frame: 2600
Processing frame: 2800
Processing frame: 3000
Processing frame: 3200
Processing frame: 3400
Processing frame: 3600
Processing frame: 3800
Processing frame: 4000
Processing frame: 4200
Processing frame: 4400
Processing frame: 4600
Processing frame: 4800
