-------------------------------------------------------------------------------
There are messages associated with the following module(s):
-------------------------------------------------------------------------------

python/3.5.2:
   This module is deprecated and will be removed in the future. Please
   upgrade to python/3.5. If you had created virtual environments we
   recommend to recreate them. Ce module est marqué pour être retiré et
   sera supprimé dans le futur. Veuillez utiliser python/3.5. Si vous aviez
   créé un environnement virtuel, nous vous recommandons de le recréer.

-------------------------------------------------------------------------------

sh: openposeEnv_Python3/bin/activate: No such file or directory
OpenPose Library Python Wrapper
Raw frames per second: 23.927341266969606
Frame width:960, Frame height:756.
Total frame number: 14383.0
Processing frame: 0
Elapsed time: 1.0967254638671875e-05s
Processing frame: 200
Elapsed time: 47.780919551849365s
Processing frame: 400
Elapsed time: 90.70038080215454s
Processing frame: 600
Elapsed time: 133.13766431808472s
Processing frame: 800
Elapsed time: 176.18889570236206s
Processing frame: 1000
Elapsed time: 219.3433177471161s
Processing frame: 1200
Elapsed time: 261.87001752853394s
Processing frame: 1400
Elapsed time: 304.9502863883972s
Processing frame: 1600
Elapsed time: 348.1390628814697s
Processing frame: 1800
Elapsed time: 390.6023588180542s
Processing frame: 2000
Elapsed time: 433.70332860946655s
Processing frame: 2200
Elapsed time: 476.785032749176s
Processing frame: 2400
Elapsed time: 519.260374546051s
Processing frame: 2600
Elapsed time: 562.2997744083405s
Processing frame: 2800
Elapsed time: 605.457017660141s
Processing frame: 3000
Elapsed time: 647.8554444313049s
Processing frame: 3200
Elapsed time: 690.8095183372498s
Processing frame: 3400
Elapsed time: 733.862931728363s
Processing frame: 3600
Elapsed time: 776.3170914649963s
Processing frame: 3800
Elapsed time: 819.4359271526337s
Processing frame: 4000
Elapsed time: 862.5271577835083s
Processing frame: 4200
Elapsed time: 904.9879031181335s
Processing frame: 4400
Elapsed time: 948.000815153122s
Processing frame: 4600
Elapsed time: 991.1224768161774s
Processing frame: 4800
Elapsed time: 1033.6350049972534s
Processing frame: 5000
Elapsed time: 1076.6877064704895s
Processing frame: 5200
Elapsed time: 1119.8069996833801s
Processing frame: 5400
Elapsed time: 1162.356083393097s
Processing frame: 5600
Elapsed time: 1205.5066022872925s
Processing frame: 5800
Elapsed time: 1248.6399312019348s
Processing frame: 6000
Elapsed time: 1291.1915800571442s
Processing frame: 6200
Elapsed time: 1334.3386642932892s
Processing frame: 6400
Elapsed time: 1377.4321529865265s
Processing frame: 6600
Elapsed time: 1419.8838214874268s
Processing frame: 6800
Elapsed time: 1462.9364359378815s
Processing frame: 7000
Elapsed time: 1505.9636824131012s
Processing frame: 7200
Elapsed time: 1548.312577009201s
Processing frame: 7400
Elapsed time: 1591.3824830055237s
Processing frame: 7600
Elapsed time: 1634.460774421692s
Processing frame: 7800
Elapsed time: 1676.9544672966003s
Processing frame: 8000
Elapsed time: 1719.938179731369s
Processing frame: 8200
Elapsed time: 1762.9337091445923s
Processing frame: 8400
Elapsed time: 1805.328757762909s
Processing frame: 8600
Elapsed time: 1848.2481875419617s
Processing frame: 8800
Elapsed time: 1891.2333958148956s
Processing frame: 9000
Elapsed time: 1933.6289145946503s
Processing frame: 9200
Elapsed time: 1976.6956238746643s
Processing frame: 9400
Elapsed time: 2019.7708654403687s
Processing frame: 9600
Elapsed time: 2062.25919508934s
Processing frame: 9800
Elapsed time: 2105.2818784713745s
Processing frame: 10000
Elapsed time: 2148.30623793602s
Processing frame: 10200
Elapsed time: 2190.800513267517s
Processing frame: 10400
Elapsed time: 2234.064939260483s
Processing frame: 10600
Elapsed time: 2277.228652238846s
Processing frame: 10800
Elapsed time: 2319.567168235779s
Processing frame: 11000
Elapsed time: 2362.561818599701s
Processing frame: 11200
Elapsed time: 2405.562623500824s
Processing frame: 11400
Elapsed time: 2447.905398607254s
Processing frame: 11600
Elapsed time: 2490.817302465439s
Processing frame: 11800
Elapsed time: 2533.7640047073364s
Processing frame: 12000
Elapsed time: 2576.087949991226s
Processing frame: 12200
Elapsed time: 2619.0221049785614s
Processing frame: 12400
Elapsed time: 2661.9851875305176s
Processing frame: 12600
Elapsed time: 2704.33651971817s
Processing frame: 12800
Elapsed time: 2747.2756028175354s
Processing frame: 13000
Elapsed time: 2790.287449836731s
Processing frame: 13200
Elapsed time: 2832.5892148017883s
Processing frame: 13400
Elapsed time: 2875.5295085906982s
Processing frame: 13600
Elapsed time: 2918.555516719818s
Processing frame: 13800
Elapsed time: 2960.9430871009827s
Processing frame: 14000
Elapsed time: 3003.9855675697327s
Processing frame: 14200
Elapsed time: 3047.053551673889s
Frame: 14382, grabbed=False and frame=None
Processing frame: 0
Processing frame: 200
Processing frame: 400
Processing frame: 600
Processing frame: 800
Processing frame: 1000
Processing frame: 1200
Processing frame: 1400
Processing frame: 1600
Processing frame: 1800
Processing frame: 2000
Processing frame: 2200
Processing frame: 2400
Processing frame: 2600
Processing frame: 2800
Processing frame: 3000
Processing frame: 3200
Processing frame: 3400
Processing frame: 3600
Processing frame: 3800
Processing frame: 4000
Processing frame: 4200
Processing frame: 4400
Processing frame: 4600
