-------------------------------------------------------------------------------
There are messages associated with the following module(s):
-------------------------------------------------------------------------------

python/3.5.2:
   This module is deprecated and will be removed in the future. Please
   upgrade to python/3.5. If you had created virtual environments we
   recommend to recreate them. Ce module est marqué pour être retiré et
   sera supprimé dans le futur. Veuillez utiliser python/3.5. Si vous aviez
   créé un environnement virtuel, nous vous recommandons de le recréer.

-------------------------------------------------------------------------------

sh: openposeEnv_Python3/bin/activate: No such file or directory
OpenPose Library Python Wrapper
Raw frames per second: 18.609704684487888
Frame width:960, Frame height:756.
Total frame number: 11206.0
Processing frame: 0
Elapsed time: 1.0967254638671875e-05s
Processing frame: 200
Elapsed time: 47.66997265815735s
Processing frame: 400
Elapsed time: 90.59136772155762s
Processing frame: 600
Elapsed time: 132.99204635620117s
Processing frame: 800
Elapsed time: 175.92810249328613s
Processing frame: 1000
Elapsed time: 218.93691611289978s
Processing frame: 1200
Elapsed time: 261.34728050231934s
Processing frame: 1400
Elapsed time: 304.47996640205383s
Processing frame: 1600
Elapsed time: 347.55282497406006s
Processing frame: 1800
Elapsed time: 390.01355051994324s
Processing frame: 2000
Elapsed time: 433.0130112171173s
Processing frame: 2200
Elapsed time: 476.08910942077637s
Processing frame: 2400
Elapsed time: 518.6740605831146s
Processing frame: 2600
Elapsed time: 561.7644963264465s
Processing frame: 2800
Elapsed time: 604.922821521759s
Processing frame: 3000
Elapsed time: 647.3840608596802s
Processing frame: 3200
Elapsed time: 690.3588790893555s
Processing frame: 3400
Elapsed time: 733.420423746109s
Processing frame: 3600
Elapsed time: 775.9054729938507s
Processing frame: 3800
Elapsed time: 818.9165806770325s
Processing frame: 4000
Elapsed time: 862.0264797210693s
Processing frame: 4200
Elapsed time: 904.5746047496796s
Processing frame: 4400
Elapsed time: 947.6573321819305s
Processing frame: 4600
Elapsed time: 990.584317445755s
Processing frame: 4800
Elapsed time: 1033.0609140396118s
Processing frame: 5000
Elapsed time: 1076.1497538089752s
Processing frame: 5200
Elapsed time: 1119.2999725341797s
Processing frame: 5400
Elapsed time: 1161.8263034820557s
Processing frame: 5600
Elapsed time: 1204.8277122974396s
Processing frame: 5800
Elapsed time: 1247.7769570350647s
Processing frame: 6000
Elapsed time: 1290.1695013046265s
Processing frame: 6200
Elapsed time: 1333.238751411438s
Processing frame: 6400
Elapsed time: 1376.2032408714294s
Processing frame: 6600
Elapsed time: 1418.6386740207672s
Processing frame: 6800
Elapsed time: 1461.7139980793s
Processing frame: 7000
Elapsed time: 1504.7217965126038s
Processing frame: 7200
Elapsed time: 1547.103188753128s
Processing frame: 7400
Elapsed time: 1590.0308511257172s
Processing frame: 7600
Elapsed time: 1632.9618043899536s
Processing frame: 7800
Elapsed time: 1675.2646536827087s
Processing frame: 8000
Elapsed time: 1718.215411901474s
Processing frame: 8200
Elapsed time: 1761.167171239853s
Processing frame: 8400
Elapsed time: 1803.5701851844788s
Processing frame: 8600
Elapsed time: 1846.6526062488556s
Processing frame: 8800
Elapsed time: 1889.6621174812317s
Processing frame: 9000
Elapsed time: 1932.0886557102203s
Processing frame: 9200
Elapsed time: 1975.0411684513092s
Processing frame: 9400
Elapsed time: 2018.0168895721436s
Processing frame: 9600
Elapsed time: 2060.4134047031403s
Processing frame: 9800
Elapsed time: 2103.3764328956604s
Processing frame: 10000
Elapsed time: 2146.3862767219543s
Processing frame: 10200
Elapsed time: 2188.7011954784393s
Processing frame: 10400
Elapsed time: 2231.714069366455s
Processing frame: 10600
Elapsed time: 2274.746772289276s
Processing frame: 10800
Elapsed time: 2316.989981651306s
Processing frame: 11000
Elapsed time: 2359.9810976982117s
Processing frame: 11200
Elapsed time: 2402.884213447571s
Frame: 11205, grabbed=False and frame=None
Processing frame: 0
Processing frame: 200
Processing frame: 400
Processing frame: 600
Processing frame: 800
Processing frame: 1000
Processing frame: 1200
Processing frame: 1400
Processing frame: 1600
Processing frame: 1800
Processing frame: 2000
Processing frame: 2200
Processing frame: 2400
Processing frame: 2600
Processing frame: 2800
Processing frame: 3000
Processing frame: 3200
Processing frame: 3400
Processing frame: 3600
