-------------------------------------------------------------------------------
There are messages associated with the following module(s):
-------------------------------------------------------------------------------

python/3.5.2:
   This module is deprecated and will be removed in the future. Please
   upgrade to python/3.5. If you had created virtual environments we
   recommend to recreate them. Ce module est marqué pour être retiré et
   sera supprimé dans le futur. Veuillez utiliser python/3.5. Si vous aviez
   créé un environnement virtuel, nous vous recommandons de le recréer.

-------------------------------------------------------------------------------

sh: openposeEnv_Python3/bin/activate: No such file or directory
OpenPose Library Python Wrapper
Raw frames per second: 22.875350210139086
Frame width:960, Frame height:756.
Total frame number: 13743.0
Processing frame: 0
Elapsed time: 1.7404556274414062e-05s
Processing frame: 200
Elapsed time: 48.025190114974976s
Processing frame: 400
Elapsed time: 91.32744288444519s
Processing frame: 600
Elapsed time: 134.09160709381104s
Processing frame: 800
Elapsed time: 177.4788191318512s
Processing frame: 1000
Elapsed time: 220.80700182914734s
Processing frame: 1200
Elapsed time: 263.44552302360535s
Processing frame: 1400
Elapsed time: 306.70305156707764s
Processing frame: 1600
Elapsed time: 350.0216920375824s
Processing frame: 1800
Elapsed time: 392.7738893032074s
Processing frame: 2000
Elapsed time: 436.112913608551s
Processing frame: 2200
Elapsed time: 479.5924198627472s
Processing frame: 2400
Elapsed time: 522.2619202136993s
Processing frame: 2600
Elapsed time: 565.6456241607666s
Processing frame: 2800
Elapsed time: 608.9615902900696s
Processing frame: 3000
Elapsed time: 651.6340980529785s
Processing frame: 3200
Elapsed time: 694.8784427642822s
Processing frame: 3400
Elapsed time: 738.1578977108002s
Processing frame: 3600
Elapsed time: 780.7842276096344s
Processing frame: 3800
Elapsed time: 824.0214438438416s
Processing frame: 4000
Elapsed time: 867.1953806877136s
Processing frame: 4200
Elapsed time: 909.7121367454529s
Processing frame: 4400
Elapsed time: 952.9014220237732s
Processing frame: 4600
Elapsed time: 996.182258605957s
Processing frame: 4800
Elapsed time: 1038.7762405872345s
Processing frame: 5000
Elapsed time: 1082.0782370567322s
Processing frame: 5200
Elapsed time: 1125.3766644001007s
Processing frame: 5400
Elapsed time: 1168.04474568367s
Processing frame: 5600
Elapsed time: 1211.2408018112183s
Processing frame: 5800
Elapsed time: 1254.4891788959503s
Processing frame: 6000
Elapsed time: 1297.1047518253326s
Processing frame: 6200
Elapsed time: 1344.9157111644745s
Processing frame: 6400
Elapsed time: 1388.0965311527252s
Processing frame: 6600
Elapsed time: 1430.7487382888794s
Processing frame: 6800
Elapsed time: 1474.0215284824371s
Processing frame: 7000
Elapsed time: 1517.3985123634338s
Processing frame: 7200
Elapsed time: 1560.0214471817017s
Processing frame: 7400
Elapsed time: 1603.1015510559082s
Processing frame: 7600
Elapsed time: 1646.2743978500366s
Processing frame: 7800
Elapsed time: 1688.8357348442078s
Processing frame: 8000
Elapsed time: 1732.0105800628662s
Processing frame: 8200
Elapsed time: 1775.1575059890747s
Processing frame: 8400
Elapsed time: 1817.6581122875214s
Processing frame: 8600
Elapsed time: 1860.7283968925476s
Processing frame: 8800
Elapsed time: 1903.912367105484s
Processing frame: 9000
Elapsed time: 1946.4069385528564s
Processing frame: 9200
Elapsed time: 1989.4696514606476s
Processing frame: 9400
Elapsed time: 2032.6481175422668s
Processing frame: 9600
Elapsed time: 2075.229833126068s
Processing frame: 9800
Elapsed time: 2118.3486602306366s
Processing frame: 10000
Elapsed time: 2161.4830939769745s
Processing frame: 10200
Elapsed time: 2203.9560799598694s
Processing frame: 10400
Elapsed time: 2247.0799243450165s
Processing frame: 10600
Elapsed time: 2290.1563005447388s
Processing frame: 10800
Elapsed time: 2332.67143201828s
Processing frame: 11000
Elapsed time: 2375.8080382347107s
Processing frame: 11200
Elapsed time: 2419.0118284225464s
Processing frame: 11400
Elapsed time: 2461.5195214748383s
Processing frame: 11600
Elapsed time: 2504.7031605243683s
Processing frame: 11800
Elapsed time: 2548.0929567813873s
Processing frame: 12000
Elapsed time: 2590.613282442093s
Processing frame: 12200
Elapsed time: 2633.794682741165s
Processing frame: 12400
Elapsed time: 2677.06480550766s
Processing frame: 12600
Elapsed time: 2719.6736755371094s
Processing frame: 12800
Elapsed time: 2762.9269869327545s
Processing frame: 13000
Elapsed time: 2806.2487926483154s
Processing frame: 13200
Elapsed time: 2848.845034837723s
Processing frame: 13400
Elapsed time: 2892.061812400818s
Processing frame: 13600
Elapsed time: 2935.1556961536407s
Processing frame: 0
Processing frame: 200
Processing frame: 400
Processing frame: 600
Processing frame: 800
Processing frame: 1000
Processing frame: 1200
Processing frame: 1400
Processing frame: 1600
Processing frame: 1800
Processing frame: 2000
Processing frame: 2200
Processing frame: 2400
Processing frame: 2600
Processing frame: 2800
Processing frame: 3000
Processing frame: 3200
Processing frame: 3400
Processing frame: 3600
Processing frame: 3800
Processing frame: 4000
Processing frame: 4200
Processing frame: 4400
