-------------------------------------------------------------------------------
There are messages associated with the following module(s):
-------------------------------------------------------------------------------

python/3.5.2:
   This module is deprecated and will be removed in the future. Please
   upgrade to python/3.5. If you had created virtual environments we
   recommend to recreate them. Ce module est marqué pour être retiré et
   sera supprimé dans le futur. Veuillez utiliser python/3.5. Si vous aviez
   créé un environnement virtuel, nous vous recommandons de le recréer.

-------------------------------------------------------------------------------

sh: openposeEnv_Python3/bin/activate: No such file or directory
OpenPose Library Python Wrapper
Raw frames per second: 16.009020824596792
Frame width:960, Frame height:756.
Total frame number: 9656.0
Processing frame: 0
Elapsed time: 1.2159347534179688e-05s
Processing frame: 200
Elapsed time: 47.93442940711975s
Processing frame: 400
Elapsed time: 91.08095073699951s
Processing frame: 600
Elapsed time: 133.4668836593628s
Processing frame: 800
Elapsed time: 176.57163095474243s
Processing frame: 1000
Elapsed time: 219.704261302948s
Processing frame: 1200
Elapsed time: 262.21133947372437s
Processing frame: 1400
Elapsed time: 305.3476722240448s
Processing frame: 1600
Elapsed time: 348.5476179122925s
Processing frame: 1800
Elapsed time: 391.10927748680115s
Processing frame: 2000
Elapsed time: 434.2306604385376s
Processing frame: 2200
Elapsed time: 477.3228349685669s
Processing frame: 2400
Elapsed time: 519.8331823348999s
Processing frame: 2600
Elapsed time: 562.9956555366516s
Processing frame: 2800
Elapsed time: 606.0786001682281s
Processing frame: 3000
Elapsed time: 648.623468875885s
Processing frame: 3200
Elapsed time: 691.7306482791901s
Processing frame: 3400
Elapsed time: 734.7719297409058s
Processing frame: 3600
Elapsed time: 777.3482642173767s
Processing frame: 3800
Elapsed time: 820.5234560966492s
Processing frame: 4000
Elapsed time: 863.691558599472s
Processing frame: 4200
Elapsed time: 906.1835329532623s
Processing frame: 4400
Elapsed time: 949.3358352184296s
Processing frame: 4600
Elapsed time: 992.4346354007721s
Processing frame: 4800
Elapsed time: 1034.9198775291443s
Processing frame: 5000
Elapsed time: 1078.0154407024384s
Processing frame: 5200
Elapsed time: 1121.13112783432s
Processing frame: 5400
Elapsed time: 1163.5333306789398s
Processing frame: 5600
Elapsed time: 1206.5948905944824s
Processing frame: 5800
Elapsed time: 1249.6512520313263s
Processing frame: 6000
Elapsed time: 1292.1145114898682s
Processing frame: 6200
Elapsed time: 1335.251975774765s
Processing frame: 6400
Elapsed time: 1378.3114352226257s
Processing frame: 6600
Elapsed time: 1420.7193195819855s
Processing frame: 6800
Elapsed time: 1463.7693839073181s
Processing frame: 7000
Elapsed time: 1506.7943134307861s
Processing frame: 7200
Elapsed time: 1549.147991657257s
Processing frame: 7400
Elapsed time: 1592.1316547393799s
Processing frame: 7600
Elapsed time: 1635.023684978485s
Processing frame: 7800
Elapsed time: 1677.3935780525208s
Processing frame: 8000
Elapsed time: 1720.4191143512726s
Processing frame: 8200
Elapsed time: 1763.5531566143036s
Processing frame: 8400
Elapsed time: 1805.9958794116974s
Processing frame: 8600
Elapsed time: 1848.9037082195282s
Processing frame: 8800
Elapsed time: 1891.915405035019s
Processing frame: 9000
Elapsed time: 1934.2476687431335s
Processing frame: 9200
Elapsed time: 1977.2075617313385s
Processing frame: 9400
Elapsed time: 2020.2886221408844s
Processing frame: 9600
Elapsed time: 2062.7502810955048s
Processing frame: 0
Processing frame: 200
Processing frame: 400
Processing frame: 600
Processing frame: 800
Processing frame: 1000
Processing frame: 1200
Processing frame: 1400
Processing frame: 1600
Processing frame: 1800
Processing frame: 2000
Processing frame: 2200
Processing frame: 2400
Processing frame: 2600
Processing frame: 2800
Processing frame: 3000
Processing frame: 3200
