-------------------------------------------------------------------------------
There are messages associated with the following module(s):
-------------------------------------------------------------------------------

python/3.5.2:
   This module is deprecated and will be removed in the future. Please
   upgrade to python/3.5. If you had created virtual environments we
   recommend to recreate them. Ce module est marqué pour être retiré et
   sera supprimé dans le futur. Veuillez utiliser python/3.5. Si vous aviez
   créé un environnement virtuel, nous vous recommandons de le recréer.

-------------------------------------------------------------------------------

sh: openposeEnv_Python3/bin/activate: No such file or directory
OpenPose Library Python Wrapper
Raw frames per second: 25.405117744407292
Frame width:960, Frame height:756.
Total frame number: 15333.0
Processing frame: 0
Elapsed time: 1.0967254638671875e-05s
Processing frame: 200
Elapsed time: 47.88552951812744s
Processing frame: 400
Elapsed time: 91.01571846008301s
Processing frame: 600
Elapsed time: 133.46969938278198s
Processing frame: 800
Elapsed time: 176.5826234817505s
Processing frame: 1000
Elapsed time: 219.59268927574158s
Processing frame: 1200
Elapsed time: 262.02745246887207s
Processing frame: 1400
Elapsed time: 305.1410984992981s
Processing frame: 1600
Elapsed time: 348.28586864471436s
Processing frame: 1800
Elapsed time: 390.7303171157837s
Processing frame: 2000
Elapsed time: 433.72997307777405s
Processing frame: 2200
Elapsed time: 476.79216408729553s
Processing frame: 2400
Elapsed time: 519.1429221630096s
Processing frame: 2600
Elapsed time: 562.1583032608032s
Processing frame: 2800
Elapsed time: 605.2951579093933s
Processing frame: 3000
Elapsed time: 647.6715519428253s
Processing frame: 3200
Elapsed time: 690.6952657699585s
Processing frame: 3400
Elapsed time: 733.6512980461121s
Processing frame: 3600
Elapsed time: 776.0326662063599s
Processing frame: 3800
Elapsed time: 819.0118749141693s
Processing frame: 4000
Elapsed time: 862.066400051117s
Processing frame: 4200
Elapsed time: 904.5050337314606s
Processing frame: 4400
Elapsed time: 947.5460193157196s
Processing frame: 4600
Elapsed time: 990.6652178764343s
Processing frame: 4800
Elapsed time: 1033.0743935108185s
Processing frame: 5000
Elapsed time: 1076.2297344207764s
Processing frame: 5200
Elapsed time: 1119.331558227539s
Processing frame: 5400
Elapsed time: 1161.674650669098s
Processing frame: 5600
Elapsed time: 1204.7013642787933s
Processing frame: 5800
Elapsed time: 1247.7227852344513s
Processing frame: 6000
Elapsed time: 1290.1026272773743s
Processing frame: 6200
Elapsed time: 1332.9977388381958s
Processing frame: 6400
Elapsed time: 1376.0024795532227s
Processing frame: 6600
Elapsed time: 1418.3175067901611s
Processing frame: 6800
Elapsed time: 1461.2482800483704s
Processing frame: 7000
Elapsed time: 1504.2663927078247s
Processing frame: 7200
Elapsed time: 1546.642243385315s
Processing frame: 7400
Elapsed time: 1589.5656163692474s
Processing frame: 7600
Elapsed time: 1632.585252046585s
Processing frame: 7800
Elapsed time: 1674.9066071510315s
Processing frame: 8000
Elapsed time: 1717.8868596553802s
Processing frame: 8200
Elapsed time: 1760.9558644294739s
Processing frame: 8400
Elapsed time: 1803.3779158592224s
Processing frame: 8600
Elapsed time: 1846.3730080127716s
Processing frame: 8800
Elapsed time: 1889.4653203487396s
Processing frame: 9000
Elapsed time: 1931.8135259151459s
Processing frame: 9200
Elapsed time: 1974.783305644989s
Processing frame: 9400
Elapsed time: 2017.7933192253113s
Processing frame: 9600
Elapsed time: 2060.1354007720947s
Processing frame: 9800
Elapsed time: 2103.1533064842224s
Processing frame: 10000
Elapsed time: 2146.2829592227936s
Processing frame: 10200
Elapsed time: 2188.7123653888702s
Processing frame: 10400
Elapsed time: 2231.732316970825s
Processing frame: 10600
Elapsed time: 2274.6735475063324s
Processing frame: 10800
Elapsed time: 2316.960797548294s
Processing frame: 11000
Elapsed time: 2359.724310874939s
Processing frame: 11200
Elapsed time: 2402.6631665229797s
Processing frame: 11400
Elapsed time: 2444.9224951267242s
Processing frame: 11600
Elapsed time: 2487.8136510849s
Processing frame: 11800
Elapsed time: 2530.65540599823s
Processing frame: 12000
Elapsed time: 2572.955586910248s
Processing frame: 12200
Elapsed time: 2615.8784189224243s
Processing frame: 12400
Elapsed time: 2658.7254164218903s
Processing frame: 12600
Elapsed time: 2701.089136838913s
Processing frame: 12800
Elapsed time: 2744.0230844020844s
Processing frame: 13000
Elapsed time: 2786.9270408153534s
Processing frame: 13200
Elapsed time: 2829.2946515083313s
Processing frame: 13400
Elapsed time: 2872.239287853241s
Processing frame: 13600
Elapsed time: 2915.231511592865s
Processing frame: 13800
Elapsed time: 2957.4896342754364s
Processing frame: 14000
Elapsed time: 3000.465001106262s
Processing frame: 14200
Elapsed time: 3043.393972158432s
Processing frame: 14400
Elapsed time: 3085.796224594116s
Processing frame: 14600
Elapsed time: 3128.7531769275665s
Processing frame: 14800
Elapsed time: 3171.6946444511414s
Processing frame: 15000
Elapsed time: 3214.0366308689117s
Processing frame: 15200
Elapsed time: 3256.9144225120544s
Processing frame: 0
Processing frame: 200
Processing frame: 400
Processing frame: 600
Processing frame: 800
Processing frame: 1000
Processing frame: 1200
Processing frame: 1400
Processing frame: 1600
Processing frame: 1800
Processing frame: 2000
Processing frame: 2200
Processing frame: 2400
Processing frame: 2600
Processing frame: 2800
Processing frame: 3000
Processing frame: 3200
Processing frame: 3400
Processing frame: 3600
Processing frame: 3800
Processing frame: 4000
Processing frame: 4200
Processing frame: 4400
Processing frame: 4600
Processing frame: 4800
Processing frame: 5000
