-------------------------------------------------------------------------------
There are messages associated with the following module(s):
-------------------------------------------------------------------------------

python/3.5.2:
   This module is deprecated and will be removed in the future. Please
   upgrade to python/3.5. If you had created virtual environments we
   recommend to recreate them. Ce module est marqué pour être retiré et
   sera supprimé dans le futur. Veuillez utiliser python/3.5. Si vous aviez
   créé un environnement virtuel, nous vous recommandons de le recréer.

-------------------------------------------------------------------------------

sh: openposeEnv_Python3/bin/activate: No such file or directory
OpenPose Library Python Wrapper
Raw frames per second: 17.06470874680681
Frame width:1152, Frame height:972.
Total frame number: 10259.0
Processing frame: 0
Elapsed time: 3.0517578125e-05s
Processing frame: 200
Elapsed time: 48.71748471260071s
Processing frame: 400
Elapsed time: 92.70396995544434s
Processing frame: 600
Elapsed time: 135.92793345451355s
Processing frame: 800
Elapsed time: 179.82295513153076s
Processing frame: 1000
Elapsed time: 223.76830172538757s
Processing frame: 1200
Elapsed time: 267.0659508705139s
Processing frame: 1400
Elapsed time: 310.98354959487915s
Processing frame: 1600
Elapsed time: 355.05982065200806s
Processing frame: 1800
Elapsed time: 398.4185791015625s
Processing frame: 2000
Elapsed time: 442.33764910697937s
Processing frame: 2200
Elapsed time: 486.3975713253021s
Processing frame: 2400
Elapsed time: 529.7470517158508s
Processing frame: 2600
Elapsed time: 573.7703814506531s
Processing frame: 2800
Elapsed time: 617.7546718120575s
Processing frame: 3000
Elapsed time: 661.0553164482117s
Processing frame: 3200
Elapsed time: 705.08349776268s
Processing frame: 3400
Elapsed time: 749.10764503479s
Processing frame: 3600
Elapsed time: 792.4923315048218s
Processing frame: 3800
Elapsed time: 836.3919351100922s
Processing frame: 4000
Elapsed time: 880.3483436107635s
Processing frame: 4200
Elapsed time: 923.73029088974s
Processing frame: 4400
Elapsed time: 967.6722638607025s
Processing frame: 4600
Elapsed time: 1011.7081141471863s
Processing frame: 4800
Elapsed time: 1055.1119403839111s
Processing frame: 5000
Elapsed time: 1099.1344702243805s
Processing frame: 5200
Elapsed time: 1143.2189364433289s
Processing frame: 5400
Elapsed time: 1186.4990801811218s
Processing frame: 5600
Elapsed time: 1230.5248560905457s
Processing frame: 5800
Elapsed time: 1274.5561990737915s
Processing frame: 6000
Elapsed time: 1317.9545786380768s
Processing frame: 6200
Elapsed time: 1362.0218291282654s
Processing frame: 6400
Elapsed time: 1406.0323507785797s
Processing frame: 6600
Elapsed time: 1449.3088755607605s
Processing frame: 6800
Elapsed time: 1493.2916705608368s
Processing frame: 7000
Elapsed time: 1537.2748577594757s
Processing frame: 7200
Elapsed time: 1580.5641558170319s
Processing frame: 7400
Elapsed time: 1624.6046476364136s
Processing frame: 7600
Elapsed time: 1668.5748283863068s
Processing frame: 7800
Elapsed time: 1711.858242034912s
Processing frame: 8000
Elapsed time: 1755.8500528335571s
Processing frame: 8200
Elapsed time: 1799.7548234462738s
Processing frame: 8400
Elapsed time: 1843.0437355041504s
Processing frame: 8600
Elapsed time: 1887.0574519634247s
Processing frame: 8800
Elapsed time: 1930.9586465358734s
Processing frame: 9000
Elapsed time: 1974.2194418907166s
Processing frame: 9200
Elapsed time: 2018.2217271327972s
Processing frame: 9400
Elapsed time: 2062.0778336524963s
Processing frame: 9600
Elapsed time: 2105.3748500347137s
Processing frame: 9800
Elapsed time: 2149.1276903152466s
Processing frame: 10000
Elapsed time: 2192.978230237961s
Processing frame: 10200
Elapsed time: 2236.316431760788s
Processing frame: 0
Processing frame: 200
Processing frame: 400
Processing frame: 600
Processing frame: 800
Processing frame: 1000
Processing frame: 1200
Processing frame: 1400
Processing frame: 1600
Processing frame: 1800
Processing frame: 2000
Processing frame: 2200
Processing frame: 2400
Processing frame: 2600
Processing frame: 2800
Processing frame: 3000
Processing frame: 3200
Processing frame: 3400
