-------------------------------------------------------------------------------
There are messages associated with the following module(s):
-------------------------------------------------------------------------------

python/3.5.2:
   This module is deprecated and will be removed in the future. Please
   upgrade to python/3.5. If you had created virtual environments we
   recommend to recreate them. Ce module est marqué pour être retiré et
   sera supprimé dans le futur. Veuillez utiliser python/3.5. Si vous aviez
   créé un environnement virtuel, nous vous recommandons de le recréer.

-------------------------------------------------------------------------------

sh: openposeEnv_Python3/bin/activate: No such file or directory
OpenPose Library Python Wrapper
Raw frames per second: 23.220330634063426
Frame width:1152, Frame height:972.
Total frame number: 13965.0
Processing frame: 0
Elapsed time: 1.1920928955078125e-05s
Processing frame: 200
Elapsed time: 49.197479486465454s
Processing frame: 400
Elapsed time: 93.70335602760315s
Processing frame: 600
Elapsed time: 137.52050614356995s
Processing frame: 800
Elapsed time: 182.05857753753662s
Processing frame: 1000
Elapsed time: 226.47219705581665s
Processing frame: 1200
Elapsed time: 270.26483058929443s
Processing frame: 1400
Elapsed time: 314.60978150367737s
Processing frame: 1600
Elapsed time: 358.9498975276947s
Processing frame: 1800
Elapsed time: 402.7059471607208s
Processing frame: 2000
Elapsed time: 447.1283710002899s
Processing frame: 2200
Elapsed time: 491.5680546760559s
Processing frame: 2400
Elapsed time: 535.3840365409851s
Processing frame: 2600
Elapsed time: 579.9055097103119s
Processing frame: 2800
Elapsed time: 624.4248478412628s
Processing frame: 3000
Elapsed time: 668.2128632068634s
Processing frame: 3200
Elapsed time: 712.4753844738007s
Processing frame: 3400
Elapsed time: 756.6904468536377s
Processing frame: 3600
Elapsed time: 800.3193023204803s
Processing frame: 3800
Elapsed time: 844.662266254425s
Processing frame: 4000
Elapsed time: 888.916666507721s
Processing frame: 4200
Elapsed time: 932.6977026462555s
Processing frame: 4400
Elapsed time: 977.0518410205841s
Processing frame: 4600
Elapsed time: 1021.329466342926s
Processing frame: 4800
Elapsed time: 1065.0757298469543s
Processing frame: 5000
Elapsed time: 1109.4244685173035s
Processing frame: 5200
Elapsed time: 1153.744824886322s
Processing frame: 5400
Elapsed time: 1197.4652757644653s
Processing frame: 5600
Elapsed time: 1241.9233496189117s
Processing frame: 5800
Elapsed time: 1286.2988686561584s
Processing frame: 6000
Elapsed time: 1330.0393650531769s
Processing frame: 6200
Elapsed time: 1374.3705382347107s
Processing frame: 6400
Elapsed time: 1418.7635052204132s
Processing frame: 6600
Elapsed time: 1462.5260815620422s
Processing frame: 6800
Elapsed time: 1506.8964540958405s
Processing frame: 7000
Elapsed time: 1551.1899271011353s
Processing frame: 7200
Elapsed time: 1594.8596439361572s
Processing frame: 7400
Elapsed time: 1639.1354641914368s
Processing frame: 7600
Elapsed time: 1683.530671596527s
Processing frame: 7800
Elapsed time: 1727.217602968216s
Processing frame: 8000
Elapsed time: 1771.501111984253s
Processing frame: 8200
Elapsed time: 1815.7130720615387s
Processing frame: 8400
Elapsed time: 1859.3458020687103s
Processing frame: 8600
Elapsed time: 1903.661339044571s
Processing frame: 8800
Elapsed time: 1947.9280183315277s
Processing frame: 9000
Elapsed time: 1991.5634756088257s
Processing frame: 9200
Elapsed time: 2035.779391527176s
Processing frame: 9400
Elapsed time: 2080.0428278446198s
Processing frame: 9600
Elapsed time: 2123.7308390140533s
Processing frame: 9800
Elapsed time: 2167.9691054821014s
Processing frame: 10000
Elapsed time: 2212.3005385398865s
Processing frame: 10200
Elapsed time: 2255.936026096344s
Processing frame: 10400
Elapsed time: 2300.2200014591217s
Processing frame: 10600
Elapsed time: 2344.5158767700195s
Processing frame: 10800
Elapsed time: 2388.1321234703064s
Processing frame: 11000
Elapsed time: 2432.470458984375s
Processing frame: 11200
Elapsed time: 2476.656228542328s
Processing frame: 11400
Elapsed time: 2520.295239686966s
Processing frame: 11600
Elapsed time: 2564.5880513191223s
Processing frame: 11800
Elapsed time: 2608.8829169273376s
Processing frame: 12000
Elapsed time: 2652.4811124801636s
Processing frame: 12200
Elapsed time: 2696.7585945129395s
Processing frame: 12400
Elapsed time: 2741.072634458542s
Processing frame: 12600
Elapsed time: 2785.1093213558197s
Processing frame: 12800
Elapsed time: 2829.47979927063s
Processing frame: 13000
Elapsed time: 2873.778844833374s
Processing frame: 13200
Elapsed time: 2917.521691799164s
Processing frame: 13400
Elapsed time: 2961.8101053237915s
Processing frame: 13600
Elapsed time: 3006.0463075637817s
Processing frame: 13800
Elapsed time: 3049.5754432678223s
Processing frame: 0
Processing frame: 200
Processing frame: 400
Processing frame: 600
Processing frame: 800
Processing frame: 1000
Processing frame: 1200
Processing frame: 1400
Processing frame: 1600
Processing frame: 1800
Processing frame: 2000
Processing frame: 2200
Processing frame: 2400
Processing frame: 2600
Processing frame: 2800
Processing frame: 3000
Processing frame: 3200
Processing frame: 3400
Processing frame: 3600
Processing frame: 3800
Processing frame: 4000
Processing frame: 4200
Processing frame: 4400
Processing frame: 4600
