-------------------------------------------------------------------------------
There are messages associated with the following module(s):
-------------------------------------------------------------------------------

python/3.5.2:
   This module is deprecated and will be removed in the future. Please
   upgrade to python/3.5. If you had created virtual environments we
   recommend to recreate them. Ce module est marqué pour être retiré et
   sera supprimé dans le futur. Veuillez utiliser python/3.5. Si vous aviez
   créé un environnement virtuel, nous vous recommandons de le recréer.

-------------------------------------------------------------------------------

sh: openposeEnv_Python3/bin/activate: No such file or directory
OpenPose Library Python Wrapper
Raw frames per second: 16.52210412709636
Frame width:960, Frame height:756.
Total frame number: 9966.0
Processing frame: 0
Elapsed time: 1.0967254638671875e-05s
Processing frame: 200
Elapsed time: 47.722851276397705s
Processing frame: 400
Elapsed time: 90.82055830955505s
Processing frame: 600
Elapsed time: 133.3072292804718s
Processing frame: 800
Elapsed time: 176.26255655288696s
Processing frame: 1000
Elapsed time: 219.30395412445068s
Processing frame: 1200
Elapsed time: 261.7113711833954s
Processing frame: 1400
Elapsed time: 304.8110888004303s
Processing frame: 1600
Elapsed time: 347.81921577453613s
Processing frame: 1800
Elapsed time: 390.29384088516235s
Processing frame: 2000
Elapsed time: 433.3062655925751s
Processing frame: 2200
Elapsed time: 476.4300570487976s
Processing frame: 2400
Elapsed time: 518.9482355117798s
Processing frame: 2600
Elapsed time: 561.9897768497467s
Processing frame: 2800
Elapsed time: 604.9354989528656s
Processing frame: 3000
Elapsed time: 647.3606512546539s
Processing frame: 3200
Elapsed time: 690.5063076019287s
Processing frame: 3400
Elapsed time: 733.6421961784363s
Processing frame: 3600
Elapsed time: 776.1082293987274s
Processing frame: 3800
Elapsed time: 819.1195685863495s
Processing frame: 4000
Elapsed time: 862.1280539035797s
Processing frame: 4200
Elapsed time: 904.5229878425598s
Processing frame: 4400
Elapsed time: 947.488263130188s
Processing frame: 4600
Elapsed time: 990.4988605976105s
Processing frame: 4800
Elapsed time: 1032.938234090805s
Processing frame: 5000
Elapsed time: 1075.9995992183685s
Processing frame: 5200
Elapsed time: 1119.0567572116852s
Processing frame: 5400
Elapsed time: 1161.3863105773926s
Processing frame: 5600
Elapsed time: 1204.355700969696s
Processing frame: 5800
Elapsed time: 1247.3985257148743s
Processing frame: 6000
Elapsed time: 1289.8807837963104s
Processing frame: 6200
Elapsed time: 1332.8466577529907s
Processing frame: 6400
Elapsed time: 1375.9167680740356s
Processing frame: 6600
Elapsed time: 1418.2176930904388s
Processing frame: 6800
Elapsed time: 1461.16486120224s
Processing frame: 7000
Elapsed time: 1504.1866533756256s
Processing frame: 7200
Elapsed time: 1546.488825559616s
Processing frame: 7400
Elapsed time: 1589.4258143901825s
Processing frame: 7600
Elapsed time: 1632.3512501716614s
Processing frame: 7800
Elapsed time: 1674.6942949295044s
Processing frame: 8000
Elapsed time: 1717.6135652065277s
Processing frame: 8200
Elapsed time: 1760.5150182247162s
Processing frame: 8400
Elapsed time: 1802.7953870296478s
Processing frame: 8600
Elapsed time: 1845.7683880329132s
Processing frame: 8800
Elapsed time: 1888.6538100242615s
Processing frame: 9000
Elapsed time: 1930.9456095695496s
Processing frame: 9200
Elapsed time: 1973.9325504302979s
Processing frame: 9400
Elapsed time: 2016.9270513057709s
Processing frame: 9600
Elapsed time: 2059.251200914383s
Processing frame: 9800
Elapsed time: 2102.063697576523s
Processing frame: 0
Processing frame: 200
Processing frame: 400
Processing frame: 600
Processing frame: 800
Processing frame: 1000
Processing frame: 1200
Processing frame: 1400
Processing frame: 1600
Processing frame: 1800
Processing frame: 2000
Processing frame: 2200
Processing frame: 2400
Processing frame: 2600
Processing frame: 2800
Processing frame: 3000
Processing frame: 3200
