-------------------------------------------------------------------------------
There are messages associated with the following module(s):
-------------------------------------------------------------------------------

python/3.5.2:
   This module is deprecated and will be removed in the future. Please
   upgrade to python/3.5. If you had created virtual environments we
   recommend to recreate them. Ce module est marqué pour être retiré et
   sera supprimé dans le futur. Veuillez utiliser python/3.5. Si vous aviez
   créé un environnement virtuel, nous vous recommandons de le recréer.

-------------------------------------------------------------------------------

sh: openposeEnv_Python3/bin/activate: No such file or directory
OpenPose Library Python Wrapper
Raw frames per second: 25.405117744407292
Frame width:960, Frame height:756.
Total frame number: 15333.0
Processing frame: 0
Elapsed time: 9.5367431640625e-06s
Processing frame: 200
Elapsed time: 47.92736601829529s
Processing frame: 400
Elapsed time: 91.1079044342041s
Processing frame: 600
Elapsed time: 133.70746302604675s
Processing frame: 800
Elapsed time: 176.8878526687622s
Processing frame: 1000
Elapsed time: 220.07542300224304s
Processing frame: 1200
Elapsed time: 262.6999452114105s
Processing frame: 1400
Elapsed time: 305.92656421661377s
Processing frame: 1600
Elapsed time: 349.20326566696167s
Processing frame: 1800
Elapsed time: 391.8095796108246s
Processing frame: 2000
Elapsed time: 434.94607877731323s
Processing frame: 2200
Elapsed time: 478.06910395622253s
Processing frame: 2400
Elapsed time: 520.7236676216125s
Processing frame: 2600
Elapsed time: 563.8084433078766s
Processing frame: 2800
Elapsed time: 606.9551701545715s
Processing frame: 3000
Elapsed time: 649.48650598526s
Processing frame: 3200
Elapsed time: 692.9731299877167s
Processing frame: 3400
Elapsed time: 736.0389437675476s
Processing frame: 3600
Elapsed time: 778.6155707836151s
Processing frame: 3800
Elapsed time: 821.7305827140808s
Processing frame: 4000
Elapsed time: 864.9391486644745s
Processing frame: 4200
Elapsed time: 907.523410320282s
Processing frame: 4400
Elapsed time: 950.6229991912842s
Processing frame: 4600
Elapsed time: 993.7564296722412s
Processing frame: 4800
Elapsed time: 1036.2575652599335s
Processing frame: 5000
Elapsed time: 1079.5151178836823s
Processing frame: 5200
Elapsed time: 1122.7394680976868s
Processing frame: 5400
Elapsed time: 1165.3399813175201s
Processing frame: 5600
Elapsed time: 1208.6064431667328s
Processing frame: 5800
Elapsed time: 1251.8075358867645s
Processing frame: 6000
Elapsed time: 1294.446290254593s
Processing frame: 6200
Elapsed time: 1337.5275301933289s
Processing frame: 6400
Elapsed time: 1380.702353477478s
Processing frame: 6600
Elapsed time: 1423.1432633399963s
Processing frame: 6800
Elapsed time: 1466.190996170044s
Processing frame: 7000
Elapsed time: 1509.3222122192383s
Processing frame: 7200
Elapsed time: 1551.8061790466309s
Processing frame: 7400
Elapsed time: 1594.8379170894623s
Processing frame: 7600
Elapsed time: 1637.9584295749664s
Processing frame: 7800
Elapsed time: 1680.4449322223663s
Processing frame: 8000
Elapsed time: 1723.5171592235565s
Processing frame: 8200
Elapsed time: 1766.6108944416046s
Processing frame: 8400
Elapsed time: 1809.1407968997955s
Processing frame: 8600
Elapsed time: 1852.176896572113s
Processing frame: 8800
Elapsed time: 1895.238789319992s
Processing frame: 9000
Elapsed time: 1937.7471215724945s
Processing frame: 9200
Elapsed time: 1980.7690644264221s
Processing frame: 9400
Elapsed time: 2023.9158027172089s
Processing frame: 9600
Elapsed time: 2066.3331456184387s
Processing frame: 9800
Elapsed time: 2109.3688893318176s
Processing frame: 10000
Elapsed time: 2152.5875251293182s
Processing frame: 10200
Elapsed time: 2195.1120488643646s
Processing frame: 10400
Elapsed time: 2238.165718793869s
Processing frame: 10600
Elapsed time: 2281.216363430023s
Processing frame: 10800
Elapsed time: 2323.6646449565887s
Processing frame: 11000
Elapsed time: 2366.599461078644s
Processing frame: 11200
Elapsed time: 2409.7009880542755s
Processing frame: 11400
Elapsed time: 2452.217143058777s
Processing frame: 11600
Elapsed time: 2495.25129365921s
Processing frame: 11800
Elapsed time: 2538.258582830429s
Processing frame: 12000
Elapsed time: 2580.6544432640076s
Processing frame: 12200
Elapsed time: 2623.6725120544434s
Processing frame: 12400
Elapsed time: 2666.5827231407166s
Processing frame: 12600
Elapsed time: 2708.969437599182s
Processing frame: 12800
Elapsed time: 2751.9906594753265s
Processing frame: 13000
Elapsed time: 2795.0566256046295s
Processing frame: 13200
Elapsed time: 2837.449592113495s
Processing frame: 13400
Elapsed time: 2880.4897224903107s
Processing frame: 13600
Elapsed time: 2923.5478978157043s
Processing frame: 13800
Elapsed time: 2965.957188129425s
Processing frame: 14000
Elapsed time: 3009.0202448368073s
Processing frame: 14200
Elapsed time: 3052.13498711586s
Processing frame: 14400
Elapsed time: 3094.6985919475555s
Processing frame: 14600
Elapsed time: 3137.7754323482513s
Processing frame: 14800
Elapsed time: 3180.741362810135s
Processing frame: 15000
Elapsed time: 3223.1456627845764s
Processing frame: 15200
Elapsed time: 3266.0910692214966s
Processing frame: 0
Processing frame: 200
Processing frame: 400
Processing frame: 600
Processing frame: 800
Processing frame: 1000
Processing frame: 1200
Processing frame: 1400
Processing frame: 1600
Processing frame: 1800
Processing frame: 2000
Processing frame: 2200
Processing frame: 2400
Processing frame: 2600
Processing frame: 2800
Processing frame: 3000
Processing frame: 3200
Processing frame: 3400
Processing frame: 3600
Processing frame: 3800
Processing frame: 4000
Processing frame: 4200
Processing frame: 4400
Processing frame: 4600
Processing frame: 4800
Processing frame: 5000
