-------------------------------------------------------------------------------
There are messages associated with the following module(s):
-------------------------------------------------------------------------------

python/3.5.2:
   This module is deprecated and will be removed in the future. Please
   upgrade to python/3.5. If you had created virtual environments we
   recommend to recreate them. Ce module est marqué pour être retiré et
   sera supprimé dans le futur. Veuillez utiliser python/3.5. Si vous aviez
   créé un environnement virtuel, nous vous recommandons de le recréer.

-------------------------------------------------------------------------------

sh: openposeEnv_Python3/bin/activate: No such file or directory
OpenPose Library Python Wrapper
Raw frames per second: 23.83871921966711
Frame width:960, Frame height:756.
Total frame number: 14390.0
Processing frame: 0
Elapsed time: 1.1920928955078125e-05s
Processing frame: 200
Elapsed time: 47.45015549659729s
Processing frame: 400
Elapsed time: 90.3101396560669s
Processing frame: 600
Elapsed time: 132.49252939224243s
Processing frame: 800
Elapsed time: 175.37358045578003s
Processing frame: 1000
Elapsed time: 218.23098850250244s
Processing frame: 1200
Elapsed time: 260.4965863227844s
Processing frame: 1400
Elapsed time: 303.3608853816986s
Processing frame: 1600
Elapsed time: 346.2730255126953s
Processing frame: 1800
Elapsed time: 388.636837720871s
Processing frame: 2000
Elapsed time: 431.5809369087219s
Processing frame: 2200
Elapsed time: 474.50346779823303s
Processing frame: 2400
Elapsed time: 516.7909722328186s
Processing frame: 2600
Elapsed time: 559.740306854248s
Processing frame: 2800
Elapsed time: 602.7719271183014s
Processing frame: 3000
Elapsed time: 645.1264374256134s
Processing frame: 3200
Elapsed time: 687.9547617435455s
Processing frame: 3400
Elapsed time: 730.8575377464294s
Processing frame: 3600
Elapsed time: 773.0632741451263s
Processing frame: 3800
Elapsed time: 815.995578289032s
Processing frame: 4000
Elapsed time: 859.054936170578s
Processing frame: 4200
Elapsed time: 901.3141179084778s
Processing frame: 4400
Elapsed time: 944.2497355937958s
Processing frame: 4600
Elapsed time: 987.1666281223297s
Processing frame: 4800
Elapsed time: 1029.48380112648s
Processing frame: 5000
Elapsed time: 1072.2845129966736s
Processing frame: 5200
Elapsed time: 1115.1018929481506s
Processing frame: 5400
Elapsed time: 1157.2660896778107s
Processing frame: 5600
Elapsed time: 1199.969467163086s
Processing frame: 5800
Elapsed time: 1242.7489590644836s
Processing frame: 6000
Elapsed time: 1284.9082074165344s
Processing frame: 6200
Elapsed time: 1327.7776544094086s
Processing frame: 6400
Elapsed time: 1371.0065143108368s
Processing frame: 6600
Elapsed time: 1413.207274198532s
Processing frame: 6800
Elapsed time: 1455.9822180271149s
Processing frame: 7000
Elapsed time: 1498.8433413505554s
Processing frame: 7200
Elapsed time: 1541.1050770282745s
Processing frame: 7400
Elapsed time: 1584.0041680335999s
Processing frame: 7600
Elapsed time: 1626.9090151786804s
Processing frame: 7800
Elapsed time: 1669.0870654582977s
Processing frame: 8000
Elapsed time: 1711.851928949356s
Processing frame: 8200
Elapsed time: 1754.556501865387s
Processing frame: 8400
Elapsed time: 1796.719084739685s
Processing frame: 8600
Elapsed time: 1839.505070924759s
Processing frame: 8800
Elapsed time: 1882.2806813716888s
Processing frame: 9000
Elapsed time: 1924.4915328025818s
Processing frame: 9200
Elapsed time: 1967.3790018558502s
Processing frame: 9400
Elapsed time: 2010.2200708389282s
Processing frame: 9600
Elapsed time: 2052.467164993286s
Processing frame: 9800
Elapsed time: 2095.182867527008s
Processing frame: 10000
Elapsed time: 2138.0034096240997s
Processing frame: 10200
Elapsed time: 2180.319015979767s
Processing frame: 10400
Elapsed time: 2223.0413341522217s
Processing frame: 10600
Elapsed time: 2265.790658712387s
Processing frame: 10800
Elapsed time: 2307.8818798065186s
Processing frame: 11000
Elapsed time: 2350.6444277763367s
Processing frame: 11200
Elapsed time: 2393.3533930778503s
Processing frame: 11400
Elapsed time: 2435.3785598278046s
Processing frame: 11600
Elapsed time: 2478.0393857955933s
Processing frame: 11800
Elapsed time: 2520.8021352291107s
Processing frame: 12000
Elapsed time: 2563.0142736434937s
Processing frame: 12200
Elapsed time: 2605.775440454483s
Processing frame: 12400
Elapsed time: 2648.9995493888855s
Processing frame: 12600
Elapsed time: 2691.1467962265015s
Processing frame: 12800
Elapsed time: 2733.916590452194s
Processing frame: 13000
Elapsed time: 2776.717710494995s
Processing frame: 13200
Elapsed time: 2818.866693019867s
Processing frame: 13400
Elapsed time: 2861.6454129219055s
Processing frame: 13600
Elapsed time: 2904.4392051696777s
Processing frame: 13800
Elapsed time: 2946.5926089286804s
Processing frame: 14000
Elapsed time: 2989.343519449234s
Processing frame: 14200
Elapsed time: 3032.1899292469025s
Processing frame: 0
Processing frame: 200
Processing frame: 400
Processing frame: 600
Processing frame: 800
Processing frame: 1000
Processing frame: 1200
Processing frame: 1400
Processing frame: 1600
Processing frame: 1800
Processing frame: 2000
Processing frame: 2200
Processing frame: 2400
Processing frame: 2600
Processing frame: 2800
Processing frame: 3000
Processing frame: 3200
Processing frame: 3400
Processing frame: 3600
Processing frame: 3800
Processing frame: 4000
Processing frame: 4200
Processing frame: 4400
Processing frame: 4600
