-------------------------------------------------------------------------------
There are messages associated with the following module(s):
-------------------------------------------------------------------------------

python/3.5.2:
   This module is deprecated and will be removed in the future. Please
   upgrade to python/3.5. If you had created virtual environments we
   recommend to recreate them. Ce module est marqué pour être retiré et
   sera supprimé dans le futur. Veuillez utiliser python/3.5. Si vous aviez
   créé un environnement virtuel, nous vous recommandons de le recréer.

-------------------------------------------------------------------------------

sh: openposeEnv_Python3/bin/activate: No such file or directory
OpenPose Library Python Wrapper
Raw frames per second: 18.619898704952565
Frame width:960, Frame height:756.
Total frame number: 11178.0
Processing frame: 0
Elapsed time: 9.5367431640625e-06s
Processing frame: 200
Elapsed time: 47.43770885467529s
Processing frame: 400
Elapsed time: 90.62007021903992s
Processing frame: 600
Elapsed time: 133.24207377433777s
Processing frame: 800
Elapsed time: 176.31388235092163s
Processing frame: 1000
Elapsed time: 219.43981218338013s
Processing frame: 1200
Elapsed time: 261.8410837650299s
Processing frame: 1400
Elapsed time: 304.84444522857666s
Processing frame: 1600
Elapsed time: 347.9093859195709s
Processing frame: 1800
Elapsed time: 390.41894268989563s
Processing frame: 2000
Elapsed time: 433.39255928993225s
Processing frame: 2200
Elapsed time: 476.4427914619446s
Processing frame: 2400
Elapsed time: 518.8422462940216s
Processing frame: 2600
Elapsed time: 561.779527425766s
Processing frame: 2800
Elapsed time: 604.7712750434875s
Processing frame: 3000
Elapsed time: 647.2089684009552s
Processing frame: 3200
Elapsed time: 690.273188829422s
Processing frame: 3400
Elapsed time: 733.4125666618347s
Processing frame: 3600
Elapsed time: 775.8065884113312s
Processing frame: 3800
Elapsed time: 818.7134940624237s
Processing frame: 4000
Elapsed time: 861.7419965267181s
Processing frame: 4200
Elapsed time: 904.0461297035217s
Processing frame: 4400
Elapsed time: 947.0434973239899s
Processing frame: 4600
Elapsed time: 989.9278929233551s
Processing frame: 4800
Elapsed time: 1032.3571240901947s
Processing frame: 5000
Elapsed time: 1075.425446510315s
Processing frame: 5200
Elapsed time: 1118.6058495044708s
Processing frame: 5400
Elapsed time: 1160.9685547351837s
Processing frame: 5600
Elapsed time: 1203.860164642334s
Processing frame: 5800
Elapsed time: 1246.8024611473083s
Processing frame: 6000
Elapsed time: 1289.0631251335144s
Processing frame: 6200
Elapsed time: 1331.9819238185883s
Processing frame: 6400
Elapsed time: 1374.9310903549194s
Processing frame: 6600
Elapsed time: 1417.1444959640503s
Processing frame: 6800
Elapsed time: 1460.0910692214966s
Processing frame: 7000
Elapsed time: 1503.0713131427765s
Processing frame: 7200
Elapsed time: 1545.3059906959534s
Processing frame: 7400
Elapsed time: 1588.1557216644287s
Processing frame: 7600
Elapsed time: 1631.0134615898132s
Processing frame: 7800
Elapsed time: 1673.3638265132904s
Processing frame: 8000
Elapsed time: 1716.157156944275s
Processing frame: 8200
Elapsed time: 1759.1095306873322s
Processing frame: 8400
Elapsed time: 1801.4975430965424s
Processing frame: 8600
Elapsed time: 1844.426936864853s
Processing frame: 8800
Elapsed time: 1887.4762139320374s
Processing frame: 9000
Elapsed time: 1929.7860395908356s
Processing frame: 9200
Elapsed time: 1972.6952793598175s
Processing frame: 9400
Elapsed time: 2015.600396156311s
Processing frame: 9600
Elapsed time: 2057.875807762146s
Processing frame: 9800
Elapsed time: 2100.8132147789s
Processing frame: 10000
Elapsed time: 2143.76349067688s
Processing frame: 10200
Elapsed time: 2186.035978078842s
Processing frame: 10400
Elapsed time: 2229.1101677417755s
Processing frame: 10600
Elapsed time: 2272.1308414936066s
Processing frame: 10800
Elapsed time: 2314.374279975891s
Processing frame: 11000
Elapsed time: 2357.2289118766785s
Processing frame: 0
Processing frame: 200
Processing frame: 400
Processing frame: 600
Processing frame: 800
Processing frame: 1000
Processing frame: 1200
Processing frame: 1400
Processing frame: 1600
Processing frame: 1800
Processing frame: 2000
Processing frame: 2200
Processing frame: 2400
Processing frame: 2600
Processing frame: 2800
Processing frame: 3000
Processing frame: 3200
Processing frame: 3400
Processing frame: 3600
