-------------------------------------------------------------------------------
There are messages associated with the following module(s):
-------------------------------------------------------------------------------

python/3.5.2:
   This module is deprecated and will be removed in the future. Please
   upgrade to python/3.5. If you had created virtual environments we
   recommend to recreate them. Ce module est marqué pour être retiré et
   sera supprimé dans le futur. Veuillez utiliser python/3.5. Si vous aviez
   créé un environnement virtuel, nous vous recommandons de le recréer.

-------------------------------------------------------------------------------

sh: openposeEnv_Python3/bin/activate: No such file or directory
OpenPose Library Python Wrapper
Raw frames per second: 16.793874553642322
Frame width:960, Frame height:756.
Total frame number: 10093.0
Processing frame: 0
Elapsed time: 1.0967254638671875e-05s
Processing frame: 200
Elapsed time: 47.610838890075684s
Processing frame: 400
Elapsed time: 90.4926450252533s
Processing frame: 600
Elapsed time: 132.7451524734497s
Processing frame: 800
Elapsed time: 175.58115220069885s
Processing frame: 1000
Elapsed time: 218.39028763771057s
Processing frame: 1200
Elapsed time: 260.62788128852844s
Processing frame: 1400
Elapsed time: 303.46863985061646s
Processing frame: 1600
Elapsed time: 346.475448846817s
Processing frame: 1800
Elapsed time: 388.8351483345032s
Processing frame: 2000
Elapsed time: 431.86940813064575s
Processing frame: 2200
Elapsed time: 474.8761329650879s
Processing frame: 2400
Elapsed time: 517.1022529602051s
Processing frame: 2600
Elapsed time: 560.0494306087494s
Processing frame: 2800
Elapsed time: 603.1083738803864s
Processing frame: 3000
Elapsed time: 645.4352066516876s
Processing frame: 3200
Elapsed time: 688.215984582901s
Processing frame: 3400
Elapsed time: 731.2209086418152s
Processing frame: 3600
Elapsed time: 773.5721805095673s
Processing frame: 3800
Elapsed time: 816.4908809661865s
Processing frame: 4000
Elapsed time: 859.556013584137s
Processing frame: 4200
Elapsed time: 901.7715287208557s
Processing frame: 4400
Elapsed time: 944.5522499084473s
Processing frame: 4600
Elapsed time: 987.5699307918549s
Processing frame: 4800
Elapsed time: 1029.8045480251312s
Processing frame: 5000
Elapsed time: 1072.8218576908112s
Processing frame: 5200
Elapsed time: 1115.705135345459s
Processing frame: 5400
Elapsed time: 1158.0655059814453s
Processing frame: 5600
Elapsed time: 1200.9336977005005s
Processing frame: 5800
Elapsed time: 1243.8042285442352s
Processing frame: 6000
Elapsed time: 1285.9906187057495s
Processing frame: 6200
Elapsed time: 1328.8789465427399s
Processing frame: 6400
Elapsed time: 1371.8656249046326s
Processing frame: 6600
Elapsed time: 1414.266132593155s
Processing frame: 6800
Elapsed time: 1457.1807968616486s
Processing frame: 7000
Elapsed time: 1499.9865024089813s
Processing frame: 7200
Elapsed time: 1542.2411584854126s
Processing frame: 7400
Elapsed time: 1585.0493421554565s
Processing frame: 7600
Elapsed time: 1627.8443751335144s
Processing frame: 7800
Elapsed time: 1670.1043300628662s
Processing frame: 8000
Elapsed time: 1713.0274288654327s
Processing frame: 8200
Elapsed time: 1755.8650598526s
Processing frame: 8400
Elapsed time: 1798.1688554286957s
Processing frame: 8600
Elapsed time: 1841.1053779125214s
Processing frame: 8800
Elapsed time: 1883.9735929965973s
Processing frame: 9000
Elapsed time: 1926.1404716968536s
Processing frame: 9200
Elapsed time: 1968.920533657074s
Processing frame: 9400
Elapsed time: 2011.6629815101624s
Processing frame: 9600
Elapsed time: 2053.877061367035s
Processing frame: 9800
Elapsed time: 2098.7177822589874s
Processing frame: 10000
Elapsed time: 2144.641497850418s
Frame: 10092, grabbed=False and frame=None
Processing frame: 0
Processing frame: 200
Processing frame: 400
Processing frame: 600
Processing frame: 800
Processing frame: 1000
Processing frame: 1200
Processing frame: 1400
Processing frame: 1600
Processing frame: 1800
Processing frame: 2000
Processing frame: 2200
Processing frame: 2400
Processing frame: 2600
Processing frame: 2800
Processing frame: 3000
Processing frame: 3200
