-------------------------------------------------------------------------------
There are messages associated with the following module(s):
-------------------------------------------------------------------------------

python/3.5.2:
   This module is deprecated and will be removed in the future. Please
   upgrade to python/3.5. If you had created virtual environments we
   recommend to recreate them. Ce module est marqué pour être retiré et
   sera supprimé dans le futur. Veuillez utiliser python/3.5. Si vous aviez
   créé un environnement virtuel, nous vous recommandons de le recréer.

-------------------------------------------------------------------------------

sh: openposeEnv_Python3/bin/activate: No such file or directory
OpenPose Library Python Wrapper
Raw frames per second: 14.632697529499083
Crop: Video not from Camera1 or Camera2!
Frame width:1152, Frame height:972.
Polygon: Video not from Camera1 or Camera2!
Total frame number: 8825.0
Processing frame: 0
Elapsed time: 1.9788742065429688e-05s
Processing frame: 200
Elapsed time: 49.18583393096924s
Processing frame: 400
Elapsed time: 93.5761067867279s
Processing frame: 600
Elapsed time: 137.43033027648926s
Processing frame: 800
Elapsed time: 181.78912591934204s
Processing frame: 1000
Elapsed time: 226.52335858345032s
Processing frame: 1200
Elapsed time: 270.26276326179504s
Processing frame: 1400
Elapsed time: 314.6713569164276s
Processing frame: 1600
Elapsed time: 359.19732427597046s
Processing frame: 1800
Elapsed time: 403.18482398986816s
Processing frame: 2000
Elapsed time: 447.4228813648224s
Processing frame: 2200
Elapsed time: 491.76100158691406s
Processing frame: 2400
Elapsed time: 535.5199191570282s
Processing frame: 2600
Elapsed time: 579.9327356815338s
Processing frame: 2800
Elapsed time: 624.4688458442688s
Processing frame: 3000
Elapsed time: 668.2544448375702s
Processing frame: 3200
Elapsed time: 712.6314465999603s
Processing frame: 3400
Elapsed time: 757.0640070438385s
Processing frame: 3600
Elapsed time: 800.8278007507324s
Processing frame: 3800
Elapsed time: 845.1413586139679s
Processing frame: 4000
Elapsed time: 889.5421187877655s
Processing frame: 4200
Elapsed time: 933.2005572319031s
Processing frame: 4400
Elapsed time: 977.7151198387146s
Processing frame: 4600
Elapsed time: 1021.891925573349s
Processing frame: 4800
Elapsed time: 1065.4803476333618s
Processing frame: 5000
Elapsed time: 1109.7612409591675s
Processing frame: 5200
Elapsed time: 1154.012035369873s
Processing frame: 5400
Elapsed time: 1197.6128244400024s
Processing frame: 5600
Elapsed time: 1241.921822309494s
Processing frame: 5800
Elapsed time: 1286.1955366134644s
Processing frame: 6000
Elapsed time: 1329.830199956894s
Processing frame: 6200
Elapsed time: 1374.4898056983948s
Processing frame: 6400
Elapsed time: 1418.982085943222s
Processing frame: 6600
Elapsed time: 1462.5547580718994s
Processing frame: 6800
Elapsed time: 1506.8057765960693s
Processing frame: 7000
Elapsed time: 1551.132709980011s
Processing frame: 7200
Elapsed time: 1594.7434391975403s
Processing frame: 7400
Elapsed time: 1638.97332406044s
Processing frame: 7600
Elapsed time: 1683.3701076507568s
Processing frame: 7800
Elapsed time: 1727.634878873825s
Processing frame: 8000
Elapsed time: 1771.853984117508s
Processing frame: 8200
Elapsed time: 1816.0668802261353s
Processing frame: 8400
Elapsed time: 1860.0307936668396s
Processing frame: 8600
Elapsed time: 1904.3476631641388s
Processing frame: 8800
Elapsed time: 1948.6098852157593s
Processing frame: 0
Processing frame: 200
Processing frame: 400
Processing frame: 600
Processing frame: 800
Processing frame: 1000
Processing frame: 1200
Processing frame: 1400
Processing frame: 1600
Processing frame: 1800
Processing frame: 2000
Processing frame: 2200
Processing frame: 2400
Processing frame: 2600
Processing frame: 2800
