-------------------------------------------------------------------------------
There are messages associated with the following module(s):
-------------------------------------------------------------------------------

python/3.5.2:
   This module is deprecated and will be removed in the future. Please
   upgrade to python/3.5. If you had created virtual environments we
   recommend to recreate them. Ce module est marqué pour être retiré et
   sera supprimé dans le futur. Veuillez utiliser python/3.5. Si vous aviez
   créé un environnement virtuel, nous vous recommandons de le recréer.

-------------------------------------------------------------------------------

sh: openposeEnv_Python3/bin/activate: No such file or directory
OpenPose Library Python Wrapper
Raw frames per second: 15.812661295228287
Frame width:960, Frame height:756.
Total frame number: 9488.0
Processing frame: 0
Elapsed time: 1.1920928955078125e-05s
Processing frame: 200
Elapsed time: 47.61383295059204s
Processing frame: 400
Elapsed time: 90.62834453582764s
Processing frame: 600
Elapsed time: 133.12696504592896s
Processing frame: 800
Elapsed time: 176.16779375076294s
Processing frame: 1000
Elapsed time: 219.12874913215637s
Processing frame: 1200
Elapsed time: 261.40992164611816s
Processing frame: 1400
Elapsed time: 304.3932638168335s
Processing frame: 1600
Elapsed time: 347.35237526893616s
Processing frame: 1800
Elapsed time: 389.6667950153351s
Processing frame: 2000
Elapsed time: 432.59170794487s
Processing frame: 2200
Elapsed time: 475.5841693878174s
Processing frame: 2400
Elapsed time: 517.9481439590454s
Processing frame: 2600
Elapsed time: 560.9598541259766s
Processing frame: 2800
Elapsed time: 604.0245804786682s
Processing frame: 3000
Elapsed time: 646.430281162262s
Processing frame: 3200
Elapsed time: 689.4443559646606s
Processing frame: 3400
Elapsed time: 732.3563385009766s
Processing frame: 3600
Elapsed time: 774.6475703716278s
Processing frame: 3800
Elapsed time: 817.599080324173s
Processing frame: 4000
Elapsed time: 860.6112427711487s
Processing frame: 4200
Elapsed time: 903.1127536296844s
Processing frame: 4400
Elapsed time: 946.0993595123291s
Processing frame: 4600
Elapsed time: 989.2027966976166s
Processing frame: 4800
Elapsed time: 1031.6537070274353s
Processing frame: 5000
Elapsed time: 1074.6752998828888s
Processing frame: 5200
Elapsed time: 1117.7633836269379s
Processing frame: 5400
Elapsed time: 1160.0941669940948s
Processing frame: 5600
Elapsed time: 1203.0275361537933s
Processing frame: 5800
Elapsed time: 1246.0446770191193s
Processing frame: 6000
Elapsed time: 1288.4884796142578s
Processing frame: 6200
Elapsed time: 1331.5893557071686s
Processing frame: 6400
Elapsed time: 1374.656574010849s
Processing frame: 6600
Elapsed time: 1417.1150178909302s
Processing frame: 6800
Elapsed time: 1460.2493810653687s
Processing frame: 7000
Elapsed time: 1503.4024579524994s
Processing frame: 7200
Elapsed time: 1545.8385140895844s
Processing frame: 7400
Elapsed time: 1588.856523513794s
Processing frame: 7600
Elapsed time: 1631.8818604946136s
Processing frame: 7800
Elapsed time: 1674.3497231006622s
Processing frame: 8000
Elapsed time: 1717.4590311050415s
Processing frame: 8200
Elapsed time: 1760.521696805954s
Processing frame: 8400
Elapsed time: 1802.832720041275s
Processing frame: 8600
Elapsed time: 1845.818205833435s
Processing frame: 8800
Elapsed time: 1888.8059673309326s
Processing frame: 9000
Elapsed time: 1931.1080272197723s
Processing frame: 9200
Elapsed time: 1974.0450031757355s
Processing frame: 9400
Elapsed time: 2016.9656224250793s
Processing frame: 0
Processing frame: 200
Processing frame: 400
Processing frame: 600
Processing frame: 800
Processing frame: 1000
Processing frame: 1200
Processing frame: 1400
Processing frame: 1600
Processing frame: 1800
Processing frame: 2000
Processing frame: 2200
Processing frame: 2400
Processing frame: 2600
Processing frame: 2800
Processing frame: 3000
