-------------------------------------------------------------------------------
There are messages associated with the following module(s):
-------------------------------------------------------------------------------

python/3.5.2:
   This module is deprecated and will be removed in the future. Please
   upgrade to python/3.5. If you had created virtual environments we
   recommend to recreate them. Ce module est marqué pour être retiré et
   sera supprimé dans le futur. Veuillez utiliser python/3.5. Si vous aviez
   créé un environnement virtuel, nous vous recommandons de le recréer.

-------------------------------------------------------------------------------

sh: openposeEnv_Python3/bin/activate: No such file or directory
OpenPose Library Python Wrapper
Raw frames per second: 14.688827472832823
Crop: Video not from Camera1 or Camera2!
Frame width:1152, Frame height:972.
Polygon: Video not from Camera1 or Camera2!
Total frame number: 8828.0
Processing frame: 0
Elapsed time: 1.0013580322265625e-05s
Processing frame: 200
Elapsed time: 49.387927770614624s
Processing frame: 400
Elapsed time: 93.67764067649841s
Processing frame: 600
Elapsed time: 137.6268162727356s
Processing frame: 800
Elapsed time: 181.7539119720459s
Processing frame: 1000
Elapsed time: 226.06979775428772s
Processing frame: 1200
Elapsed time: 269.9803857803345s
Processing frame: 1400
Elapsed time: 314.251478433609s
Processing frame: 1600
Elapsed time: 358.40036273002625s
Processing frame: 1800
Elapsed time: 402.73744344711304s
Processing frame: 2000
Elapsed time: 446.9698450565338s
Processing frame: 2200
Elapsed time: 491.255567073822s
Processing frame: 2400
Elapsed time: 534.8154137134552s
Processing frame: 2600
Elapsed time: 579.0241777896881s
Processing frame: 2800
Elapsed time: 623.4767692089081s
Processing frame: 3000
Elapsed time: 667.1471571922302s
Processing frame: 3200
Elapsed time: 711.4570159912109s
Processing frame: 3400
Elapsed time: 755.7486066818237s
Processing frame: 3600
Elapsed time: 799.4175100326538s
Processing frame: 3800
Elapsed time: 843.6723093986511s
Processing frame: 4000
Elapsed time: 888.0829281806946s
Processing frame: 4200
Elapsed time: 931.7658541202545s
Processing frame: 4400
Elapsed time: 976.0199122428894s
Processing frame: 4600
Elapsed time: 1020.2787437438965s
Processing frame: 4800
Elapsed time: 1063.8581488132477s
Processing frame: 5000
Elapsed time: 1108.1878428459167s
Processing frame: 5200
Elapsed time: 1152.6843795776367s
Processing frame: 5400
Elapsed time: 1196.266610622406s
Processing frame: 5600
Elapsed time: 1240.4694228172302s
Processing frame: 5800
Elapsed time: 1284.9032261371613s
Processing frame: 6000
Elapsed time: 1328.566743850708s
Processing frame: 6200
Elapsed time: 1372.7531287670135s
Processing frame: 6400
Elapsed time: 1417.0025851726532s
Processing frame: 6600
Elapsed time: 1460.7105350494385s
Processing frame: 6800
Elapsed time: 1505.018019914627s
Processing frame: 7000
Elapsed time: 1549.3826093673706s
Processing frame: 7200
Elapsed time: 1593.015596628189s
Processing frame: 7400
Elapsed time: 1637.2082045078278s
Processing frame: 7600
Elapsed time: 1681.476898908615s
Processing frame: 7800
Elapsed time: 1725.0063364505768s
Processing frame: 8000
Elapsed time: 1769.1301710605621s
Processing frame: 8200
Elapsed time: 1813.2992446422577s
Processing frame: 8400
Elapsed time: 1856.8540699481964s
Processing frame: 8600
Elapsed time: 1901.0476520061493s
Processing frame: 8800
Elapsed time: 1945.1744711399078s
Processing frame: 0
Processing frame: 200
Processing frame: 400
Processing frame: 600
Processing frame: 800
Processing frame: 1000
Processing frame: 1200
Processing frame: 1400
Processing frame: 1600
Processing frame: 1800
Processing frame: 2000
Processing frame: 2200
Processing frame: 2400
Processing frame: 2600
Processing frame: 2800
