-------------------------------------------------------------------------------
There are messages associated with the following module(s):
-------------------------------------------------------------------------------

python/3.5.2:
   This module is deprecated and will be removed in the future. Please
   upgrade to python/3.5. If you had created virtual environments we
   recommend to recreate them. Ce module est marqué pour être retiré et
   sera supprimé dans le futur. Veuillez utiliser python/3.5. Si vous aviez
   créé un environnement virtuel, nous vous recommandons de le recréer.

-------------------------------------------------------------------------------

sh: openposeEnv_Python3/bin/activate: No such file or directory
OpenPose Library Python Wrapper
Raw frames per second: 21.207426300689672
Frame width:960, Frame height:756.
Total frame number: 12748.0
Processing frame: 0
Elapsed time: 1.0728836059570312e-05s
Processing frame: 200
Elapsed time: 47.512988805770874s
Processing frame: 400
Elapsed time: 90.43748641014099s
Processing frame: 600
Elapsed time: 132.6546106338501s
Processing frame: 800
Elapsed time: 175.5445306301117s
Processing frame: 1000
Elapsed time: 218.5475332736969s
Processing frame: 1200
Elapsed time: 260.8155286312103s
Processing frame: 1400
Elapsed time: 303.62137174606323s
Processing frame: 1600
Elapsed time: 346.3586709499359s
Processing frame: 1800
Elapsed time: 388.39139676094055s
Processing frame: 2000
Elapsed time: 431.077091217041s
Processing frame: 2200
Elapsed time: 473.9187824726105s
Processing frame: 2400
Elapsed time: 516.0945827960968s
Processing frame: 2600
Elapsed time: 558.900224685669s
Processing frame: 2800
Elapsed time: 601.6383183002472s
Processing frame: 3000
Elapsed time: 643.7216691970825s
Processing frame: 3200
Elapsed time: 686.3736245632172s
Processing frame: 3400
Elapsed time: 729.1384725570679s
Processing frame: 3600
Elapsed time: 771.2634761333466s
Processing frame: 3800
Elapsed time: 814.087203502655s
Processing frame: 4000
Elapsed time: 856.9543015956879s
Processing frame: 4200
Elapsed time: 899.2212679386139s
Processing frame: 4400
Elapsed time: 942.0116496086121s
Processing frame: 4600
Elapsed time: 984.7849724292755s
Processing frame: 4800
Elapsed time: 1026.86816573143s
Processing frame: 5000
Elapsed time: 1069.6130290031433s
Processing frame: 5200
Elapsed time: 1112.4208528995514s
Processing frame: 5400
Elapsed time: 1154.5969457626343s
Processing frame: 5600
Elapsed time: 1197.305953502655s
Processing frame: 5800
Elapsed time: 1240.1408202648163s
Processing frame: 6000
Elapsed time: 1282.25914478302s
Processing frame: 6200
Elapsed time: 1325.0450592041016s
Processing frame: 6400
Elapsed time: 1367.746508359909s
Processing frame: 6600
Elapsed time: 1409.9101543426514s
Processing frame: 6800
Elapsed time: 1452.71768450737s
Processing frame: 7000
Elapsed time: 1495.5141849517822s
Processing frame: 7200
Elapsed time: 1537.7204930782318s
Processing frame: 7400
Elapsed time: 1580.4414989948273s
Processing frame: 7600
Elapsed time: 1623.1212692260742s
Processing frame: 7800
Elapsed time: 1665.1600461006165s
Processing frame: 8000
Elapsed time: 1707.8560628890991s
Processing frame: 8200
Elapsed time: 1750.5490567684174s
Processing frame: 8400
Elapsed time: 1792.6366474628448s
Processing frame: 8600
Elapsed time: 1835.394418001175s
Processing frame: 8800
Elapsed time: 1878.0576560497284s
Processing frame: 9000
Elapsed time: 1920.153455734253s
Processing frame: 9200
Elapsed time: 1962.942634820938s
Processing frame: 9400
Elapsed time: 2005.7311010360718s
Processing frame: 9600
Elapsed time: 2047.9017524719238s
Processing frame: 9800
Elapsed time: 2090.7069323062897s
Processing frame: 10000
Elapsed time: 2133.395681142807s
Processing frame: 10200
Elapsed time: 2175.4872493743896s
Processing frame: 10400
Elapsed time: 2218.2067613601685s
Processing frame: 10600
Elapsed time: 2260.940586090088s
Processing frame: 10800
Elapsed time: 2303.044560432434s
Processing frame: 11000
Elapsed time: 2345.755307197571s
Processing frame: 11200
Elapsed time: 2388.5467479228973s
Processing frame: 11400
Elapsed time: 2430.728170633316s
Processing frame: 11600
Elapsed time: 2473.5585730075836s
Processing frame: 11800
Elapsed time: 2516.2210323810577s
Processing frame: 12000
Elapsed time: 2558.2686026096344s
Processing frame: 12200
Elapsed time: 2600.8704092502594s
Processing frame: 12400
Elapsed time: 2643.4596157073975s
Processing frame: 12600
Elapsed time: 2685.566005706787s
Frame: 12747, grabbed=False and frame=None
Processing frame: 0
Processing frame: 200
Processing frame: 400
Processing frame: 600
Processing frame: 800
Processing frame: 1000
Processing frame: 1200
Processing frame: 1400
Processing frame: 1600
Processing frame: 1800
Processing frame: 2000
Processing frame: 2200
Processing frame: 2400
Processing frame: 2600
Processing frame: 2800
Processing frame: 3000
Processing frame: 3200
Processing frame: 3400
Processing frame: 3600
Processing frame: 3800
Processing frame: 4000
Processing frame: 4200
