-------------------------------------------------------------------------------
There are messages associated with the following module(s):
-------------------------------------------------------------------------------

python/3.5.2:
   This module is deprecated and will be removed in the future. Please
   upgrade to python/3.5. If you had created virtual environments we
   recommend to recreate them. Ce module est marqué pour être retiré et
   sera supprimé dans le futur. Veuillez utiliser python/3.5. Si vous aviez
   créé un environnement virtuel, nous vous recommandons de le recréer.

-------------------------------------------------------------------------------

sh: openposeEnv_Python3/bin/activate: No such file or directory
OpenPose Library Python Wrapper
Raw frames per second: 21.877035020028426
Frame width:960, Frame height:756.
Total frame number: 13125.0
Processing frame: 0
Elapsed time: 1.0013580322265625e-05s
Processing frame: 200
Elapsed time: 47.52469277381897s
Processing frame: 400
Elapsed time: 90.48136830329895s
Processing frame: 600
Elapsed time: 132.9528021812439s
Processing frame: 800
Elapsed time: 175.96506428718567s
Processing frame: 1000
Elapsed time: 218.98927879333496s
Processing frame: 1200
Elapsed time: 261.42329955101013s
Processing frame: 1400
Elapsed time: 304.5373899936676s
Processing frame: 1600
Elapsed time: 347.579523563385s
Processing frame: 1800
Elapsed time: 389.9571726322174s
Processing frame: 2000
Elapsed time: 432.9368095397949s
Processing frame: 2200
Elapsed time: 475.93162989616394s
Processing frame: 2400
Elapsed time: 518.376170873642s
Processing frame: 2600
Elapsed time: 561.4596486091614s
Processing frame: 2800
Elapsed time: 604.5434939861298s
Processing frame: 3000
Elapsed time: 646.9036703109741s
Processing frame: 3200
Elapsed time: 689.9123463630676s
Processing frame: 3400
Elapsed time: 732.9224467277527s
Processing frame: 3600
Elapsed time: 775.2396638393402s
Processing frame: 3800
Elapsed time: 818.2221896648407s
Processing frame: 4000
Elapsed time: 861.2473886013031s
Processing frame: 4200
Elapsed time: 903.6131148338318s
Processing frame: 4400
Elapsed time: 946.616464138031s
Processing frame: 4600
Elapsed time: 989.5782814025879s
Processing frame: 4800
Elapsed time: 1032.0298025608063s
Processing frame: 5000
Elapsed time: 1075.035420179367s
Processing frame: 5200
Elapsed time: 1118.1333918571472s
Processing frame: 5400
Elapsed time: 1160.5153696537018s
Processing frame: 5600
Elapsed time: 1203.4634413719177s
Processing frame: 5800
Elapsed time: 1246.3589415550232s
Processing frame: 6000
Elapsed time: 1288.6309959888458s
Processing frame: 6200
Elapsed time: 1331.6363954544067s
Processing frame: 6400
Elapsed time: 1374.5930938720703s
Processing frame: 6600
Elapsed time: 1416.967297077179s
Processing frame: 6800
Elapsed time: 1459.9843955039978s
Processing frame: 7000
Elapsed time: 1503.0911796092987s
Processing frame: 7200
Elapsed time: 1545.3535797595978s
Processing frame: 7400
Elapsed time: 1588.2513976097107s
Processing frame: 7600
Elapsed time: 1631.2217934131622s
Processing frame: 7800
Elapsed time: 1673.5706474781036s
Processing frame: 8000
Elapsed time: 1716.4938950538635s
Processing frame: 8200
Elapsed time: 1759.4158656597137s
Processing frame: 8400
Elapsed time: 1801.7842257022858s
Processing frame: 8600
Elapsed time: 1844.7854285240173s
Processing frame: 8800
Elapsed time: 1887.9068264961243s
Processing frame: 9000
Elapsed time: 1930.2837076187134s
Processing frame: 9200
Elapsed time: 1973.370314836502s
Processing frame: 9400
Elapsed time: 2016.3530752658844s
Processing frame: 9600
Elapsed time: 2058.676592350006s
Processing frame: 9800
Elapsed time: 2101.6375715732574s
Processing frame: 10000
Elapsed time: 2144.6647288799286s
Processing frame: 10200
Elapsed time: 2187.3481850624084s
Processing frame: 10400
Elapsed time: 2230.2908482551575s
Processing frame: 10600
Elapsed time: 2273.3860857486725s
Processing frame: 10800
Elapsed time: 2315.7820253372192s
Processing frame: 11000
Elapsed time: 2358.660336494446s
Processing frame: 11200
Elapsed time: 2401.5602746009827s
Processing frame: 11400
Elapsed time: 2443.90939950943s
Processing frame: 11600
Elapsed time: 2486.872748374939s
Processing frame: 11800
Elapsed time: 2529.84734582901s
Processing frame: 12000
Elapsed time: 2572.186300754547s
Processing frame: 12200
Elapsed time: 2615.1703357696533s
Processing frame: 12400
Elapsed time: 2658.1779069900513s
Processing frame: 12600
Elapsed time: 2700.586751937866s
Processing frame: 12800
Elapsed time: 2743.6057546138763s
Processing frame: 13000
Elapsed time: 2786.6873087882996s
Processing frame: 0
Processing frame: 200
Processing frame: 400
Processing frame: 600
Processing frame: 800
Processing frame: 1000
Processing frame: 1200
Processing frame: 1400
Processing frame: 1600
Processing frame: 1800
Processing frame: 2000
Processing frame: 2200
Processing frame: 2400
Processing frame: 2600
Processing frame: 2800
Processing frame: 3000
Processing frame: 3200
Processing frame: 3400
Processing frame: 3600
Processing frame: 3800
Processing frame: 4000
Processing frame: 4200
