-------------------------------------------------------------------------------
There are messages associated with the following module(s):
-------------------------------------------------------------------------------

python/3.5.2:
   This module is deprecated and will be removed in the future. Please
   upgrade to python/3.5. If you had created virtual environments we
   recommend to recreate them. Ce module est marqué pour être retiré et
   sera supprimé dans le futur. Veuillez utiliser python/3.5. Si vous aviez
   créé un environnement virtuel, nous vous recommandons de le recréer.

-------------------------------------------------------------------------------

sh: openposeEnv_Python3/bin/activate: No such file or directory
OpenPose Library Python Wrapper
Raw frames per second: 20.19674890492568
Frame width:960, Frame height:756.
Total frame number: 12191.0
Processing frame: 0
Elapsed time: 1.0013580322265625e-05s
Processing frame: 200
Elapsed time: 47.741825580596924s
Processing frame: 400
Elapsed time: 90.6835310459137s
Processing frame: 600
Elapsed time: 133.10643029212952s
Processing frame: 800
Elapsed time: 176.04558396339417s
Processing frame: 1000
Elapsed time: 219.02170729637146s
Processing frame: 1200
Elapsed time: 261.4222869873047s
Processing frame: 1400
Elapsed time: 304.44672775268555s
Processing frame: 1600
Elapsed time: 347.37720227241516s
Processing frame: 1800
Elapsed time: 389.81923818588257s
Processing frame: 2000
Elapsed time: 432.7711763381958s
Processing frame: 2200
Elapsed time: 475.7313230037689s
Processing frame: 2400
Elapsed time: 518.1684339046478s
Processing frame: 2600
Elapsed time: 561.2093834877014s
Processing frame: 2800
Elapsed time: 604.310952425003s
Processing frame: 3000
Elapsed time: 646.7062377929688s
Processing frame: 3200
Elapsed time: 689.7362251281738s
Processing frame: 3400
Elapsed time: 732.7744512557983s
Processing frame: 3600
Elapsed time: 775.1117243766785s
Processing frame: 3800
Elapsed time: 818.0535655021667s
Processing frame: 4000
Elapsed time: 861.0236268043518s
Processing frame: 4200
Elapsed time: 903.5253655910492s
Processing frame: 4400
Elapsed time: 946.4980075359344s
Processing frame: 4600
Elapsed time: 989.4797253608704s
Processing frame: 4800
Elapsed time: 1031.8540284633636s
Processing frame: 5000
Elapsed time: 1074.8664140701294s
Processing frame: 5200
Elapsed time: 1117.8600313663483s
Processing frame: 5400
Elapsed time: 1160.2477767467499s
Processing frame: 5600
Elapsed time: 1203.2899053096771s
Processing frame: 5800
Elapsed time: 1246.1894626617432s
Processing frame: 6000
Elapsed time: 1288.4284274578094s
Processing frame: 6200
Elapsed time: 1331.3147571086884s
Processing frame: 6400
Elapsed time: 1374.1603577136993s
Processing frame: 6600
Elapsed time: 1416.48428273201s
Processing frame: 6800
Elapsed time: 1459.458779335022s
Processing frame: 7000
Elapsed time: 1502.2973835468292s
Processing frame: 7200
Elapsed time: 1544.77889752388s
Processing frame: 7400
Elapsed time: 1587.7454895973206s
Processing frame: 7600
Elapsed time: 1630.5787892341614s
Processing frame: 7800
Elapsed time: 1672.8603336811066s
Processing frame: 8000
Elapsed time: 1715.8240752220154s
Processing frame: 8200
Elapsed time: 1758.7406249046326s
Processing frame: 8400
Elapsed time: 1801.10848903656s
Processing frame: 8600
Elapsed time: 1844.0643453598022s
Processing frame: 8800
Elapsed time: 1886.9993259906769s
Processing frame: 9000
Elapsed time: 1929.4150133132935s
Processing frame: 9200
Elapsed time: 1972.4147007465363s
Processing frame: 9400
Elapsed time: 2015.3670580387115s
Processing frame: 9600
Elapsed time: 2057.637486934662s
Processing frame: 9800
Elapsed time: 2100.578809738159s
Processing frame: 10000
Elapsed time: 2143.5585832595825s
Processing frame: 10200
Elapsed time: 2185.8128564357758s
Processing frame: 10400
Elapsed time: 2228.6865446567535s
Processing frame: 10600
Elapsed time: 2271.5987679958344s
Processing frame: 10800
Elapsed time: 2313.8294274806976s
Processing frame: 11000
Elapsed time: 2356.7555944919586s
Processing frame: 11200
Elapsed time: 2399.6674127578735s
Processing frame: 11400
Elapsed time: 2442.024881362915s
Processing frame: 11600
Elapsed time: 2484.9561586380005s
Processing frame: 11800
Elapsed time: 2527.962723016739s
Processing frame: 12000
Elapsed time: 2570.3681302070618s
Processing frame: 0
Processing frame: 200
Processing frame: 400
Processing frame: 600
Processing frame: 800
Processing frame: 1000
Processing frame: 1200
Processing frame: 1400
Processing frame: 1600
Processing frame: 1800
Processing frame: 2000
Processing frame: 2200
Processing frame: 2400
Processing frame: 2600
Processing frame: 2800
Processing frame: 3000
Processing frame: 3200
Processing frame: 3400
Processing frame: 3600
Processing frame: 3800
Processing frame: 4000
