-------------------------------------------------------------------------------
There are messages associated with the following module(s):
-------------------------------------------------------------------------------

python/3.5.2:
   This module is deprecated and will be removed in the future. Please
   upgrade to python/3.5. If you had created virtual environments we
   recommend to recreate them. Ce module est marqué pour être retiré et
   sera supprimé dans le futur. Veuillez utiliser python/3.5. Si vous aviez
   créé un environnement virtuel, nous vous recommandons de le recréer.

-------------------------------------------------------------------------------

sh: openposeEnv_Python3/bin/activate: No such file or directory
OpenPose Library Python Wrapper
Raw frames per second: 17.625881063621755
Frame width:1152, Frame height:972.
Total frame number: 10637.0
Processing frame: 0
Elapsed time: 1.0967254638671875e-05s
Processing frame: 200
Elapsed time: 48.62142252922058s
Processing frame: 400
Elapsed time: 92.62111353874207s
Processing frame: 600
Elapsed time: 135.9307782649994s
Processing frame: 800
Elapsed time: 179.78369188308716s
Processing frame: 1000
Elapsed time: 223.86171174049377s
Processing frame: 1200
Elapsed time: 267.2299301624298s
Processing frame: 1400
Elapsed time: 311.2407078742981s
Processing frame: 1600
Elapsed time: 355.2438499927521s
Processing frame: 1800
Elapsed time: 398.6430230140686s
Processing frame: 2000
Elapsed time: 442.7034070491791s
Processing frame: 2200
Elapsed time: 486.7962305545807s
Processing frame: 2400
Elapsed time: 530.1526057720184s
Processing frame: 2600
Elapsed time: 574.2243168354034s
Processing frame: 2800
Elapsed time: 618.3034389019012s
Processing frame: 3000
Elapsed time: 661.7159998416901s
Processing frame: 3200
Elapsed time: 705.6687259674072s
Processing frame: 3400
Elapsed time: 749.6256835460663s
Processing frame: 3600
Elapsed time: 793.0241575241089s
Processing frame: 3800
Elapsed time: 837.0660443305969s
Processing frame: 4000
Elapsed time: 881.2781467437744s
Processing frame: 4200
Elapsed time: 924.7382280826569s
Processing frame: 4400
Elapsed time: 968.7044732570648s
Processing frame: 4600
Elapsed time: 1012.5659379959106s
Processing frame: 4800
Elapsed time: 1055.772051334381s
Processing frame: 5000
Elapsed time: 1099.5455179214478s
Processing frame: 5200
Elapsed time: 1143.5265982151031s
Processing frame: 5400
Elapsed time: 1186.9679036140442s
Processing frame: 5600
Elapsed time: 1230.894923210144s
Processing frame: 5800
Elapsed time: 1274.735145330429s
Processing frame: 6000
Elapsed time: 1317.8561403751373s
Processing frame: 6200
Elapsed time: 1361.6554861068726s
Processing frame: 6400
Elapsed time: 1405.533168554306s
Processing frame: 6600
Elapsed time: 1448.835744380951s
Processing frame: 6800
Elapsed time: 1492.78573513031s
Processing frame: 7000
Elapsed time: 1536.7527136802673s
Processing frame: 7200
Elapsed time: 1580.1428802013397s
Processing frame: 7400
Elapsed time: 1623.995112657547s
Processing frame: 7600
Elapsed time: 1667.913984298706s
Processing frame: 7800
Elapsed time: 1711.0714943408966s
Processing frame: 8000
Elapsed time: 1754.9027359485626s
Processing frame: 8200
Elapsed time: 1798.8057053089142s
Processing frame: 8400
Elapsed time: 1841.924549818039s
Processing frame: 8600
Elapsed time: 1885.7960541248322s
Processing frame: 8800
Elapsed time: 1929.6607115268707s
Processing frame: 9000
Elapsed time: 1972.89870429039s
Processing frame: 9200
Elapsed time: 2016.733069896698s
Processing frame: 9400
Elapsed time: 2060.708803653717s
Processing frame: 9600
Elapsed time: 2103.93177318573s
Processing frame: 9800
Elapsed time: 2147.9008042812347s
Processing frame: 10000
Elapsed time: 2191.830035686493s
Processing frame: 10200
Elapsed time: 2235.0783364772797s
Processing frame: 10400
Elapsed time: 2279.021968126297s
Processing frame: 10600
Elapsed time: 2322.930757045746s
Processing frame: 0
Processing frame: 200
Processing frame: 400
Processing frame: 600
Processing frame: 800
Processing frame: 1000
Processing frame: 1200
Processing frame: 1400
Processing frame: 1600
Processing frame: 1800
Processing frame: 2000
Processing frame: 2200
Processing frame: 2400
Processing frame: 2600
Processing frame: 2800
Processing frame: 3000
Processing frame: 3200
Processing frame: 3400
