-------------------------------------------------------------------------------
There are messages associated with the following module(s):
-------------------------------------------------------------------------------

python/3.5.2:
   This module is deprecated and will be removed in the future. Please
   upgrade to python/3.5. If you had created virtual environments we
   recommend to recreate them. Ce module est marqué pour être retiré et
   sera supprimé dans le futur. Veuillez utiliser python/3.5. Si vous aviez
   créé un environnement virtuel, nous vous recommandons de le recréer.

-------------------------------------------------------------------------------

sh: openposeEnv_Python3/bin/activate: No such file or directory
OpenPose Library Python Wrapper
Raw frames per second: 18.307946074188745
Frame width:1152, Frame height:972.
Total frame number: 11034.0
Processing frame: 0
Elapsed time: 9.059906005859375e-06s
Processing frame: 200
Elapsed time: 48.62561750411987s
Processing frame: 400
Elapsed time: 92.76887559890747s
Processing frame: 600
Elapsed time: 136.33851385116577s
Processing frame: 800
Elapsed time: 180.31123042106628s
Processing frame: 1000
Elapsed time: 224.29842710494995s
Processing frame: 1200
Elapsed time: 267.6605107784271s
Processing frame: 1400
Elapsed time: 311.64990615844727s
Processing frame: 1600
Elapsed time: 355.7170424461365s
Processing frame: 1800
Elapsed time: 399.06094241142273s
Processing frame: 2000
Elapsed time: 443.1092801094055s
Processing frame: 2200
Elapsed time: 487.0682258605957s
Processing frame: 2400
Elapsed time: 530.4333267211914s
Processing frame: 2600
Elapsed time: 574.46022772789s
Processing frame: 2800
Elapsed time: 618.5798404216766s
Processing frame: 3000
Elapsed time: 661.8719120025635s
Processing frame: 3200
Elapsed time: 705.8798217773438s
Processing frame: 3400
Elapsed time: 749.8199510574341s
Processing frame: 3600
Elapsed time: 793.2504999637604s
Processing frame: 3800
Elapsed time: 837.207174539566s
Processing frame: 4000
Elapsed time: 881.2444033622742s
Processing frame: 4200
Elapsed time: 924.7228252887726s
Processing frame: 4400
Elapsed time: 968.8375313282013s
Processing frame: 4600
Elapsed time: 1012.8499026298523s
Processing frame: 4800
Elapsed time: 1056.214103937149s
Processing frame: 5000
Elapsed time: 1100.2530045509338s
Processing frame: 5200
Elapsed time: 1144.3067672252655s
Processing frame: 5400
Elapsed time: 1187.7940843105316s
Processing frame: 5600
Elapsed time: 1231.7805080413818s
Processing frame: 5800
Elapsed time: 1275.8131959438324s
Processing frame: 6000
Elapsed time: 1319.0262711048126s
Processing frame: 6200
Elapsed time: 1362.9697906970978s
Processing frame: 6400
Elapsed time: 1406.9587616920471s
Processing frame: 6600
Elapsed time: 1450.4217703342438s
Processing frame: 6800
Elapsed time: 1494.475830078125s
Processing frame: 7000
Elapsed time: 1538.4500818252563s
Processing frame: 7200
Elapsed time: 1581.7227799892426s
Processing frame: 7400
Elapsed time: 1625.6975617408752s
Processing frame: 7600
Elapsed time: 1669.6289672851562s
Processing frame: 7800
Elapsed time: 1712.864550113678s
Processing frame: 8000
Elapsed time: 1756.8302400112152s
Processing frame: 8200
Elapsed time: 1800.667765378952s
Processing frame: 8400
Elapsed time: 1844.0362176895142s
Processing frame: 8600
Elapsed time: 1887.8508973121643s
Processing frame: 8800
Elapsed time: 1931.7419788837433s
Processing frame: 9000
Elapsed time: 1975.0332548618317s
Processing frame: 9200
Elapsed time: 2018.7481298446655s
Processing frame: 9400
Elapsed time: 2062.585616827011s
Processing frame: 9600
Elapsed time: 2105.7428665161133s
Processing frame: 9800
Elapsed time: 2149.6669108867645s
Processing frame: 10000
Elapsed time: 2193.5411851406097s
Processing frame: 10200
Elapsed time: 2236.7494707107544s
Processing frame: 10400
Elapsed time: 2280.5388193130493s
Processing frame: 10600
Elapsed time: 2324.439378976822s
Processing frame: 10800
Elapsed time: 2367.804733276367s
Processing frame: 11000
Elapsed time: 2411.6373450756073s
Processing frame: 0
Processing frame: 200
Processing frame: 400
Processing frame: 600
Processing frame: 800
Processing frame: 1000
Processing frame: 1200
Processing frame: 1400
Processing frame: 1600
Processing frame: 1800
Processing frame: 2000
Processing frame: 2200
Processing frame: 2400
Processing frame: 2600
Processing frame: 2800
Processing frame: 3000
Processing frame: 3200
Processing frame: 3400
Processing frame: 3600
