-------------------------------------------------------------------------------
There are messages associated with the following module(s):
-------------------------------------------------------------------------------

python/3.5.2:
   This module is deprecated and will be removed in the future. Please
   upgrade to python/3.5. If you had created virtual environments we
   recommend to recreate them. Ce module est marqué pour être retiré et
   sera supprimé dans le futur. Veuillez utiliser python/3.5. Si vous aviez
   créé un environnement virtuel, nous vous recommandons de le recréer.

-------------------------------------------------------------------------------

sh: openposeEnv_Python3/bin/activate: No such file or directory
OpenPose Library Python Wrapper
Raw frames per second: 16.87586745778161
Frame width:1152, Frame height:972.
Total frame number: 10190.0
Processing frame: 0
Elapsed time: 9.5367431640625e-06s
Processing frame: 200
Elapsed time: 48.47052717208862s
Processing frame: 400
Elapsed time: 92.48806977272034s
Processing frame: 600
Elapsed time: 135.598566532135s
Processing frame: 800
Elapsed time: 179.3388707637787s
Processing frame: 1000
Elapsed time: 223.2385733127594s
Processing frame: 1200
Elapsed time: 266.4673614501953s
Processing frame: 1400
Elapsed time: 310.323828458786s
Processing frame: 1600
Elapsed time: 354.1970040798187s
Processing frame: 1800
Elapsed time: 397.47947239875793s
Processing frame: 2000
Elapsed time: 441.24377036094666s
Processing frame: 2200
Elapsed time: 485.058917760849s
Processing frame: 2400
Elapsed time: 528.246148109436s
Processing frame: 2600
Elapsed time: 572.1270599365234s
Processing frame: 2800
Elapsed time: 615.9962065219879s
Processing frame: 3000
Elapsed time: 659.1873552799225s
Processing frame: 3200
Elapsed time: 703.0431790351868s
Processing frame: 3400
Elapsed time: 746.8288247585297s
Processing frame: 3600
Elapsed time: 790.0982964038849s
Processing frame: 3800
Elapsed time: 833.8708717823029s
Processing frame: 4000
Elapsed time: 877.710343837738s
Processing frame: 4200
Elapsed time: 920.9114844799042s
Processing frame: 4400
Elapsed time: 964.8016645908356s
Processing frame: 4600
Elapsed time: 1008.6610722541809s
Processing frame: 4800
Elapsed time: 1051.850508928299s
Processing frame: 5000
Elapsed time: 1095.756283044815s
Processing frame: 5200
Elapsed time: 1139.6107470989227s
Processing frame: 5400
Elapsed time: 1182.8137543201447s
Processing frame: 5600
Elapsed time: 1226.7336175441742s
Processing frame: 5800
Elapsed time: 1270.6302344799042s
Processing frame: 6000
Elapsed time: 1314.0158474445343s
Processing frame: 6200
Elapsed time: 1357.870964050293s
Processing frame: 6400
Elapsed time: 1401.6856818199158s
Processing frame: 6600
Elapsed time: 1444.9144949913025s
Processing frame: 6800
Elapsed time: 1488.8606600761414s
Processing frame: 7000
Elapsed time: 1532.8014299869537s
Processing frame: 7200
Elapsed time: 1576.0019390583038s
Processing frame: 7400
Elapsed time: 1619.8239192962646s
Processing frame: 7600
Elapsed time: 1663.7096393108368s
Processing frame: 7800
Elapsed time: 1706.9554605484009s
Processing frame: 8000
Elapsed time: 1750.63454580307s
Processing frame: 8200
Elapsed time: 1794.4213337898254s
Processing frame: 8400
Elapsed time: 1837.5850036144257s
Processing frame: 8600
Elapsed time: 1881.4360799789429s
Processing frame: 8800
Elapsed time: 1925.3002400398254s
Processing frame: 9000
Elapsed time: 1968.5499641895294s
Processing frame: 9200
Elapsed time: 2012.384203672409s
Processing frame: 9400
Elapsed time: 2056.124563932419s
Processing frame: 9600
Elapsed time: 2099.224319458008s
Processing frame: 9800
Elapsed time: 2143.0549499988556s
Processing frame: 10000
Elapsed time: 2186.8245441913605s
Processing frame: 0
Processing frame: 200
Processing frame: 400
Processing frame: 600
Processing frame: 800
Processing frame: 1000
Processing frame: 1200
Processing frame: 1400
Processing frame: 1600
Processing frame: 1800
Processing frame: 2000
Processing frame: 2200
Processing frame: 2400
Processing frame: 2600
Processing frame: 2800
Processing frame: 3000
Processing frame: 3200
