-------------------------------------------------------------------------------
There are messages associated with the following module(s):
-------------------------------------------------------------------------------

python/3.5.2:
   This module is deprecated and will be removed in the future. Please
   upgrade to python/3.5. If you had created virtual environments we
   recommend to recreate them. Ce module est marqué pour être retiré et
   sera supprimé dans le futur. Veuillez utiliser python/3.5. Si vous aviez
   créé un environnement virtuel, nous vous recommandons de le recréer.

-------------------------------------------------------------------------------

sh: openposeEnv_Python3/bin/activate: No such file or directory
OpenPose Library Python Wrapper
Raw frames per second: 16.72413422094881
Frame width:960, Frame height:756.
Total frame number: 10055.0
Processing frame: 0
Elapsed time: 9.5367431640625e-06s
Processing frame: 200
Elapsed time: 47.599252223968506s
Processing frame: 400
Elapsed time: 90.49462151527405s
Processing frame: 600
Elapsed time: 132.92375373840332s
Processing frame: 800
Elapsed time: 175.97504234313965s
Processing frame: 1000
Elapsed time: 218.970929145813s
Processing frame: 1200
Elapsed time: 261.3436722755432s
Processing frame: 1400
Elapsed time: 304.4424624443054s
Processing frame: 1600
Elapsed time: 347.50947093963623s
Processing frame: 1800
Elapsed time: 389.94630193710327s
Processing frame: 2000
Elapsed time: 432.86984634399414s
Processing frame: 2200
Elapsed time: 475.794828414917s
Processing frame: 2400
Elapsed time: 518.1608374118805s
Processing frame: 2600
Elapsed time: 561.4182033538818s
Processing frame: 2800
Elapsed time: 604.511611700058s
Processing frame: 3000
Elapsed time: 646.9781136512756s
Processing frame: 3200
Elapsed time: 689.9464490413666s
Processing frame: 3400
Elapsed time: 732.8405449390411s
Processing frame: 3600
Elapsed time: 775.1337914466858s
Processing frame: 3800
Elapsed time: 818.0389642715454s
Processing frame: 4000
Elapsed time: 861.0417733192444s
Processing frame: 4200
Elapsed time: 903.3410143852234s
Processing frame: 4400
Elapsed time: 946.2549705505371s
Processing frame: 4600
Elapsed time: 989.2687261104584s
Processing frame: 4800
Elapsed time: 1031.616536140442s
Processing frame: 5000
Elapsed time: 1074.5823080539703s
Processing frame: 5200
Elapsed time: 1117.6692554950714s
Processing frame: 5400
Elapsed time: 1160.2164566516876s
Processing frame: 5600
Elapsed time: 1203.3604221343994s
Processing frame: 5800
Elapsed time: 1246.3926136493683s
Processing frame: 6000
Elapsed time: 1288.8659570217133s
Processing frame: 6200
Elapsed time: 1331.920536994934s
Processing frame: 6400
Elapsed time: 1374.884937763214s
Processing frame: 6600
Elapsed time: 1417.1578829288483s
Processing frame: 6800
Elapsed time: 1460.0090165138245s
Processing frame: 7000
Elapsed time: 1503.014006137848s
Processing frame: 7200
Elapsed time: 1545.4157962799072s
Processing frame: 7400
Elapsed time: 1588.5166840553284s
Processing frame: 7600
Elapsed time: 1631.6288046836853s
Processing frame: 7800
Elapsed time: 1674.1109054088593s
Processing frame: 8000
Elapsed time: 1716.924394607544s
Processing frame: 8200
Elapsed time: 1759.8982076644897s
Processing frame: 8400
Elapsed time: 1805.8271453380585s
Processing frame: 8600
Elapsed time: 1851.7244954109192s
Processing frame: 8800
Elapsed time: 1894.5915274620056s
Processing frame: 9000
Elapsed time: 1936.764250278473s
Processing frame: 9200
Elapsed time: 1979.6302802562714s
Processing frame: 9400
Elapsed time: 2022.5408987998962s
Processing frame: 9600
Elapsed time: 2064.865655183792s
Processing frame: 9800
Elapsed time: 2107.787742614746s
Processing frame: 10000
Elapsed time: 2150.85528588295s
Processing frame: 0
Processing frame: 200
Processing frame: 400
Processing frame: 600
Processing frame: 800
Processing frame: 1000
Processing frame: 1200
Processing frame: 1400
Processing frame: 1600
Processing frame: 1800
Processing frame: 2000
Processing frame: 2200
Processing frame: 2400
Processing frame: 2600
Processing frame: 2800
Processing frame: 3000
Processing frame: 3200
