-------------------------------------------------------------------------------
There are messages associated with the following module(s):
-------------------------------------------------------------------------------

python/3.5.2:
   This module is deprecated and will be removed in the future. Please
   upgrade to python/3.5. If you had created virtual environments we
   recommend to recreate them. Ce module est marqué pour être retiré et
   sera supprimé dans le futur. Veuillez utiliser python/3.5. Si vous aviez
   créé un environnement virtuel, nous vous recommandons de le recréer.

-------------------------------------------------------------------------------

sh: openposeEnv_Python3/bin/activate: No such file or directory
OpenPose Library Python Wrapper
Raw frames per second: 20.986142528529232
Frame width:960, Frame height:756.
Total frame number: 12622.0
Processing frame: 0
Elapsed time: 1.0728836059570312e-05s
Processing frame: 200
Elapsed time: 47.74860858917236s
Processing frame: 400
Elapsed time: 90.77760291099548s
Processing frame: 600
Elapsed time: 133.1426727771759s
Processing frame: 800
Elapsed time: 176.14586758613586s
Processing frame: 1000
Elapsed time: 219.2066752910614s
Processing frame: 1200
Elapsed time: 261.68249440193176s
Processing frame: 1400
Elapsed time: 304.86092734336853s
Processing frame: 1600
Elapsed time: 347.951203584671s
Processing frame: 1800
Elapsed time: 390.44529128074646s
Processing frame: 2000
Elapsed time: 433.50842332839966s
Processing frame: 2200
Elapsed time: 476.4978082180023s
Processing frame: 2400
Elapsed time: 519.147392988205s
Processing frame: 2600
Elapsed time: 562.1446328163147s
Processing frame: 2800
Elapsed time: 605.2248697280884s
Processing frame: 3000
Elapsed time: 647.6457653045654s
Processing frame: 3200
Elapsed time: 690.803729057312s
Processing frame: 3400
Elapsed time: 733.9480347633362s
Processing frame: 3600
Elapsed time: 776.3498377799988s
Processing frame: 3800
Elapsed time: 819.371344089508s
Processing frame: 4000
Elapsed time: 862.4031267166138s
Processing frame: 4200
Elapsed time: 904.7680666446686s
Processing frame: 4400
Elapsed time: 947.6961205005646s
Processing frame: 4600
Elapsed time: 990.666015625s
Processing frame: 4800
Elapsed time: 1033.0741877555847s
Processing frame: 5000
Elapsed time: 1075.939392566681s
Processing frame: 5200
Elapsed time: 1118.8139414787292s
Processing frame: 5400
Elapsed time: 1161.1301412582397s
Processing frame: 5600
Elapsed time: 1204.064460992813s
Processing frame: 5800
Elapsed time: 1247.0101189613342s
Processing frame: 6000
Elapsed time: 1289.3862183094025s
Processing frame: 6200
Elapsed time: 1332.3760075569153s
Processing frame: 6400
Elapsed time: 1375.3357756137848s
Processing frame: 6600
Elapsed time: 1417.7450234889984s
Processing frame: 6800
Elapsed time: 1460.794542312622s
Processing frame: 7000
Elapsed time: 1503.7761902809143s
Processing frame: 7200
Elapsed time: 1546.1037397384644s
Processing frame: 7400
Elapsed time: 1589.1056804656982s
Processing frame: 7600
Elapsed time: 1632.0795047283173s
Processing frame: 7800
Elapsed time: 1674.507895708084s
Processing frame: 8000
Elapsed time: 1717.4319021701813s
Processing frame: 8200
Elapsed time: 1760.4466228485107s
Processing frame: 8400
Elapsed time: 1802.7978641986847s
Processing frame: 8600
Elapsed time: 1845.6819388866425s
Processing frame: 8800
Elapsed time: 1888.657659292221s
Processing frame: 9000
Elapsed time: 1931.0686657428741s
Processing frame: 9200
Elapsed time: 1974.0102081298828s
Processing frame: 9400
Elapsed time: 2017.0170276165009s
Processing frame: 9600
Elapsed time: 2059.2684280872345s
Processing frame: 9800
Elapsed time: 2102.1902718544006s
Processing frame: 10000
Elapsed time: 2145.103576183319s
Processing frame: 10200
Elapsed time: 2187.441083431244s
Processing frame: 10400
Elapsed time: 2230.4519250392914s
Processing frame: 10600
Elapsed time: 2273.4862837791443s
Processing frame: 10800
Elapsed time: 2315.8471879959106s
Processing frame: 11000
Elapsed time: 2358.809127807617s
Processing frame: 11200
Elapsed time: 2401.8006567955017s
Processing frame: 11400
Elapsed time: 2444.260920524597s
Processing frame: 11600
Elapsed time: 2487.236536026001s
Processing frame: 11800
Elapsed time: 2530.232429265976s
Processing frame: 12000
Elapsed time: 2572.567864179611s
Processing frame: 12200
Elapsed time: 2615.450357198715s
Processing frame: 12400
Elapsed time: 2658.4288997650146s
Processing frame: 12600
Elapsed time: 2700.7533655166626s
Frame: 12621, grabbed=False and frame=None
Processing frame: 0
Processing frame: 200
Processing frame: 400
Processing frame: 600
Processing frame: 800
Processing frame: 1000
Processing frame: 1200
Processing frame: 1400
Processing frame: 1600
Processing frame: 1800
Processing frame: 2000
Processing frame: 2200
Processing frame: 2400
Processing frame: 2600
Processing frame: 2800
Processing frame: 3000
Processing frame: 3200
Processing frame: 3400
Processing frame: 3600
Processing frame: 3800
Processing frame: 4000
Processing frame: 4200
