-------------------------------------------------------------------------------
There are messages associated with the following module(s):
-------------------------------------------------------------------------------

python/3.5.2:
   This module is deprecated and will be removed in the future. Please
   upgrade to python/3.5. If you had created virtual environments we
   recommend to recreate them. Ce module est marqué pour être retiré et
   sera supprimé dans le futur. Veuillez utiliser python/3.5. Si vous aviez
   créé un environnement virtuel, nous vous recommandons de le recréer.

-------------------------------------------------------------------------------

sh: openposeEnv_Python3/bin/activate: No such file or directory
OpenPose Library Python Wrapper
Raw frames per second: 19.425358030676602
Crop: Video not from Camera1 or Camera2!
Frame width:1152, Frame height:972.
Polygon: Video not from Camera1 or Camera2!
Total frame number: 11715.0
Processing frame: 0
Elapsed time: 1.1920928955078125e-05s
Processing frame: 200
Elapsed time: 48.7711021900177s
Processing frame: 400
Elapsed time: 93.05514788627625s
Processing frame: 600
Elapsed time: 136.66533517837524s
Processing frame: 800
Elapsed time: 181.0429403781891s
Processing frame: 1000
Elapsed time: 225.25361847877502s
Processing frame: 1200
Elapsed time: 269.13853764533997s
Processing frame: 1400
Elapsed time: 313.29734659194946s
Processing frame: 1600
Elapsed time: 357.4310495853424s
Processing frame: 1800
Elapsed time: 400.934930562973s
Processing frame: 2000
Elapsed time: 444.97244024276733s
Processing frame: 2200
Elapsed time: 489.07722902297974s
Processing frame: 2400
Elapsed time: 532.4873857498169s
Processing frame: 2600
Elapsed time: 576.599004983902s
Processing frame: 2800
Elapsed time: 620.6721856594086s
Processing frame: 3000
Elapsed time: 664.2140784263611s
Processing frame: 3200
Elapsed time: 708.2690243721008s
Processing frame: 3400
Elapsed time: 752.3486049175262s
Processing frame: 3600
Elapsed time: 795.8694105148315s
Processing frame: 3800
Elapsed time: 839.9285011291504s
Processing frame: 4000
Elapsed time: 884.0183217525482s
Processing frame: 4200
Elapsed time: 927.4983072280884s
Processing frame: 4400
Elapsed time: 971.6170382499695s
Processing frame: 4600
Elapsed time: 1015.745945930481s
Processing frame: 4800
Elapsed time: 1059.280138015747s
Processing frame: 5000
Elapsed time: 1103.3141086101532s
Processing frame: 5200
Elapsed time: 1147.490965127945s
Processing frame: 5400
Elapsed time: 1190.9560673236847s
Processing frame: 5600
Elapsed time: 1235.0516021251678s
Processing frame: 5800
Elapsed time: 1279.1205728054047s
Processing frame: 6000
Elapsed time: 1322.6130146980286s
Processing frame: 6200
Elapsed time: 1366.7003960609436s
Processing frame: 6400
Elapsed time: 1410.9247171878815s
Processing frame: 6600
Elapsed time: 1454.4037947654724s
Processing frame: 6800
Elapsed time: 1498.635793209076s
Processing frame: 7000
Elapsed time: 1542.7230310440063s
Processing frame: 7200
Elapsed time: 1586.1144802570343s
Processing frame: 7400
Elapsed time: 1630.1349182128906s
Processing frame: 7600
Elapsed time: 1674.2521612644196s
Processing frame: 7800
Elapsed time: 1717.7726113796234s
Processing frame: 8000
Elapsed time: 1761.8560681343079s
Processing frame: 8200
Elapsed time: 1805.9726645946503s
Processing frame: 8400
Elapsed time: 1849.4597380161285s
Processing frame: 8600
Elapsed time: 1893.6110215187073s
Processing frame: 8800
Elapsed time: 1937.7114553451538s
Processing frame: 9000
Elapsed time: 1981.067575931549s
Processing frame: 9200
Elapsed time: 2025.1507997512817s
Processing frame: 9400
Elapsed time: 2069.2148807048798s
Processing frame: 9600
Elapsed time: 2112.629942893982s
Processing frame: 9800
Elapsed time: 2156.70498251915s
Processing frame: 10000
Elapsed time: 2200.7411530017853s
Processing frame: 10200
Elapsed time: 2244.116284132004s
Processing frame: 10400
Elapsed time: 2288.1839373111725s
Processing frame: 10600
Elapsed time: 2332.348489999771s
Processing frame: 10800
Elapsed time: 2375.766340970993s
Processing frame: 11000
Elapsed time: 2419.8261382579803s
Processing frame: 11200
Elapsed time: 2463.8356590270996s
Processing frame: 11400
Elapsed time: 2507.3756427764893s
Processing frame: 11600
Elapsed time: 2551.3912336826324s
Processing frame: 0
Processing frame: 200
Processing frame: 400
Processing frame: 600
Processing frame: 800
Processing frame: 1000
Processing frame: 1200
Processing frame: 1400
Processing frame: 1600
Processing frame: 1800
Processing frame: 2000
Processing frame: 2200
Processing frame: 2400
Processing frame: 2600
Processing frame: 2800
Processing frame: 3000
Processing frame: 3200
Processing frame: 3400
Processing frame: 3600
Processing frame: 3800
