-------------------------------------------------------------------------------
There are messages associated with the following module(s):
-------------------------------------------------------------------------------

python/3.5.2:
   This module is deprecated and will be removed in the future. Please
   upgrade to python/3.5. If you had created virtual environments we
   recommend to recreate them. Ce module est marqué pour être retiré et
   sera supprimé dans le futur. Veuillez utiliser python/3.5. Si vous aviez
   créé un environnement virtuel, nous vous recommandons de le recréer.

-------------------------------------------------------------------------------

sh: openposeEnv_Python3/bin/activate: No such file or directory
OpenPose Library Python Wrapper
Raw frames per second: 17.499529574140418
Frame width:1152, Frame height:972.
Total frame number: 10503.0
Processing frame: 0
Elapsed time: 1.1444091796875e-05s
Processing frame: 200
Elapsed time: 48.54846239089966s
Processing frame: 400
Elapsed time: 92.55275130271912s
Processing frame: 600
Elapsed time: 135.97326517105103s
Processing frame: 800
Elapsed time: 180.000004529953s
Processing frame: 1000
Elapsed time: 224.06081581115723s
Processing frame: 1200
Elapsed time: 267.62420988082886s
Processing frame: 1400
Elapsed time: 311.8724184036255s
Processing frame: 1600
Elapsed time: 355.8881142139435s
Processing frame: 1800
Elapsed time: 399.2434787750244s
Processing frame: 2000
Elapsed time: 443.29872131347656s
Processing frame: 2200
Elapsed time: 487.32319617271423s
Processing frame: 2400
Elapsed time: 530.7883110046387s
Processing frame: 2600
Elapsed time: 574.9028837680817s
Processing frame: 2800
Elapsed time: 618.9484391212463s
Processing frame: 3000
Elapsed time: 662.4312903881073s
Processing frame: 3200
Elapsed time: 706.5023536682129s
Processing frame: 3400
Elapsed time: 750.6722843647003s
Processing frame: 3600
Elapsed time: 794.0854227542877s
Processing frame: 3800
Elapsed time: 838.1986606121063s
Processing frame: 4000
Elapsed time: 882.3738331794739s
Processing frame: 4200
Elapsed time: 926.1043264865875s
Processing frame: 4400
Elapsed time: 970.2510025501251s
Processing frame: 4600
Elapsed time: 1014.3993208408356s
Processing frame: 4800
Elapsed time: 1057.8095605373383s
Processing frame: 5000
Elapsed time: 1101.9147717952728s
Processing frame: 5200
Elapsed time: 1146.142611503601s
Processing frame: 5400
Elapsed time: 1189.5768458843231s
Processing frame: 5600
Elapsed time: 1233.609385728836s
Processing frame: 5800
Elapsed time: 1277.7218890190125s
Processing frame: 6000
Elapsed time: 1321.1195180416107s
Processing frame: 6200
Elapsed time: 1365.3474879264832s
Processing frame: 6400
Elapsed time: 1409.479487657547s
Processing frame: 6600
Elapsed time: 1452.938735961914s
Processing frame: 6800
Elapsed time: 1497.0778770446777s
Processing frame: 7000
Elapsed time: 1541.2330873012543s
Processing frame: 7200
Elapsed time: 1584.7840240001678s
Processing frame: 7400
Elapsed time: 1628.9621250629425s
Processing frame: 7600
Elapsed time: 1673.091766834259s
Processing frame: 7800
Elapsed time: 1716.5273616313934s
Processing frame: 8000
Elapsed time: 1760.5644147396088s
Processing frame: 8200
Elapsed time: 1804.6956360340118s
Processing frame: 8400
Elapsed time: 1848.1069498062134s
Processing frame: 8600
Elapsed time: 1892.1171371936798s
Processing frame: 8800
Elapsed time: 1936.1453816890717s
Processing frame: 9000
Elapsed time: 1979.5760271549225s
Processing frame: 9200
Elapsed time: 2023.6355772018433s
Processing frame: 9400
Elapsed time: 2067.6469666957855s
Processing frame: 9600
Elapsed time: 2110.9479715824127s
Processing frame: 9800
Elapsed time: 2154.889981031418s
Processing frame: 10000
Elapsed time: 2199.0183124542236s
Processing frame: 10200
Elapsed time: 2242.4804170131683s
Processing frame: 10400
Elapsed time: 2286.542097091675s
Processing frame: 0
Processing frame: 200
Processing frame: 400
Processing frame: 600
Processing frame: 800
Processing frame: 1000
Processing frame: 1200
Processing frame: 1400
Processing frame: 1600
Processing frame: 1800
Processing frame: 2000
Processing frame: 2200
Processing frame: 2400
Processing frame: 2600
Processing frame: 2800
Processing frame: 3000
Processing frame: 3200
Processing frame: 3400
