-------------------------------------------------------------------------------
There are messages associated with the following module(s):
-------------------------------------------------------------------------------

python/3.5.2:
   This module is deprecated and will be removed in the future. Please
   upgrade to python/3.5. If you had created virtual environments we
   recommend to recreate them. Ce module est marqué pour être retiré et
   sera supprimé dans le futur. Veuillez utiliser python/3.5. Si vous aviez
   créé un environnement virtuel, nous vous recommandons de le recréer.

-------------------------------------------------------------------------------

sh: openposeEnv_Python3/bin/activate: No such file or directory
OpenPose Library Python Wrapper
Raw frames per second: 19.367092339217038
Frame width:1152, Frame height:972.
Total frame number: 11620.0
Processing frame: 0
Elapsed time: 1.1205673217773438e-05s
Processing frame: 200
Elapsed time: 48.73211145401001s
Processing frame: 400
Elapsed time: 92.6770133972168s
Processing frame: 600
Elapsed time: 136.0831742286682s
Processing frame: 800
Elapsed time: 180.09247207641602s
Processing frame: 1000
Elapsed time: 224.1909441947937s
Processing frame: 1200
Elapsed time: 267.640748500824s
Processing frame: 1400
Elapsed time: 311.77614569664s
Processing frame: 1600
Elapsed time: 355.9409646987915s
Processing frame: 1800
Elapsed time: 399.42831802368164s
Processing frame: 2000
Elapsed time: 443.7651982307434s
Processing frame: 2200
Elapsed time: 487.8399920463562s
Processing frame: 2400
Elapsed time: 531.3733012676239s
Processing frame: 2600
Elapsed time: 575.571615934372s
Processing frame: 2800
Elapsed time: 619.6743202209473s
Processing frame: 3000
Elapsed time: 663.1707544326782s
Processing frame: 3200
Elapsed time: 707.3795621395111s
Processing frame: 3400
Elapsed time: 751.5635068416595s
Processing frame: 3600
Elapsed time: 794.9729578495026s
Processing frame: 3800
Elapsed time: 839.047842502594s
Processing frame: 4000
Elapsed time: 883.1472067832947s
Processing frame: 4200
Elapsed time: 926.6777148246765s
Processing frame: 4400
Elapsed time: 970.7480502128601s
Processing frame: 4600
Elapsed time: 1014.827107667923s
Processing frame: 4800
Elapsed time: 1058.261795759201s
Processing frame: 5000
Elapsed time: 1102.4253838062286s
Processing frame: 5200
Elapsed time: 1146.404795885086s
Processing frame: 5400
Elapsed time: 1189.8093724250793s
Processing frame: 5600
Elapsed time: 1233.9249942302704s
Processing frame: 5800
Elapsed time: 1278.1741218566895s
Processing frame: 6000
Elapsed time: 1321.6453037261963s
Processing frame: 6200
Elapsed time: 1365.8459224700928s
Processing frame: 6400
Elapsed time: 1410.004310131073s
Processing frame: 6600
Elapsed time: 1453.5522484779358s
Processing frame: 6800
Elapsed time: 1497.7202291488647s
Processing frame: 7000
Elapsed time: 1541.8010172843933s
Processing frame: 7200
Elapsed time: 1585.206523656845s
Processing frame: 7400
Elapsed time: 1629.2371153831482s
Processing frame: 7600
Elapsed time: 1673.3684651851654s
Processing frame: 7800
Elapsed time: 1716.7462410926819s
Processing frame: 8000
Elapsed time: 1760.7055623531342s
Processing frame: 8200
Elapsed time: 1804.7898709774017s
Processing frame: 8400
Elapsed time: 1848.2846946716309s
Processing frame: 8600
Elapsed time: 1892.2450513839722s
Processing frame: 8800
Elapsed time: 1936.2061321735382s
Processing frame: 9000
Elapsed time: 1979.4957427978516s
Processing frame: 9200
Elapsed time: 2023.4086322784424s
Processing frame: 9400
Elapsed time: 2067.4333333969116s
Processing frame: 9600
Elapsed time: 2110.8061883449554s
Processing frame: 9800
Elapsed time: 2154.8310096263885s
Processing frame: 10000
Elapsed time: 2198.859788417816s
Processing frame: 10200
Elapsed time: 2242.252484560013s
Processing frame: 10400
Elapsed time: 2286.417534351349s
Processing frame: 10600
Elapsed time: 2330.4359550476074s
Processing frame: 10800
Elapsed time: 2373.792878627777s
Processing frame: 11000
Elapsed time: 2417.7457225322723s
Processing frame: 11200
Elapsed time: 2461.7874512672424s
Processing frame: 11400
Elapsed time: 2505.1769404411316s
Processing frame: 11600
Elapsed time: 2549.206029891968s
Frame: 11619, grabbed=False and frame=None
Processing frame: 0
Processing frame: 200
Processing frame: 400
Processing frame: 600
Processing frame: 800
Processing frame: 1000
Processing frame: 1200
Processing frame: 1400
Processing frame: 1600
Processing frame: 1800
Processing frame: 2000
Processing frame: 2200
Processing frame: 2400
Processing frame: 2600
Processing frame: 2800
Processing frame: 3000
Processing frame: 3200
Processing frame: 3400
Processing frame: 3600
Processing frame: 3800
