-------------------------------------------------------------------------------
There are messages associated with the following module(s):
-------------------------------------------------------------------------------

python/3.5.2:
   This module is deprecated and will be removed in the future. Please
   upgrade to python/3.5. If you had created virtual environments we
   recommend to recreate them. Ce module est marqué pour être retiré et
   sera supprimé dans le futur. Veuillez utiliser python/3.5. Si vous aviez
   créé un environnement virtuel, nous vous recommandons de le recréer.

-------------------------------------------------------------------------------

sh: openposeEnv_Python3/bin/activate: No such file or directory
OpenPose Library Python Wrapper
Raw frames per second: 21.417471343755395
Frame width:960, Frame height:756.
Total frame number: 12900.0
Processing frame: 0
Elapsed time: 1.1205673217773438e-05s
Processing frame: 200
Elapsed time: 47.6478590965271s
Processing frame: 400
Elapsed time: 90.85248756408691s
Processing frame: 600
Elapsed time: 133.3308494091034s
Processing frame: 800
Elapsed time: 176.48497319221497s
Processing frame: 1000
Elapsed time: 219.62615489959717s
Processing frame: 1200
Elapsed time: 262.15698981285095s
Processing frame: 1400
Elapsed time: 305.2305507659912s
Processing frame: 1600
Elapsed time: 348.3473162651062s
Processing frame: 1800
Elapsed time: 390.8400979042053s
Processing frame: 2000
Elapsed time: 433.92847442626953s
Processing frame: 2200
Elapsed time: 477.05069947242737s
Processing frame: 2400
Elapsed time: 519.542516708374s
Processing frame: 2600
Elapsed time: 562.6621494293213s
Processing frame: 2800
Elapsed time: 605.7951407432556s
Processing frame: 3000
Elapsed time: 648.2961187362671s
Processing frame: 3200
Elapsed time: 691.2802517414093s
Processing frame: 3400
Elapsed time: 734.3304760456085s
Processing frame: 3600
Elapsed time: 776.7821333408356s
Processing frame: 3800
Elapsed time: 819.8321301937103s
Processing frame: 4000
Elapsed time: 862.8873851299286s
Processing frame: 4200
Elapsed time: 905.3314807415009s
Processing frame: 4400
Elapsed time: 948.4411602020264s
Processing frame: 4600
Elapsed time: 991.4959752559662s
Processing frame: 4800
Elapsed time: 1033.9052393436432s
Processing frame: 5000
Elapsed time: 1076.9469556808472s
Processing frame: 5200
Elapsed time: 1120.02432847023s
Processing frame: 5400
Elapsed time: 1162.685848236084s
Processing frame: 5600
Elapsed time: 1205.720771074295s
Processing frame: 5800
Elapsed time: 1248.6241817474365s
Processing frame: 6000
Elapsed time: 1291.0206651687622s
Processing frame: 6200
Elapsed time: 1334.2146944999695s
Processing frame: 6400
Elapsed time: 1377.3640477657318s
Processing frame: 6600
Elapsed time: 1419.8347606658936s
Processing frame: 6800
Elapsed time: 1462.8339984416962s
Processing frame: 7000
Elapsed time: 1505.8712899684906s
Processing frame: 7200
Elapsed time: 1548.3502457141876s
Processing frame: 7400
Elapsed time: 1591.4193859100342s
Processing frame: 7600
Elapsed time: 1634.487918138504s
Processing frame: 7800
Elapsed time: 1676.9339842796326s
Processing frame: 8000
Elapsed time: 1720.025146484375s
Processing frame: 8200
Elapsed time: 1763.0675621032715s
Processing frame: 8400
Elapsed time: 1805.4403052330017s
Processing frame: 8600
Elapsed time: 1848.438312292099s
Processing frame: 8800
Elapsed time: 1891.382893562317s
Processing frame: 9000
Elapsed time: 1933.7988181114197s
Processing frame: 9200
Elapsed time: 1976.7720761299133s
Processing frame: 9400
Elapsed time: 2019.8462300300598s
Processing frame: 9600
Elapsed time: 2062.1283102035522s
Processing frame: 9800
Elapsed time: 2105.068805217743s
Processing frame: 10000
Elapsed time: 2148.07017993927s
Processing frame: 10200
Elapsed time: 2190.380048751831s
Processing frame: 10400
Elapsed time: 2233.3482208251953s
Processing frame: 10600
Elapsed time: 2276.2899458408356s
Processing frame: 10800
Elapsed time: 2318.6284415721893s
Processing frame: 11000
Elapsed time: 2361.5899200439453s
Processing frame: 11200
Elapsed time: 2404.563933134079s
Processing frame: 11400
Elapsed time: 2446.9346363544464s
Processing frame: 11600
Elapsed time: 2489.9114162921906s
Processing frame: 11800
Elapsed time: 2533.0326886177063s
Processing frame: 12000
Elapsed time: 2575.516525745392s
Processing frame: 12200
Elapsed time: 2618.398349761963s
Processing frame: 12400
Elapsed time: 2661.353118658066s
Processing frame: 12600
Elapsed time: 2703.705670595169s
Processing frame: 12800
Elapsed time: 2746.623264312744s
Processing frame: 0
Processing frame: 200
Processing frame: 400
Processing frame: 600
Processing frame: 800
Processing frame: 1000
Processing frame: 1200
Processing frame: 1400
Processing frame: 1600
Processing frame: 1800
Processing frame: 2000
Processing frame: 2200
Processing frame: 2400
Processing frame: 2600
Processing frame: 2800
Processing frame: 3000
Processing frame: 3200
Processing frame: 3400
Processing frame: 3600
Processing frame: 3800
Processing frame: 4000
Processing frame: 4200
