-------------------------------------------------------------------------------
There are messages associated with the following module(s):
-------------------------------------------------------------------------------

python/3.5.2:
   This module is deprecated and will be removed in the future. Please
   upgrade to python/3.5. If you had created virtual environments we
   recommend to recreate them. Ce module est marqué pour être retiré et
   sera supprimé dans le futur. Veuillez utiliser python/3.5. Si vous aviez
   créé un environnement virtuel, nous vous recommandons de le recréer.

-------------------------------------------------------------------------------

sh: openposeEnv_Python3/bin/activate: No such file or directory
OpenPose Library Python Wrapper
Raw frames per second: 17.558760927352704
Frame width:960, Frame height:756.
Total frame number: 10565.0
Processing frame: 0
Elapsed time: 1.1205673217773438e-05s
Processing frame: 200
Elapsed time: 47.789581060409546s
Processing frame: 400
Elapsed time: 91.0503454208374s
Processing frame: 600
Elapsed time: 133.61918663978577s
Processing frame: 800
Elapsed time: 176.74831700325012s
Processing frame: 1000
Elapsed time: 220.00765442848206s
Processing frame: 1200
Elapsed time: 262.62429881095886s
Processing frame: 1400
Elapsed time: 305.78330397605896s
Processing frame: 1600
Elapsed time: 349.1162905693054s
Processing frame: 1800
Elapsed time: 391.72432827949524s
Processing frame: 2000
Elapsed time: 434.9737558364868s
Processing frame: 2200
Elapsed time: 478.18658804893494s
Processing frame: 2400
Elapsed time: 520.695111989975s
Processing frame: 2600
Elapsed time: 563.8650784492493s
Processing frame: 2800
Elapsed time: 607.1065137386322s
Processing frame: 3000
Elapsed time: 649.6207580566406s
Processing frame: 3200
Elapsed time: 692.8035869598389s
Processing frame: 3400
Elapsed time: 735.8756318092346s
Processing frame: 3600
Elapsed time: 778.4364190101624s
Processing frame: 3800
Elapsed time: 821.5324268341064s
Processing frame: 4000
Elapsed time: 864.6516087055206s
Processing frame: 4200
Elapsed time: 907.1221747398376s
Processing frame: 4400
Elapsed time: 950.1104490756989s
Processing frame: 4600
Elapsed time: 993.1073961257935s
Processing frame: 4800
Elapsed time: 1035.3792605400085s
Processing frame: 5000
Elapsed time: 1078.3684191703796s
Processing frame: 5200
Elapsed time: 1121.3693163394928s
Processing frame: 5400
Elapsed time: 1163.7443687915802s
Processing frame: 5600
Elapsed time: 1206.7644591331482s
Processing frame: 5800
Elapsed time: 1249.6665754318237s
Processing frame: 6000
Elapsed time: 1291.9666905403137s
Processing frame: 6200
Elapsed time: 1334.976283788681s
Processing frame: 6400
Elapsed time: 1377.9634671211243s
Processing frame: 6600
Elapsed time: 1420.3976640701294s
Processing frame: 6800
Elapsed time: 1463.3346276283264s
Processing frame: 7000
Elapsed time: 1506.3598289489746s
Processing frame: 7200
Elapsed time: 1548.6949136257172s
Processing frame: 7400
Elapsed time: 1591.606968164444s
Processing frame: 7600
Elapsed time: 1634.5776052474976s
Processing frame: 7800
Elapsed time: 1676.9130120277405s
Processing frame: 8000
Elapsed time: 1719.8625755310059s
Processing frame: 8200
Elapsed time: 1762.81507396698s
Processing frame: 8400
Elapsed time: 1805.116923570633s
Processing frame: 8600
Elapsed time: 1848.096598625183s
Processing frame: 8800
Elapsed time: 1891.021735906601s
Processing frame: 9000
Elapsed time: 1933.3384654521942s
Processing frame: 9200
Elapsed time: 1976.264181137085s
Processing frame: 9400
Elapsed time: 2019.153700351715s
Processing frame: 9600
Elapsed time: 2061.4800877571106s
Processing frame: 9800
Elapsed time: 2104.3730199337006s
Processing frame: 10000
Elapsed time: 2147.2843928337097s
Processing frame: 10200
Elapsed time: 2189.61398935318s
Processing frame: 10400
Elapsed time: 2232.5335898399353s
Processing frame: 0
Processing frame: 200
Processing frame: 400
Processing frame: 600
Processing frame: 800
Processing frame: 1000
Processing frame: 1200
Processing frame: 1400
Processing frame: 1600
Processing frame: 1800
Processing frame: 2000
Processing frame: 2200
Processing frame: 2400
Processing frame: 2600
Processing frame: 2800
Processing frame: 3000
Processing frame: 3200
Processing frame: 3400
