-------------------------------------------------------------------------------
There are messages associated with the following module(s):
-------------------------------------------------------------------------------

python/3.5.2:
   This module is deprecated and will be removed in the future. Please
   upgrade to python/3.5. If you had created virtual environments we
   recommend to recreate them. Ce module est marqué pour être retiré et
   sera supprimé dans le futur. Veuillez utiliser python/3.5. Si vous aviez
   créé un environnement virtuel, nous vous recommandons de le recréer.

-------------------------------------------------------------------------------

sh: openposeEnv_Python3/bin/activate: No such file or directory
OpenPose Library Python Wrapper
Raw frames per second: 22.765617009289578
Frame width:960, Frame height:756.
Total frame number: 13658.0
Processing frame: 0
Elapsed time: 1.0728836059570312e-05s
Processing frame: 200
Elapsed time: 48.30667543411255s
Processing frame: 400
Elapsed time: 91.35236048698425s
Processing frame: 600
Elapsed time: 133.7630341053009s
Processing frame: 800
Elapsed time: 176.8140594959259s
Processing frame: 1000
Elapsed time: 219.90932607650757s
Processing frame: 1200
Elapsed time: 262.3896198272705s
Processing frame: 1400
Elapsed time: 305.4814884662628s
Processing frame: 1600
Elapsed time: 348.5218999385834s
Processing frame: 1800
Elapsed time: 390.9668884277344s
Processing frame: 2000
Elapsed time: 434.034227848053s
Processing frame: 2200
Elapsed time: 477.0780186653137s
Processing frame: 2400
Elapsed time: 519.5023877620697s
Processing frame: 2600
Elapsed time: 562.5516896247864s
Processing frame: 2800
Elapsed time: 605.5708866119385s
Processing frame: 3000
Elapsed time: 648.0233979225159s
Processing frame: 3200
Elapsed time: 691.0500926971436s
Processing frame: 3400
Elapsed time: 734.1539423465729s
Processing frame: 3600
Elapsed time: 776.5904886722565s
Processing frame: 3800
Elapsed time: 819.6637985706329s
Processing frame: 4000
Elapsed time: 862.7928726673126s
Processing frame: 4200
Elapsed time: 905.216356754303s
Processing frame: 4400
Elapsed time: 948.5108783245087s
Processing frame: 4600
Elapsed time: 991.5789408683777s
Processing frame: 4800
Elapsed time: 1034.0357599258423s
Processing frame: 5000
Elapsed time: 1077.028865814209s
Processing frame: 5200
Elapsed time: 1120.06005692482s
Processing frame: 5400
Elapsed time: 1162.4831306934357s
Processing frame: 5600
Elapsed time: 1205.5319879055023s
Processing frame: 5800
Elapsed time: 1248.616793870926s
Processing frame: 6000
Elapsed time: 1291.0537617206573s
Processing frame: 6200
Elapsed time: 1334.0730063915253s
Processing frame: 6400
Elapsed time: 1377.1538529396057s
Processing frame: 6600
Elapsed time: 1419.4799745082855s
Processing frame: 6800
Elapsed time: 1462.51202917099s
Processing frame: 7000
Elapsed time: 1505.5412123203278s
Processing frame: 7200
Elapsed time: 1547.910663843155s
Processing frame: 7400
Elapsed time: 1590.8520300388336s
Processing frame: 7600
Elapsed time: 1633.803169965744s
Processing frame: 7800
Elapsed time: 1676.0307137966156s
Processing frame: 8000
Elapsed time: 1718.9593741893768s
Processing frame: 8200
Elapsed time: 1761.893742799759s
Processing frame: 8400
Elapsed time: 1804.2289955615997s
Processing frame: 8600
Elapsed time: 1847.1090173721313s
Processing frame: 8800
Elapsed time: 1890.042730331421s
Processing frame: 9000
Elapsed time: 1932.3763527870178s
Processing frame: 9200
Elapsed time: 1975.3624274730682s
Processing frame: 9400
Elapsed time: 2018.3552811145782s
Processing frame: 9600
Elapsed time: 2060.708158969879s
Processing frame: 9800
Elapsed time: 2103.6598501205444s
Processing frame: 10000
Elapsed time: 2146.716321706772s
Processing frame: 10200
Elapsed time: 2189.1160955429077s
Processing frame: 10400
Elapsed time: 2232.099851369858s
Processing frame: 10600
Elapsed time: 2275.076374769211s
Processing frame: 10800
Elapsed time: 2317.3950781822205s
Processing frame: 11000
Elapsed time: 2360.3357949256897s
Processing frame: 11200
Elapsed time: 2403.377165555954s
Processing frame: 11400
Elapsed time: 2445.7162234783173s
Processing frame: 11600
Elapsed time: 2488.677651166916s
Processing frame: 11800
Elapsed time: 2531.6656637191772s
Processing frame: 12000
Elapsed time: 2574.02717089653s
Processing frame: 12200
Elapsed time: 2616.988089323044s
Processing frame: 12400
Elapsed time: 2659.8798904418945s
Processing frame: 12600
Elapsed time: 2702.21551322937s
Processing frame: 12800
Elapsed time: 2745.1220922470093s
Processing frame: 13000
Elapsed time: 2788.0851781368256s
Processing frame: 13200
Elapsed time: 2830.333647966385s
Processing frame: 13400
Elapsed time: 2873.145264148712s
Processing frame: 13600
Elapsed time: 2916.020520925522s
Frame: 13656, grabbed=False and frame=None
Processing frame: 0
Processing frame: 200
Processing frame: 400
Processing frame: 600
Processing frame: 800
Processing frame: 1000
Processing frame: 1200
Processing frame: 1400
Processing frame: 1600
Processing frame: 1800
Processing frame: 2000
Processing frame: 2200
Processing frame: 2400
Processing frame: 2600
Processing frame: 2800
Processing frame: 3000
Processing frame: 3200
Processing frame: 3400
Processing frame: 3600
Processing frame: 3800
Processing frame: 4000
Processing frame: 4200
Processing frame: 4400
