-------------------------------------------------------------------------------
There are messages associated with the following module(s):
-------------------------------------------------------------------------------

python/3.5.2:
   This module is deprecated and will be removed in the future. Please
   upgrade to python/3.5. If you had created virtual environments we
   recommend to recreate them. Ce module est marqué pour être retiré et
   sera supprimé dans le futur. Veuillez utiliser python/3.5. Si vous aviez
   créé un environnement virtuel, nous vous recommandons de le recréer.

-------------------------------------------------------------------------------

sh: openposeEnv_Python3/bin/activate: No such file or directory
OpenPose Library Python Wrapper
Raw frames per second: 16.521942032367207
Frame width:960, Frame height:756.
Total frame number: 9913.0
Processing frame: 0
Elapsed time: 1.0967254638671875e-05s
Processing frame: 200
Elapsed time: 47.63408398628235s
Processing frame: 400
Elapsed time: 90.68121576309204s
Processing frame: 600
Elapsed time: 133.21140670776367s
Processing frame: 800
Elapsed time: 176.30228352546692s
Processing frame: 1000
Elapsed time: 219.28523659706116s
Processing frame: 1200
Elapsed time: 261.6026313304901s
Processing frame: 1400
Elapsed time: 304.55339646339417s
Processing frame: 1600
Elapsed time: 347.64773416519165s
Processing frame: 1800
Elapsed time: 389.9903190135956s
Processing frame: 2000
Elapsed time: 432.9487488269806s
Processing frame: 2200
Elapsed time: 475.9729595184326s
Processing frame: 2400
Elapsed time: 518.4447014331818s
Processing frame: 2600
Elapsed time: 561.53848695755s
Processing frame: 2800
Elapsed time: 604.5865924358368s
Processing frame: 3000
Elapsed time: 646.9915823936462s
Processing frame: 3200
Elapsed time: 690.0345044136047s
Processing frame: 3400
Elapsed time: 733.0749723911285s
Processing frame: 3600
Elapsed time: 775.4580042362213s
Processing frame: 3800
Elapsed time: 818.4105925559998s
Processing frame: 4000
Elapsed time: 861.611204624176s
Processing frame: 4200
Elapsed time: 904.105199098587s
Processing frame: 4400
Elapsed time: 947.1465318202972s
Processing frame: 4600
Elapsed time: 990.140899181366s
Processing frame: 4800
Elapsed time: 1032.653446674347s
Processing frame: 5000
Elapsed time: 1075.6744458675385s
Processing frame: 5200
Elapsed time: 1118.6427228450775s
Processing frame: 5400
Elapsed time: 1160.998728275299s
Processing frame: 5600
Elapsed time: 1203.9747595787048s
Processing frame: 5800
Elapsed time: 1246.880439043045s
Processing frame: 6000
Elapsed time: 1289.1627407073975s
Processing frame: 6200
Elapsed time: 1332.1070976257324s
Processing frame: 6400
Elapsed time: 1375.1947124004364s
Processing frame: 6600
Elapsed time: 1417.5132584571838s
Processing frame: 6800
Elapsed time: 1460.5106146335602s
Processing frame: 7000
Elapsed time: 1503.4410905838013s
Processing frame: 7200
Elapsed time: 1545.6934094429016s
Processing frame: 7400
Elapsed time: 1588.6095387935638s
Processing frame: 7600
Elapsed time: 1631.5502934455872s
Processing frame: 7800
Elapsed time: 1673.810486316681s
Processing frame: 8000
Elapsed time: 1716.7929005622864s
Processing frame: 8200
Elapsed time: 1759.715308189392s
Processing frame: 8400
Elapsed time: 1802.013736963272s
Processing frame: 8600
Elapsed time: 1844.9815142154694s
Processing frame: 8800
Elapsed time: 1887.9897758960724s
Processing frame: 9000
Elapsed time: 1930.3542709350586s
Processing frame: 9200
Elapsed time: 1973.2548851966858s
Processing frame: 9400
Elapsed time: 2016.1706821918488s
Processing frame: 9600
Elapsed time: 2058.4612390995026s
Processing frame: 9800
Elapsed time: 2101.4006083011627s
Frame: 9912, grabbed=False and frame=None
Processing frame: 0
Processing frame: 200
Processing frame: 400
Processing frame: 600
Processing frame: 800
Processing frame: 1000
Processing frame: 1200
Processing frame: 1400
Processing frame: 1600
Processing frame: 1800
Processing frame: 2000
Processing frame: 2200
Processing frame: 2400
Processing frame: 2600
Processing frame: 2800
Processing frame: 3000
Processing frame: 3200
