-------------------------------------------------------------------------------
There are messages associated with the following module(s):
-------------------------------------------------------------------------------

python/3.5.2:
   This module is deprecated and will be removed in the future. Please
   upgrade to python/3.5. If you had created virtual environments we
   recommend to recreate them. Ce module est marqué pour être retiré et
   sera supprimé dans le futur. Veuillez utiliser python/3.5. Si vous aviez
   créé un environnement virtuel, nous vous recommandons de le recréer.

-------------------------------------------------------------------------------

sh: openposeEnv_Python3/bin/activate: No such file or directory
OpenPose Library Python Wrapper
Raw frames per second: 22.659039256069295
Frame width:960, Frame height:756.
Total frame number: 13604.0
Processing frame: 0
Elapsed time: 9.775161743164062e-06s
Processing frame: 200
Elapsed time: 47.654162883758545s
Processing frame: 400
Elapsed time: 90.47607684135437s
Processing frame: 600
Elapsed time: 132.7375328540802s
Processing frame: 800
Elapsed time: 175.4618182182312s
Processing frame: 1000
Elapsed time: 218.24027729034424s
Processing frame: 1200
Elapsed time: 260.33658361434937s
Processing frame: 1400
Elapsed time: 303.0941631793976s
Processing frame: 1600
Elapsed time: 346.0000283718109s
Processing frame: 1800
Elapsed time: 388.2440357208252s
Processing frame: 2000
Elapsed time: 431.02622151374817s
Processing frame: 2200
Elapsed time: 473.88468313217163s
Processing frame: 2400
Elapsed time: 516.0824391841888s
Processing frame: 2600
Elapsed time: 558.7551574707031s
Processing frame: 2800
Elapsed time: 601.4831268787384s
Processing frame: 3000
Elapsed time: 643.7386193275452s
Processing frame: 3200
Elapsed time: 686.4901850223541s
Processing frame: 3400
Elapsed time: 729.3294372558594s
Processing frame: 3600
Elapsed time: 771.5383558273315s
Processing frame: 3800
Elapsed time: 814.3688473701477s
Processing frame: 4000
Elapsed time: 857.1727249622345s
Processing frame: 4200
Elapsed time: 899.442221403122s
Processing frame: 4400
Elapsed time: 942.2843010425568s
Processing frame: 4600
Elapsed time: 985.0923635959625s
Processing frame: 4800
Elapsed time: 1027.251456975937s
Processing frame: 5000
Elapsed time: 1070.06338763237s
Processing frame: 5200
Elapsed time: 1112.8178477287292s
Processing frame: 5400
Elapsed time: 1155.014636039734s
Processing frame: 5600
Elapsed time: 1197.7634439468384s
Processing frame: 5800
Elapsed time: 1240.5184721946716s
Processing frame: 6000
Elapsed time: 1282.7532131671906s
Processing frame: 6200
Elapsed time: 1325.5289723873138s
Processing frame: 6400
Elapsed time: 1368.3953967094421s
Processing frame: 6600
Elapsed time: 1410.6846570968628s
Processing frame: 6800
Elapsed time: 1453.597902059555s
Processing frame: 7000
Elapsed time: 1496.5658402442932s
Processing frame: 7200
Elapsed time: 1538.7951934337616s
Processing frame: 7400
Elapsed time: 1581.69828748703s
Processing frame: 7600
Elapsed time: 1624.564260482788s
Processing frame: 7800
Elapsed time: 1666.8244507312775s
Processing frame: 8000
Elapsed time: 1709.6311466693878s
Processing frame: 8200
Elapsed time: 1752.4640181064606s
Processing frame: 8400
Elapsed time: 1794.6520714759827s
Processing frame: 8600
Elapsed time: 1837.4132506847382s
Processing frame: 8800
Elapsed time: 1880.1139175891876s
Processing frame: 9000
Elapsed time: 1922.295095205307s
Processing frame: 9200
Elapsed time: 1964.9832894802094s
Processing frame: 9400
Elapsed time: 2007.7709851264954s
Processing frame: 9600
Elapsed time: 2049.912698984146s
Processing frame: 9800
Elapsed time: 2092.591044664383s
Processing frame: 10000
Elapsed time: 2135.3974628448486s
Processing frame: 10200
Elapsed time: 2177.72203373909s
Processing frame: 10400
Elapsed time: 2220.553513765335s
Processing frame: 10600
Elapsed time: 2263.45431804657s
Processing frame: 10800
Elapsed time: 2305.704947948456s
Processing frame: 11000
Elapsed time: 2348.415010213852s
Processing frame: 11200
Elapsed time: 2391.2614583969116s
Processing frame: 11400
Elapsed time: 2433.344696521759s
Processing frame: 11600
Elapsed time: 2476.0508136749268s
Processing frame: 11800
Elapsed time: 2518.755963563919s
Processing frame: 12000
Elapsed time: 2560.8295316696167s
Processing frame: 12200
Elapsed time: 2603.5172181129456s
Processing frame: 12400
Elapsed time: 2646.3043835163116s
Processing frame: 12600
Elapsed time: 2688.40185880661s
Processing frame: 12800
Elapsed time: 2731.0893092155457s
Processing frame: 13000
Elapsed time: 2773.8184332847595s
Processing frame: 13200
Elapsed time: 2816.023129940033s
Processing frame: 13400
Elapsed time: 2858.8168816566467s
Processing frame: 13600
Elapsed time: 2901.443448781967s
Processing frame: 0
Processing frame: 200
Processing frame: 400
Processing frame: 600
Processing frame: 800
Processing frame: 1000
Processing frame: 1200
Processing frame: 1400
Processing frame: 1600
Processing frame: 1800
Processing frame: 2000
Processing frame: 2200
Processing frame: 2400
Processing frame: 2600
Processing frame: 2800
Processing frame: 3000
Processing frame: 3200
Processing frame: 3400
Processing frame: 3600
Processing frame: 3800
Processing frame: 4000
Processing frame: 4200
Processing frame: 4400
