-------------------------------------------------------------------------------
There are messages associated with the following module(s):
-------------------------------------------------------------------------------

python/3.5.2:
   This module is deprecated and will be removed in the future. Please
   upgrade to python/3.5. If you had created virtual environments we
   recommend to recreate them. Ce module est marqué pour être retiré et
   sera supprimé dans le futur. Veuillez utiliser python/3.5. Si vous aviez
   créé un environnement virtuel, nous vous recommandons de le recréer.

-------------------------------------------------------------------------------

sh: openposeEnv_Python3/bin/activate: No such file or directory
OpenPose Library Python Wrapper
Raw frames per second: 24.841381330599255
Frame width:1152, Frame height:972.
Total frame number: 14925.0
Processing frame: 0
Elapsed time: 9.298324584960938e-06s
Processing frame: 200
Elapsed time: 48.883378744125366s
Processing frame: 400
Elapsed time: 93.13212609291077s
Processing frame: 600
Elapsed time: 136.6074161529541s
Processing frame: 800
Elapsed time: 180.7519724369049s
Processing frame: 1000
Elapsed time: 225.03843140602112s
Processing frame: 1200
Elapsed time: 268.6423785686493s
Processing frame: 1400
Elapsed time: 312.8165602684021s
Processing frame: 1600
Elapsed time: 356.9801480770111s
Processing frame: 1800
Elapsed time: 400.4302566051483s
Processing frame: 2000
Elapsed time: 444.5159387588501s
Processing frame: 2200
Elapsed time: 488.73174929618835s
Processing frame: 2400
Elapsed time: 532.2970385551453s
Processing frame: 2600
Elapsed time: 576.405802488327s
Processing frame: 2800
Elapsed time: 620.4719517230988s
Processing frame: 3000
Elapsed time: 664.0244884490967s
Processing frame: 3200
Elapsed time: 708.1275870800018s
Processing frame: 3400
Elapsed time: 752.2809944152832s
Processing frame: 3600
Elapsed time: 795.7376585006714s
Processing frame: 3800
Elapsed time: 840.008798122406s
Processing frame: 4000
Elapsed time: 884.2236680984497s
Processing frame: 4200
Elapsed time: 927.6879396438599s
Processing frame: 4400
Elapsed time: 972.0044639110565s
Processing frame: 4600
Elapsed time: 1016.1939280033112s
Processing frame: 4800
Elapsed time: 1059.8577103614807s
Processing frame: 5000
Elapsed time: 1104.0019319057465s
Processing frame: 5200
Elapsed time: 1148.0928270816803s
Processing frame: 5400
Elapsed time: 1191.6318924427032s
Processing frame: 5600
Elapsed time: 1235.774953365326s
Processing frame: 5800
Elapsed time: 1279.8424308300018s
Processing frame: 6000
Elapsed time: 1323.422690629959s
Processing frame: 6200
Elapsed time: 1367.5233013629913s
Processing frame: 6400
Elapsed time: 1411.6071193218231s
Processing frame: 6600
Elapsed time: 1455.020441532135s
Processing frame: 6800
Elapsed time: 1499.08735704422s
Processing frame: 7000
Elapsed time: 1543.0870707035065s
Processing frame: 7200
Elapsed time: 1586.5569026470184s
Processing frame: 7400
Elapsed time: 1630.6969797611237s
Processing frame: 7600
Elapsed time: 1674.852306842804s
Processing frame: 7800
Elapsed time: 1718.3039543628693s
Processing frame: 8000
Elapsed time: 1762.4915807247162s
Processing frame: 8200
Elapsed time: 1806.5947980880737s
Processing frame: 8400
Elapsed time: 1850.1223561763763s
Processing frame: 8600
Elapsed time: 1894.2802634239197s
Processing frame: 8800
Elapsed time: 1938.3695993423462s
Processing frame: 9000
Elapsed time: 1981.7695889472961s
Processing frame: 9200
Elapsed time: 2025.802425146103s
Processing frame: 9400
Elapsed time: 2069.9706692695618s
Processing frame: 9600
Elapsed time: 2113.464814186096s
Processing frame: 9800
Elapsed time: 2157.5826036930084s
Processing frame: 10000
Elapsed time: 2201.8067519664764s
Processing frame: 10200
Elapsed time: 2245.2917370796204s
Processing frame: 10400
Elapsed time: 2289.377784013748s
Processing frame: 10600
Elapsed time: 2333.495348215103s
Processing frame: 10800
Elapsed time: 2376.8843002319336s
Processing frame: 11000
Elapsed time: 2420.939058303833s
Processing frame: 11200
Elapsed time: 2464.958554983139s
Processing frame: 11400
Elapsed time: 2508.425215244293s
Processing frame: 11600
Elapsed time: 2552.4732003211975s
Processing frame: 11800
Elapsed time: 2596.53777217865s
Processing frame: 12000
Elapsed time: 2639.9493219852448s
Processing frame: 12200
Elapsed time: 2683.9716238975525s
Processing frame: 12400
Elapsed time: 2728.0005838871s
Processing frame: 12600
Elapsed time: 2771.5638256073s
Processing frame: 12800
Elapsed time: 2815.594729423523s
Processing frame: 13000
Elapsed time: 2859.5775837898254s
Processing frame: 13200
Elapsed time: 2902.985621213913s
Processing frame: 13400
Elapsed time: 2947.1563143730164s
Processing frame: 13600
Elapsed time: 2991.2669928073883s
Processing frame: 13800
Elapsed time: 3034.7499856948853s
Processing frame: 14000
Elapsed time: 3078.818077802658s
Processing frame: 14200
Elapsed time: 3122.9272129535675s
Processing frame: 14400
Elapsed time: 3166.4894502162933s
Processing frame: 14600
Elapsed time: 3210.595827817917s
Processing frame: 14800
Elapsed time: 3254.682741165161s
Processing frame: 0
Processing frame: 200
Processing frame: 400
Processing frame: 600
Processing frame: 800
Processing frame: 1000
Processing frame: 1200
Processing frame: 1400
Processing frame: 1600
Processing frame: 1800
Processing frame: 2000
Processing frame: 2200
Processing frame: 2400
Processing frame: 2600
Processing frame: 2800
Processing frame: 3000
Processing frame: 3200
Processing frame: 3400
Processing frame: 3600
Processing frame: 3800
Processing frame: 4000
Processing frame: 4200
Processing frame: 4400
Processing frame: 4600
Processing frame: 4800
