-------------------------------------------------------------------------------
There are messages associated with the following module(s):
-------------------------------------------------------------------------------

python/3.5.2:
   This module is deprecated and will be removed in the future. Please
   upgrade to python/3.5. If you had created virtual environments we
   recommend to recreate them. Ce module est marqué pour être retiré et
   sera supprimé dans le futur. Veuillez utiliser python/3.5. Si vous aviez
   créé un environnement virtuel, nous vous recommandons de le recréer.

-------------------------------------------------------------------------------

sh: openposeEnv_Python3/bin/activate: No such file or directory
OpenPose Library Python Wrapper
Raw frames per second: 18.332349200770537
Frame width:960, Frame height:756.
Total frame number: 11006.0
Processing frame: 0
Elapsed time: 9.775161743164062e-06s
Processing frame: 200
Elapsed time: 47.496323108673096s
Processing frame: 400
Elapsed time: 90.47138810157776s
Processing frame: 600
Elapsed time: 132.8792541027069s
Processing frame: 800
Elapsed time: 175.98748588562012s
Processing frame: 1000
Elapsed time: 219.27145791053772s
Processing frame: 1200
Elapsed time: 261.8825194835663s
Processing frame: 1400
Elapsed time: 305.08091974258423s
Processing frame: 1600
Elapsed time: 348.2119174003601s
Processing frame: 1800
Elapsed time: 390.75457286834717s
Processing frame: 2000
Elapsed time: 433.89620566368103s
Processing frame: 2200
Elapsed time: 477.1062846183777s
Processing frame: 2400
Elapsed time: 519.5975255966187s
Processing frame: 2600
Elapsed time: 562.8320391178131s
Processing frame: 2800
Elapsed time: 605.941205739975s
Processing frame: 3000
Elapsed time: 648.3274602890015s
Processing frame: 3200
Elapsed time: 691.3621561527252s
Processing frame: 3400
Elapsed time: 734.565395116806s
Processing frame: 3600
Elapsed time: 777.2603485584259s
Processing frame: 3800
Elapsed time: 820.5209901332855s
Processing frame: 4000
Elapsed time: 863.6016597747803s
Processing frame: 4200
Elapsed time: 906.0996351242065s
Processing frame: 4400
Elapsed time: 949.1919617652893s
Processing frame: 4600
Elapsed time: 992.3582904338837s
Processing frame: 4800
Elapsed time: 1034.8260872364044s
Processing frame: 5000
Elapsed time: 1077.8188893795013s
Processing frame: 5200
Elapsed time: 1120.7283132076263s
Processing frame: 5400
Elapsed time: 1163.0420289039612s
Processing frame: 5600
Elapsed time: 1206.0322082042694s
Processing frame: 5800
Elapsed time: 1248.9756021499634s
Processing frame: 6000
Elapsed time: 1291.272656917572s
Processing frame: 6200
Elapsed time: 1334.2440011501312s
Processing frame: 6400
Elapsed time: 1377.3071064949036s
Processing frame: 6600
Elapsed time: 1419.6266412734985s
Processing frame: 6800
Elapsed time: 1462.5437574386597s
Processing frame: 7000
Elapsed time: 1505.4939920902252s
Processing frame: 7200
Elapsed time: 1547.9400160312653s
Processing frame: 7400
Elapsed time: 1591.1344466209412s
Processing frame: 7600
Elapsed time: 1634.1516847610474s
Processing frame: 7800
Elapsed time: 1676.5739166736603s
Processing frame: 8000
Elapsed time: 1719.652620792389s
Processing frame: 8200
Elapsed time: 1762.727123260498s
Processing frame: 8400
Elapsed time: 1805.163194656372s
Processing frame: 8600
Elapsed time: 1848.1515815258026s
Processing frame: 8800
Elapsed time: 1891.0715067386627s
Processing frame: 9000
Elapsed time: 1933.3875696659088s
Processing frame: 9200
Elapsed time: 1976.348040342331s
Processing frame: 9400
Elapsed time: 2019.3547627925873s
Processing frame: 9600
Elapsed time: 2061.716075897217s
Processing frame: 9800
Elapsed time: 2104.788884162903s
Processing frame: 10000
Elapsed time: 2147.83860206604s
Processing frame: 10200
Elapsed time: 2190.209770679474s
Processing frame: 10400
Elapsed time: 2233.1028475761414s
Processing frame: 10600
Elapsed time: 2276.2466650009155s
Processing frame: 10800
Elapsed time: 2318.863753795624s
Processing frame: 11000
Elapsed time: 2361.8844935894012s
Processing frame: 0
Processing frame: 200
Processing frame: 400
Processing frame: 600
Processing frame: 800
Processing frame: 1000
Processing frame: 1200
Processing frame: 1400
Processing frame: 1600
Processing frame: 1800
Processing frame: 2000
Processing frame: 2200
Processing frame: 2400
Processing frame: 2600
Processing frame: 2800
Processing frame: 3000
Processing frame: 3200
Processing frame: 3400
Processing frame: 3600
