-------------------------------------------------------------------------------
There are messages associated with the following module(s):
-------------------------------------------------------------------------------

python/3.5.2:
   This module is deprecated and will be removed in the future. Please
   upgrade to python/3.5. If you had created virtual environments we
   recommend to recreate them. Ce module est marqué pour être retiré et
   sera supprimé dans le futur. Veuillez utiliser python/3.5. Si vous aviez
   créé un environnement virtuel, nous vous recommandons de le recréer.

-------------------------------------------------------------------------------

sh: openposeEnv_Python3/bin/activate: No such file or directory
OpenPose Library Python Wrapper
Raw frames per second: 24.091836717722177
Crop: Video not from Camera1 or Camera2!
Frame width:1152, Frame height:972.
Polygon: Video not from Camera1 or Camera2!
Total frame number: 14485.0
Processing frame: 0
Elapsed time: 1.1682510375976562e-05s
Processing frame: 200
Elapsed time: 48.42879557609558s
Processing frame: 400
Elapsed time: 92.17911434173584s
Processing frame: 600
Elapsed time: 135.2132546901703s
Processing frame: 800
Elapsed time: 178.94990825653076s
Processing frame: 1000
Elapsed time: 222.72941160202026s
Processing frame: 1200
Elapsed time: 265.8019869327545s
Processing frame: 1400
Elapsed time: 309.56936836242676s
Processing frame: 1600
Elapsed time: 353.34717440605164s
Processing frame: 1800
Elapsed time: 396.48440313339233s
Processing frame: 2000
Elapsed time: 440.2959370613098s
Processing frame: 2200
Elapsed time: 484.04909443855286s
Processing frame: 2400
Elapsed time: 527.1237704753876s
Processing frame: 2600
Elapsed time: 570.8908178806305s
Processing frame: 2800
Elapsed time: 614.5187995433807s
Processing frame: 3000
Elapsed time: 657.6630501747131s
Processing frame: 3200
Elapsed time: 701.4674136638641s
Processing frame: 3400
Elapsed time: 745.2591445446014s
Processing frame: 3600
Elapsed time: 788.3776431083679s
Processing frame: 3800
Elapsed time: 832.1371874809265s
Processing frame: 4000
Elapsed time: 876.319061756134s
Processing frame: 4200
Elapsed time: 919.9312555789948s
Processing frame: 4400
Elapsed time: 964.2005739212036s
Processing frame: 4600
Elapsed time: 1008.8140950202942s
Processing frame: 4800
Elapsed time: 1052.5264685153961s
Processing frame: 5000
Elapsed time: 1096.9007241725922s
Processing frame: 5200
Elapsed time: 1141.5088036060333s
Processing frame: 5400
Elapsed time: 1185.0919127464294s
Processing frame: 5600
Elapsed time: 1229.4283044338226s
Processing frame: 5800
Elapsed time: 1273.8481557369232s
Processing frame: 6000
Elapsed time: 1318.1719403266907s
Processing frame: 6200
Elapsed time: 1362.3336610794067s
Processing frame: 6400
Elapsed time: 1406.6292600631714s
Processing frame: 6600
Elapsed time: 1450.1690199375153s
Processing frame: 6800
Elapsed time: 1494.3742599487305s
Processing frame: 7000
Elapsed time: 1538.548935174942s
Processing frame: 7200
Elapsed time: 1582.192300081253s
Processing frame: 7400
Elapsed time: 1626.4348182678223s
Processing frame: 7600
Elapsed time: 1670.62482047081s
Processing frame: 7800
Elapsed time: 1714.2694845199585s
Processing frame: 8000
Elapsed time: 1758.4812829494476s
Processing frame: 8200
Elapsed time: 1803.1199307441711s
Processing frame: 8400
Elapsed time: 1846.6620454788208s
Processing frame: 8600
Elapsed time: 1890.768436908722s
Processing frame: 8800
Elapsed time: 1934.980527639389s
Processing frame: 9000
Elapsed time: 1978.5291004180908s
Processing frame: 9200
Elapsed time: 2022.9562273025513s
Processing frame: 9400
Elapsed time: 2067.1483471393585s
Processing frame: 9600
Elapsed time: 2110.728846311569s
Processing frame: 9800
Elapsed time: 2155.743008852005s
Processing frame: 10000
Elapsed time: 2200.0064046382904s
Processing frame: 10200
Elapsed time: 2243.5356163978577s
Processing frame: 10400
Elapsed time: 2287.7856159210205s
Processing frame: 10600
Elapsed time: 2331.9639563560486s
Processing frame: 10800
Elapsed time: 2375.5161666870117s
Processing frame: 11000
Elapsed time: 2419.713454246521s
Processing frame: 11200
Elapsed time: 2463.894941806793s
Processing frame: 11400
Elapsed time: 2507.4064857959747s
Processing frame: 11600
Elapsed time: 2551.5866889953613s
Processing frame: 11800
Elapsed time: 2595.6876780986786s
Processing frame: 12000
Elapsed time: 2639.1458325386047s
Processing frame: 12200
Elapsed time: 2683.2274215221405s
Processing frame: 12400
Elapsed time: 2727.3302981853485s
Processing frame: 12600
Elapsed time: 2770.804557323456s
Processing frame: 12800
Elapsed time: 2814.9450845718384s
Processing frame: 13000
Elapsed time: 2859.005311489105s
Processing frame: 13200
Elapsed time: 2902.4805569648743s
Processing frame: 13400
Elapsed time: 2946.7162778377533s
Processing frame: 13600
Elapsed time: 2990.866024017334s
Processing frame: 13800
Elapsed time: 3034.4401791095734s
Processing frame: 14000
Elapsed time: 3078.5580716133118s
Processing frame: 14200
Elapsed time: 3122.744955062866s
Processing frame: 14400
Elapsed time: 3166.309948682785s
Frame: 14484, grabbed=False and frame=None
Processing frame: 0
Processing frame: 200
Processing frame: 400
Processing frame: 600
Processing frame: 800
Processing frame: 1000
Processing frame: 1200
Processing frame: 1400
Processing frame: 1600
Processing frame: 1800
Processing frame: 2000
Processing frame: 2200
Processing frame: 2400
Processing frame: 2600
Processing frame: 2800
Processing frame: 3000
Processing frame: 3200
Processing frame: 3400
Processing frame: 3600
Processing frame: 3800
Processing frame: 4000
Processing frame: 4200
Processing frame: 4400
Processing frame: 4600
Processing frame: 4800
