-------------------------------------------------------------------------------
There are messages associated with the following module(s):
-------------------------------------------------------------------------------

python/3.5.2:
   This module is deprecated and will be removed in the future. Please
   upgrade to python/3.5. If you had created virtual environments we
   recommend to recreate them. Ce module est marqué pour être retiré et
   sera supprimé dans le futur. Veuillez utiliser python/3.5. Si vous aviez
   créé un environnement virtuel, nous vous recommandons de le recréer.

-------------------------------------------------------------------------------

sh: openposeEnv_Python3/bin/activate: No such file or directory
OpenPose Library Python Wrapper
Raw frames per second: 16.72983336511946
Frame width:1152, Frame height:972.
Total frame number: 10055.0
Processing frame: 0
Elapsed time: 9.775161743164062e-06s
Processing frame: 200
Elapsed time: 48.622703313827515s
Processing frame: 400
Elapsed time: 92.74005126953125s
Processing frame: 600
Elapsed time: 136.18655848503113s
Processing frame: 800
Elapsed time: 180.33208560943604s
Processing frame: 1000
Elapsed time: 224.43764472007751s
Processing frame: 1200
Elapsed time: 267.9854054450989s
Processing frame: 1400
Elapsed time: 312.19463324546814s
Processing frame: 1600
Elapsed time: 356.28327345848083s
Processing frame: 1800
Elapsed time: 399.8102946281433s
Processing frame: 2000
Elapsed time: 443.8984887599945s
Processing frame: 2200
Elapsed time: 488.2068090438843s
Processing frame: 2400
Elapsed time: 531.5890045166016s
Processing frame: 2600
Elapsed time: 575.7965958118439s
Processing frame: 2800
Elapsed time: 619.8643155097961s
Processing frame: 3000
Elapsed time: 663.3076310157776s
Processing frame: 3200
Elapsed time: 707.3671596050262s
Processing frame: 3400
Elapsed time: 751.4603683948517s
Processing frame: 3600
Elapsed time: 794.9325404167175s
Processing frame: 3800
Elapsed time: 839.1096222400665s
Processing frame: 4000
Elapsed time: 883.2959549427032s
Processing frame: 4200
Elapsed time: 926.8999569416046s
Processing frame: 4400
Elapsed time: 971.1609666347504s
Processing frame: 4600
Elapsed time: 1015.5302135944366s
Processing frame: 4800
Elapsed time: 1059.1856112480164s
Processing frame: 5000
Elapsed time: 1103.4062201976776s
Processing frame: 5200
Elapsed time: 1147.5784313678741s
Processing frame: 5400
Elapsed time: 1191.0372486114502s
Processing frame: 5600
Elapsed time: 1235.1071450710297s
Processing frame: 5800
Elapsed time: 1279.1195378303528s
Processing frame: 6000
Elapsed time: 1322.54332447052s
Processing frame: 6200
Elapsed time: 1366.6500747203827s
Processing frame: 6400
Elapsed time: 1410.7190191745758s
Processing frame: 6600
Elapsed time: 1454.0265572071075s
Processing frame: 6800
Elapsed time: 1498.054592370987s
Processing frame: 7000
Elapsed time: 1542.1132361888885s
Processing frame: 7200
Elapsed time: 1585.5757610797882s
Processing frame: 7400
Elapsed time: 1629.6230657100677s
Processing frame: 7600
Elapsed time: 1673.7463858127594s
Processing frame: 7800
Elapsed time: 1717.1676154136658s
Processing frame: 8000
Elapsed time: 1761.2847352027893s
Processing frame: 8200
Elapsed time: 1805.4753506183624s
Processing frame: 8400
Elapsed time: 1848.9672820568085s
Processing frame: 8600
Elapsed time: 1893.097950220108s
Processing frame: 8800
Elapsed time: 1937.361447095871s
Processing frame: 9000
Elapsed time: 1980.856371641159s
Processing frame: 9200
Elapsed time: 2024.9717473983765s
Processing frame: 9400
Elapsed time: 2069.066615343094s
Processing frame: 9600
Elapsed time: 2112.50848031044s
Processing frame: 9800
Elapsed time: 2156.5718955993652s
Processing frame: 10000
Elapsed time: 2200.7107479572296s
Processing frame: 0
Processing frame: 200
Processing frame: 400
Processing frame: 600
Processing frame: 800
Processing frame: 1000
Processing frame: 1200
Processing frame: 1400
Processing frame: 1600
Processing frame: 1800
Processing frame: 2000
Processing frame: 2200
Processing frame: 2400
Processing frame: 2600
Processing frame: 2800
Processing frame: 3000
Processing frame: 3200
