-------------------------------------------------------------------------------
There are messages associated with the following module(s):
-------------------------------------------------------------------------------

python/3.5.2:
   This module is deprecated and will be removed in the future. Please
   upgrade to python/3.5. If you had created virtual environments we
   recommend to recreate them. Ce module est marqué pour être retiré et
   sera supprimé dans le futur. Veuillez utiliser python/3.5. Si vous aviez
   créé un environnement virtuel, nous vous recommandons de le recréer.

-------------------------------------------------------------------------------

sh: openposeEnv_Python3/bin/activate: No such file or directory
OpenPose Library Python Wrapper
Raw frames per second: 20.161789582440427
Frame width:1152, Frame height:972.
Total frame number: 12172.0
Processing frame: 0
Elapsed time: 9.298324584960938e-06s
Processing frame: 200
Elapsed time: 48.64622735977173s
Processing frame: 400
Elapsed time: 92.68916916847229s
Processing frame: 600
Elapsed time: 136.1819293498993s
Processing frame: 800
Elapsed time: 180.35502195358276s
Processing frame: 1000
Elapsed time: 224.4504039287567s
Processing frame: 1200
Elapsed time: 267.8034813404083s
Processing frame: 1400
Elapsed time: 311.8843762874603s
Processing frame: 1600
Elapsed time: 356.0057780742645s
Processing frame: 1800
Elapsed time: 399.59351921081543s
Processing frame: 2000
Elapsed time: 443.6034381389618s
Processing frame: 2200
Elapsed time: 487.7858145236969s
Processing frame: 2400
Elapsed time: 531.2387936115265s
Processing frame: 2600
Elapsed time: 575.2572720050812s
Processing frame: 2800
Elapsed time: 619.3918015956879s
Processing frame: 3000
Elapsed time: 662.8122143745422s
Processing frame: 3200
Elapsed time: 706.8409402370453s
Processing frame: 3400
Elapsed time: 750.8758554458618s
Processing frame: 3600
Elapsed time: 794.3324110507965s
Processing frame: 3800
Elapsed time: 838.4751882553101s
Processing frame: 4000
Elapsed time: 882.4856624603271s
Processing frame: 4200
Elapsed time: 925.8344480991364s
Processing frame: 4400
Elapsed time: 969.9647269248962s
Processing frame: 4600
Elapsed time: 1014.048234462738s
Processing frame: 4800
Elapsed time: 1057.4632861614227s
Processing frame: 5000
Elapsed time: 1101.5048325061798s
Processing frame: 5200
Elapsed time: 1145.6877613067627s
Processing frame: 5400
Elapsed time: 1189.1768639087677s
Processing frame: 5600
Elapsed time: 1233.27796626091s
Processing frame: 5800
Elapsed time: 1277.5015976428986s
Processing frame: 6000
Elapsed time: 1320.8914783000946s
Processing frame: 6200
Elapsed time: 1364.872132062912s
Processing frame: 6400
Elapsed time: 1408.9363050460815s
Processing frame: 6600
Elapsed time: 1452.3049356937408s
Processing frame: 6800
Elapsed time: 1496.418513059616s
Processing frame: 7000
Elapsed time: 1540.5001950263977s
Processing frame: 7200
Elapsed time: 1583.963163614273s
Processing frame: 7400
Elapsed time: 1628.0271201133728s
Processing frame: 7600
Elapsed time: 1672.281899213791s
Processing frame: 7800
Elapsed time: 1715.8191542625427s
Processing frame: 8000
Elapsed time: 1759.866869688034s
Processing frame: 8200
Elapsed time: 1803.9616265296936s
Processing frame: 8400
Elapsed time: 1847.3532013893127s
Processing frame: 8600
Elapsed time: 1891.3803911209106s
Processing frame: 8800
Elapsed time: 1935.4764721393585s
Processing frame: 9000
Elapsed time: 1978.9753453731537s
Processing frame: 9200
Elapsed time: 2022.9866197109222s
Processing frame: 9400
Elapsed time: 2067.0948123931885s
Processing frame: 9600
Elapsed time: 2110.4520168304443s
Processing frame: 9800
Elapsed time: 2154.405727624893s
Processing frame: 10000
Elapsed time: 2198.381922006607s
Processing frame: 10200
Elapsed time: 2241.744618654251s
Processing frame: 10400
Elapsed time: 2285.7772903442383s
Processing frame: 10600
Elapsed time: 2329.667810201645s
Processing frame: 10800
Elapsed time: 2372.906252861023s
Processing frame: 11000
Elapsed time: 2416.8937842845917s
Processing frame: 11200
Elapsed time: 2460.9749784469604s
Processing frame: 11400
Elapsed time: 2504.299777984619s
Processing frame: 11600
Elapsed time: 2548.3716752529144s
Processing frame: 11800
Elapsed time: 2592.4149675369263s
Processing frame: 12000
Elapsed time: 2635.867351293564s
Frame: 12171, grabbed=False and frame=None
Processing frame: 0
Processing frame: 200
Processing frame: 400
Processing frame: 600
Processing frame: 800
Processing frame: 1000
Processing frame: 1200
Processing frame: 1400
Processing frame: 1600
Processing frame: 1800
Processing frame: 2000
Processing frame: 2200
Processing frame: 2400
Processing frame: 2600
Processing frame: 2800
Processing frame: 3000
Processing frame: 3200
Processing frame: 3400
Processing frame: 3600
Processing frame: 3800
Processing frame: 4000
