-------------------------------------------------------------------------------
There are messages associated with the following module(s):
-------------------------------------------------------------------------------

python/3.5.2:
   This module is deprecated and will be removed in the future. Please
   upgrade to python/3.5. If you had created virtual environments we
   recommend to recreate them. Ce module est marqué pour être retiré et
   sera supprimé dans le futur. Veuillez utiliser python/3.5. Si vous aviez
   créé un environnement virtuel, nous vous recommandons de le recréer.

-------------------------------------------------------------------------------

sh: openposeEnv_Python3/bin/activate: No such file or directory
OpenPose Library Python Wrapper
Raw frames per second: 19.798403151609755
Crop: Video not from Camera1 or Camera2!
Frame width:1152, Frame height:972.
Polygon: Video not from Camera1 or Camera2!
Total frame number: 11878.0
Processing frame: 0
Elapsed time: 1.1444091796875e-05s
Processing frame: 200
Elapsed time: 49.092286348342896s
Processing frame: 400
Elapsed time: 93.06953763961792s
Processing frame: 600
Elapsed time: 136.33094763755798s
Processing frame: 800
Elapsed time: 180.25968170166016s
Processing frame: 1000
Elapsed time: 224.2099084854126s
Processing frame: 1200
Elapsed time: 267.6325147151947s
Processing frame: 1400
Elapsed time: 311.66382098197937s
Processing frame: 1600
Elapsed time: 355.65646600723267s
Processing frame: 1800
Elapsed time: 399.0583634376526s
Processing frame: 2000
Elapsed time: 444.1547772884369s
Processing frame: 2200
Elapsed time: 488.15478110313416s
Processing frame: 2400
Elapsed time: 531.5456187725067s
Processing frame: 2600
Elapsed time: 575.5771005153656s
Processing frame: 2800
Elapsed time: 619.6611807346344s
Processing frame: 3000
Elapsed time: 663.1375753879547s
Processing frame: 3200
Elapsed time: 707.1194670200348s
Processing frame: 3400
Elapsed time: 751.0511121749878s
Processing frame: 3600
Elapsed time: 794.394978761673s
Processing frame: 3800
Elapsed time: 838.226081609726s
Processing frame: 4000
Elapsed time: 882.0632317066193s
Processing frame: 4200
Elapsed time: 925.2265794277191s
Processing frame: 4400
Elapsed time: 968.9878089427948s
Processing frame: 4600
Elapsed time: 1012.8664989471436s
Processing frame: 4800
Elapsed time: 1056.1005251407623s
Processing frame: 5000
Elapsed time: 1100.053718328476s
Processing frame: 5200
Elapsed time: 1143.9527938365936s
Processing frame: 5400
Elapsed time: 1187.234802722931s
Processing frame: 5600
Elapsed time: 1231.1512520313263s
Processing frame: 5800
Elapsed time: 1275.0334813594818s
Processing frame: 6000
Elapsed time: 1318.271530866623s
Processing frame: 6200
Elapsed time: 1361.936888217926s
Processing frame: 6400
Elapsed time: 1405.7518157958984s
Processing frame: 6600
Elapsed time: 1448.9513330459595s
Processing frame: 6800
Elapsed time: 1492.857300043106s
Processing frame: 7000
Elapsed time: 1536.7971229553223s
Processing frame: 7200
Elapsed time: 1580.0906338691711s
Processing frame: 7400
Elapsed time: 1624.0600361824036s
Processing frame: 7600
Elapsed time: 1667.8856332302094s
Processing frame: 7800
Elapsed time: 1711.1835651397705s
Processing frame: 8000
Elapsed time: 1755.0759873390198s
Processing frame: 8200
Elapsed time: 1798.9816086292267s
Processing frame: 8400
Elapsed time: 1842.2103776931763s
Processing frame: 8600
Elapsed time: 1886.119158744812s
Processing frame: 8800
Elapsed time: 1930.029455423355s
Processing frame: 9000
Elapsed time: 1973.2486140727997s
Processing frame: 9200
Elapsed time: 2017.1674673557281s
Processing frame: 9400
Elapsed time: 2061.104278087616s
Processing frame: 9600
Elapsed time: 2104.422581911087s
Processing frame: 9800
Elapsed time: 2148.3302767276764s
Processing frame: 10000
Elapsed time: 2192.2192301750183s
Processing frame: 10200
Elapsed time: 2235.4145073890686s
Processing frame: 10400
Elapsed time: 2279.178679704666s
Processing frame: 10600
Elapsed time: 2322.9734585285187s
Processing frame: 10800
Elapsed time: 2366.1964087486267s
Processing frame: 11000
Elapsed time: 2410.029203414917s
Processing frame: 11200
Elapsed time: 2453.887575864792s
Processing frame: 11400
Elapsed time: 2497.0260264873505s
Processing frame: 11600
Elapsed time: 2540.7310090065002s
Processing frame: 11800
Elapsed time: 2584.506775856018s
Frame: 11877, grabbed=False and frame=None
Processing frame: 0
Processing frame: 200
Processing frame: 400
Processing frame: 600
Processing frame: 800
Processing frame: 1000
Processing frame: 1200
Processing frame: 1400
Processing frame: 1600
Processing frame: 1800
Processing frame: 2000
Processing frame: 2200
Processing frame: 2400
Processing frame: 2600
Processing frame: 2800
Processing frame: 3000
Processing frame: 3200
Processing frame: 3400
Processing frame: 3600
Processing frame: 3800
