-------------------------------------------------------------------------------
There are messages associated with the following module(s):
-------------------------------------------------------------------------------

python/3.5.2:
   This module is deprecated and will be removed in the future. Please
   upgrade to python/3.5. If you had created virtual environments we
   recommend to recreate them. Ce module est marqué pour être retiré et
   sera supprimé dans le futur. Veuillez utiliser python/3.5. Si vous aviez
   créé un environnement virtuel, nous vous recommandons de le recréer.

-------------------------------------------------------------------------------

sh: openposeEnv_Python3/bin/activate: No such file or directory
OpenPose Library Python Wrapper
Raw frames per second: 24.172649910121464
Frame width:960, Frame height:756.
Total frame number: 14540.0
Processing frame: 0
Elapsed time: 1.1205673217773438e-05s
Processing frame: 200
Elapsed time: 47.823487997055054s
Processing frame: 400
Elapsed time: 90.9009325504303s
Processing frame: 600
Elapsed time: 133.34511184692383s
Processing frame: 800
Elapsed time: 176.40243458747864s
Processing frame: 1000
Elapsed time: 219.36565852165222s
Processing frame: 1200
Elapsed time: 261.63819122314453s
Processing frame: 1400
Elapsed time: 304.61787390708923s
Processing frame: 1600
Elapsed time: 347.5753059387207s
Processing frame: 1800
Elapsed time: 389.94800543785095s
Processing frame: 2000
Elapsed time: 432.8592493534088s
Processing frame: 2200
Elapsed time: 475.7688503265381s
Processing frame: 2400
Elapsed time: 518.1802158355713s
Processing frame: 2600
Elapsed time: 561.2836368083954s
Processing frame: 2800
Elapsed time: 604.2426755428314s
Processing frame: 3000
Elapsed time: 646.5462784767151s
Processing frame: 3200
Elapsed time: 689.5385310649872s
Processing frame: 3400
Elapsed time: 732.5306832790375s
Processing frame: 3600
Elapsed time: 775.3035950660706s
Processing frame: 3800
Elapsed time: 818.2849760055542s
Processing frame: 4000
Elapsed time: 861.2861664295197s
Processing frame: 4200
Elapsed time: 903.5538711547852s
Processing frame: 4400
Elapsed time: 946.4150724411011s
Processing frame: 4600
Elapsed time: 989.324469089508s
Processing frame: 4800
Elapsed time: 1031.554796218872s
Processing frame: 5000
Elapsed time: 1074.377456665039s
Processing frame: 5200
Elapsed time: 1117.26225066185s
Processing frame: 5400
Elapsed time: 1159.5470931529999s
Processing frame: 5600
Elapsed time: 1202.4854214191437s
Processing frame: 5800
Elapsed time: 1245.394412279129s
Processing frame: 6000
Elapsed time: 1287.5939815044403s
Processing frame: 6200
Elapsed time: 1330.5602700710297s
Processing frame: 6400
Elapsed time: 1373.491982460022s
Processing frame: 6600
Elapsed time: 1415.7540018558502s
Processing frame: 6800
Elapsed time: 1458.7081804275513s
Processing frame: 7000
Elapsed time: 1501.578708410263s
Processing frame: 7200
Elapsed time: 1543.9063041210175s
Processing frame: 7400
Elapsed time: 1586.863974571228s
Processing frame: 7600
Elapsed time: 1629.9125707149506s
Processing frame: 7800
Elapsed time: 1672.261830329895s
Processing frame: 8000
Elapsed time: 1715.235643863678s
Processing frame: 8200
Elapsed time: 1758.2457432746887s
Processing frame: 8400
Elapsed time: 1800.5494003295898s
Processing frame: 8600
Elapsed time: 1843.4897809028625s
Processing frame: 8800
Elapsed time: 1886.4106950759888s
Processing frame: 9000
Elapsed time: 1928.7773604393005s
Processing frame: 9200
Elapsed time: 1971.6198546886444s
Processing frame: 9400
Elapsed time: 2014.570925951004s
Processing frame: 9600
Elapsed time: 2056.75604057312s
Processing frame: 9800
Elapsed time: 2099.600576877594s
Processing frame: 10000
Elapsed time: 2142.3791015148163s
Processing frame: 10200
Elapsed time: 2184.485687017441s
Processing frame: 10400
Elapsed time: 2227.412552833557s
Processing frame: 10600
Elapsed time: 2270.207567214966s
Processing frame: 10800
Elapsed time: 2312.3597123622894s
Processing frame: 11000
Elapsed time: 2355.240884542465s
Processing frame: 11200
Elapsed time: 2398.1282007694244s
Processing frame: 11400
Elapsed time: 2440.334872484207s
Processing frame: 11600
Elapsed time: 2483.165588617325s
Processing frame: 11800
Elapsed time: 2526.093745470047s
Processing frame: 12000
Elapsed time: 2568.3353612422943s
Processing frame: 12200
Elapsed time: 2611.261879682541s
Processing frame: 12400
Elapsed time: 2654.2341516017914s
Processing frame: 12600
Elapsed time: 2696.6395778656006s
Processing frame: 12800
Elapsed time: 2739.5087451934814s
Processing frame: 13000
Elapsed time: 2782.413058757782s
Processing frame: 13200
Elapsed time: 2824.707108974457s
Processing frame: 13400
Elapsed time: 2867.63808965683s
Processing frame: 13600
Elapsed time: 2910.4749472141266s
Processing frame: 13800
Elapsed time: 2952.8203496932983s
Processing frame: 14000
Elapsed time: 2995.744405269623s
Processing frame: 14200
Elapsed time: 3038.6545808315277s
Processing frame: 14400
Elapsed time: 3080.892532348633s
Processing frame: 0
Processing frame: 200
Processing frame: 400
Processing frame: 600
Processing frame: 800
Processing frame: 1000
Processing frame: 1200
Processing frame: 1400
Processing frame: 1600
Processing frame: 1800
Processing frame: 2000
Processing frame: 2200
Processing frame: 2400
Processing frame: 2600
Processing frame: 2800
Processing frame: 3000
Processing frame: 3200
Processing frame: 3400
Processing frame: 3600
Processing frame: 3800
Processing frame: 4000
Processing frame: 4200
Processing frame: 4400
Processing frame: 4600
Processing frame: 4800
