-------------------------------------------------------------------------------
There are messages associated with the following module(s):
-------------------------------------------------------------------------------

python/3.5.2:
   This module is deprecated and will be removed in the future. Please
   upgrade to python/3.5. If you had created virtual environments we
   recommend to recreate them. Ce module est marqué pour être retiré et
   sera supprimé dans le futur. Veuillez utiliser python/3.5. Si vous aviez
   créé un environnement virtuel, nous vous recommandons de le recréer.

-------------------------------------------------------------------------------

sh: openposeEnv_Python3/bin/activate: No such file or directory
OpenPose Library Python Wrapper
Raw frames per second: 19.358727603328933
Frame width:1152, Frame height:972.
Total frame number: 11646.0
Processing frame: 0
Elapsed time: 9.059906005859375e-06s
Processing frame: 200
Elapsed time: 48.5787615776062s
Processing frame: 400
Elapsed time: 92.71999955177307s
Processing frame: 600
Elapsed time: 136.14444637298584s
Processing frame: 800
Elapsed time: 180.1459231376648s
Processing frame: 1000
Elapsed time: 224.2762851715088s
Processing frame: 1200
Elapsed time: 267.74751567840576s
Processing frame: 1400
Elapsed time: 311.95247411727905s
Processing frame: 1600
Elapsed time: 356.06485867500305s
Processing frame: 1800
Elapsed time: 399.51930570602417s
Processing frame: 2000
Elapsed time: 443.5891728401184s
Processing frame: 2200
Elapsed time: 487.6753556728363s
Processing frame: 2400
Elapsed time: 531.1096308231354s
Processing frame: 2600
Elapsed time: 575.1730854511261s
Processing frame: 2800
Elapsed time: 619.2958698272705s
Processing frame: 3000
Elapsed time: 662.8471658229828s
Processing frame: 3200
Elapsed time: 706.9635617733002s
Processing frame: 3400
Elapsed time: 751.0582678318024s
Processing frame: 3600
Elapsed time: 794.426774263382s
Processing frame: 3800
Elapsed time: 838.4656825065613s
Processing frame: 4000
Elapsed time: 882.496021270752s
Processing frame: 4200
Elapsed time: 925.7631099224091s
Processing frame: 4400
Elapsed time: 969.6998867988586s
Processing frame: 4600
Elapsed time: 1013.590658903122s
Processing frame: 4800
Elapsed time: 1056.9388420581818s
Processing frame: 5000
Elapsed time: 1100.9708137512207s
Processing frame: 5200
Elapsed time: 1145.105504989624s
Processing frame: 5400
Elapsed time: 1188.5968449115753s
Processing frame: 5600
Elapsed time: 1232.7947418689728s
Processing frame: 5800
Elapsed time: 1276.8498067855835s
Processing frame: 6000
Elapsed time: 1320.1944637298584s
Processing frame: 6200
Elapsed time: 1364.2188792228699s
Processing frame: 6400
Elapsed time: 1408.1266722679138s
Processing frame: 6600
Elapsed time: 1451.3529841899872s
Processing frame: 6800
Elapsed time: 1495.3414635658264s
Processing frame: 7000
Elapsed time: 1539.3442838191986s
Processing frame: 7200
Elapsed time: 1582.7148940563202s
Processing frame: 7400
Elapsed time: 1626.629016160965s
Processing frame: 7600
Elapsed time: 1670.6526863574982s
Processing frame: 7800
Elapsed time: 1713.9456045627594s
Processing frame: 8000
Elapsed time: 1757.9171042442322s
Processing frame: 8200
Elapsed time: 1801.8313088417053s
Processing frame: 8400
Elapsed time: 1844.9384968280792s
Processing frame: 8600
Elapsed time: 1888.842945575714s
Processing frame: 8800
Elapsed time: 1932.8532388210297s
Processing frame: 9000
Elapsed time: 1976.2138328552246s
Processing frame: 9200
Elapsed time: 2020.217495918274s
Processing frame: 9400
Elapsed time: 2064.284336566925s
Processing frame: 9600
Elapsed time: 2107.618236541748s
Processing frame: 9800
Elapsed time: 2151.638436317444s
Processing frame: 10000
Elapsed time: 2195.5319674015045s
Processing frame: 10200
Elapsed time: 2238.973929166794s
Processing frame: 10400
Elapsed time: 2283.1087934970856s
Processing frame: 10600
Elapsed time: 2327.0536818504333s
Processing frame: 10800
Elapsed time: 2370.356644630432s
Processing frame: 11000
Elapsed time: 2414.3491525650024s
Processing frame: 11200
Elapsed time: 2458.355818271637s
Processing frame: 11400
Elapsed time: 2501.6463916301727s
Processing frame: 11600
Elapsed time: 2545.6731820106506s
Processing frame: 0
Processing frame: 200
Processing frame: 400
Processing frame: 600
Processing frame: 800
Processing frame: 1000
Processing frame: 1200
Processing frame: 1400
Processing frame: 1600
Processing frame: 1800
Processing frame: 2000
Processing frame: 2200
Processing frame: 2400
Processing frame: 2600
Processing frame: 2800
Processing frame: 3000
Processing frame: 3200
Processing frame: 3400
Processing frame: 3600
Processing frame: 3800
