-------------------------------------------------------------------------------
There are messages associated with the following module(s):
-------------------------------------------------------------------------------

python/3.5.2:
   This module is deprecated and will be removed in the future. Please
   upgrade to python/3.5. If you had created virtual environments we
   recommend to recreate them. Ce module est marqué pour être retiré et
   sera supprimé dans le futur. Veuillez utiliser python/3.5. Si vous aviez
   créé un environnement virtuel, nous vous recommandons de le recréer.

-------------------------------------------------------------------------------

sh: openposeEnv_Python3/bin/activate: No such file or directory
OpenPose Library Python Wrapper
Raw frames per second: 15.90843278609389
Frame width:960, Frame height:756.
Total frame number: 9590.0
Processing frame: 0
Elapsed time: 9.5367431640625e-06s
Processing frame: 200
Elapsed time: 47.48854351043701s
Processing frame: 400
Elapsed time: 90.43699645996094s
Processing frame: 600
Elapsed time: 132.8464105129242s
Processing frame: 800
Elapsed time: 175.86249089241028s
Processing frame: 1000
Elapsed time: 218.94787406921387s
Processing frame: 1200
Elapsed time: 261.4725124835968s
Processing frame: 1400
Elapsed time: 304.49706506729126s
Processing frame: 1600
Elapsed time: 347.5573823451996s
Processing frame: 1800
Elapsed time: 390.0033640861511s
Processing frame: 2000
Elapsed time: 433.115430355072s
Processing frame: 2200
Elapsed time: 476.2528512477875s
Processing frame: 2400
Elapsed time: 518.5772037506104s
Processing frame: 2600
Elapsed time: 561.5489773750305s
Processing frame: 2800
Elapsed time: 604.5052664279938s
Processing frame: 3000
Elapsed time: 646.8872904777527s
Processing frame: 3200
Elapsed time: 689.7848119735718s
Processing frame: 3400
Elapsed time: 732.81432056427s
Processing frame: 3600
Elapsed time: 775.2352197170258s
Processing frame: 3800
Elapsed time: 818.2542748451233s
Processing frame: 4000
Elapsed time: 861.4032797813416s
Processing frame: 4200
Elapsed time: 903.8587985038757s
Processing frame: 4400
Elapsed time: 947.0694642066956s
Processing frame: 4600
Elapsed time: 989.9249858856201s
Processing frame: 4800
Elapsed time: 1032.2591841220856s
Processing frame: 5000
Elapsed time: 1075.1842193603516s
Processing frame: 5200
Elapsed time: 1118.249438047409s
Processing frame: 5400
Elapsed time: 1160.7225513458252s
Processing frame: 5600
Elapsed time: 1203.7484307289124s
Processing frame: 5800
Elapsed time: 1246.6206922531128s
Processing frame: 6000
Elapsed time: 1288.8492209911346s
Processing frame: 6200
Elapsed time: 1331.7226371765137s
Processing frame: 6400
Elapsed time: 1374.564789533615s
Processing frame: 6600
Elapsed time: 1416.8828530311584s
Processing frame: 6800
Elapsed time: 1459.7464635372162s
Processing frame: 7000
Elapsed time: 1502.660982131958s
Processing frame: 7200
Elapsed time: 1544.8670160770416s
Processing frame: 7400
Elapsed time: 1587.6995148658752s
Processing frame: 7600
Elapsed time: 1630.5502824783325s
Processing frame: 7800
Elapsed time: 1672.838045835495s
Processing frame: 8000
Elapsed time: 1715.7089366912842s
Processing frame: 8200
Elapsed time: 1758.536182641983s
Processing frame: 8400
Elapsed time: 1800.7949240207672s
Processing frame: 8600
Elapsed time: 1843.7572481632233s
Processing frame: 8800
Elapsed time: 1886.7464215755463s
Processing frame: 9000
Elapsed time: 1929.1519567966461s
Processing frame: 9200
Elapsed time: 1972.068418264389s
Processing frame: 9400
Elapsed time: 2014.9760210514069s
Processing frame: 0
Processing frame: 200
Processing frame: 400
Processing frame: 600
Processing frame: 800
Processing frame: 1000
Processing frame: 1200
Processing frame: 1400
Processing frame: 1600
Processing frame: 1800
Processing frame: 2000
Processing frame: 2200
Processing frame: 2400
Processing frame: 2600
Processing frame: 2800
Processing frame: 3000
