-------------------------------------------------------------------------------
There are messages associated with the following module(s):
-------------------------------------------------------------------------------

python/3.5.2:
   This module is deprecated and will be removed in the future. Please
   upgrade to python/3.5. If you had created virtual environments we
   recommend to recreate them. Ce module est marqué pour être retiré et
   sera supprimé dans le futur. Veuillez utiliser python/3.5. Si vous aviez
   créé un environnement virtuel, nous vous recommandons de le recréer.

-------------------------------------------------------------------------------

sh: openposeEnv_Python3/bin/activate: No such file or directory
OpenPose Library Python Wrapper
Raw frames per second: 23.53870249495563
Crop: Video not from Camera1 or Camera2!
Frame width:1152, Frame height:972.
Polygon: Video not from Camera1 or Camera2!
Total frame number: 14147.0
Processing frame: 0
Elapsed time: 1.1205673217773438e-05s
Processing frame: 200
Elapsed time: 48.56806659698486s
Processing frame: 400
Elapsed time: 92.54091811180115s
Processing frame: 600
Elapsed time: 135.8754870891571s
Processing frame: 800
Elapsed time: 179.8183708190918s
Processing frame: 1000
Elapsed time: 223.804053068161s
Processing frame: 1200
Elapsed time: 267.1866753101349s
Processing frame: 1400
Elapsed time: 311.25366401672363s
Processing frame: 1600
Elapsed time: 355.3145868778229s
Processing frame: 1800
Elapsed time: 398.6280906200409s
Processing frame: 2000
Elapsed time: 442.66313672065735s
Processing frame: 2200
Elapsed time: 486.6298117637634s
Processing frame: 2400
Elapsed time: 529.9460580348969s
Processing frame: 2600
Elapsed time: 573.9525737762451s
Processing frame: 2800
Elapsed time: 617.9457306861877s
Processing frame: 3000
Elapsed time: 661.2985978126526s
Processing frame: 3200
Elapsed time: 705.3193562030792s
Processing frame: 3400
Elapsed time: 749.274346113205s
Processing frame: 3600
Elapsed time: 792.6387550830841s
Processing frame: 3800
Elapsed time: 836.6350481510162s
Processing frame: 4000
Elapsed time: 880.569429397583s
Processing frame: 4200
Elapsed time: 923.9399797916412s
Processing frame: 4400
Elapsed time: 967.9188606739044s
Processing frame: 4600
Elapsed time: 1011.9431648254395s
Processing frame: 4800
Elapsed time: 1055.3774740695953s
Processing frame: 5000
Elapsed time: 1099.375901222229s
Processing frame: 5200
Elapsed time: 1143.3549258708954s
Processing frame: 5400
Elapsed time: 1186.6987459659576s
Processing frame: 5600
Elapsed time: 1230.6930236816406s
Processing frame: 5800
Elapsed time: 1274.6529932022095s
Processing frame: 6000
Elapsed time: 1318.0189142227173s
Processing frame: 6200
Elapsed time: 1361.9379711151123s
Processing frame: 6400
Elapsed time: 1405.845163345337s
Processing frame: 6600
Elapsed time: 1449.2609264850616s
Processing frame: 6800
Elapsed time: 1493.0647571086884s
Processing frame: 7000
Elapsed time: 1536.959358215332s
Processing frame: 7200
Elapsed time: 1580.1484887599945s
Processing frame: 7400
Elapsed time: 1624.0252964496613s
Processing frame: 7600
Elapsed time: 1667.9649775028229s
Processing frame: 7800
Elapsed time: 1711.2495200634003s
Processing frame: 8000
Elapsed time: 1755.1059656143188s
Processing frame: 8200
Elapsed time: 1799.0079967975616s
Processing frame: 8400
Elapsed time: 1842.210060596466s
Processing frame: 8600
Elapsed time: 1886.244556427002s
Processing frame: 8800
Elapsed time: 1930.2219805717468s
Processing frame: 9000
Elapsed time: 1973.5553681850433s
Processing frame: 9200
Elapsed time: 2017.5081996917725s
Processing frame: 9400
Elapsed time: 2061.3535804748535s
Processing frame: 9600
Elapsed time: 2104.710305213928s
Processing frame: 9800
Elapsed time: 2148.692043542862s
Processing frame: 10000
Elapsed time: 2192.5969269275665s
Processing frame: 10200
Elapsed time: 2235.8565270900726s
Processing frame: 10400
Elapsed time: 2279.7478845119476s
Processing frame: 10600
Elapsed time: 2323.5964827537537s
Processing frame: 10800
Elapsed time: 2366.907675743103s
Processing frame: 11000
Elapsed time: 2410.9704852104187s
Processing frame: 11200
Elapsed time: 2454.903173685074s
Processing frame: 11400
Elapsed time: 2498.1826894283295s
Processing frame: 11600
Elapsed time: 2542.0371572971344s
Processing frame: 11800
Elapsed time: 2585.8898322582245s
Processing frame: 12000
Elapsed time: 2629.2567896842957s
Processing frame: 12200
Elapsed time: 2673.282906293869s
Processing frame: 12400
Elapsed time: 2717.2448675632477s
Processing frame: 12600
Elapsed time: 2760.4969205856323s
Processing frame: 12800
Elapsed time: 2804.450208902359s
Processing frame: 13000
Elapsed time: 2848.4114859104156s
Processing frame: 13200
Elapsed time: 2891.777108669281s
Processing frame: 13400
Elapsed time: 2935.7858905792236s
Processing frame: 13600
Elapsed time: 2980.1370906829834s
Processing frame: 13800
Elapsed time: 3023.4747109413147s
Processing frame: 14000
Elapsed time: 3067.3768870830536s
Frame: 14145, grabbed=False and frame=None
Processing frame: 0
Processing frame: 200
Processing frame: 400
Processing frame: 600
Processing frame: 800
Processing frame: 1000
Processing frame: 1200
Processing frame: 1400
Processing frame: 1600
Processing frame: 1800
Processing frame: 2000
Processing frame: 2200
Processing frame: 2400
Processing frame: 2600
Processing frame: 2800
Processing frame: 3000
Processing frame: 3200
Processing frame: 3400
Processing frame: 3600
Processing frame: 3800
Processing frame: 4000
Processing frame: 4200
Processing frame: 4400
Processing frame: 4600
