-------------------------------------------------------------------------------
There are messages associated with the following module(s):
-------------------------------------------------------------------------------

python/3.5.2:
   This module is deprecated and will be removed in the future. Please
   upgrade to python/3.5. If you had created virtual environments we
   recommend to recreate them. Ce module est marqué pour être retiré et
   sera supprimé dans le futur. Veuillez utiliser python/3.5. Si vous aviez
   créé un environnement virtuel, nous vous recommandons de le recréer.

-------------------------------------------------------------------------------

sh: openposeEnv_Python3/bin/activate: No such file or directory
OpenPose Library Python Wrapper
Raw frames per second: 14.5254992518273
Crop: Video not from Camera1 or Camera2!
Frame width:1152, Frame height:972.
Polygon: Video not from Camera1 or Camera2!
Total frame number: 8756.0
Processing frame: 0
Elapsed time: 1.1682510375976562e-05s
Processing frame: 200
Elapsed time: 49.60091853141785s
Processing frame: 400
Elapsed time: 94.00315570831299s
Processing frame: 600
Elapsed time: 137.8063304424286s
Processing frame: 800
Elapsed time: 182.18644309043884s
Processing frame: 1000
Elapsed time: 226.37231063842773s
Processing frame: 1200
Elapsed time: 270.13112902641296s
Processing frame: 1400
Elapsed time: 314.43245220184326s
Processing frame: 1600
Elapsed time: 358.7458665370941s
Processing frame: 1800
Elapsed time: 403.7377440929413s
Processing frame: 2000
Elapsed time: 447.9841969013214s
Processing frame: 2200
Elapsed time: 492.2640857696533s
Processing frame: 2400
Elapsed time: 535.9108946323395s
Processing frame: 2600
Elapsed time: 580.0189490318298s
Processing frame: 2800
Elapsed time: 624.3564553260803s
Processing frame: 3000
Elapsed time: 667.924254655838s
Processing frame: 3200
Elapsed time: 712.286388874054s
Processing frame: 3400
Elapsed time: 756.6170499324799s
Processing frame: 3600
Elapsed time: 800.2481071949005s
Processing frame: 3800
Elapsed time: 844.686963558197s
Processing frame: 4000
Elapsed time: 888.9676463603973s
Processing frame: 4200
Elapsed time: 932.7088804244995s
Processing frame: 4400
Elapsed time: 977.0086522102356s
Processing frame: 4600
Elapsed time: 1021.3566074371338s
Processing frame: 4800
Elapsed time: 1064.9014751911163s
Processing frame: 5000
Elapsed time: 1109.1361901760101s
Processing frame: 5200
Elapsed time: 1153.5527226924896s
Processing frame: 5400
Elapsed time: 1197.1586124897003s
Processing frame: 5600
Elapsed time: 1241.4129612445831s
Processing frame: 5800
Elapsed time: 1285.7222952842712s
Processing frame: 6000
Elapsed time: 1329.1140279769897s
Processing frame: 6200
Elapsed time: 1373.2951567173004s
Processing frame: 6400
Elapsed time: 1417.4817037582397s
Processing frame: 6600
Elapsed time: 1461.0931377410889s
Processing frame: 6800
Elapsed time: 1505.3741610050201s
Processing frame: 7000
Elapsed time: 1549.660365819931s
Processing frame: 7200
Elapsed time: 1593.2972350120544s
Processing frame: 7400
Elapsed time: 1637.4822459220886s
Processing frame: 7600
Elapsed time: 1681.7537767887115s
Processing frame: 7800
Elapsed time: 1725.3330023288727s
Processing frame: 8000
Elapsed time: 1769.3745591640472s
Processing frame: 8200
Elapsed time: 1813.517119884491s
Processing frame: 8400
Elapsed time: 1857.1491491794586s
Processing frame: 8600
Elapsed time: 1901.2870914936066s
Processing frame: 0
Processing frame: 200
Processing frame: 400
Processing frame: 600
Processing frame: 800
Processing frame: 1000
Processing frame: 1200
Processing frame: 1400
Processing frame: 1600
Processing frame: 1800
Processing frame: 2000
Processing frame: 2200
Processing frame: 2400
Processing frame: 2600
Processing frame: 2800
