-------------------------------------------------------------------------------
There are messages associated with the following module(s):
-------------------------------------------------------------------------------

python/3.5.2:
   This module is deprecated and will be removed in the future. Please
   upgrade to python/3.5. If you had created virtual environments we
   recommend to recreate them. Ce module est marqué pour être retiré et
   sera supprimé dans le futur. Veuillez utiliser python/3.5. Si vous aviez
   créé un environnement virtuel, nous vous recommandons de le recréer.

-------------------------------------------------------------------------------

sh: openposeEnv_Python3/bin/activate: No such file or directory
OpenPose Library Python Wrapper
Raw frames per second: 18.607572648565828
Frame width:960, Frame height:756.
Total frame number: 11235.0
Processing frame: 0
Elapsed time: 1.0967254638671875e-05s
Processing frame: 200
Elapsed time: 47.642746686935425s
Processing frame: 400
Elapsed time: 90.71289324760437s
Processing frame: 600
Elapsed time: 133.21636700630188s
Processing frame: 800
Elapsed time: 176.3791127204895s
Processing frame: 1000
Elapsed time: 219.56416273117065s
Processing frame: 1200
Elapsed time: 262.18386340141296s
Processing frame: 1400
Elapsed time: 305.33186960220337s
Processing frame: 1600
Elapsed time: 348.514315366745s
Processing frame: 1800
Elapsed time: 391.01360273361206s
Processing frame: 2000
Elapsed time: 434.0420606136322s
Processing frame: 2200
Elapsed time: 477.1729245185852s
Processing frame: 2400
Elapsed time: 519.707013130188s
Processing frame: 2600
Elapsed time: 562.8777294158936s
Processing frame: 2800
Elapsed time: 606.056352853775s
Processing frame: 3000
Elapsed time: 648.4330174922943s
Processing frame: 3200
Elapsed time: 691.5600798130035s
Processing frame: 3400
Elapsed time: 734.7531797885895s
Processing frame: 3600
Elapsed time: 777.3141195774078s
Processing frame: 3800
Elapsed time: 820.5167593955994s
Processing frame: 4000
Elapsed time: 863.7522242069244s
Processing frame: 4200
Elapsed time: 906.189040184021s
Processing frame: 4400
Elapsed time: 949.2999336719513s
Processing frame: 4600
Elapsed time: 992.3361988067627s
Processing frame: 4800
Elapsed time: 1034.8019847869873s
Processing frame: 5000
Elapsed time: 1077.9023971557617s
Processing frame: 5200
Elapsed time: 1121.0025126934052s
Processing frame: 5400
Elapsed time: 1163.429241657257s
Processing frame: 5600
Elapsed time: 1206.5704617500305s
Processing frame: 5800
Elapsed time: 1249.6430077552795s
Processing frame: 6000
Elapsed time: 1292.1005420684814s
Processing frame: 6200
Elapsed time: 1335.1573882102966s
Processing frame: 6400
Elapsed time: 1378.303864955902s
Processing frame: 6600
Elapsed time: 1420.7237808704376s
Processing frame: 6800
Elapsed time: 1463.7365148067474s
Processing frame: 7000
Elapsed time: 1506.709811925888s
Processing frame: 7200
Elapsed time: 1549.1313035488129s
Processing frame: 7400
Elapsed time: 1592.0866520404816s
Processing frame: 7600
Elapsed time: 1635.090803861618s
Processing frame: 7800
Elapsed time: 1677.5038022994995s
Processing frame: 8000
Elapsed time: 1720.5290431976318s
Processing frame: 8200
Elapsed time: 1763.574462890625s
Processing frame: 8400
Elapsed time: 1805.867611169815s
Processing frame: 8600
Elapsed time: 1848.8743379116058s
Processing frame: 8800
Elapsed time: 1891.7520821094513s
Processing frame: 9000
Elapsed time: 1934.071270942688s
Processing frame: 9200
Elapsed time: 1976.9273855686188s
Processing frame: 9400
Elapsed time: 2019.8425590991974s
Processing frame: 9600
Elapsed time: 2062.1884410381317s
Processing frame: 9800
Elapsed time: 2105.1734499931335s
Processing frame: 10000
Elapsed time: 2148.219435930252s
Processing frame: 10200
Elapsed time: 2190.4755959510803s
Processing frame: 10400
Elapsed time: 2233.446769952774s
Processing frame: 10600
Elapsed time: 2276.304262161255s
Processing frame: 10800
Elapsed time: 2318.7106742858887s
Processing frame: 11000
Elapsed time: 2361.7698514461517s
Processing frame: 11200
Elapsed time: 2404.782546520233s
Processing frame: 0
Processing frame: 200
Processing frame: 400
Processing frame: 600
Processing frame: 800
Processing frame: 1000
Processing frame: 1200
Processing frame: 1400
Processing frame: 1600
Processing frame: 1800
Processing frame: 2000
Processing frame: 2200
Processing frame: 2400
Processing frame: 2600
Processing frame: 2800
Processing frame: 3000
Processing frame: 3200
Processing frame: 3400
Processing frame: 3600
