-------------------------------------------------------------------------------
There are messages associated with the following module(s):
-------------------------------------------------------------------------------

python/3.5.2:
   This module is deprecated and will be removed in the future. Please
   upgrade to python/3.5. If you had created virtual environments we
   recommend to recreate them. Ce module est marqué pour être retiré et
   sera supprimé dans le futur. Veuillez utiliser python/3.5. Si vous aviez
   créé un environnement virtuel, nous vous recommandons de le recréer.

-------------------------------------------------------------------------------

sh: openposeEnv_Python3/bin/activate: No such file or directory
OpenPose Library Python Wrapper
Raw frames per second: 22.492860046069865
Frame width:1152, Frame height:972.
Total frame number: 13496.0
Processing frame: 0
Elapsed time: 9.775161743164062e-06s
Processing frame: 200
Elapsed time: 48.706019163131714s
Processing frame: 400
Elapsed time: 92.7259373664856s
Processing frame: 600
Elapsed time: 136.18063926696777s
Processing frame: 800
Elapsed time: 180.16320061683655s
Processing frame: 1000
Elapsed time: 224.18023800849915s
Processing frame: 1200
Elapsed time: 267.61559295654297s
Processing frame: 1400
Elapsed time: 311.66242361068726s
Processing frame: 1600
Elapsed time: 355.55616641044617s
Processing frame: 1800
Elapsed time: 399.0128514766693s
Processing frame: 2000
Elapsed time: 443.1091651916504s
Processing frame: 2200
Elapsed time: 487.70643520355225s
Processing frame: 2400
Elapsed time: 531.1561050415039s
Processing frame: 2600
Elapsed time: 575.2728221416473s
Processing frame: 2800
Elapsed time: 619.4177470207214s
Processing frame: 3000
Elapsed time: 662.7802901268005s
Processing frame: 3200
Elapsed time: 706.8590021133423s
Processing frame: 3400
Elapsed time: 750.9164152145386s
Processing frame: 3600
Elapsed time: 794.2112557888031s
Processing frame: 3800
Elapsed time: 838.1315703392029s
Processing frame: 4000
Elapsed time: 882.1361298561096s
Processing frame: 4200
Elapsed time: 925.5304846763611s
Processing frame: 4400
Elapsed time: 969.5271198749542s
Processing frame: 4600
Elapsed time: 1013.6168072223663s
Processing frame: 4800
Elapsed time: 1056.898976802826s
Processing frame: 5000
Elapsed time: 1100.9188833236694s
Processing frame: 5200
Elapsed time: 1145.010025024414s
Processing frame: 5400
Elapsed time: 1188.3588163852692s
Processing frame: 5600
Elapsed time: 1232.4031431674957s
Processing frame: 5800
Elapsed time: 1276.4243710041046s
Processing frame: 6000
Elapsed time: 1319.6741337776184s
Processing frame: 6200
Elapsed time: 1363.6652200222015s
Processing frame: 6400
Elapsed time: 1407.7502572536469s
Processing frame: 6600
Elapsed time: 1451.169786453247s
Processing frame: 6800
Elapsed time: 1495.1086258888245s
Processing frame: 7000
Elapsed time: 1539.1100897789001s
Processing frame: 7200
Elapsed time: 1582.509836435318s
Processing frame: 7400
Elapsed time: 1626.577837228775s
Processing frame: 7600
Elapsed time: 1670.6065192222595s
Processing frame: 7800
Elapsed time: 1713.9916915893555s
Processing frame: 8000
Elapsed time: 1758.0485172271729s
Processing frame: 8200
Elapsed time: 1801.9810945987701s
Processing frame: 8400
Elapsed time: 1845.3465859889984s
Processing frame: 8600
Elapsed time: 1889.3307619094849s
Processing frame: 8800
Elapsed time: 1933.2987523078918s
Processing frame: 9000
Elapsed time: 1976.611578464508s
Processing frame: 9200
Elapsed time: 2020.741627216339s
Processing frame: 9400
Elapsed time: 2064.8973462581635s
Processing frame: 9600
Elapsed time: 2108.5034804344177s
Processing frame: 9800
Elapsed time: 2152.8507907390594s
Processing frame: 10000
Elapsed time: 2197.1760432720184s
Processing frame: 10200
Elapsed time: 2240.9385471343994s
Processing frame: 10400
Elapsed time: 2285.180135011673s
Processing frame: 10600
Elapsed time: 2329.4734950065613s
Processing frame: 10800
Elapsed time: 2373.153990507126s
Processing frame: 11000
Elapsed time: 2417.4894137382507s
Processing frame: 11200
Elapsed time: 2461.763696193695s
Processing frame: 11400
Elapsed time: 2505.426534175873s
Processing frame: 11600
Elapsed time: 2549.7636544704437s
Processing frame: 11800
Elapsed time: 2593.960979938507s
Processing frame: 12000
Elapsed time: 2637.541019678116s
Processing frame: 12200
Elapsed time: 2681.7302339076996s
Processing frame: 12400
Elapsed time: 2725.9462003707886s
Processing frame: 12600
Elapsed time: 2769.514792442322s
Processing frame: 12800
Elapsed time: 2813.6543736457825s
Processing frame: 13000
Elapsed time: 2857.7559175491333s
Processing frame: 13200
Elapsed time: 2901.272594690323s
Processing frame: 13400
Elapsed time: 2945.451709508896s
Frame: 13494, grabbed=False and frame=None
Processing frame: 0
Processing frame: 200
Processing frame: 400
Processing frame: 600
Processing frame: 800
Processing frame: 1000
Processing frame: 1200
Processing frame: 1400
Processing frame: 1600
Processing frame: 1800
Processing frame: 2000
Processing frame: 2200
Processing frame: 2400
Processing frame: 2600
Processing frame: 2800
Processing frame: 3000
Processing frame: 3200
Processing frame: 3400
Processing frame: 3600
Processing frame: 3800
Processing frame: 4000
Processing frame: 4200
Processing frame: 4400
