-------------------------------------------------------------------------------
There are messages associated with the following module(s):
-------------------------------------------------------------------------------

python/3.5.2:
   This module is deprecated and will be removed in the future. Please
   upgrade to python/3.5. If you had created virtual environments we
   recommend to recreate them. Ce module est marqué pour être retiré et
   sera supprimé dans le futur. Veuillez utiliser python/3.5. Si vous aviez
   créé un environnement virtuel, nous vous recommandons de le recréer.

-------------------------------------------------------------------------------

sh: openposeEnv_Python3/bin/activate: No such file or directory
OpenPose Library Python Wrapper
Raw frames per second: 22.658350188876874
Crop: Video not from Camera1 or Camera2!
Frame width:1152, Frame height:972.
Polygon: Video not from Camera1 or Camera2!
Total frame number: 13596.0
Processing frame: 0
Elapsed time: 1.0967254638671875e-05s
Processing frame: 200
Elapsed time: 48.80997037887573s
Processing frame: 400
Elapsed time: 93.00298166275024s
Processing frame: 600
Elapsed time: 136.77407336235046s
Processing frame: 800
Elapsed time: 181.1619954109192s
Processing frame: 1000
Elapsed time: 225.40349221229553s
Processing frame: 1200
Elapsed time: 268.8917541503906s
Processing frame: 1400
Elapsed time: 313.14173412323s
Processing frame: 1600
Elapsed time: 357.39093828201294s
Processing frame: 1800
Elapsed time: 400.8756892681122s
Processing frame: 2000
Elapsed time: 445.00212144851685s
Processing frame: 2200
Elapsed time: 489.01721239089966s
Processing frame: 2400
Elapsed time: 532.4567890167236s
Processing frame: 2600
Elapsed time: 576.5726730823517s
Processing frame: 2800
Elapsed time: 620.9185976982117s
Processing frame: 3000
Elapsed time: 664.413684129715s
Processing frame: 3200
Elapsed time: 708.493106842041s
Processing frame: 3400
Elapsed time: 752.6005673408508s
Processing frame: 3600
Elapsed time: 796.068060874939s
Processing frame: 3800
Elapsed time: 840.2190673351288s
Processing frame: 4000
Elapsed time: 884.4000377655029s
Processing frame: 4200
Elapsed time: 928.1117088794708s
Processing frame: 4400
Elapsed time: 972.6597247123718s
Processing frame: 4600
Elapsed time: 1016.7469654083252s
Processing frame: 4800
Elapsed time: 1060.2963347434998s
Processing frame: 5000
Elapsed time: 1104.4703180789948s
Processing frame: 5200
Elapsed time: 1148.882688999176s
Processing frame: 5400
Elapsed time: 1192.6078324317932s
Processing frame: 5600
Elapsed time: 1236.79731798172s
Processing frame: 5800
Elapsed time: 1281.0419435501099s
Processing frame: 6000
Elapsed time: 1325.4554407596588s
Processing frame: 6200
Elapsed time: 1369.5795845985413s
Processing frame: 6400
Elapsed time: 1413.6732773780823s
Processing frame: 6600
Elapsed time: 1457.0869765281677s
Processing frame: 6800
Elapsed time: 1501.2423174381256s
Processing frame: 7000
Elapsed time: 1545.70725107193s
Processing frame: 7200
Elapsed time: 1589.252760887146s
Processing frame: 7400
Elapsed time: 1633.5290026664734s
Processing frame: 7600
Elapsed time: 1677.8002116680145s
Processing frame: 7800
Elapsed time: 1721.413094997406s
Processing frame: 8000
Elapsed time: 1765.6899287700653s
Processing frame: 8200
Elapsed time: 1809.9973554611206s
Processing frame: 8400
Elapsed time: 1853.5815482139587s
Processing frame: 8600
Elapsed time: 1897.7872333526611s
Processing frame: 8800
Elapsed time: 1942.0091857910156s
Processing frame: 9000
Elapsed time: 1985.548816204071s
Processing frame: 9200
Elapsed time: 2029.8263547420502s
Processing frame: 9400
Elapsed time: 2074.2063863277435s
Processing frame: 9600
Elapsed time: 2117.7556631565094s
Processing frame: 9800
Elapsed time: 2161.970371723175s
Processing frame: 10000
Elapsed time: 2206.1713559627533s
Processing frame: 10200
Elapsed time: 2249.7849431037903s
Processing frame: 10400
Elapsed time: 2294.0300376415253s
Processing frame: 10600
Elapsed time: 2338.223194360733s
Processing frame: 10800
Elapsed time: 2381.6942603588104s
Processing frame: 11000
Elapsed time: 2425.792923927307s
Processing frame: 11200
Elapsed time: 2469.9498755931854s
Processing frame: 11400
Elapsed time: 2513.5516922473907s
Processing frame: 11600
Elapsed time: 2557.7219820022583s
Processing frame: 11800
Elapsed time: 2602.006334543228s
Processing frame: 12000
Elapsed time: 2645.5583522319794s
Processing frame: 12200
Elapsed time: 2689.684346437454s
Processing frame: 12400
Elapsed time: 2733.7521975040436s
Processing frame: 12600
Elapsed time: 2777.2620935440063s
Processing frame: 12800
Elapsed time: 2821.2881104946136s
Processing frame: 13000
Elapsed time: 2865.3929805755615s
Processing frame: 13200
Elapsed time: 2908.9096179008484s
Processing frame: 13400
Elapsed time: 2953.0627501010895s
Processing frame: 0
Processing frame: 200
Processing frame: 400
Processing frame: 600
Processing frame: 800
Processing frame: 1000
Processing frame: 1200
Processing frame: 1400
Processing frame: 1600
Processing frame: 1800
Processing frame: 2000
Processing frame: 2200
Processing frame: 2400
Processing frame: 2600
Processing frame: 2800
Processing frame: 3000
Processing frame: 3200
Processing frame: 3400
Processing frame: 3600
Processing frame: 3800
Processing frame: 4000
Processing frame: 4200
Processing frame: 4400
