-------------------------------------------------------------------------------
There are messages associated with the following module(s):
-------------------------------------------------------------------------------

python/3.5.2:
   This module is deprecated and will be removed in the future. Please
   upgrade to python/3.5. If you had created virtual environments we
   recommend to recreate them. Ce module est marqué pour être retiré et
   sera supprimé dans le futur. Veuillez utiliser python/3.5. Si vous aviez
   créé un environnement virtuel, nous vous recommandons de le recréer.

-------------------------------------------------------------------------------

sh: openposeEnv_Python3/bin/activate: No such file or directory
OpenPose Library Python Wrapper
Raw frames per second: 16.875510938096355
Frame width:1152, Frame height:972.
Total frame number: 10164.0
Processing frame: 0
Elapsed time: 1.4066696166992188e-05s
Processing frame: 200
Elapsed time: 48.67168998718262s
Processing frame: 400
Elapsed time: 92.71872091293335s
Processing frame: 600
Elapsed time: 136.1407172679901s
Processing frame: 800
Elapsed time: 180.1558632850647s
Processing frame: 1000
Elapsed time: 224.18669962882996s
Processing frame: 1200
Elapsed time: 267.5456597805023s
Processing frame: 1400
Elapsed time: 311.5520393848419s
Processing frame: 1600
Elapsed time: 355.5661861896515s
Processing frame: 1800
Elapsed time: 398.95587730407715s
Processing frame: 2000
Elapsed time: 443.0543301105499s
Processing frame: 2200
Elapsed time: 487.0649664402008s
Processing frame: 2400
Elapsed time: 530.5210196971893s
Processing frame: 2600
Elapsed time: 574.616546869278s
Processing frame: 2800
Elapsed time: 618.6235499382019s
Processing frame: 3000
Elapsed time: 661.9877698421478s
Processing frame: 3200
Elapsed time: 705.9861779212952s
Processing frame: 3400
Elapsed time: 749.8739037513733s
Processing frame: 3600
Elapsed time: 793.1907660961151s
Processing frame: 3800
Elapsed time: 837.1634385585785s
Processing frame: 4000
Elapsed time: 881.2354581356049s
Processing frame: 4200
Elapsed time: 924.5478246212006s
Processing frame: 4400
Elapsed time: 968.6262781620026s
Processing frame: 4600
Elapsed time: 1012.6753458976746s
Processing frame: 4800
Elapsed time: 1056.034410238266s
Processing frame: 5000
Elapsed time: 1099.9999220371246s
Processing frame: 5200
Elapsed time: 1144.0117309093475s
Processing frame: 5400
Elapsed time: 1187.3244986534119s
Processing frame: 5600
Elapsed time: 1231.2509455680847s
Processing frame: 5800
Elapsed time: 1275.1709971427917s
Processing frame: 6000
Elapsed time: 1318.446079492569s
Processing frame: 6200
Elapsed time: 1362.4009120464325s
Processing frame: 6400
Elapsed time: 1406.3310689926147s
Processing frame: 6600
Elapsed time: 1449.6533033847809s
Processing frame: 6800
Elapsed time: 1493.6160633563995s
Processing frame: 7000
Elapsed time: 1537.5775156021118s
Processing frame: 7200
Elapsed time: 1580.8843898773193s
Processing frame: 7400
Elapsed time: 1625.099101305008s
Processing frame: 7600
Elapsed time: 1669.16011428833s
Processing frame: 7800
Elapsed time: 1712.5575652122498s
Processing frame: 8000
Elapsed time: 1756.3409385681152s
Processing frame: 8200
Elapsed time: 1800.2097222805023s
Processing frame: 8400
Elapsed time: 1843.5620737075806s
Processing frame: 8600
Elapsed time: 1887.490463733673s
Processing frame: 8800
Elapsed time: 1931.364331483841s
Processing frame: 9000
Elapsed time: 1974.6397404670715s
Processing frame: 9200
Elapsed time: 2018.35134100914s
Processing frame: 9400
Elapsed time: 2062.1798899173737s
Processing frame: 9600
Elapsed time: 2105.376352071762s
Processing frame: 9800
Elapsed time: 2149.332901954651s
Processing frame: 10000
Elapsed time: 2193.246688604355s
Processing frame: 0
Processing frame: 200
Processing frame: 400
Processing frame: 600
Processing frame: 800
Processing frame: 1000
Processing frame: 1200
Processing frame: 1400
Processing frame: 1600
Processing frame: 1800
Processing frame: 2000
Processing frame: 2200
Processing frame: 2400
Processing frame: 2600
Processing frame: 2800
Processing frame: 3000
Processing frame: 3200
