-------------------------------------------------------------------------------
There are messages associated with the following module(s):
-------------------------------------------------------------------------------

python/3.5.2:
   This module is deprecated and will be removed in the future. Please
   upgrade to python/3.5. If you had created virtual environments we
   recommend to recreate them. Ce module est marqué pour être retiré et
   sera supprimé dans le futur. Veuillez utiliser python/3.5. Si vous aviez
   créé un environnement virtuel, nous vous recommandons de le recréer.

-------------------------------------------------------------------------------

sh: openposeEnv_Python3/bin/activate: No such file or directory
OpenPose Library Python Wrapper
Raw frames per second: 20.692913300725436
Frame width:1152, Frame height:972.
Total frame number: 12445.0
Processing frame: 0
Elapsed time: 1.4543533325195312e-05s
Processing frame: 200
Elapsed time: 48.592490434646606s
Processing frame: 400
Elapsed time: 92.81909799575806s
Processing frame: 600
Elapsed time: 136.26926827430725s
Processing frame: 800
Elapsed time: 180.36043858528137s
Processing frame: 1000
Elapsed time: 224.37670159339905s
Processing frame: 1200
Elapsed time: 267.8890063762665s
Processing frame: 1400
Elapsed time: 311.99894309043884s
Processing frame: 1600
Elapsed time: 356.15012669563293s
Processing frame: 1800
Elapsed time: 399.6960816383362s
Processing frame: 2000
Elapsed time: 443.9474639892578s
Processing frame: 2200
Elapsed time: 488.1808018684387s
Processing frame: 2400
Elapsed time: 531.7270169258118s
Processing frame: 2600
Elapsed time: 575.8463163375854s
Processing frame: 2800
Elapsed time: 619.8940320014954s
Processing frame: 3000
Elapsed time: 663.4876272678375s
Processing frame: 3200
Elapsed time: 707.728194475174s
Processing frame: 3400
Elapsed time: 751.9376032352448s
Processing frame: 3600
Elapsed time: 795.4833242893219s
Processing frame: 3800
Elapsed time: 839.7687911987305s
Processing frame: 4000
Elapsed time: 883.937162399292s
Processing frame: 4200
Elapsed time: 927.4237146377563s
Processing frame: 4400
Elapsed time: 971.580459356308s
Processing frame: 4600
Elapsed time: 1015.8328950405121s
Processing frame: 4800
Elapsed time: 1059.3660202026367s
Processing frame: 5000
Elapsed time: 1103.4488146305084s
Processing frame: 5200
Elapsed time: 1147.5727994441986s
Processing frame: 5400
Elapsed time: 1191.208126783371s
Processing frame: 5600
Elapsed time: 1235.4732687473297s
Processing frame: 5800
Elapsed time: 1279.8116052150726s
Processing frame: 6000
Elapsed time: 1323.32852602005s
Processing frame: 6200
Elapsed time: 1367.5323469638824s
Processing frame: 6400
Elapsed time: 1411.786205291748s
Processing frame: 6600
Elapsed time: 1455.4342966079712s
Processing frame: 6800
Elapsed time: 1499.6109228134155s
Processing frame: 7000
Elapsed time: 1543.8602106571198s
Processing frame: 7200
Elapsed time: 1587.4489078521729s
Processing frame: 7400
Elapsed time: 1631.6256914138794s
Processing frame: 7600
Elapsed time: 1675.658240556717s
Processing frame: 7800
Elapsed time: 1719.1027083396912s
Processing frame: 8000
Elapsed time: 1763.272899389267s
Processing frame: 8200
Elapsed time: 1807.2470254898071s
Processing frame: 8400
Elapsed time: 1850.5915763378143s
Processing frame: 8600
Elapsed time: 1894.611801147461s
Processing frame: 8800
Elapsed time: 1938.61563038826s
Processing frame: 9000
Elapsed time: 1982.0399615764618s
Processing frame: 9200
Elapsed time: 2026.077217578888s
Processing frame: 9400
Elapsed time: 2070.054144859314s
Processing frame: 9600
Elapsed time: 2113.548223257065s
Processing frame: 9800
Elapsed time: 2157.5692360401154s
Processing frame: 10000
Elapsed time: 2201.7034590244293s
Processing frame: 10200
Elapsed time: 2245.164701938629s
Processing frame: 10400
Elapsed time: 2289.2664420604706s
Processing frame: 10600
Elapsed time: 2333.3116421699524s
Processing frame: 10800
Elapsed time: 2376.755897283554s
Processing frame: 11000
Elapsed time: 2420.7352392673492s
Processing frame: 11200
Elapsed time: 2464.6614050865173s
Processing frame: 11400
Elapsed time: 2508.00231385231s
Processing frame: 11600
Elapsed time: 2551.9973924160004s
Processing frame: 11800
Elapsed time: 2596.036789894104s
Processing frame: 12000
Elapsed time: 2639.4236657619476s
Processing frame: 12200
Elapsed time: 2683.4091777801514s
Processing frame: 12400
Elapsed time: 2727.3588252067566s
Frame: 12444, grabbed=False and frame=None
Processing frame: 0
Processing frame: 200
Processing frame: 400
Processing frame: 600
Processing frame: 800
Processing frame: 1000
Processing frame: 1200
Processing frame: 1400
Processing frame: 1600
Processing frame: 1800
Processing frame: 2000
Processing frame: 2200
Processing frame: 2400
Processing frame: 2600
Processing frame: 2800
Processing frame: 3000
Processing frame: 3200
Processing frame: 3400
Processing frame: 3600
Processing frame: 3800
Processing frame: 4000
