-------------------------------------------------------------------------------
There are messages associated with the following module(s):
-------------------------------------------------------------------------------

python/3.5.2:
   This module is deprecated and will be removed in the future. Please
   upgrade to python/3.5. If you had created virtual environments we
   recommend to recreate them. Ce module est marqué pour être retiré et
   sera supprimé dans le futur. Veuillez utiliser python/3.5. Si vous aviez
   créé un environnement virtuel, nous vous recommandons de le recréer.

-------------------------------------------------------------------------------

sh: openposeEnv_Python3/bin/activate: No such file or directory
OpenPose Library Python Wrapper
Raw frames per second: 24.19444963168197
Frame width:1152, Frame height:972.
Total frame number: 14600.0
Processing frame: 0
Elapsed time: 1.5735626220703125e-05s
Processing frame: 200
Elapsed time: 47.31002402305603s
Processing frame: 400
Elapsed time: 90.32624864578247s
Processing frame: 600
Elapsed time: 132.69850420951843s
Processing frame: 800
Elapsed time: 175.77031135559082s
Processing frame: 1000
Elapsed time: 218.8729293346405s
Processing frame: 1200
Elapsed time: 261.2767450809479s
Processing frame: 1400
Elapsed time: 304.30827808380127s
Processing frame: 1600
Elapsed time: 347.3398530483246s
Processing frame: 1800
Elapsed time: 389.74150252342224s
Processing frame: 2000
Elapsed time: 432.81179904937744s
Processing frame: 2200
Elapsed time: 475.9107301235199s
Processing frame: 2400
Elapsed time: 518.4676930904388s
Processing frame: 2600
Elapsed time: 561.5935213565826s
Processing frame: 2800
Elapsed time: 604.6707761287689s
Processing frame: 3000
Elapsed time: 647.0468761920929s
Processing frame: 3200
Elapsed time: 690.0612893104553s
Processing frame: 3400
Elapsed time: 733.0712397098541s
Processing frame: 3600
Elapsed time: 775.4719610214233s
Processing frame: 3800
Elapsed time: 818.4166667461395s
Processing frame: 4000
Elapsed time: 861.427262544632s
Processing frame: 4200
Elapsed time: 903.8415174484253s
Processing frame: 4400
Elapsed time: 946.7691488265991s
Processing frame: 4600
Elapsed time: 989.7482271194458s
Processing frame: 4800
Elapsed time: 1032.1168744564056s
Processing frame: 5000
Elapsed time: 1075.0776579380035s
Processing frame: 5200
Elapsed time: 1118.0835382938385s
Processing frame: 5400
Elapsed time: 1160.4808955192566s
Processing frame: 5600
Elapsed time: 1203.394484758377s
Processing frame: 5800
Elapsed time: 1246.3866910934448s
Processing frame: 6000
Elapsed time: 1288.7100622653961s
Processing frame: 6200
Elapsed time: 1331.7016835212708s
Processing frame: 6400
Elapsed time: 1374.6843621730804s
Processing frame: 6600
Elapsed time: 1417.1027750968933s
Processing frame: 6800
Elapsed time: 1460.1206669807434s
Processing frame: 7000
Elapsed time: 1503.1407437324524s
Processing frame: 7200
Elapsed time: 1545.5271925926208s
Processing frame: 7400
Elapsed time: 1588.572214126587s
Processing frame: 7600
Elapsed time: 1631.6100351810455s
Processing frame: 7800
Elapsed time: 1674.0864653587341s
Processing frame: 8000
Elapsed time: 1717.2209508419037s
Processing frame: 8200
Elapsed time: 1760.3020408153534s
Processing frame: 8400
Elapsed time: 1802.6846771240234s
Processing frame: 8600
Elapsed time: 1845.742446899414s
Processing frame: 8800
Elapsed time: 1888.7095019817352s
Processing frame: 9000
Elapsed time: 1930.9639735221863s
Processing frame: 9200
Elapsed time: 1973.8413004875183s
Processing frame: 9400
Elapsed time: 2016.7258262634277s
Processing frame: 9600
Elapsed time: 2058.9691314697266s
Processing frame: 9800
Elapsed time: 2101.864565849304s
Processing frame: 10000
Elapsed time: 2144.839844226837s
Processing frame: 10200
Elapsed time: 2187.154396057129s
Processing frame: 10400
Elapsed time: 2230.067209005356s
Processing frame: 10600
Elapsed time: 2273.0789172649384s
Processing frame: 10800
Elapsed time: 2315.32915019989s
Processing frame: 11000
Elapsed time: 2358.2398784160614s
Processing frame: 11200
Elapsed time: 2401.227974653244s
Processing frame: 11400
Elapsed time: 2443.571284532547s
Processing frame: 11600
Elapsed time: 2486.5175359249115s
Processing frame: 11800
Elapsed time: 2529.4675307273865s
Processing frame: 12000
Elapsed time: 2571.7869668006897s
Processing frame: 12200
Elapsed time: 2614.7735316753387s
Processing frame: 12400
Elapsed time: 2657.797786474228s
Processing frame: 12600
Elapsed time: 2700.07475066185s
Processing frame: 12800
Elapsed time: 2743.0227274894714s
Processing frame: 13000
Elapsed time: 2785.982221364975s
Processing frame: 13200
Elapsed time: 2828.315995454788s
Processing frame: 13400
Elapsed time: 2871.1879472732544s
Processing frame: 13600
Elapsed time: 2914.179215192795s
Processing frame: 13800
Elapsed time: 2956.5359783172607s
Processing frame: 14000
Elapsed time: 2999.5270397663116s
Processing frame: 14200
Elapsed time: 3042.494294166565s
Processing frame: 14400
Elapsed time: 3084.8629682064056s
Processing frame: 0
Processing frame: 200
Processing frame: 400
Processing frame: 600
Processing frame: 800
Processing frame: 1000
Processing frame: 1200
Processing frame: 1400
Processing frame: 1600
Processing frame: 1800
Processing frame: 2000
Processing frame: 2200
Processing frame: 2400
Processing frame: 2600
Processing frame: 2800
Processing frame: 3000
Processing frame: 3200
Processing frame: 3400
Processing frame: 3600
Processing frame: 3800
Processing frame: 4000
Processing frame: 4200
Processing frame: 4400
Processing frame: 4600
Processing frame: 4800
