-------------------------------------------------------------------------------
There are messages associated with the following module(s):
-------------------------------------------------------------------------------

python/3.5.2:
   This module is deprecated and will be removed in the future. Please
   upgrade to python/3.5. If you had created virtual environments we
   recommend to recreate them. Ce module est marqué pour être retiré et
   sera supprimé dans le futur. Veuillez utiliser python/3.5. Si vous aviez
   créé un environnement virtuel, nous vous recommandons de le recréer.

-------------------------------------------------------------------------------

sh: openposeEnv_Python3/bin/activate: No such file or directory
OpenPose Library Python Wrapper
Raw frames per second: 19.456436329924678
Frame width:960, Frame height:756.
Total frame number: 11695.0
Processing frame: 0
Elapsed time: 9.5367431640625e-06s
Processing frame: 200
Elapsed time: 47.672242403030396s
Processing frame: 400
Elapsed time: 90.69231939315796s
Processing frame: 600
Elapsed time: 133.0145664215088s
Processing frame: 800
Elapsed time: 176.00911951065063s
Processing frame: 1000
Elapsed time: 218.92120790481567s
Processing frame: 1200
Elapsed time: 261.4146399497986s
Processing frame: 1400
Elapsed time: 304.6681418418884s
Processing frame: 1600
Elapsed time: 347.8242509365082s
Processing frame: 1800
Elapsed time: 390.14989137649536s
Processing frame: 2000
Elapsed time: 433.20071721076965s
Processing frame: 2200
Elapsed time: 476.1492931842804s
Processing frame: 2400
Elapsed time: 518.5416276454926s
Processing frame: 2600
Elapsed time: 561.4708569049835s
Processing frame: 2800
Elapsed time: 604.4491140842438s
Processing frame: 3000
Elapsed time: 646.9221894741058s
Processing frame: 3200
Elapsed time: 690.0473783016205s
Processing frame: 3400
Elapsed time: 733.144891500473s
Processing frame: 3600
Elapsed time: 775.6793787479401s
Processing frame: 3800
Elapsed time: 818.8751509189606s
Processing frame: 4000
Elapsed time: 862.0685565471649s
Processing frame: 4200
Elapsed time: 904.5504977703094s
Processing frame: 4400
Elapsed time: 947.6458783149719s
Processing frame: 4600
Elapsed time: 990.7107737064362s
Processing frame: 4800
Elapsed time: 1033.1362433433533s
Processing frame: 5000
Elapsed time: 1076.2566738128662s
Processing frame: 5200
Elapsed time: 1119.4268970489502s
Processing frame: 5400
Elapsed time: 1161.8613495826721s
Processing frame: 5600
Elapsed time: 1204.9187197685242s
Processing frame: 5800
Elapsed time: 1248.0683584213257s
Processing frame: 6000
Elapsed time: 1290.4634611606598s
Processing frame: 6200
Elapsed time: 1333.5049426555634s
Processing frame: 6400
Elapsed time: 1376.546485900879s
Processing frame: 6600
Elapsed time: 1418.8062500953674s
Processing frame: 6800
Elapsed time: 1461.7094280719757s
Processing frame: 7000
Elapsed time: 1504.6714916229248s
Processing frame: 7200
Elapsed time: 1546.93009018898s
Processing frame: 7400
Elapsed time: 1589.930507659912s
Processing frame: 7600
Elapsed time: 1632.9330534934998s
Processing frame: 7800
Elapsed time: 1675.3003108501434s
Processing frame: 8000
Elapsed time: 1718.2588295936584s
Processing frame: 8200
Elapsed time: 1761.2303235530853s
Processing frame: 8400
Elapsed time: 1803.4239475727081s
Processing frame: 8600
Elapsed time: 1846.2406899929047s
Processing frame: 8800
Elapsed time: 1889.0874440670013s
Processing frame: 9000
Elapsed time: 1931.427655696869s
Processing frame: 9200
Elapsed time: 1974.377376794815s
Processing frame: 9400
Elapsed time: 2017.3427131175995s
Processing frame: 9600
Elapsed time: 2059.551284313202s
Processing frame: 9800
Elapsed time: 2102.41113448143s
Processing frame: 10000
Elapsed time: 2145.2926800251007s
Processing frame: 10200
Elapsed time: 2187.707118034363s
Processing frame: 10400
Elapsed time: 2230.7681431770325s
Processing frame: 10600
Elapsed time: 2273.744512319565s
Processing frame: 10800
Elapsed time: 2316.1524543762207s
Processing frame: 11000
Elapsed time: 2359.0814521312714s
Processing frame: 11200
Elapsed time: 2401.9240753650665s
Processing frame: 11400
Elapsed time: 2444.1244707107544s
Processing frame: 11600
Elapsed time: 2487.0045392513275s
Frame: 11694, grabbed=False and frame=None
Processing frame: 0
Processing frame: 200
Processing frame: 400
Processing frame: 600
Processing frame: 800
Processing frame: 1000
Processing frame: 1200
Processing frame: 1400
Processing frame: 1600
Processing frame: 1800
Processing frame: 2000
Processing frame: 2200
Processing frame: 2400
Processing frame: 2600
Processing frame: 2800
Processing frame: 3000
Processing frame: 3200
Processing frame: 3400
Processing frame: 3600
Processing frame: 3800
