-------------------------------------------------------------------------------
There are messages associated with the following module(s):
-------------------------------------------------------------------------------

python/3.5.2:
   This module is deprecated and will be removed in the future. Please
   upgrade to python/3.5. If you had created virtual environments we
   recommend to recreate them. Ce module est marqué pour être retiré et
   sera supprimé dans le futur. Veuillez utiliser python/3.5. Si vous aviez
   créé un environnement virtuel, nous vous recommandons de le recréer.

-------------------------------------------------------------------------------

sh: openposeEnv_Python3/bin/activate: No such file or directory
OpenPose Library Python Wrapper
Raw frames per second: 24.12955754592356
Frame width:960, Frame height:756.
Total frame number: 14535.0
Processing frame: 0
Elapsed time: 9.775161743164062e-06s
Processing frame: 200
Elapsed time: 47.63839340209961s
Processing frame: 400
Elapsed time: 90.8809335231781s
Processing frame: 600
Elapsed time: 133.3355176448822s
Processing frame: 800
Elapsed time: 176.41353225708008s
Processing frame: 1000
Elapsed time: 219.6423783302307s
Processing frame: 1200
Elapsed time: 262.3936700820923s
Processing frame: 1400
Elapsed time: 305.56684494018555s
Processing frame: 1600
Elapsed time: 348.85471653938293s
Processing frame: 1800
Elapsed time: 391.28939175605774s
Processing frame: 2000
Elapsed time: 434.364866733551s
Processing frame: 2200
Elapsed time: 477.5075464248657s
Processing frame: 2400
Elapsed time: 519.9816899299622s
Processing frame: 2600
Elapsed time: 563.125536441803s
Processing frame: 2800
Elapsed time: 606.3175206184387s
Processing frame: 3000
Elapsed time: 648.8812384605408s
Processing frame: 3200
Elapsed time: 691.9556126594543s
Processing frame: 3400
Elapsed time: 735.1215562820435s
Processing frame: 3600
Elapsed time: 777.7094399929047s
Processing frame: 3800
Elapsed time: 820.8375859260559s
Processing frame: 4000
Elapsed time: 863.8316926956177s
Processing frame: 4200
Elapsed time: 906.2425270080566s
Processing frame: 4400
Elapsed time: 949.2587270736694s
Processing frame: 4600
Elapsed time: 992.2288544178009s
Processing frame: 4800
Elapsed time: 1034.6213190555573s
Processing frame: 5000
Elapsed time: 1077.6562049388885s
Processing frame: 5200
Elapsed time: 1120.656968832016s
Processing frame: 5400
Elapsed time: 1162.9159932136536s
Processing frame: 5600
Elapsed time: 1205.8416998386383s
Processing frame: 5800
Elapsed time: 1248.8784711360931s
Processing frame: 6000
Elapsed time: 1291.1846714019775s
Processing frame: 6200
Elapsed time: 1334.1640849113464s
Processing frame: 6400
Elapsed time: 1377.1676647663116s
Processing frame: 6600
Elapsed time: 1419.4653532505035s
Processing frame: 6800
Elapsed time: 1462.4028635025024s
Processing frame: 7000
Elapsed time: 1505.3959667682648s
Processing frame: 7200
Elapsed time: 1547.8424561023712s
Processing frame: 7400
Elapsed time: 1590.9347431659698s
Processing frame: 7600
Elapsed time: 1634.055409669876s
Processing frame: 7800
Elapsed time: 1676.4358875751495s
Processing frame: 8000
Elapsed time: 1719.347242116928s
Processing frame: 8200
Elapsed time: 1762.275577545166s
Processing frame: 8400
Elapsed time: 1804.5251264572144s
Processing frame: 8600
Elapsed time: 1847.5168087482452s
Processing frame: 8800
Elapsed time: 1890.4336857795715s
Processing frame: 9000
Elapsed time: 1932.7737233638763s
Processing frame: 9200
Elapsed time: 1975.6986134052277s
Processing frame: 9400
Elapsed time: 2018.7604358196259s
Processing frame: 9600
Elapsed time: 2061.0803277492523s
Processing frame: 9800
Elapsed time: 2104.081631422043s
Processing frame: 10000
Elapsed time: 2147.109520673752s
Processing frame: 10200
Elapsed time: 2189.438126564026s
Processing frame: 10400
Elapsed time: 2232.37175321579s
Processing frame: 10600
Elapsed time: 2275.5125193595886s
Processing frame: 10800
Elapsed time: 2317.902185201645s
Processing frame: 11000
Elapsed time: 2361.3073654174805s
Processing frame: 11200
Elapsed time: 2404.443667650223s
Processing frame: 11400
Elapsed time: 2446.879900455475s
Processing frame: 11600
Elapsed time: 2489.9274830818176s
Processing frame: 11800
Elapsed time: 2532.975527048111s
Processing frame: 12000
Elapsed time: 2575.522650718689s
Processing frame: 12200
Elapsed time: 2618.594535112381s
Processing frame: 12400
Elapsed time: 2661.678862810135s
Processing frame: 12600
Elapsed time: 2704.175239801407s
Processing frame: 12800
Elapsed time: 2747.3339009284973s
Processing frame: 13000
Elapsed time: 2790.4341373443604s
Processing frame: 13200
Elapsed time: 2832.90695476532s
Processing frame: 13400
Elapsed time: 2876.1190605163574s
Processing frame: 13600
Elapsed time: 2919.2620527744293s
Processing frame: 13800
Elapsed time: 2961.8508059978485s
Processing frame: 14000
Elapsed time: 3004.9815464019775s
Processing frame: 14200
Elapsed time: 3048.069094181061s
Processing frame: 14400
Elapsed time: 3090.5667531490326s
Processing frame: 0
Processing frame: 200
Processing frame: 400
Processing frame: 600
Processing frame: 800
Processing frame: 1000
Processing frame: 1200
Processing frame: 1400
Processing frame: 1600
Processing frame: 1800
Processing frame: 2000
Processing frame: 2200
Processing frame: 2400
Processing frame: 2600
Processing frame: 2800
Processing frame: 3000
Processing frame: 3200
Processing frame: 3400
Processing frame: 3600
Processing frame: 3800
Processing frame: 4000
Processing frame: 4200
Processing frame: 4400
Processing frame: 4600
Processing frame: 4800
