-------------------------------------------------------------------------------
There are messages associated with the following module(s):
-------------------------------------------------------------------------------

python/3.5.2:
   This module is deprecated and will be removed in the future. Please
   upgrade to python/3.5. If you had created virtual environments we
   recommend to recreate them. Ce module est marqué pour être retiré et
   sera supprimé dans le futur. Veuillez utiliser python/3.5. Si vous aviez
   créé un environnement virtuel, nous vous recommandons de le recréer.

-------------------------------------------------------------------------------

sh: openposeEnv_Python3/bin/activate: No such file or directory
OpenPose Library Python Wrapper
Raw frames per second: 17.6581721320862
Frame width:1152, Frame height:972.
Total frame number: 10630.0
Processing frame: 0
Elapsed time: 1.1205673217773438e-05s
Processing frame: 200
Elapsed time: 48.4384241104126s
Processing frame: 400
Elapsed time: 92.28129243850708s
Processing frame: 600
Elapsed time: 135.4193413257599s
Processing frame: 800
Elapsed time: 179.20168209075928s
Processing frame: 1000
Elapsed time: 223.08618092536926s
Processing frame: 1200
Elapsed time: 266.36402916908264s
Processing frame: 1400
Elapsed time: 310.38348960876465s
Processing frame: 1600
Elapsed time: 354.24560809135437s
Processing frame: 1800
Elapsed time: 397.4618704319s
Processing frame: 2000
Elapsed time: 441.2905261516571s
Processing frame: 2200
Elapsed time: 485.1490828990936s
Processing frame: 2400
Elapsed time: 528.2957894802094s
Processing frame: 2600
Elapsed time: 572.1934249401093s
Processing frame: 2800
Elapsed time: 616.0409710407257s
Processing frame: 3000
Elapsed time: 659.2805092334747s
Processing frame: 3200
Elapsed time: 703.1066126823425s
Processing frame: 3400
Elapsed time: 746.9828245639801s
Processing frame: 3600
Elapsed time: 790.2165598869324s
Processing frame: 3800
Elapsed time: 834.195375919342s
Processing frame: 4000
Elapsed time: 878.1162598133087s
Processing frame: 4200
Elapsed time: 921.4545300006866s
Processing frame: 4400
Elapsed time: 965.2750446796417s
Processing frame: 4600
Elapsed time: 1009.2460923194885s
Processing frame: 4800
Elapsed time: 1052.5861337184906s
Processing frame: 5000
Elapsed time: 1096.5981078147888s
Processing frame: 5200
Elapsed time: 1140.591487646103s
Processing frame: 5400
Elapsed time: 1184.0313324928284s
Processing frame: 5600
Elapsed time: 1227.9459190368652s
Processing frame: 5800
Elapsed time: 1271.8365225791931s
Processing frame: 6000
Elapsed time: 1315.1316237449646s
Processing frame: 6200
Elapsed time: 1358.9320976734161s
Processing frame: 6400
Elapsed time: 1402.7425472736359s
Processing frame: 6600
Elapsed time: 1446.0011324882507s
Processing frame: 6800
Elapsed time: 1489.7703323364258s
Processing frame: 7000
Elapsed time: 1533.5309047698975s
Processing frame: 7200
Elapsed time: 1576.700348854065s
Processing frame: 7400
Elapsed time: 1620.5433130264282s
Processing frame: 7600
Elapsed time: 1664.4214000701904s
Processing frame: 7800
Elapsed time: 1707.6742897033691s
Processing frame: 8000
Elapsed time: 1751.5842156410217s
Processing frame: 8200
Elapsed time: 1795.4738626480103s
Processing frame: 8400
Elapsed time: 1838.7215337753296s
Processing frame: 8600
Elapsed time: 1882.5164697170258s
Processing frame: 8800
Elapsed time: 1926.291314125061s
Processing frame: 9000
Elapsed time: 1969.5362408161163s
Processing frame: 9200
Elapsed time: 2013.4826724529266s
Processing frame: 9400
Elapsed time: 2057.232626438141s
Processing frame: 9600
Elapsed time: 2100.3207433223724s
Processing frame: 9800
Elapsed time: 2144.0411241054535s
Processing frame: 10000
Elapsed time: 2187.7785727977753s
Processing frame: 10200
Elapsed time: 2230.9288902282715s
Processing frame: 10400
Elapsed time: 2274.7306270599365s
Processing frame: 10600
Elapsed time: 2318.382395505905s
Frame: 10629, grabbed=False and frame=None
Processing frame: 0
Processing frame: 200
Processing frame: 400
Processing frame: 600
Processing frame: 800
Processing frame: 1000
Processing frame: 1200
Processing frame: 1400
Processing frame: 1600
Processing frame: 1800
Processing frame: 2000
Processing frame: 2200
Processing frame: 2400
Processing frame: 2600
Processing frame: 2800
Processing frame: 3000
Processing frame: 3200
Processing frame: 3400
