-------------------------------------------------------------------------------
There are messages associated with the following module(s):
-------------------------------------------------------------------------------

python/3.5.2:
   This module is deprecated and will be removed in the future. Please
   upgrade to python/3.5. If you had created virtual environments we
   recommend to recreate them. Ce module est marqué pour être retiré et
   sera supprimé dans le futur. Veuillez utiliser python/3.5. Si vous aviez
   créé un environnement virtuel, nous vous recommandons de le recréer.

-------------------------------------------------------------------------------

sh: openposeEnv_Python3/bin/activate: No such file or directory
OpenPose Library Python Wrapper
Raw frames per second: 18.79845749312785
Frame width:1152, Frame height:972.
Total frame number: 11297.0
Processing frame: 0
Elapsed time: 1.0967254638671875e-05s
Processing frame: 200
Elapsed time: 48.82545852661133s
Processing frame: 400
Elapsed time: 92.9337706565857s
Processing frame: 600
Elapsed time: 136.4620978832245s
Processing frame: 800
Elapsed time: 180.67502760887146s
Processing frame: 1000
Elapsed time: 224.91544008255005s
Processing frame: 1200
Elapsed time: 268.46675276756287s
Processing frame: 1400
Elapsed time: 312.7218084335327s
Processing frame: 1600
Elapsed time: 356.9032769203186s
Processing frame: 1800
Elapsed time: 400.45244097709656s
Processing frame: 2000
Elapsed time: 444.52476143836975s
Processing frame: 2200
Elapsed time: 488.6594159603119s
Processing frame: 2400
Elapsed time: 532.156259059906s
Processing frame: 2600
Elapsed time: 576.3276908397675s
Processing frame: 2800
Elapsed time: 620.5401170253754s
Processing frame: 3000
Elapsed time: 664.0272521972656s
Processing frame: 3200
Elapsed time: 708.0851929187775s
Processing frame: 3400
Elapsed time: 752.1261773109436s
Processing frame: 3600
Elapsed time: 795.5659635066986s
Processing frame: 3800
Elapsed time: 839.7440931797028s
Processing frame: 4000
Elapsed time: 883.9369337558746s
Processing frame: 4200
Elapsed time: 927.4121017456055s
Processing frame: 4400
Elapsed time: 971.6681084632874s
Processing frame: 4600
Elapsed time: 1015.7885184288025s
Processing frame: 4800
Elapsed time: 1059.3526103496552s
Processing frame: 5000
Elapsed time: 1103.526461839676s
Processing frame: 5200
Elapsed time: 1147.600572347641s
Processing frame: 5400
Elapsed time: 1190.986829996109s
Processing frame: 5600
Elapsed time: 1234.9517879486084s
Processing frame: 5800
Elapsed time: 1279.1359510421753s
Processing frame: 6000
Elapsed time: 1322.5330460071564s
Processing frame: 6200
Elapsed time: 1366.41832113266s
Processing frame: 6400
Elapsed time: 1410.3536880016327s
Processing frame: 6600
Elapsed time: 1453.701503753662s
Processing frame: 6800
Elapsed time: 1497.7421853542328s
Processing frame: 7000
Elapsed time: 1541.7487607002258s
Processing frame: 7200
Elapsed time: 1585.1807715892792s
Processing frame: 7400
Elapsed time: 1629.2579274177551s
Processing frame: 7600
Elapsed time: 1673.1996581554413s
Processing frame: 7800
Elapsed time: 1716.5034716129303s
Processing frame: 8000
Elapsed time: 1760.50466299057s
Processing frame: 8200
Elapsed time: 1804.5487265586853s
Processing frame: 8400
Elapsed time: 1847.9407300949097s
Processing frame: 8600
Elapsed time: 1891.9014582633972s
Processing frame: 8800
Elapsed time: 1935.7772829532623s
Processing frame: 9000
Elapsed time: 1979.1585590839386s
Processing frame: 9200
Elapsed time: 2023.3365213871002s
Processing frame: 9400
Elapsed time: 2067.4423789978027s
Processing frame: 9600
Elapsed time: 2110.8646483421326s
Processing frame: 9800
Elapsed time: 2154.9305415153503s
Processing frame: 10000
Elapsed time: 2198.963739156723s
Processing frame: 10200
Elapsed time: 2242.3912749290466s
Processing frame: 10400
Elapsed time: 2286.470251560211s
Processing frame: 10600
Elapsed time: 2330.5335054397583s
Processing frame: 10800
Elapsed time: 2373.918934583664s
Processing frame: 11000
Elapsed time: 2417.95082116127s
Processing frame: 11200
Elapsed time: 2462.046387195587s
Processing frame: 0
Processing frame: 200
Processing frame: 400
Processing frame: 600
Processing frame: 800
Processing frame: 1000
Processing frame: 1200
Processing frame: 1400
Processing frame: 1600
Processing frame: 1800
Processing frame: 2000
Processing frame: 2200
Processing frame: 2400
Processing frame: 2600
Processing frame: 2800
Processing frame: 3000
Processing frame: 3200
Processing frame: 3400
Processing frame: 3600
