-------------------------------------------------------------------------------
There are messages associated with the following module(s):
-------------------------------------------------------------------------------

python/3.5.2:
   This module is deprecated and will be removed in the future. Please
   upgrade to python/3.5. If you had created virtual environments we
   recommend to recreate them. Ce module est marqué pour être retiré et
   sera supprimé dans le futur. Veuillez utiliser python/3.5. Si vous aviez
   créé un environnement virtuel, nous vous recommandons de le recréer.

-------------------------------------------------------------------------------

sh: openposeEnv_Python3/bin/activate: No such file or directory
OpenPose Library Python Wrapper
Raw frames per second: 24.982602470823284
Frame width:960, Frame height:756.
Total frame number: 15024.0
Processing frame: 0
Elapsed time: 9.775161743164062e-06s
Processing frame: 200
Elapsed time: 47.69975233078003s
Processing frame: 400
Elapsed time: 90.74702382087708s
Processing frame: 600
Elapsed time: 133.26573276519775s
Processing frame: 800
Elapsed time: 176.33563375473022s
Processing frame: 1000
Elapsed time: 219.36690616607666s
Processing frame: 1200
Elapsed time: 261.9243268966675s
Processing frame: 1400
Elapsed time: 305.0207703113556s
Processing frame: 1600
Elapsed time: 348.17001605033875s
Processing frame: 1800
Elapsed time: 390.6829409599304s
Processing frame: 2000
Elapsed time: 433.7513632774353s
Processing frame: 2200
Elapsed time: 476.8353531360626s
Processing frame: 2400
Elapsed time: 519.3963434696198s
Processing frame: 2600
Elapsed time: 562.4558322429657s
Processing frame: 2800
Elapsed time: 605.4942212104797s
Processing frame: 3000
Elapsed time: 648.0433857440948s
Processing frame: 3200
Elapsed time: 691.1172461509705s
Processing frame: 3400
Elapsed time: 734.1444153785706s
Processing frame: 3600
Elapsed time: 776.6844191551208s
Processing frame: 3800
Elapsed time: 819.7368733882904s
Processing frame: 4000
Elapsed time: 862.8600418567657s
Processing frame: 4200
Elapsed time: 905.363030910492s
Processing frame: 4400
Elapsed time: 948.5199508666992s
Processing frame: 4600
Elapsed time: 991.6145815849304s
Processing frame: 4800
Elapsed time: 1034.0619094371796s
Processing frame: 5000
Elapsed time: 1077.1494703292847s
Processing frame: 5200
Elapsed time: 1120.1890263557434s
Processing frame: 5400
Elapsed time: 1162.6228682994843s
Processing frame: 5600
Elapsed time: 1205.6692569255829s
Processing frame: 5800
Elapsed time: 1248.6975891590118s
Processing frame: 6000
Elapsed time: 1291.0961561203003s
Processing frame: 6200
Elapsed time: 1334.0282127857208s
Processing frame: 6400
Elapsed time: 1377.128914117813s
Processing frame: 6600
Elapsed time: 1419.4963393211365s
Processing frame: 6800
Elapsed time: 1462.4727308750153s
Processing frame: 7000
Elapsed time: 1505.5598108768463s
Processing frame: 7200
Elapsed time: 1548.034564256668s
Processing frame: 7400
Elapsed time: 1590.8932642936707s
Processing frame: 7600
Elapsed time: 1633.8089463710785s
Processing frame: 7800
Elapsed time: 1676.179400920868s
Processing frame: 8000
Elapsed time: 1719.0995087623596s
Processing frame: 8200
Elapsed time: 1761.877667427063s
Processing frame: 8400
Elapsed time: 1804.0749742984772s
Processing frame: 8600
Elapsed time: 1846.9681165218353s
Processing frame: 8800
Elapsed time: 1889.9500801563263s
Processing frame: 9000
Elapsed time: 1932.226534128189s
Processing frame: 9200
Elapsed time: 1975.218903541565s
Processing frame: 9400
Elapsed time: 2018.290390253067s
Processing frame: 9600
Elapsed time: 2060.6106758117676s
Processing frame: 9800
Elapsed time: 2103.5289294719696s
Processing frame: 10000
Elapsed time: 2146.4521131515503s
Processing frame: 10200
Elapsed time: 2188.688780069351s
Processing frame: 10400
Elapsed time: 2231.5597376823425s
Processing frame: 10600
Elapsed time: 2274.565574645996s
Processing frame: 10800
Elapsed time: 2316.8989741802216s
Processing frame: 11000
Elapsed time: 2359.823209285736s
Processing frame: 11200
Elapsed time: 2402.7635810375214s
Processing frame: 11400
Elapsed time: 2445.1686296463013s
Processing frame: 11600
Elapsed time: 2488.1976935863495s
Processing frame: 11800
Elapsed time: 2531.2188408374786s
Processing frame: 12000
Elapsed time: 2573.548902273178s
Processing frame: 12200
Elapsed time: 2616.5668454170227s
Processing frame: 12400
Elapsed time: 2659.401287794113s
Processing frame: 12600
Elapsed time: 2701.687737941742s
Processing frame: 12800
Elapsed time: 2744.5488386154175s
Processing frame: 13000
Elapsed time: 2787.4839975833893s
Processing frame: 13200
Elapsed time: 2829.9343271255493s
Processing frame: 13400
Elapsed time: 2872.896470308304s
Processing frame: 13600
Elapsed time: 2915.8284969329834s
Processing frame: 13800
Elapsed time: 2958.1580929756165s
Processing frame: 14000
Elapsed time: 3001.0682284832s
Processing frame: 14200
Elapsed time: 3043.9417095184326s
Processing frame: 14400
Elapsed time: 3086.1538150310516s
Processing frame: 14600
Elapsed time: 3129.1671555042267s
Processing frame: 14800
Elapsed time: 3172.19491481781s
Processing frame: 15000
Elapsed time: 3214.5632367134094s
Processing frame: 0
Processing frame: 200
Processing frame: 400
Processing frame: 600
Processing frame: 800
Processing frame: 1000
Processing frame: 1200
Processing frame: 1400
Processing frame: 1600
Processing frame: 1800
Processing frame: 2000
Processing frame: 2200
Processing frame: 2400
Processing frame: 2600
Processing frame: 2800
Processing frame: 3000
Processing frame: 3200
Processing frame: 3400
Processing frame: 3600
Processing frame: 3800
Processing frame: 4000
Processing frame: 4200
Processing frame: 4400
Processing frame: 4600
Processing frame: 4800
Processing frame: 5000
