-------------------------------------------------------------------------------
There are messages associated with the following module(s):
-------------------------------------------------------------------------------

python/3.5.2:
   This module is deprecated and will be removed in the future. Please
   upgrade to python/3.5. If you had created virtual environments we
   recommend to recreate them. Ce module est marqué pour être retiré et
   sera supprimé dans le futur. Veuillez utiliser python/3.5. Si vous aviez
   créé un environnement virtuel, nous vous recommandons de le recréer.

-------------------------------------------------------------------------------

sh: openposeEnv_Python3/bin/activate: No such file or directory
OpenPose Library Python Wrapper
Raw frames per second: 18.56759510191036
Frame width:960, Frame height:756.
Total frame number: 11154.0
Processing frame: 0
Elapsed time: 1.049041748046875e-05s
Processing frame: 200
Elapsed time: 47.87081217765808s
Processing frame: 400
Elapsed time: 90.90825581550598s
Processing frame: 600
Elapsed time: 133.3920168876648s
Processing frame: 800
Elapsed time: 176.29873180389404s
Processing frame: 1000
Elapsed time: 219.28376126289368s
Processing frame: 1200
Elapsed time: 261.7280306816101s
Processing frame: 1400
Elapsed time: 304.7564744949341s
Processing frame: 1600
Elapsed time: 347.8185954093933s
Processing frame: 1800
Elapsed time: 390.3427083492279s
Processing frame: 2000
Elapsed time: 433.35877203941345s
Processing frame: 2200
Elapsed time: 476.4130835533142s
Processing frame: 2400
Elapsed time: 518.6952550411224s
Processing frame: 2600
Elapsed time: 561.5309307575226s
Processing frame: 2800
Elapsed time: 604.5696456432343s
Processing frame: 3000
Elapsed time: 646.9611060619354s
Processing frame: 3200
Elapsed time: 689.9124038219452s
Processing frame: 3400
Elapsed time: 732.9493091106415s
Processing frame: 3600
Elapsed time: 775.352103471756s
Processing frame: 3800
Elapsed time: 818.3139684200287s
Processing frame: 4000
Elapsed time: 861.3682527542114s
Processing frame: 4200
Elapsed time: 903.8354518413544s
Processing frame: 4400
Elapsed time: 946.8276031017303s
Processing frame: 4600
Elapsed time: 989.9017543792725s
Processing frame: 4800
Elapsed time: 1032.3661518096924s
Processing frame: 5000
Elapsed time: 1075.2764158248901s
Processing frame: 5200
Elapsed time: 1118.1991019248962s
Processing frame: 5400
Elapsed time: 1160.559603691101s
Processing frame: 5600
Elapsed time: 1203.5486056804657s
Processing frame: 5800
Elapsed time: 1246.5999495983124s
Processing frame: 6000
Elapsed time: 1289.0305857658386s
Processing frame: 6200
Elapsed time: 1332.103579044342s
Processing frame: 6400
Elapsed time: 1375.265431880951s
Processing frame: 6600
Elapsed time: 1417.6717846393585s
Processing frame: 6800
Elapsed time: 1460.6419167518616s
Processing frame: 7000
Elapsed time: 1503.6523575782776s
Processing frame: 7200
Elapsed time: 1546.1597666740417s
Processing frame: 7400
Elapsed time: 1589.2652604579926s
Processing frame: 7600
Elapsed time: 1632.2430129051208s
Processing frame: 7800
Elapsed time: 1674.6427624225616s
Processing frame: 8000
Elapsed time: 1717.4785137176514s
Processing frame: 8200
Elapsed time: 1760.4886860847473s
Processing frame: 8400
Elapsed time: 1802.9271659851074s
Processing frame: 8600
Elapsed time: 1845.8365890979767s
Processing frame: 8800
Elapsed time: 1888.852023601532s
Processing frame: 9000
Elapsed time: 1931.2243285179138s
Processing frame: 9200
Elapsed time: 1974.169691324234s
Processing frame: 9400
Elapsed time: 2017.1060855388641s
Processing frame: 9600
Elapsed time: 2059.409692764282s
Processing frame: 9800
Elapsed time: 2102.414959192276s
Processing frame: 10000
Elapsed time: 2145.3706760406494s
Processing frame: 10200
Elapsed time: 2187.8089666366577s
Processing frame: 10400
Elapsed time: 2230.884975194931s
Processing frame: 10600
Elapsed time: 2273.7730569839478s
Processing frame: 10800
Elapsed time: 2316.0928478240967s
Processing frame: 11000
Elapsed time: 2359.0829236507416s
Processing frame: 0
Processing frame: 200
Processing frame: 400
Processing frame: 600
Processing frame: 800
Processing frame: 1000
Processing frame: 1200
Processing frame: 1400
Processing frame: 1600
Processing frame: 1800
Processing frame: 2000
Processing frame: 2200
Processing frame: 2400
Processing frame: 2600
Processing frame: 2800
Processing frame: 3000
Processing frame: 3200
Processing frame: 3400
Processing frame: 3600
