-------------------------------------------------------------------------------
There are messages associated with the following module(s):
-------------------------------------------------------------------------------

python/3.5.2:
   This module is deprecated and will be removed in the future. Please
   upgrade to python/3.5. If you had created virtual environments we
   recommend to recreate them. Ce module est marqué pour être retiré et
   sera supprimé dans le futur. Veuillez utiliser python/3.5. Si vous aviez
   créé un environnement virtuel, nous vous recommandons de le recréer.

-------------------------------------------------------------------------------

sh: openposeEnv_Python3/bin/activate: No such file or directory
OpenPose Library Python Wrapper
Raw frames per second: 22.68624366274837
Crop: Video not from Camera1 or Camera2!
Frame width:1152, Frame height:972.
Polygon: Video not from Camera1 or Camera2!
Total frame number: 13612.0
Processing frame: 0
Elapsed time: 1.2159347534179688e-05s
Processing frame: 200
Elapsed time: 48.90628433227539s
Processing frame: 400
Elapsed time: 92.82024121284485s
Processing frame: 600
Elapsed time: 136.19640064239502s
Processing frame: 800
Elapsed time: 180.16821002960205s
Processing frame: 1000
Elapsed time: 224.19866704940796s
Processing frame: 1200
Elapsed time: 267.55738830566406s
Processing frame: 1400
Elapsed time: 311.45254397392273s
Processing frame: 1600
Elapsed time: 355.3870623111725s
Processing frame: 1800
Elapsed time: 398.6682662963867s
Processing frame: 2000
Elapsed time: 442.6289322376251s
Processing frame: 2200
Elapsed time: 486.5905032157898s
Processing frame: 2400
Elapsed time: 529.916615486145s
Processing frame: 2600
Elapsed time: 573.864116191864s
Processing frame: 2800
Elapsed time: 617.7000546455383s
Processing frame: 3000
Elapsed time: 661.1628234386444s
Processing frame: 3200
Elapsed time: 705.1399276256561s
Processing frame: 3400
Elapsed time: 749.107212305069s
Processing frame: 3600
Elapsed time: 792.462057352066s
Processing frame: 3800
Elapsed time: 836.5247654914856s
Processing frame: 4000
Elapsed time: 880.4634580612183s
Processing frame: 4200
Elapsed time: 923.8845205307007s
Processing frame: 4400
Elapsed time: 967.8643231391907s
Processing frame: 4600
Elapsed time: 1011.8516447544098s
Processing frame: 4800
Elapsed time: 1055.225956916809s
Processing frame: 5000
Elapsed time: 1099.1998443603516s
Processing frame: 5200
Elapsed time: 1143.1499361991882s
Processing frame: 5400
Elapsed time: 1186.4870629310608s
Processing frame: 5600
Elapsed time: 1230.4656052589417s
Processing frame: 5800
Elapsed time: 1274.5194082260132s
Processing frame: 6000
Elapsed time: 1317.9160659313202s
Processing frame: 6200
Elapsed time: 1361.9172892570496s
Processing frame: 6400
Elapsed time: 1405.9515314102173s
Processing frame: 6600
Elapsed time: 1449.3014347553253s
Processing frame: 6800
Elapsed time: 1493.190913438797s
Processing frame: 7000
Elapsed time: 1537.307047843933s
Processing frame: 7200
Elapsed time: 1580.643684387207s
Processing frame: 7400
Elapsed time: 1624.6645419597626s
Processing frame: 7600
Elapsed time: 1668.843090057373s
Processing frame: 7800
Elapsed time: 1712.2345643043518s
Processing frame: 8000
Elapsed time: 1756.3098208904266s
Processing frame: 8200
Elapsed time: 1800.392555475235s
Processing frame: 8400
Elapsed time: 1843.8373250961304s
Processing frame: 8600
Elapsed time: 1887.9026703834534s
Processing frame: 8800
Elapsed time: 1931.9877717494965s
Processing frame: 9000
Elapsed time: 1975.3376398086548s
Processing frame: 9200
Elapsed time: 2019.6929550170898s
Processing frame: 9400
Elapsed time: 2063.687893629074s
Processing frame: 9600
Elapsed time: 2106.9303209781647s
Processing frame: 9800
Elapsed time: 2150.900837659836s
Processing frame: 10000
Elapsed time: 2194.929289340973s
Processing frame: 10200
Elapsed time: 2238.246510028839s
Processing frame: 10400
Elapsed time: 2282.224771976471s
Processing frame: 10600
Elapsed time: 2326.163005590439s
Processing frame: 10800
Elapsed time: 2369.4424920082092s
Processing frame: 11000
Elapsed time: 2413.439585208893s
Processing frame: 11200
Elapsed time: 2457.394966363907s
Processing frame: 11400
Elapsed time: 2500.7036101818085s
Processing frame: 11600
Elapsed time: 2544.69446349144s
Processing frame: 11800
Elapsed time: 2588.5915195941925s
Processing frame: 12000
Elapsed time: 2631.8488290309906s
Processing frame: 12200
Elapsed time: 2675.846251487732s
Processing frame: 12400
Elapsed time: 2719.8759038448334s
Processing frame: 12600
Elapsed time: 2763.2081780433655s
Processing frame: 12800
Elapsed time: 2807.2568204402924s
Processing frame: 13000
Elapsed time: 2851.2383890151978s
Processing frame: 13200
Elapsed time: 2894.5748212337494s
Processing frame: 13400
Elapsed time: 2938.61763548851s
Processing frame: 13600
Elapsed time: 2982.4673886299133s
Frame: 13611, grabbed=False and frame=None
Processing frame: 0
Processing frame: 200
Processing frame: 400
Processing frame: 600
Processing frame: 800
Processing frame: 1000
Processing frame: 1200
Processing frame: 1400
Processing frame: 1600
Processing frame: 1800
Processing frame: 2000
Processing frame: 2200
Processing frame: 2400
Processing frame: 2600
Processing frame: 2800
Processing frame: 3000
Processing frame: 3200
Processing frame: 3400
Processing frame: 3600
Processing frame: 3800
Processing frame: 4000
Processing frame: 4200
Processing frame: 4400
